building_id, mean_temp, std_temp, pct_above_18, pct_below_15
1869, 16.512674421666826, 6.669708193467275, 48.52985612346884, 41.22213699649025
1872, 14.768897305524348, 6.62857748051124, 37.28658347302415, 52.36232693859812
1873, 15.738610353687907, 6.830466996380313, 43.72245215078666, 46.540363668962634
18743, 14.381525803915462, 6.4148739985081145, 35.22704689984102, 53.52245627980922
18749, 15.743920683626389, 7.190354292289029, 44.18659534298301, 47.240796098174954
1877, 15.816748922805322, 6.869307711629283, 44.242607891295336, 45.67637395936334
1878, 14.559139734377624, 7.0573015369471355, 38.25011309217402, 52.87878078836944
1880, 13.104047555289283, 6.655913301235996, 28.70872804193875, 61.30782672675434
1881, 11.80541703670406, 7.055773975333974, 24.500787747774154, 66.77353167478842
1885, 15.716682612212576, 7.088961766920262, 44.05661266647814, 46.46305498323435
1897, 12.22001049134185, 6.765540969579431, 26.15377374032148, 66.12812124920572
1910, 15.62799288162888, 6.045436303230328, 38.27742242787153, 47.37003266194883
1922, 14.297663145571198, 6.515115569288723, 34.064531810171964, 52.634137449109794
1925, 13.350311980575798, 6.760174711875876, 30.532231317943726, 57.0832565607644
1931, 18.16072830220268, 6.29075613723034, 58.666415781968, 31.075701156710505
1934, 9.837318463936773, 6.360675483952921, 15.809367769010766, 79.33212607252187
1935, 11.34659284956475, 7.0155217443780415, 23.403405687555264, 69.83228272340911
1938, 9.794320188157199, 6.354700504015897, 15.758820550334814, 79.48553823645264
1939, 11.331486597496436, 6.999250822457125, 23.262702855928, 69.97732265608391
1943, 12.133885645363266, 7.571993927246434, 28.785216942814777, 65.23032041776804
1944, 12.100707113243045, 7.429873425009937, 27.814936002309693, 65.93927437205274
1946, 10.371760581697327, 6.2719003513217055, 18.024159135172987, 74.61868393986477
1948, 15.02223135233801, 6.852612962669188, 39.44778341420379, 50.10476400529333
195, 12.486873817255011, 6.682715253202866, 25.355818244934504, 66.10088977399376
1953, 13.966949172018003, 6.264239899097019, 31.260533146350767, 56.27068187130186
1956, 14.807370366736551, 6.488102936968, 36.56019656019656, 51.51105651105651
1965, 13.323072779630007, 6.7251807007865745, 28.862326212275345, 62.029501525941
1966, 13.258618284021853, 6.818352440809838, 28.927338987970458, 62.511690908504534
1968, 14.786982932967309, 6.826783413818159, 35.839607478216735, 53.66043481938922
1972, 14.625600304841013, 6.786282269614706, 36.58624647006486, 53.66790885997602
1973, 14.061918308503593, 6.554955730243331, 34.48212983223924, 55.10155417157605
1974, 14.63412276357741, 6.586725347249922, 35.99747637688017, 53.25848496580205
1975, 16.04614064195014, 6.795939402113609, 47.725024727992086, 42.69370260468183
1976, 15.26041086283196, 6.723513588062727, 40.96215613999739, 47.286454197432825
1977, 16.078024147442928, 6.606508618005654, 46.94910801709932, 42.559644639743986
1978, 15.638985096017107, 6.677220783994738, 43.122719713280134, 46.36894555674449
1979, 19.48942907090526, 5.78200066815811, 68.00415081286752, 23.204196933010493
1980, 14.258526830961022, 6.912807669304261, 35.55405808182254, 55.00408205580105
1981, 14.324715199806112, 6.909080760797216, 36.78675173773213, 53.388577653283534
1982, 14.774885177852747, 6.709955995240553, 37.10481646509654, 52.85911309144918
1983, 18.990901125292662, 6.267728104517128, 64.22039454765054, 27.736239719330534
1984, 12.419104860878818, 6.694546996832276, 25.71961620469083, 64.448960554371
1986, 15.252707392178086, 6.905667048441523, 41.43219594704485, 47.108284812802914
1988, 14.538098885316975, 6.798219449319002, 36.31187863359593, 51.465478688637376
1989, 15.106228129063682, 6.714563308470026, 39.5320713341288, 48.20052242897223
1990, 13.437107123483832, 6.486443528956787, 28.42543590424208, 59.65293561391576
1991, 14.600571624647412, 6.769650832401545, 36.9355420281248, 51.99906674867966
1992, 11.050571520245969, 6.664638567259944, 20.876345468572058, 72.83439256456413
1993, 8.63201299712183, 5.4638065699609815, 10.23011484106585, 86.00617908975258
1994, 14.76409119366553, 6.30092342328732, 37.52674189353581, 49.76886614371408
1996, 12.826285880498213, 6.300067987499903, 25.797123949620605, 64.64709192881678
2000, 15.939946262834768, 7.0305130807052, 45.22905220202318, 45.64081763093526
2001, 15.785110146254622, 7.029124262560758, 44.59880327627642, 46.34606895875227
2002, 16.040285619252817, 7.048307547394621, 46.02345846968416, 45.4756039269037
2003, 16.67009640054662, 7.602478224928239, 51.50452905221298, 41.6039472715222
2005, 15.809808758990549, 6.99974898078781, 44.39495438996579, 46.626757886735085
2006, 15.450517307969875, 7.005939693298772, 41.70161702329892, 49.41604191666568
2007, 16.83452646084127, 6.960722212380857, 51.439932378537335, 39.77880162386752
2008, 16.159679186817378, 7.797001410742597, 49.05560212349818, 44.34898016205644
201, 17.855840748270428, 6.477201182240525, 55.924632846622465, 32.71516813433785
2018, 15.958113741170951, 6.310954997164282, 42.696988013640045, 43.68691764652213
2019, 15.918403199679725, 6.310326238723235, 42.489265549457365, 43.99152513720938
202, 13.734407069387618, 6.611153873998948, 30.9728980346318, 58.240682849919814
2023, 15.840144137320305, 6.310144612066803, 41.98831355263956, 44.85129096827675
2024, 16.13789584761158, 6.631882240944826, 46.58738782244758, 42.89106201456799
203, 12.939225594029756, 6.561196601471709, 26.91584769883465, 64.12652381719563
2030, 11.377194977639768, 6.115060101803243, 19.304767167328077, 72.67920831868187
2038, 16.488289021546827, 6.66308370353854, 48.56357510196843, 41.076178653763336
2039, 12.683750243736446, 6.287842537026251, 23.90722002869222, 66.36027778130436
2041, 15.713976194516643, 6.616800286388955, 43.82623062345109, 45.77967831284319
2049, 15.552252785044926, 6.538840728725273, 42.71941451698784, 46.67210458938019
2057, 14.869681634421037, 7.0492578040599625, 37.73934805505793, 53.08282995597886
2058, 15.626487637338567, 6.942181439234126, 42.43382622917988, 47.87876764912046
2059, 14.550474531201239, 6.824975430380862, 36.052422071161736, 53.80173748720506
2060, 14.321764983683611, 6.940261665642601, 35.04263019076244, 55.52615206666608
2061, 13.32618510945346, 7.174433461711304, 32.092095845120824, 59.92365111285319
2069, 15.000924209012993, 6.986646677547795, 40.29277766685423, 50.10073875083949
2070, 13.208901830372277, 7.449212618268895, 32.362875300963935, 60.265954279005264
2071, 13.41251866642841, 7.0103127740895586, 31.13178962140784, 60.67361974930628
2072, 12.922037922611088, 6.854322113532418, 28.395899227501292, 62.92938971754191
2073, 14.445771684862839, 6.868969898710228, 35.623176606282655, 54.69926725015266
2075, 16.77083679933902, 6.878264642071743, 50.605839416058394, 39.95099061522419
2077, 12.446351968708539, 7.3434127780131035, 29.157388048816063, 62.89201147469247
2097, 14.256045795687655, 7.200216661586088, 36.48149516140947, 55.566225899386865
2103, 11.314487326932754, 6.272981896840585, 20.163235973512652, 71.57230121656998
2112, 15.388133169281929, 6.538694016251201, 39.83587363098507, 47.12105355866171
2113, 15.304044741298974, 6.571654653410385, 39.71189610176109, 48.14232579166923
2114, 11.577686341219648, 6.535209886710879, 23.112784032046413, 68.73172640836154
2118, 15.403913103238992, 6.4790195544571665, 39.571621201120216, 47.64443522456177
2122, 15.538606055472345, 6.597090033874444, 40.053738208100626, 46.29112498240015
2123, 15.106971704177488, 6.763807907119429, 39.10954516335682, 49.70139075447914
2127, 14.574869298033796, 6.492438982370221, 34.40034630456575, 53.009660074728885
2128, 18.59674425575077, 5.956160767838352, 62.16641480627521, 26.615152128869436
2130, 10.846453403698249, 6.492893364334376, 19.60327902034207, 72.88848407156271
2134, 13.545277579680777, 7.368575112818537, 34.76526622405333, 58.05232634424121
2136, 12.834015148824513, 6.42102110553034, 27.55294588924848, 61.565870062512516
2137, 13.512776623091597, 7.608077944470486, 34.850459269618284, 57.81394018370784
2139, 14.505059367237962, 7.095178784979504, 37.29786535303777, 53.98489326765189
2140, 14.834104715368216, 7.220191510468885, 39.41630721225073, 52.129849356915294
2141, 15.08851060503082, 7.2847885010609925, 41.040023065027654, 50.49799491520981
2142, 10.116981044070402, 5.599938040137317, 12.897683183682517, 78.89092118390423
2143, 14.831643184213876, 7.2650904633749125, 39.558240861403995, 52.08045386934144
2144, 14.445471928193784, 7.383148234917641, 37.90768744401707, 54.530006849675964
2145, 14.797994721627168, 7.277333679271741, 39.58325085448091, 52.25068292489805
2146, 9.996372942387755, 5.601563866364931, 12.869072472412766, 79.25738144944825
2147, 14.685217725906755, 7.163684954607178, 38.5672909322045, 52.74890895508696
2148, 14.44898055139217, 7.198701711039085, 37.16130217422682, 54.671897757541565
2149, 14.168453718229596, 7.179442177180729, 36.02765013157378, 55.49926030661273
2155, 16.540745901768375, 6.425690857054226, 47.669829999317265, 40.11879565781389
2156, 12.602240398692338, 6.411134186127596, 24.77072310405644, 65.0957420005039
2160, 14.39306580105482, 6.672119406251095, 36.156275835753505, 53.746846713162185
2161, 12.083731330281093, 6.8317293180254515, 25.80566276461144, 65.98088311909243
2162, 14.275996094079611, 6.414666981100862, 34.204684791340746, 54.384592617648295
2165, 13.502711437161139, 7.0765417840748635, 31.86749403744275, 59.89678971696322
2166, 14.805519953118312, 6.958006743815734, 38.1777452198193, 52.111135883470816
2171, 14.061898964172675, 7.1435629748691865, 34.4708300266569, 57.244164987892475
2172, 14.957493892490662, 6.755644204466775, 38.552531424221854, 51.08827583369335
2173, 14.608463080373488, 6.846624530728956, 36.19074474418022, 53.63077148019342
2174, 14.16228749412079, 6.618292019486478, 33.24498957338182, 56.32736499327149
2175, 15.709517079267059, 6.963062907656375, 44.555975149226455, 45.95444024850773
2177, 13.786360039679138, 6.252567475529082, 29.36454849498328, 59.65811965811966
2179, 17.110871267786308, 6.707364046333498, 52.49384925072691, 37.42264966823231
2180, 17.20242953154526, 6.9930075739202655, 54.135476071267206, 37.40917583558232
2181, 16.479640574934905, 7.068724266901942, 49.51210874052001, 41.83530158885239
2184, 17.251324495564806, 6.735052943550825, 54.22508006529839, 36.01256121724177
2185, 17.2316113653474, 7.194751350522504, 53.92760403841418, 38.60748584092588
2189, 12.910543947339947, 6.490339150444893, 28.094555051924953, 62.980090653508526
2190, 12.106606886152957, 6.466400919090896, 23.858684154855087, 68.53818489528241
2194, 11.37687122141756, 6.339529304410116, 21.55784357613353, 71.57383129756347
2195, 16.98358896613628, 6.9502398991346945, 52.681805184902785, 38.52816431566908
2196, 16.982942470156893, 6.907072127917339, 52.342896499311266, 38.53488813945756
22206, 13.498733198040691, 6.899604582493765, 34.79548445884378, 56.208869089804594
22211, 15.658073064175134, 7.342487161010666, 45.47742238946378, 46.87441204139229
22212, 11.451833936859906, 6.782994653764168, 22.99007658023688, 70.19896087266997
2224, 12.334889453414954, 6.854685061918335, 25.271804280070466, 67.84109743258315
2226, 11.983373535137591, 7.0412675785283545, 24.620765542717912, 68.49668579213498
2227, 15.501710232124697, 6.679331142486267, 41.379425853348074, 47.893009077814625
2228, 13.317919710371045, 6.712395298576722, 28.501963903942723, 61.73718490528513
223, 15.328436904787536, 6.9194494580799, 41.65453691075174, 48.580532028286214
2230, 11.97128910766165, 7.056547332048799, 24.71754942063106, 68.33791479791138
2231, 15.64974333563671, 6.647908035450019, 42.19884253838691, 47.213394440169935
22328, 19.048903169624786, 6.970988741173656, 67.11620788323759, 26.741787369962072
22330, 18.679164972150332, 6.792804180577987, 63.34822613465452, 29.09625763071751
22331, 17.872343409276745, 7.051122126218636, 57.85866954586519, 34.2705418328449
22333, 17.37661289812047, 6.791861903891065, 54.644683436905225, 35.63713912265817
22334, 13.710188335151969, 7.853249292895628, 37.59920762531998, 55.62187262834283
22335, 15.701790340799855, 7.063149433295371, 44.218409659289534, 46.457095221448355
22336, 16.94413692783219, 7.258156731002561, 53.02058317158491, 39.216589356405784
22337, 16.934426862439004, 7.255360328653872, 52.92112416695897, 39.27788495264819
22338, 16.964849900700617, 7.2309974546299305, 53.027149023818396, 39.14477288165305
22339, 15.33049337121507, 6.9773438511351635, 41.79602265661214, 47.96327910368453
22340, 16.6160346804426, 7.28818379982041, 51.14778863132968, 39.95978401771953
22341, 12.702663324245707, 6.8820589101288085, 26.134204801606444, 65.56289435087754
22342, 15.27148094244068, 6.530704783017325, 40.657236126224156, 48.354733405875955
2236, 12.87375131984824, 6.301749399404859, 24.58807550983881, 63.16210610543161
2238, 11.892097572492158, 7.016186663538088, 24.104590660607258, 69.07198840808799
22381, 17.01562509076887, 6.8716120005478105, 52.359435655549525, 38.32178486454899
22383, 16.24893227032699, 7.026028258955673, 48.510737037505805, 41.69408935577775
22386, 15.556082573937534, 7.043826634132105, 43.977684226689355, 45.97126076441761
2239, 13.507591434483139, 5.820375613055022, 26.889895217003275, 59.28668231249793
22435, 14.66806942627825, 6.859056253153003, 38.26648016965212, 51.76044157680217
22437, 13.471336791291254, 6.166036106922025, 27.767026587205596, 59.63538803245883
22439, 13.091039626087754, 6.077904683128747, 24.938274338732715, 61.70019597205461
2244, 10.144414400299818, 5.87379430243567, 14.738547494492348, 79.15723489465437
2245, 10.271791624691934, 5.904511761256017, 15.4435724448116, 78.11586886349382
2246, 8.756190797553081, 5.900726003533617, 12.466171839144128, 83.34230142276101
2247, 9.835962068630698, 5.956008614535799, 14.468006976957678, 79.86474494323572
2248, 17.52260960664265, 6.716503945759767, 55.35909676294869, 35.444888789906365
22483, 17.479918445599235, 6.513161501367431, 55.517467985720124, 34.77789815817985
22485, 16.421956798183544, 6.978206581776959, 47.67850120779731, 40.89377001292062
22486, 16.169988676659166, 7.074397217352969, 46.11029153494907, 42.83807516684229
2249, 15.90860027413006, 6.738161253334838, 45.48816719598402, 44.45343714783321
22492, 17.85540554773413, 7.073915563486726, 57.36949187462979, 34.51672718844163
2253, 16.803840212236103, 6.742886841247488, 50.426244096797355, 39.75952349651622
2258, 17.796677439347576, 6.746422914667591, 57.353743945922716, 33.88076516568137
2260, 17.195238397664056, 6.947039075507162, 54.14960271623088, 37.27233481512595
2265, 17.798307253702372, 6.7960556234469065, 57.53652564117585, 34.09919040198709
2266, 17.007885356818246, 6.191702157564694, 50.55501855258645, 37.00383524056001
2268, 16.747514972792512, 6.994781155698287, 51.33698840956092, 39.76819121819843
2269, 16.865654186787772, 7.008670554213042, 52.050975215583705, 39.203543098237084
2270, 17.34001731715474, 6.7337150228529215, 54.460331183081735, 36.48467114451021
22728, 11.925531065324208, 6.149858189890612, 21.372007460328785, 68.2232798948216
22730, 12.303057490996133, 6.167514224543735, 23.26469188806391, 65.6423931926571
22740, 11.626116571088945, 6.003231453166826, 19.756974314858056, 71.12418581786899
22751, 13.644413646529468, 6.41402448109889, 29.70821734199402, 59.07310031962057
2276, 15.582323672391569, 7.333659991342846, 43.611644098459514, 47.496299544981085
22768, 12.320546686247104, 6.20898775099418, 23.594934470793643, 65.32477291312131
2277, 16.182242877250314, 7.620758503405274, 48.374054619559296, 43.540899282927576
22784, 11.933201970863278, 6.162857514808522, 21.995240757837795, 67.9505350896584
2280, 15.408235241618181, 7.070746251051702, 43.56057420866118, 47.41305784131179
22804, 12.282606878613366, 7.176699221340208, 27.517612929962702, 65.40790231773018
2281, 15.10234667959843, 7.582264878122745, 41.90488957404739, 49.65202140375571
2282, 13.908904874275922, 7.7535766561165325, 36.310481410391546, 56.860569615337674
22825, 11.91238608458999, 7.0012389877220835, 25.61271069241247, 67.45900531345208
22838, 14.615584072397596, 6.880971674400907, 38.24775013234515, 51.903363973242215
2284, 14.626829494271272, 7.839118136855203, 40.635170138812015, 52.874759237530164
22844, 15.119693120076557, 7.28609211837153, 40.90014086589722, 52.22389116747477
2285, 12.000990611815215, 6.246354318473282, 21.843180118506584, 69.71034919173906
22855, 15.68573730761647, 7.302628235094495, 44.55167270015099, 47.92163140565025
2286, 10.329415065868629, 5.953409211513035, 15.426567978184652, 78.15290943456117
22866, 14.904574649163465, 7.440641529457099, 40.70412860334931, 52.57356714803439
2288, 12.324574665464002, 6.464749503804101, 24.153474985185813, 68.02992465927368
22886, 15.008069920840038, 7.157701470147774, 40.115253072634424, 52.45576499617385
2291, 15.414902190775832, 6.105537547737739, 37.747313975736425, 50.8084354828536
22922, 14.558301865336327, 7.569586474110814, 39.42072974882765, 54.19075608659344
22954, 15.257500959038927, 6.40132563719296, 37.849204992306376, 49.32809027184134
23, 14.425302481563026, 7.167948103855096, 37.763216021204535, 53.600353408923574
2300, 11.700383940225024, 6.537031678339986, 22.12418620588379, 71.26144206764893
2301, 11.776647629039163, 6.5192668059452945, 22.268378901959217, 71.01715563899263
2303, 10.57328444872691, 6.417173364353565, 18.534977930951086, 75.32398169982064
2307, 11.706126531128334, 6.508656994300153, 21.931245936951186, 71.4756993295363
23079, 14.381589927128053, 6.670810398013049, 34.97466021653997, 54.460953697304774
23080, 14.87039623269214, 6.691095196581999, 37.98064219375422, 51.398988070189176
23087, 13.776072584275873, 6.954282522262105, 34.16354890432924, 56.2931290456678
2309, 13.181473962536325, 6.1266692619715, 25.176276640117585, 64.34246330466561
23091, 11.499649048439766, 6.060247884881175, 19.054428555592505, 72.2913202527436
23093, 12.519948792583104, 6.66109422448875, 25.492327727761733, 64.9974520129098
23099, 13.936587448896857, 6.596765323907743, 32.430670707301736, 56.91691920635829
2312, 12.075610765378839, 6.304681672125179, 22.160150766331416, 70.71114017038134
2314, 11.946601356677334, 6.360554393334344, 21.2641059602649, 71.62913907284768
23147, 13.35741995308179, 6.240904088579554, 27.662131952323715, 61.674736286327324
23150, 13.107420014108477, 6.6563594025092785, 27.469146972603237, 61.48649463766542
23156, 14.08477617731571, 6.895697806401534, 35.98511610381047, 53.9411709293015
23181, 13.136608229959068, 6.3468037731331695, 27.29480221563252, 62.40474458680691
23186, 12.670174969427197, 6.6713027894302765, 26.261494474924657, 62.935630940421916
23193, 14.266063432964787, 7.144616651330844, 37.46921841541756, 52.604389721627406
2320, 12.927018136225119, 6.006236243501514, 22.956536092684487, 68.323859240078
23203, 11.352803791619131, 7.029206327979369, 24.375641126805018, 69.81772271758857
2321, 13.159679486513053, 6.153013170622871, 26.0212968094371, 62.902778877365215
23213, 12.952450750178558, 7.229149886484027, 30.520603556301197, 62.507637659096325
23229, 12.280464162600396, 7.378275052015306, 28.347763277337997, 65.17584359046941
2323, 11.343160526427404, 6.450841865941836, 20.515751406639534, 73.03193638343369
23246, 12.406518392084005, 7.405510737231546, 29.076416925264393, 64.70997270453437
2326, 13.361707748054421, 6.161051707873566, 26.00846564974837, 63.394842585729336
23269, 13.06134995339975, 7.1683008633369045, 30.557572326889236, 62.12421397191834
2327, 16.879452196071952, 6.3460611522936174, 50.711506436311694, 37.97936907571249
23278, 15.059159042391682, 7.142055955414485, 39.79388713842094, 51.20289376997713
2330, 16.48669812483995, 7.082714875587204, 49.64947262999287, 41.61395974123231
23317, 14.238090681610863, 6.508615829895253, 31.598924056689032, 57.77135141456776
23341, 14.237134578018836, 6.506954812878189, 31.393127723048526, 57.732921254265655
23344, 12.598317230927288, 5.95773037565068, 22.260590003869854, 64.3060558251223
23383, 12.66388695021202, 6.191125259025986, 25.337081523128035, 62.66905187835421
23384, 13.535334505483517, 6.386852453015365, 30.883539954881307, 57.43320156466668
23395, 15.155005506827925, 6.738896908810729, 40.91793932933188, 48.816945146114804
23399, 16.675821278621186, 6.700635228717563, 50.69491025193851, 39.745378444366935
23409, 16.95895694709513, 6.859144161030427, 50.72598233543396, 39.65731223867648
23417, 13.255539658505636, 6.382825803289349, 27.44351235817825, 61.61090219522386
2342, 19.263722095696533, 5.935681346280682, 68.27186892801, 23.660134547975435
2343, 16.931450432120133, 6.957441222028158, 51.23135470889287, 39.903766239447094
23435, 14.537420036131518, 6.63988632660577, 35.55229314698455, 54.04545187621117
23444, 14.848764448384989, 6.740815338199397, 39.65402439674, 50.56863580674372
23448, 12.919308212453936, 6.913821778665416, 29.01785138048094, 61.87575026138138
23451, 11.097801341994595, 6.223888508237284, 18.542956813326484, 74.17858784715649
23461, 10.667462180844073, 6.009973313561548, 15.642767541501717, 74.95071925451671
23516, 14.130187236182179, 6.8685638545787375, 34.52065496236394, 55.412096322962746
23517, 13.958783244188902, 6.857605602293243, 33.90985214401721, 56.004935563476835
23520, 15.559255873623249, 6.969921125175994, 42.31804386416996, 48.05207199984729
23522, 16.521720269614658, 7.203731552595677, 49.54266538830297, 41.91275167785235
23534, 15.534449299332666, 6.969993920081466, 42.19966475788542, 48.1889267997992
23536, 16.51246211468688, 7.202584565287019, 49.49143835616439, 41.986301369863014
23553, 14.046391914280692, 6.765753664248986, 33.80527371573102, 55.64148036165945
23556, 13.894016608083568, 6.863424570753038, 33.74564493839656, 56.02896237616054
23562, 12.346481604000465, 6.873633427478859, 26.05798288630351, 65.69733331857378
23566, 11.792599896027712, 6.770717381985645, 23.597514444565572, 69.03085141175188
23573, 16.4983028614959, 7.126867556499137, 51.52468513597442, 40.3514666503762
23585, 17.178443718422763, 7.327398946731348, 54.59923157801645, 37.73227077539871
23588, 14.88517445998839, 6.311165867752588, 34.72857110368197, 52.78137863591913
2359, 16.771130097867708, 6.978767587699253, 49.54319513481992, 41.78723167920913
23592, 12.46138750215068, 6.90379593303272, 26.087875505297365, 66.41126581944042
23593, 15.072489479636367, 7.222397355654933, 41.64019062748213, 49.03242111343779
23594, 16.151955144451314, 6.912215620906782, 46.6320748986976, 43.78779859261252
2361, 14.903800074995512, 7.554511841868909, 41.997664871379605, 50.665511656811425
2362, 13.96156669554682, 6.988665498062131, 33.86413148183826, 56.813432725224885
2363, 14.764681870031989, 7.216349274982077, 39.759544567857006, 51.03467494725108
2364, 15.52339282282694, 7.1392803724323795, 43.59391602208303, 46.87516253910226
2365, 14.747395350785588, 6.966186645228518, 38.694841012329654, 51.679104477611936
2366, 15.085173857071792, 7.315453289806389, 41.45433703281898, 49.570130189142716
23674, 14.197150505644787, 7.088689522356902, 35.26938522491443, 54.71929493571949
23676, 14.46190292249707, 7.421826980933765, 38.410389204804225, 53.86276984736301
2368, 15.356293751763234, 7.360728391010953, 43.442013386042504, 47.72632979764374
2369, 12.100563971156834, 6.99553780311822, 25.330461383026492, 67.80913224068253
2371, 14.170414234074778, 6.740315430050112, 34.60284807834388, 55.323125063379166
23711, 10.38558196977427, 6.65725336682429, 18.7276678822706, 75.6302108274702
23712, 10.260140328291564, 6.673163709368255, 18.4749481896867, 76.04656832866024
23713, 14.755651934759248, 7.336262076709541, 39.74504060710957, 52.70935960591133
23714, 14.074264300661277, 7.140657725694549, 36.59655193979445, 55.39098167566553
23716, 14.526089389477937, 7.22695020556358, 39.44712956542438, 52.701737681504405
23717, 14.386138384471213, 7.265971481030475, 37.46396494843215, 54.660880243945584
23718, 13.607555525152668, 7.673195655263827, 35.5337192085072, 58.570467088437205
23720, 13.129240383134954, 7.232788762247559, 31.33843759503408, 61.03647519722366
2376, 15.460117902702978, 6.540483649643848, 42.57595238439202, 46.39126854567255
23768, 16.485793788107358, 7.015796140419075, 48.845729882945776, 42.22980420975277
23769, 17.314033459887515, 6.95382022655757, 54.42682383870079, 37.136133313545486
2377, 13.303895161870027, 7.083095500035361, 31.85719859539602, 59.98899169500028
23770, 17.275409342792024, 6.963441623591231, 54.20654073396022, 37.41886494133311
23797, 14.943321258594642, 7.774688734024393, 42.32573548900079, 51.2152133580705
23799, 12.413596941252864, 7.063827268762679, 27.943175430527877, 64.84439674996167
2381, 11.376412024642818, 6.360991074607119, 20.198275862068964, 71.83908045977012
2382, 10.655024581768487, 6.0164123921813975, 16.53678007983273, 76.5220210874694
2383, 10.743968235698807, 6.157492990383084, 17.531129624652873, 75.66626354922512
2384, 10.765552479981478, 6.137843917700048, 17.463013453716535, 75.50507307915791
2385, 11.404749638365365, 6.377763277074647, 20.342349293440208, 71.39325874805321
2386, 10.738629166008053, 6.195261524137532, 17.707004956808127, 75.77262999146143
23865, 12.615452245701778, 6.596923206575342, 26.587358149224276, 65.02384737678855
2387, 10.760316382999314, 6.180150229711312, 17.635774953983987, 75.63258155367795
23871, 14.742417818504197, 6.6687795133318435, 37.40756046633026, 52.09674612841483
2388, 10.580338690666226, 5.9983773310707065, 16.012731224770437, 76.93186354966065
23887, 12.751163954335409, 6.565450694464651, 26.87127644344599, 64.57101324787736
2389, 18.125779420195133, 6.72299943960559, 58.76271186440678, 33.06026365348399
23901, 12.642851476131819, 6.5919452199646535, 26.648363764664374, 64.94332715886037
2398, 16.986491819267513, 6.3019046560303025, 52.56780660377358, 36.19496855345912
2401, 19.008029690216947, 6.742830860603708, 66.27841396728869, 27.4453789755033
24031, 12.91026949579655, 6.560794240243101, 27.15338088505735, 64.07151892679089
24033, 12.425068396377114, 6.541046104768423, 25.212010571340628, 66.67904942844709
2404, 17.116076711775953, 6.291382979894329, 53.62210689370555, 34.84504143911898
24042, 12.292205117312546, 6.809408200979526, 25.390883626177747, 67.42169595110772
24062, 15.864380464229992, 7.087568622287795, 44.79917470918, 46.381887038319014
24083, 17.11841495832066, 6.967682485824758, 52.82941068670315, 38.33547137209729
24097, 15.42546005719424, 6.9942540112458245, 42.6218973411519, 48.09221624226846
2410, 18.887953041665096, 6.355400986762085, 65.2313245911301, 27.131525956485437
24114, 15.486520104018146, 7.0042192361894005, 43.17887318607207, 47.68158223771455
24131, 17.25461821681376, 6.907279651564074, 54.06650176496354, 37.03073870809822
24140, 16.094193964231774, 6.993757141883797, 45.429724487263165, 45.20725507680711
24143, 16.029606912963487, 7.038885626074409, 45.21243912951771, 45.36925799913796
24145, 16.120854100670236, 6.9956036919961795, 45.484146913546184, 45.14197411628356
24153, 14.970394916453028, 6.842166158086073, 38.88947393614475, 50.577760758221245
24154, 14.85564935606589, 6.807455272853382, 38.03794322583065, 51.82729549013908
24155, 14.810764550768546, 6.823684580863881, 37.835686534634696, 52.0411257462333
2416, 16.77782229212126, 6.8124849264425285, 51.068323349156685, 39.7041262447324
24173, 14.987800187894816, 6.776110406222051, 38.579212653974324, 50.61404078753168
24175, 14.894781275913848, 6.809949700240799, 38.2104147688189, 51.37202773801335
24177, 15.543699869703191, 6.69115588744347, 41.666435062949894, 47.27402425354122
2419, 17.646193229618525, 6.676867788600014, 55.1451106672645, 36.18697264908491
24199, 15.081611534265472, 6.866562059712933, 40.12028148544766, 50.200787853291004
24202, 14.723742545178974, 6.743376050235776, 37.46542362462863, 52.72652764713004
24204, 15.240015396801155, 6.756990397394676, 40.72113640380662, 49.307422532721844
24206, 10.61423406997233, 6.0236779853252225, 16.33760460251046, 77.47907949790796
2422, 16.578030744643304, 6.576123897900894, 49.64940748389635, 40.01966858435364
24227, 17.741336976323385, 6.664380978260201, 57.61647288397431, 33.64907716074478
24240, 14.990233211728203, 7.240699965811663, 39.93741958123757, 51.84427028502358
24242, 15.557876432909268, 7.142361588933081, 43.03053235148587, 48.1473935442559
2425, 16.327119539257268, 6.1838721134010495, 47.018916509854414, 40.931712389818756
24263, 13.513258889600289, 8.147183063151582, 37.609944414226774, 56.65901643693867
24264, 13.716911429594157, 8.018924536434909, 37.77656704716091, 56.438945955642964
2428, 18.227739793438055, 6.809935204436892, 61.81317743935034, 31.027148755160766
24288, 11.201861850041722, 6.535378065009806, 21.36417415996214, 71.32158069096072
24292, 11.229783465231433, 6.542502999509035, 21.5342949661466, 71.08036502796585
24301, 14.873935478404224, 7.081606077650912, 39.71051073509707, 50.38640117166807
24303, 14.383619949475685, 6.765465809577792, 36.35889570552147, 53.04907975460122
24313, 15.427336546638436, 6.717164385252234, 41.97993462939082, 47.645117075030214
24332, 14.627132307721396, 6.981077915476246, 36.76661230293146, 54.03894673747892
24334, 13.465053811986525, 7.051319190072363, 31.134052427908408, 60.56850468611393
24336, 13.799882640579844, 7.099224949126495, 33.217114876816986, 58.224164893480655
2434, 15.156962839880144, 6.882929662168613, 41.09748842201043, 48.72554623613266
24352, 16.369220822918173, 6.981306378139815, 48.630765930057926, 42.249302724737184
24363, 16.02684314786568, 6.846984971634844, 47.16896624656307, 42.72366472996006
24364, 16.235352971686016, 7.058450820431372, 48.23180892427328, 42.25390359809912
24365, 12.447381802461015, 6.090810873618892, 22.46105919003115, 67.82710280373831
24369, 11.560703853581568, 6.807506757926599, 23.863052515218982, 67.97552507434337
2437, 18.0146129520677, 6.214209875930008, 58.983133708139825, 30.36788071376192
24386, 12.328939449075795, 7.1964092403132405, 27.13670246563454, 66.73175569916468
24395, 14.1115367055387, 5.913527261846898, 30.066631159034333, 56.22561114794726
2440, 16.70561966591507, 6.711553109122959, 51.18142654870811, 38.4985389072432
24413, 14.593654947418175, 6.360334971668337, 35.26802218114602, 53.77554792711909
2443, 15.183553902213774, 6.6259387062508885, 38.56737475270278, 49.67027037828981
24452, 16.320273170630156, 6.495563377548975, 46.66792359791736, 41.59620600136329
2446, 13.262593748550351, 6.689161904103937, 30.424756875981686, 60.14102864017645
24466, 16.004478252286056, 6.3224856151969115, 43.956003327479436, 44.26471947499769
24468, 17.0106733941181, 6.243965112371724, 52.35293076596347, 36.28592666005947
2447, 11.125549123251602, 7.156568289058781, 24.3185993984716, 70.00901122306873
24471, 16.819033285827626, 6.040775500734137, 47.91669511778764, 39.89621031068624
24472, 17.990932804782627, 6.389590321475152, 58.134427065005035, 31.440740695797786
24476, 17.968633751894032, 6.417519484304473, 58.033733625807095, 31.624344722459753
2448, 13.60580571543395, 6.6775445842106596, 31.69594565358487, 57.58296914889014
2450, 14.644546893011196, 6.499743278142241, 36.47211599419211, 52.32724595595002
24501, 19.068491838627555, 6.742013879414063, 65.24144813439042, 27.848311803514996
24503, 19.068193117856453, 6.7475616832440615, 65.24402379425489, 27.867583644766814
24504, 18.277728230481404, 6.713585742671865, 60.91852791282088, 31.05169214871181
24505, 17.172631395784588, 6.6610797144023, 53.12076879891682, 36.56913576169876
2451, 14.725604747687772, 6.540282178774399, 35.66910476975379, 52.29731121870815
24511, 15.466606121058597, 6.9682540994132856, 42.95412103164588, 47.714884166961085
24514, 14.121852538287293, 6.874837630509841, 34.81274960440057, 55.98799387134855
2453, 14.799765372396159, 6.508907046967912, 36.05855855855856, 52.27027027027027
2454, 15.079396223586656, 6.693913491054167, 38.652086818247525, 49.984511492472585
24542, 15.547915931288752, 6.883762288611441, 42.9007150684003, 47.03749308089423
24549, 16.56720871740058, 6.49379188158464, 49.119945246107335, 39.995437175611706
2455, 15.315743269929934, 6.512810169600238, 40.30480323663317, 48.35582685229312
2456, 15.131518243629493, 6.727017706088067, 38.89845864745755, 49.87472316055569
24561, 16.198789306959895, 6.90736621086808, 47.421987404769204, 42.55489775219945
24564, 17.75582713648657, 5.970596172099903, 57.31240603216548, 31.115312770513466
2457, 14.92670690272322, 6.5269221448320085, 37.58132844894428, 51.36362104032992
2459, 14.71190293309532, 6.554181714173329, 35.66285166833208, 52.155594243507466
2460, 14.514914645171944, 7.012542362423863, 36.994329769829, 54.30197897756561
2461, 12.489526624480574, 7.324287212742511, 29.97097323086847, 62.44425414548973
2462, 14.85421562608918, 6.961568869219297, 38.690851211990584, 52.44995633960053
2463, 15.199697587240895, 6.766587268631578, 39.45165388629248, 49.538318435500706
24635, 18.13314449573109, 6.766333317282442, 59.76711362032463, 32.03510938602682
2464, 15.33001204939243, 6.713216191374293, 39.9641758761702, 48.80867890094292
2465, 15.075718239315744, 6.773065683919189, 38.88263925241972, 50.20883686221222
24654, 12.442998740531179, 6.8767382775429615, 26.830953240191786, 64.5213177295458
2466, 15.461573874706794, 6.348743103356612, 41.07411504424779, 47.042035398230084
24679, 13.958068919017105, 6.173591369876814, 29.058797718297498, 57.909170688898634
2469, 12.879244125675731, 7.169189707075528, 28.830330295331112, 63.27941073634648
24694, 14.029614812513751, 6.817713625225602, 33.58627748561748, 56.951258250097055
24696, 17.829860422884817, 6.25349031062531, 55.0652528548124, 34.54221044045677
2470, 10.228969230418352, 5.944308325691923, 15.199216950713957, 78.57323813910641
2471, 12.233750167020176, 6.34821650591, 23.350516069184973, 68.1692753895471
2474, 12.73789527230125, 6.792938066677448, 27.0889394880287, 64.4242047885186
2475, 11.030150576040926, 6.43033454098982, 19.668521094112194, 73.71233194251275
2476, 12.879601960800674, 7.098480314504578, 29.407030091181912, 63.22022789729673
24770, 14.30711248581324, 7.158889246433675, 37.194064236346385, 54.150291367393955
2479, 11.896590539762787, 6.74007454424992, 23.450911160408367, 69.25515975795305
24794, 14.737261701116505, 7.157709645939276, 39.636505045129866, 51.17310355649249
2480, 10.419902234282088, 6.305687546481031, 17.54325259515571, 76.17070357554788
2481, 11.366643413902457, 6.401747485076352, 20.73593570608496, 71.87026406429392
24812, 12.363831490103511, 7.201402566103258, 28.116371203329464, 65.26805127589472
24836, 15.5669971503374, 7.443476065077983, 44.91291643110624, 47.11503749667945
2484, 12.324276672525402, 6.940561799155801, 25.988007316000278, 66.1519227652629
2485, 11.255901995890527, 6.585731397320748, 21.290615504615992, 71.476303014075
2486, 16.139118048802096, 6.433345568537455, 44.53416005367512, 44.37567961501978
24868, 7.188755906530857, 5.094262616565947, 8.106689012877357, 89.76865307507903
24869, 8.15780610618805, 5.646346457979554, 10.269410664172124, 85.40754599314
2489, 12.57467931687072, 6.618471433791781, 25.539093611209935, 65.46587557524359
24890, 15.101935842747322, 7.297071250033831, 41.72243988354121, 50.01473706912045
24893, 16.657817155083535, 6.636946171758782, 50.37891986062718, 39.66463414634146
2490, 11.148791929883748, 6.531752726083148, 20.28639891769184, 73.14293576088328
2491, 13.032102518623537, 6.048774513237115, 25.264510101599907, 65.01342987270816
24919, 14.891244477779718, 6.875201242783549, 38.72449447626037, 51.60666780242966
24921, 17.346227803874353, 6.997842083618431, 53.310257678149554, 37.93527828141311
24927, 18.452588556277107, 6.86320632164154, 60.91704016170137, 31.354908164162055
2494, 11.893975068066027, 6.752308132085333, 23.031177627521036, 69.18198005283554
2495, 11.004199811096088, 6.276549194508066, 18.87375155873064, 74.02542916079108
2496, 11.187519529766638, 6.599236457907654, 21.172055832222767, 71.67473287975497
24966, 17.434122302138213, 6.8219199050759425, 55.386927419594045, 35.80475168820383
24992, 13.022963827978785, 6.860834831609693, 29.011081821206457, 60.68512783763724
25, 17.002351842111977, 6.780352759220373, 51.77514034503089, 38.64807362026095
25000, 14.024764820939481, 6.690027801361331, 33.39099356683345, 57.1722659042173
2501, 10.765174578822396, 6.802175642012011, 20.68287701831642, 73.26568383432254
25010, 10.8379506491177, 6.668505961257104, 20.71475434187886, 72.73807608036344
25039, 11.218798827843068, 6.770055982048692, 22.436879788971233, 70.62680567767869
25048, 12.909715439058445, 6.487060814707737, 26.734443574246747, 64.74369393997607
2506, 12.913805732906054, 6.675445076934206, 27.159322267849134, 63.70647710410987
25070, 13.550983669354476, 7.3445998100691865, 33.75408599446819, 58.821976364093544
25071, 14.089592045945205, 7.317207520839797, 36.4026097390261, 54.69453054694531
25095, 13.757577762358624, 7.15064746267014, 34.264057160608886, 55.707983845914875
25103, 16.334647625819137, 6.747345206938141, 46.917978646398836, 41.89739413680782
25104, 13.392523814359697, 6.998360665321492, 31.995887177809458, 58.828546724931655
25105, 10.82624038886014, 6.3370839975596995, 18.9787062982537, 74.77151538798047
2511, 18.139388557537014, 6.248895676419781, 59.39843289240879, 30.133962423119048
25168, 12.238206845299796, 6.240046923684687, 22.51123369743908, 68.23877543564826
25184, 11.260824959188966, 6.553509577124803, 21.655028414407138, 70.79274718564407
25194, 12.260849925905559, 7.064187251992332, 27.290997933077428, 65.22426586148762
25208, 10.298554404178718, 6.469844348576858, 17.762265430703142, 74.9632602306127
25218, 11.097912543916456, 6.482035357025918, 20.72134730985146, 72.0443141735804
2522, 13.427032861417874, 6.993538904269531, 32.65736764398541, 59.03216455090304
25232, 13.30139488008817, 6.08306220821782, 27.455305585069524, 58.938882986095074
25233, 13.348183988259386, 5.958039083802421, 26.876195304039264, 59.54975921104173
25274, 13.251224641194305, 6.061496860967313, 26.732290184921766, 59.30469416785207
25276, 13.426854963106253, 6.392070927223637, 29.516765961332148, 59.86098746832843
25293, 13.885638655293263, 6.61170355022503, 32.39576666361891, 57.15346987290848
25296, 13.271867656595758, 6.367809629346465, 28.46720321014113, 61.118077563211045
25307, 7.071307995846635, 4.444131717733701, 5.648382844976173, 91.48433539491026
25320, 7.119773289635362, 4.464340974110778, 5.750786046557761, 91.39861735154382
25332, 14.750193832673197, 7.1689335731074015, 38.45187731359069, 51.747311827956985
25344, 15.220366054689158, 7.299585340631806, 40.59945803025815, 50.47120648608323
25354, 13.808868157042697, 7.16668409918087, 34.03875609516181, 57.68166041341708
25367, 16.185480987255637, 7.180827431923838, 46.617553692230224, 44.38667162904744
25377, 13.781795732241166, 7.144717409940153, 33.84463555618215, 57.857042154236574
25378, 17.747805937703326, 6.63182970553748, 58.18183408864237, 32.88393903868699
2538, 16.249613210859565, 6.646288669262129, 46.126695579957556, 43.33648611239273
25383, 16.71853328570439, 6.530078822302344, 48.51468008494137, 41.01306435232204
2539, 16.450653377263215, 6.853091976235435, 47.66294151235827, 42.608928717094145
25395, 17.729636124728962, 6.638243967233081, 58.04504689777269, 33.03051708259194
25399, 16.333182634904865, 6.7618060152754556, 47.95529642391601, 42.52498408496105
2540, 15.023890632750627, 6.538529240308312, 35.97982525997484, 50.72769871772677
2542, 17.056067575227473, 7.269955983982895, 53.42664729961706, 38.25552501110404
2543, 15.99642027659876, 6.706194433433639, 46.22527752570143, 43.036684360354535
25436, 14.440122456806808, 7.300327416700182, 38.83195445245085, 52.59852326305489
25438, 17.275928579560713, 6.70265810506258, 53.4605608150031, 36.466985569321295
2544, 15.185266681646437, 6.693401375269635, 39.19062100092194, 49.627784734358016
2545, 14.04362799496486, 7.401085187342326, 36.983335928983024, 54.882417068992375
25453, 15.384638445630955, 7.1066264989635926, 41.851103250800065, 48.35691426646454
25458, 14.971042278775517, 6.98545297852085, 39.811099333737126, 50.84039975772259
2546, 16.63146414494206, 6.984403178980964, 50.549575932757776, 40.62551502934875
2547, 16.812846516010502, 7.016042452583593, 51.70984716239466, 39.70638100141912
25473, 13.97233302482819, 6.844557786814504, 34.018880128126156, 56.327768880128126
25475, 13.659876923957219, 6.000028185288869, 27.2568992328812, 57.146258528709296
25478, 16.180016685004837, 6.736834325988294, 46.57570921072955, 43.75225248416825
2548, 15.249194866417653, 7.0594154121373, 41.469760460316465, 48.06804678216274
25485, 13.804342847192137, 6.4606215740285196, 30.642436857062805, 58.97770483929071
25487, 14.562939228878873, 6.746330502231181, 36.45955083502639, 53.17106078552882
25494, 15.89565748277041, 6.432463509945904, 42.811540938885315, 43.51816769597999
2550, 11.47643764287706, 6.8397068253301825, 23.493597790610092, 69.75897564649762
25538, 17.172255128580645, 6.48020745407659, 53.44855544444744, 36.17064403664766
25585, 15.35071540155472, 7.043835201757267, 41.462187760710606, 49.208666633950045
25604, 12.335443043450272, 6.263213543333734, 23.42120482826813, 67.33643029047965
25605, 15.916018477008377, 7.629698324099256, 45.27072332578996, 47.912999748554185
25607, 14.716174166676547, 6.911290828893371, 37.95171588860623, 51.56089425004633
25672, 12.388811524776719, 6.429567180392436, 23.70988959752219, 67.05660000333039
25673, 12.686772605723208, 6.533080520480903, 26.048419504280112, 64.81738431559873
25676, 13.022951111561893, 6.5345722077267, 27.04368079107588, 61.73660769010747
25677, 13.384737686144161, 6.488277608855593, 28.546829884504334, 58.73511188642926
2568, 10.486784433744422, 6.129469146795508, 17.209908735332462, 75.79158130005588
2571, 8.915460828377084, 5.852816115184037, 12.3883167469977, 83.01143127940173
25711, 11.08838799654966, 6.596131652570745, 20.403864313212754, 72.46858429577976
25715, 12.597702478267372, 6.5346165728909416, 25.535919329356204, 65.485327508655
25734, 14.178889806691618, 6.9067353172955235, 34.599160055996265, 55.97853476434904
25735, 12.716860817619345, 6.51557277122585, 25.918753690645737, 64.79297648407379
25739, 13.789419195605728, 6.855986332467381, 32.90250476628756, 58.06192886726711
2574, 18.015008031927934, 6.287837505881756, 58.54408625492963, 30.03364810593726
25740, 13.758553362991217, 6.869655705817734, 32.833516512272986, 58.14230386769247
25741, 13.661087659561908, 6.818841040654137, 31.960366279882567, 58.746330211100236
25749, 13.76162222843021, 6.884711340636871, 32.92557809170547, 58.076184463209955
25752, 13.777740386152482, 6.846898951895891, 32.795446237401435, 58.14794506240535
25754, 13.775876310738958, 6.861109347922719, 32.87569331158238, 58.0815660685155
25755, 13.829306772761568, 6.76227279553741, 32.62230954093357, 57.78062343221008
25769, 13.499601294063607, 6.748952956388329, 31.194515942638017, 59.65225613279404
25771, 13.746216565341292, 6.871890123308724, 32.79023202858152, 58.18119953411068
25773, 13.748980849911694, 6.88036518350753, 32.859849722312966, 58.13917020581509
25775, 13.660811081832732, 6.810446977544755, 31.917916337805842, 58.75997544505832
25801, 13.795612164097275, 6.863080662671893, 32.99590894786531, 57.94608203084024
25803, 13.7903363000865, 6.852967591378483, 32.892587898663386, 58.04904817277918
25806, 13.80392700618456, 6.8233311753829256, 32.800929472447784, 57.973290434604976
25809, 13.695226399352757, 6.778408240172891, 31.905138339920946, 58.76855511638121
25812, 17.711854864391622, 6.6173096754409375, 54.894745927480535, 35.65828086529114
25826, 15.7059652254817, 7.615221246000992, 46.313469273056185, 45.03749758505015
25838, 16.490320199073118, 6.77050143118802, 50.44215800003362, 39.73201526537886
25839, 15.812708528390282, 6.641836419166959, 43.86272584140049, 45.24310589409032
25859, 16.45798740784115, 6.708243768604865, 48.49378245157895, 41.31206908559092
25887, 14.35928759222367, 7.707917998929393, 38.84214705715528, 53.99595394301488
25891, 16.97659399437002, 7.240053629109233, 52.141243802136295, 40.02987572777093
25897, 15.43705011623223, 7.258934964075266, 42.6863089810001, 49.11957431206461
25898, 12.96059469549912, 6.704336772965676, 28.098770166737847, 63.343821634954814
25902, 16.68983316519125, 6.550550473039189, 49.71566952798979, 39.287335942398755
25903, 10.96944895694151, 6.050801806428099, 16.607889018886844, 78.29099114156777
25904, 16.256117861317733, 7.19762214948895, 47.36242134836503, 44.51345941530756
25908, 12.491578561573991, 6.6920428472448075, 26.836746812346824, 64.89640801960637
25913, 9.904736692908308, 6.296394851840879, 16.412673365999503, 77.72402624366747
25918, 16.564049608319685, 6.828269503311701, 48.49492269496744, 41.68398171530863
25919, 16.43330329703087, 7.522182299844883, 50.75738226684218, 42.27587968329436
2592, 12.887458944360148, 6.577275468053571, 27.287216380741558, 63.26508024349751
25922, 11.646756358927844, 6.80876025745773, 23.461585440332232, 69.25247343349213
2593, 14.291584091535725, 7.437866786258189, 38.48871740402748, 54.12611362798864
25945, 16.93524027898707, 6.759132401915995, 51.498427005432, 38.80996701610006
25947, 16.922806238109963, 6.762106734232202, 51.41685898854499, 38.90487180297809
2595, 20.350113993432625, 5.578510052488154, 73.46912995420811, 17.741986420337913
25959, 16.93655991361395, 6.753713160436185, 51.49259466640317, 38.78769913156132
25961, 15.611983712962301, 6.652118848615879, 42.856382639051496, 46.44202728878861
2597, 11.995893786536962, 6.161687357899796, 21.80373104407915, 69.66345133369497
25997, 14.498082343202578, 7.086517431297339, 37.03097153316314, 54.22306247290592
26, 19.615945198863237, 5.858679285274098, 68.56075149095192, 22.56264557577619
26002, 14.501901761628023, 6.776967056525886, 37.18898071625345, 53.3366391184573
26024, 16.640676397374403, 6.8976011973418805, 49.73352623313672, 41.297869446402295
26026, 16.617963452467407, 6.502923137837814, 48.55393241847425, 39.954994835472924
26028, 12.665214318993971, 7.738780903334805, 31.26448963370206, 63.223377713011416
26042, 17.307922201696794, 6.86276441420311, 53.75123885034688, 37.470267591674926
26045, 12.811737515300134, 6.991789744290113, 28.249771766064875, 63.018649972984555
26047, 12.779103451194722, 7.362805974026947, 30.567770484822116, 62.02519927049871
26048, 12.691068303290624, 6.908122787740286, 27.09731394293241, 63.852151159686
26049, 12.666550128021985, 7.242494983234486, 29.382542701242382, 62.92501288591082
26050, 14.606063377454769, 6.739919425593589, 36.745265140638814, 53.409443302284444
26062, 14.913021085396663, 7.302373857460069, 40.865673222924535, 49.86493167131608
26065, 14.938564799252287, 7.056355713844115, 39.85211740981403, 50.434237060273354
26069, 14.897950397018676, 7.047435056290422, 39.57453689562858, 50.83727114289308
26074, 15.190823178226257, 7.172999318614003, 41.425341802131555, 49.272436932572575
26079, 13.701365539560094, 7.31144854436168, 34.52894171972799, 58.64102887858728
26089, 12.689006597422102, 6.265828587737153, 23.40823200788695, 67.55052579691095
26092, 12.322943932899971, 6.3885650047517, 22.71669177050527, 68.77995344379022
26118, 13.957590376456013, 7.222218690632194, 34.20836245528923, 57.328454549192124
26154, 13.725382516739021, 6.872505579839059, 32.26313533082456, 59.2102129281189
26157, 14.373908090184525, 6.825117189032709, 36.38801807063759, 54.73400641293076
26166, 14.361180845571793, 6.993479481393847, 36.470028544243576, 55.33420551855376
26168, 14.15507320639724, 7.174281215279798, 36.413386154633166, 55.47307184410578
26170, 15.380816654618473, 6.362600109067991, 40.77469273004697, 45.98056059495633
26175, 12.469231793168408, 7.01353266894212, 26.920057266891423, 64.86976400498776
26184, 12.534558546844073, 6.328083765262137, 26.35062035310637, 62.743134682227286
26198, 15.446190579498015, 6.356878938625803, 41.39605096310609, 45.55401243886239
26209, 13.96212979513335, 7.308628406327691, 36.36330787945944, 55.970418904921345
26283, 11.923990203388508, 6.642312991674342, 23.61995148252078, 68.93740636810927
26465, 10.16775444937234, 6.4047247809218, 17.509976543698784, 77.03719499192738
26471, 10.215335980860436, 6.4746337913775225, 18.47060960656383, 75.92757989070377
265, 13.665686731405298, 7.108133411169245, 33.91744396310607, 57.86077612561631
26503, 10.152868765518367, 6.386489073087542, 17.389834742929363, 77.23582014975274
26505, 7.869628463896517, 5.047939379959452, 8.408189388921551, 87.96597429466618
26521, 15.39559687422644, 6.999049116159722, 42.86807131280389, 47.55786061588331
2658, 15.246986371110381, 7.314188615758811, 42.287848598031715, 48.970021137484565
26593, 15.105054564579095, 6.96413080510917, 41.04904245041768, 48.75831107575155
266, 15.078004598848556, 6.8319841617199994, 40.07011925795053, 50.295384275618375
26600, 15.566594572644838, 6.74227843074199, 42.672453070894846, 46.6614270092947
26601, 15.936062299805519, 7.050661644512828, 45.617955045687985, 44.457413459614486
2663, 13.588086525809919, 7.093575084241017, 32.37233282949582, 59.57121264106677
26636, 13.192753522625928, 6.9552072636365665, 30.668223259951077, 60.200133422281525
26637, 15.642078474211429, 6.419656568442735, 42.33302906663441, 46.17228826886912
2665, 12.985761622875343, 6.567781246157258, 28.314310798946448, 61.94680193802231
26653, 13.74898448811694, 7.218107978503769, 35.38126025707394, 55.494487339053435
26668, 16.076822378715217, 6.503568305011571, 45.96476130583965, 42.49715905956597
2668, 12.363020409447795, 6.602536431165308, 25.343896234414746, 64.92336924091579
26693, 15.179915102961347, 6.987760984687493, 41.60875131452608, 48.11394083489552
267, 15.21526973973208, 6.851010525035908, 40.531246755943116, 49.87283296999896
2670, 13.549401727168599, 7.24181312997295, 33.21096870248852, 59.221067723308884
2671, 17.031824732180766, 6.628879515231835, 50.70648155754539, 38.21709247241162
26718, 14.288084603548072, 6.87925658657615, 36.47517201359529, 53.92937080328276
26721, 14.999127669546315, 6.571919403602214, 37.56234604344374, 50.4896072962684
26740, 13.125382174470463, 7.328615963224109, 32.151611717122194, 60.21571270989092
26741, 14.306284865151675, 6.884263667508259, 36.58015768725361, 53.82514783180026
2676, 15.37966149408985, 7.4378199189685645, 42.883001864512124, 48.783405842137974
26768, 10.543071659562866, 6.699216158109862, 20.156478595509192, 73.81337065072196
2677, 15.498309309764833, 7.179455929308099, 42.91964935695219, 48.01095001213298
26770, 10.157804850262488, 6.193458285035254, 16.563170660469606, 77.67534001295287
2678, 17.72592537306387, 6.696447857183954, 55.513714105741705, 34.086022977802735
26790, 13.304666197509107, 7.385239400875625, 32.49138642208958, 60.47580919105159
26793, 12.717178141327807, 7.248271467033762, 28.984074551833057, 64.3588228911741
26798, 12.626972362889612, 7.194695435091152, 28.354518922308785, 64.98227164186304
268, 14.180980846206959, 7.030347674260815, 36.08650338718083, 54.97003647733194
26800, 12.81526476411837, 7.037078865921244, 28.788125194044856, 63.52695929862949
26837, 16.541149728517436, 7.24983857483741, 51.00308750757778, 40.68460898619786
26838, 16.460465009409972, 6.914290551695905, 48.58054894162589, 42.06938957063241
2684, 15.6704622361954, 6.885260432790297, 43.950117628294585, 45.93484588699709
26844, 15.47004959783638, 7.077405029033709, 41.93871817190203, 48.616696598759376
26846, 15.587045682242126, 7.1621302515339185, 42.690548514367514, 48.173364524050605
26848, 15.651465438383358, 7.023867576736519, 42.68318240478265, 47.434949978491304
26849, 15.595097757677266, 7.162980295259389, 42.75351279136539, 48.079830307859986
2685, 15.054179316352272, 6.98350950922743, 40.73671926531026, 49.60170480491146
26857, 15.214492929902164, 7.056610139790787, 40.85281135114532, 49.487895144532835
26858, 15.704605157217436, 7.029841941654068, 43.59065633937668, 46.703573225968796
26870, 15.682273897884437, 7.09954370329063, 43.9962453375491, 46.892522787342834
26873, 15.689729507278582, 7.043458050440153, 43.52804025033746, 46.70389004785863
26880, 16.545847146590255, 7.237832855767399, 50.95860505471745, 40.727420302835235
26882, 16.49376716036231, 6.892387349290006, 48.67227510301881, 41.9158207933436
26892, 15.539284582963042, 7.145884437450152, 42.36493421666511, 48.54786787347206
26907, 16.68484979228813, 6.839239796480876, 49.79353658235047, 40.58427910886927
26908, 16.468084963968142, 6.917876762765516, 48.68893523031552, 42.00589824903444
26939, 14.040095906914582, 7.2875652180039125, 36.030062341730314, 55.96822910840139
2695, 14.990259597314504, 6.961967126504547, 40.33237266145725, 50.152023848431725
26974, 16.788038163338662, 7.062166261135562, 50.80297651815714, 40.46678942273012
26976, 15.437036494935427, 7.489307078327177, 44.05673974057498, 47.63805658803004
26997, 14.213255314742634, 7.578194176875046, 37.899774401167804, 54.41410656227191
27, 14.99197608203721, 6.784919216604469, 38.51429156324369, 51.12208603086057
27001, 15.395608071606635, 6.670210953196546, 40.464588082747866, 48.749544479944404
27003, 15.300094305976703, 7.080208607592237, 40.21983070914842, 50.50716570358197
27017, 16.383108895124515, 7.368601020316495, 48.45548031101078, 43.41810885377477
2702, 14.617547556613433, 7.2617928141226935, 38.26337157557211, 53.16321429877714
27022, 16.79157138245722, 7.05184345681836, 50.83523557559144, 40.41031126732314
27025, 15.468026675484257, 7.459879638557731, 44.17274403887021, 47.567334787533824
27031, 16.89880874774527, 6.25768733941625, 50.20227550455025, 36.9150898285402
27033, 15.595997584727769, 7.527567226760382, 46.0313706944116, 46.547647197919126
2705, 14.064900374817778, 7.552883285224739, 37.469756031991395, 54.429901203037836
27054, 17.4822759901199, 6.8219699109839755, 54.59943302305855, 35.84008571619902
27055, 17.045541979171638, 6.856195873997543, 51.060714151616416, 39.062065858145914
27057, 17.49681430321092, 6.820187620957627, 54.672178499351034, 35.80565538041399
27061, 13.78158011883876, 6.9933949163264115, 34.14992131703183, 57.269852318121295
27079, 17.34878064240806, 6.369193799752139, 54.73400765862664, 34.707156696721434
27080, 15.454251355760817, 7.114892952092339, 43.400456574329624, 47.76312651197656
27083, 15.57756468341764, 7.156924299988787, 44.19323430848655, 47.314554841047006
27086, 17.73378627666391, 6.8324302511775254, 56.72815777378515, 34.625830443320936
27094, 12.967549263315002, 6.590361420189733, 26.913931098480454, 64.88806402969493
27096, 13.900833939937444, 6.611246770766868, 31.801841411058813, 57.726426317695136
27104, 13.181030205976363, 6.645307693716439, 27.9688919164396, 63.46787011807448
27110, 13.975460353492517, 6.655020097182817, 32.74198126596651, 56.95817098031121
2712, 10.354568610487608, 5.795968610802638, 14.68179586736288, 78.02918730753782
27128, 15.060552079979919, 6.9600431058847825, 39.978073693780416, 50.6778437349591
2713, 12.635304704163651, 7.239625195847315, 30.576980370088386, 62.22759221865448
27130, 14.100465390336756, 6.8365625159364445, 34.053190083041905, 56.56824217951954
2734, 11.646747132920577, 6.482723787000789, 21.58488448589451, 71.73677489261252
2739, 15.330257862292724, 7.374024295483926, 42.80899920978013, 49.73969227908706
2740, 17.064215589530534, 7.07327309819556, 53.39225665727528, 38.464509679178406
2742, 13.815275835953516, 6.845211955228187, 32.86784364849636, 58.51470490752811
2743, 14.655599894691916, 7.021888892131801, 36.49655172413793, 54.52873563218391
2745, 17.97870862533951, 6.9163846791219825, 58.58121952942839, 33.71864622341553
2747, 12.79176188720531, 6.235756522031928, 26.229627685938368, 63.281728330272024
2750, 12.89703672990609, 6.200035561803116, 26.354197133664815, 63.00087744954666
2751, 13.150914838999627, 6.2652371763374415, 27.887887595483956, 61.41060656958827
2753, 13.47597188520897, 6.735399129488551, 31.026225273210166, 58.54752332989855
2754, 15.193478679015127, 7.005135580443289, 40.043085608769935, 51.89056679861193
2755, 13.982984549402827, 7.170988819209129, 35.09492932306412, 56.833795041959675
2758, 11.844745150788144, 6.299753293833587, 22.30874481870498, 66.62038713831542
27594, 14.852447838237156, 6.83925136869475, 37.982858325256196, 51.57313527111944
27633, 13.238614594224895, 7.286470552902493, 32.496310591440576, 59.57997502554206
27635, 11.89280252187194, 6.8247421625616616, 24.64491998863744, 67.89603257267304
27680, 13.460014283952248, 6.568386825971968, 31.41284766466013, 59.0678412935542
27740, 14.051778991195555, 6.837803982820176, 33.202223450248674, 57.59841367876996
2797, 14.108830136613044, 7.0665190210867905, 35.58692048822141, 56.24591893113667
2801, 18.422374853626923, 6.75757333386166, 61.24307491762321, 31.143860665532095
2802, 18.52577721253435, 6.762067056432983, 61.85137038240711, 30.67201097750334
2807, 17.009082743197972, 7.270469364581195, 53.03272371858729, 39.27786027103735
28082, 14.119794209234442, 6.919542913334971, 34.17325868915982, 56.297834533991285
28087, 12.054190145366693, 7.059942048776251, 26.52188659465348, 66.4254807445245
28089, 14.00264329714026, 7.488977024763835, 36.05063560166305, 56.291593055537106
28107, 11.670019321584865, 6.992223733263429, 24.263629117467143, 69.21515561569689
28109, 14.042655423965687, 7.452419086914233, 36.047103202670336, 56.254575686508076
2811, 19.904743116593796, 5.853037068095508, 71.51128726520764, 21.145958986731
28140, 14.757444638800944, 6.984508412577903, 37.991988448460575, 52.46984023475709
2815, 18.80076651274122, 6.218343470907761, 63.42221986605171, 27.212002332608808
2819, 18.714828144987898, 6.75381433586009, 63.32844495138775, 29.48997881701157
2820, 18.6694182838345, 6.68616202272173, 62.91304253987439, 29.6052489586256
2821, 19.753457169452364, 6.144187711935366, 69.03958530692184, 23.021000755729172
28216, 13.176984125641527, 7.766760910393418, 34.243902439024396, 59.63646922183508
2822, 17.76785377759371, 6.464182349095936, 57.74604534139879, 32.992960573860444
28220, 14.554138209823103, 6.94828851707725, 36.753003134211845, 52.99963880830042
2834, 13.54307686658487, 5.815441100038577, 23.998081200122108, 63.30731324408006
2835, 13.204579023592338, 6.8727970089849375, 29.977213422029475, 60.59575875629387
2838, 13.490048951034087, 7.471868096845181, 33.778108602358046, 58.568816107481226
2839, 14.966516213110657, 7.090925556334407, 39.59033365984303, 50.83507954024129
28393, 15.869203280882743, 7.080373670197951, 45.137306034697275, 45.574256735908584
28412, 16.77867449230266, 7.109405791739681, 50.77041147647441, 40.18635495995434
28422, 16.817567747047107, 7.114798848635901, 50.376769338363495, 40.27344096295348
2844, 15.291104389128957, 6.551558743880664, 41.29433644777045, 46.70327237302396
28443, 12.474945179664655, 7.08662155239001, 28.52315320367146, 63.85724404568662
28450, 10.600259424071433, 6.573561435088991, 19.414050288062167, 74.11311092254329
2846, 15.759795931529686, 7.111290276202958, 45.78990804916704, 45.80232396783547
28461, 14.74564600695707, 7.1693034625485375, 39.16404494382022, 51.651435705368286
28484, 14.665731256554395, 7.185757530109174, 38.79470622338618, 52.093120889226526
28494, 16.502731038269893, 7.193415299622973, 48.76188193945203, 42.30170141385094
28507, 14.66958468029583, 7.1884929904326915, 38.83352668788609, 52.07285996172571
28530, 12.466815138235498, 7.052966147148397, 28.45069780862276, 63.855943142644534
28534, 10.604707093568805, 6.568667164447772, 19.4042172872421, 74.10397794407247
28553, 12.32493873360344, 6.970058442197922, 27.36949450287696, 64.83776601683749
28554, 10.611172023629555, 6.569939021660423, 19.42841127725007, 74.07096002060325
28577, 15.389284408544366, 6.901985414945623, 41.75916499461319, 48.307354729028496
28611, 16.972906710204278, 7.235971003893881, 52.662709393945796, 39.645957878282175
28612, 17.03028250256848, 7.178524283129275, 52.7799646785965, 39.54720514075367
28624, 16.84350341114454, 6.623003432135384, 47.130267434901484, 40.8017179670723
28631, 17.29592528189422, 6.535005745611531, 50.065314864721735, 38.05444082237887
28639, 16.899883716748693, 6.570913932419034, 47.165087165087165, 40.63765063765064
28642, 17.253687598921353, 6.54961517268975, 49.75237017121834, 38.28946747794915
2865, 17.45241659686754, 6.6327773901403475, 54.474650051212016, 35.867616934107204
28660, 17.165129868150228, 7.088686465557388, 53.04373854154974, 39.04759232237064
28662, 16.947548616846255, 7.316857484892571, 52.863951346451856, 39.469606151866905
28669, 17.168622276320136, 7.08682960136389, 53.06782592436778, 39.009021642593375
2867, 14.901378435641751, 6.955616822764173, 38.80840157257977, 51.95812246139143
28672, 17.215894098157648, 7.059885748119816, 53.251731921849455, 38.867050673308945
2868, 13.589047328489873, 6.345696951332487, 30.101641907740422, 57.7292527644365
28685, 17.183468250660354, 6.583993873563319, 49.50556497993297, 38.53283131283876
28688, 17.162788703146084, 6.619744302194512, 49.52522807670825, 38.64891702352138
28701, 16.906056008702915, 7.3138853046572265, 52.649264478414395, 39.64989385874145
28704, 16.93598302128919, 7.268411619499459, 52.65707168557985, 39.654878749813705
28719, 16.760321505657693, 7.285875456993449, 51.63236805354272, 40.45479697504677
28722, 14.828712531838415, 7.249864549714659, 39.98686211519945, 51.35653159841266
28731, 17.127201279598843, 7.0128557139759895, 52.46964061167243, 39.28034399978896
28739, 17.075898550068633, 7.20696699532055, 54.04675267394421, 38.077516815525414
28749, 17.030372474715527, 6.628812032151099, 48.75780248852879, 40.83853499235253
28751, 17.01257439450116, 6.644352705989753, 48.669327322732066, 41.01925184557167
28764, 16.971677654844946, 7.195091448490282, 52.51371253674354, 39.16381304483974
28768, 16.82803158138986, 7.237912214750612, 51.79266832365638, 40.32421988991416
2877, 16.09240627235273, 6.827569877137943, 45.395067152002014, 44.76904732019581
2878, 16.03629077666543, 6.817559636808383, 45.10732372724565, 44.87056868248169
2879, 16.100024675287667, 6.818185182213957, 45.45468840910163, 44.62440834683063
28802, 16.920887661463265, 7.311475041277995, 52.695459437571266, 39.690760099314815
28804, 16.921391811812704, 7.319934269752226, 52.75042933791294, 39.611089184951304
28814, 17.204808707922677, 7.059966146562393, 53.13345114081248, 38.931141203003115
28817, 17.19788485381665, 7.042525484785101, 53.067473208618054, 38.995929950337924
28820, 14.441209914619549, 7.151219972829429, 36.943294785376715, 52.866920327187536
28822, 14.442773386339969, 7.1993888297466935, 37.370851485598415, 52.555138392679645
28847, 12.274023723543095, 6.373687839600163, 23.44729387656702, 66.90649108003858
28853, 13.591011341053743, 7.510086799229112, 34.27286198933345, 58.16803195450545
28867, 12.130079889534178, 6.594725787918176, 24.868165417707466, 67.07732218616006
28873, 12.558100609469316, 6.582348922792445, 26.36201108551765, 64.03203479216056
28884, 13.807373237618437, 7.222944071770295, 34.57676516971314, 56.60587025811302
28892, 13.617194039581278, 7.2396051626749465, 33.04087524084458, 58.494729754055186
28910, 14.205939291643524, 7.457672582153935, 37.11899332044499, 54.808816549552574
28911, 14.03170341567448, 7.527424920065915, 36.22601654638268, 55.581763773983454
2892, 15.949099416614432, 6.7534429856213345, 45.2161089052751, 44.62166761202496
2893, 16.212566137941025, 6.819468637043388, 46.28502656796403, 43.93478359598528
28935, 14.824426299792046, 7.276008774560359, 40.0289636207907, 50.454740116305274
28937, 14.997421246213902, 7.225378925086543, 41.00813044929644, 49.59630650153047
2894, 18.822922315511878, 5.7977636359984475, 61.80102285891893, 25.452798734141446
28949, 15.753100249964131, 7.0504808280850915, 45.44800415211853, 44.878267434179484
28953, 14.545294406007782, 6.948846548416845, 37.916332323317, 52.1635507862558
28955, 16.810026369356603, 6.445127121612052, 49.22455498715308, 38.41114789009514
2896, 15.969983148672506, 6.945664478897822, 45.81661688552695, 44.804793128435335
28975, 14.625513469522238, 7.037129155579039, 38.685381718589525, 51.77678877096885
28978, 15.712521279211193, 7.198997822940019, 45.042851121622256, 45.82962581370299
2898, 15.728174957815948, 6.817950728485222, 44.69870821078035, 45.63819127961472
28987, 15.565801849074976, 7.219865628413101, 45.18290089323692, 46.280542558722054
2900, 19.296517767779893, 5.972629635393058, 66.79089734416881, 23.982572108967034
29010, 15.35157185705432, 7.42190560166616, 43.34214108415406, 47.98965947176372
29013, 17.112313235441974, 7.002832808628048, 53.29896413961388, 37.75627377335471
29034, 16.928484111351732, 7.131349806158256, 53.00992881007757, 38.36345820100823
29045, 14.758307438181433, 6.975571401025495, 38.93223498420565, 51.30094096373439
2905, 18.74990207598157, 5.920242842272429, 63.67154899015189, 25.993156401268568
29068, 12.943378789731266, 6.001171619342805, 24.58566991181805, 62.554983426796475
29073, 14.881584391837528, 6.325388899965698, 37.94791320252743, 48.54921849018955
29076, 14.009284343149456, 6.73353183131072, 35.67068298763144, 54.00939627345074
29084, 14.40234005069106, 6.514935681719816, 36.50161107374803, 50.49536753560925
29086, 14.39252200673455, 6.436603036915658, 35.47267822581454, 50.96320661057572
29090, 12.656120853581372, 6.67961123987826, 28.38278447994783, 62.34776271121425
29105, 14.186626778321086, 6.746008156404126, 36.37115860277239, 51.855081232094236
29107, 15.02337548678511, 6.045913748390478, 37.34655293313569, 47.53641455339469
29109, 15.329213393574877, 5.969799383951177, 39.07848614793331, 45.122862582516326
2911, 15.706393587798155, 6.729124111870561, 43.93497913398013, 46.217967190718625
29120, 14.948068803079565, 6.169012094706978, 37.47583135555168, 47.518991285542796
29123, 14.093705216389138, 6.700321090381924, 35.33140200022143, 52.19120197807875
29126, 15.034338344236145, 6.07912534746316, 37.96348958811118, 47.077332354829835
29132, 12.223594542864955, 6.851216749892928, 27.580021678033244, 63.45237067518441
29135, 16.059955130167896, 5.949651804352734, 43.746771788599666, 40.336805995458576
29137, 15.364905528348794, 6.290114543269909, 40.468869717504, 44.41923639511627
2914, 11.284623164905307, 6.211196277979782, 19.34356957576772, 72.90080328006025
29156, 14.925025443741363, 6.490409178113473, 38.975198476386126, 47.6535918341144
29158, 13.125152448149795, 6.105506158443569, 26.566738941436483, 61.33928290858813
29159, 15.108087272048913, 6.476524995369746, 40.229653931632974, 46.60704836490634
2916, 14.424896584131455, 6.816119562976621, 34.88901887140966, 56.488009112458826
29179, 13.2253645242707, 6.03564198927496, 27.40096132700826, 59.02317447352162
29182, 13.759848115829211, 6.439188738844001, 31.863942712721144, 55.48757371524853
29184, 14.955943064653962, 6.6598496602673425, 40.23085850506571, 47.154522547389774
29192, 15.844465610917538, 6.930232733168225, 45.89124897206009, 43.712016366809074
29196, 12.702193963323113, 6.6025897353556635, 27.730281696867802, 62.24268533819863
29206, 15.226697212009215, 6.391265296918303, 40.12253750587201, 45.298897562243255
29211, 13.25840711600009, 6.286806079739708, 26.89120940347598, 61.090242455831344
29216, 12.30445863918575, 6.21347725198269, 22.038678855252883, 66.29427167072443
29219, 13.47814985393813, 6.40266836316279, 28.632154243206315, 59.474544334205525
2923, 13.069258606815803, 6.518077728642418, 27.489410582238495, 61.359394069926054
29230, 14.325327068883334, 6.633014433956056, 36.13927401800247, 51.919871354891846
29231, 14.458441941060979, 6.540512741108334, 36.3677941691643, 51.527772371647664
29235, 14.509634839485551, 6.563121828384309, 37.455056019884445, 49.801250367615665
29254, 15.070371360258916, 6.394461031045632, 39.356683955518555, 46.91682141256323
29255, 13.086172549842088, 6.072127844559323, 26.045946172549677, 61.95921019535508
29257, 15.365429721315992, 6.557938417568573, 41.82906636097312, 45.59079522778415
29262, 8.095530462384007, 5.0150239558312615, 8.13968204519125, 87.68971660549654
29270, 7.6135513106376, 4.904047986387359, 7.6035726901145475, 88.99429782509966
29284, 8.020017372508338, 5.113442748211265, 8.410453693435528, 87.31464125538534
29291, 15.57100061858521, 6.960273805814707, 42.83371330200531, 47.72600381519565
29292, 15.531575496196927, 7.148448452072751, 43.95530170166374, 47.287529032563874
29300, 7.327084386847683, 4.617349830841022, 6.516799220905697, 90.54536601201104
29311, 14.382278766959056, 7.043577965086724, 38.1344563687544, 52.60929802955665
29314, 12.898008366642676, 7.152339913702969, 29.75387144216628, 62.86767886495371
29321, 8.007139331947021, 5.115138743200115, 8.43843517594888, 87.26827389359117
29336, 15.709458879270283, 6.819611508746294, 45.45413754809472, 43.9420283352216
29338, 15.199592738286855, 7.146351915255184, 40.90225736483928, 49.60464555814407
29341, 16.225784103386815, 7.010784840477148, 47.72908090905946, 43.391331419281194
29342, 15.459384009781528, 7.023391659877156, 42.443220842112616, 48.32660093361116
29355, 14.071816879797034, 7.564269060152472, 37.29977641460758, 55.230178295018064
29356, 16.014943593689228, 7.008312503750959, 47.86489068734896, 43.4890125330186
29378, 13.76312153640031, 7.371068546452636, 34.696558648238735, 57.91660436203618
29380, 14.725297082049925, 6.900135982667779, 38.43158100279881, 51.942895576142845
29387, 7.819180828221243, 5.03051651296816, 7.94104665220979, 87.75931221094245
29399, 7.9308094672082925, 5.021868852228745, 8.027964805656518, 87.84980833780213
29421, 7.317979418710381, 4.657797464462468, 6.624062798772204, 90.45639812811352
29424, 13.160724340122576, 7.357907317187569, 31.54073448712537, 61.2169088825906
29425, 14.293738160284143, 7.41120872398155, 38.00775744877215, 54.510420174355524
29426, 15.015076584562596, 7.456759189853244, 41.95749609709422, 50.324822480737275
29443, 12.375810952801151, 6.402595098873459, 23.729534872077306, 65.52596004606218
29444, 12.255053610090238, 6.975975976922735, 26.80492647917667, 64.40501992135283
29445, 15.304174397580086, 7.010944429881595, 42.427233754512635, 47.886112364620935
29449, 14.43004770095916, 7.494230731800494, 38.89052854226617, 53.30923042868737
29452, 16.553614116092255, 7.1434516099664105, 49.76342096837312, 41.51102256691214
29458, 17.135196869635358, 6.605194927550509, 52.44567082629765, 37.14289636615735
29463, 16.261335755771533, 7.590483309288162, 49.45558045176527, 43.31375280082359
29469, 16.594469079154546, 7.3492526078141385, 51.194933073490944, 40.99440996974204
29471, 13.255011454386812, 6.890894732414731, 30.51917242965796, 58.26779578163415
29474, 15.947737114442008, 6.964765657880423, 46.067717320449404, 43.911448547362504
29476, 16.520883090955962, 7.310201078262444, 50.58434158523871, 41.223965278956435
29478, 17.336692510674148, 7.234470593985191, 56.06523177123085, 36.16750623314507
29507, 12.314595199858998, 6.801255889913215, 26.174016686531587, 65.61445329653097
29508, 12.72304620156913, 7.312489225850788, 29.2503219037627, 63.988506843435545
29509, 12.306301433451004, 7.075286684426024, 26.946956489018774, 66.16955360166568
29525, 13.913046994118966, 7.411181881658769, 35.989451112809014, 56.234441623739926
29527, 10.966323730818203, 6.274044645516372, 19.198027810947192, 72.97741484020904
29529, 12.388670140457837, 7.151827506179692, 28.634877314040015, 64.04129869461109
29545, 14.697319269736798, 7.554505645065522, 41.4581554694512, 50.17184387382062
29547, 16.607642370126914, 7.355163689524271, 52.1770858671856, 40.0364874726344
29561, 13.298685869912086, 7.287050246284985, 32.1475054229935, 59.91757049891541
29562, 15.177611597032827, 6.973055471933831, 41.13541181945091, 48.60797421375796
29576, 12.442961520701253, 6.963819037231153, 27.514257376642696, 64.26357550210761
2962, 13.285641140052293, 7.289683111405992, 32.91773916773917, 59.51040326040326
2963, 14.868906288148986, 6.871694240065679, 39.40526875997871, 50.35391165513571
2964, 13.020782299483528, 7.07705063507105, 30.62087610583937, 60.960691676593015
29648, 11.971152860473033, 6.590543260112387, 24.14661721244818, 68.22797865799234
2966, 13.7469346593476, 6.181758630749443, 29.181011172226402, 58.89095537704615
29660, 8.788232608547268, 5.6002051501630286, 11.235500824081848, 84.0179950451431
29661, 7.885908596718733, 4.850829526980308, 7.396935142665498, 89.02223827459883
29662, 11.063453517672205, 7.121068223908979, 22.77802410415575, 72.04542706275949
29667, 16.029118034012757, 6.65525930942098, 45.228079759628514, 43.76181371210052
29669, 15.95914464393853, 6.664682928524729, 45.10344678411906, 44.00787341963813
2967, 16.11566646747585, 6.9332246731610025, 46.835661320917396, 43.6136203854776
29674, 9.777101912479273, 5.926994379967524, 14.25664734958241, 79.83424237259247
29676, 11.030968937379962, 6.925037963779372, 22.28871544851541, 71.59507020150238
2968, 15.91162110107217, 7.264968124048455, 46.450658779241735, 45.11427803172896
29681, 12.103678475886076, 6.677575197387025, 24.195580228461623, 67.63211273620155
29682, 12.437622705654308, 6.917046369804868, 27.482787607077096, 65.29000880634057
29683, 13.028281404957543, 6.832719474159622, 29.102077880455102, 62.00950803910048
29686, 13.588911268029598, 7.608541484134693, 35.768747130795795, 57.99185644997106
29691, 10.834830114104687, 7.208990921716461, 22.80624436870764, 72.72593724291926
2970, 13.915850461727818, 6.654158962190241, 32.20644793694507, 57.129291106785054
29705, 12.750267531720871, 6.467575739550661, 26.515477968071995, 64.74991732389991
2971, 9.92310883123061, 5.911258064661488, 14.287006876583424, 78.63961273977561
29715, 14.760616964661962, 6.783942213950832, 40.11246113037345, 49.52263627964275
29719, 13.500163779458443, 7.212326978917007, 32.616135369795295, 60.07985296913619
2972, 11.022175263737475, 6.248877929152429, 19.116689494128476, 74.03058131441273
29722, 13.749560183406528, 7.180150132556194, 33.673655228565615, 58.56036339093451
29723, 14.587939763540978, 6.781707157179579, 38.911388647399335, 50.780305761116175
29729, 13.67879245760626, 7.177149367854061, 34.43203457645976, 57.897383229561164
29730, 13.194903791749299, 7.250840699543129, 32.492676773076184, 60.39363681070795
29740, 16.9789058465528, 6.681269576180584, 51.90625240526464, 37.465684891089616
29741, 16.95275834279425, 6.666192922706237, 51.71812717088989, 37.548865049153434
29743, 16.953146621224793, 6.67366551648149, 51.73641458022724, 37.446660840059636
29744, 14.875878980638625, 6.585633040994631, 35.271703683361366, 53.08663165242068
29745, 15.915937811129647, 6.6661537676136415, 42.18147206836845, 45.799370183983235
29746, 15.980320996916124, 6.6477732223167205, 42.60924532534002, 45.33247690707775
29747, 15.93747233019669, 6.661610037964582, 42.3158215628493, 45.63052535311452
29748, 15.809696978966725, 6.842366310782744, 43.483811663772855, 46.0882443059953
29749, 15.780723489650423, 6.827965065407181, 43.04658337452488, 46.336225263767915
2975, 10.765454656826986, 6.234499047247996, 17.884114148232307, 72.5701174006995
29750, 15.798077590165885, 6.838328247152191, 43.284573335830935, 46.20165863460654
29752, 15.835602202588634, 6.994937600502865, 44.357531494858385, 45.60535312820104
29753, 15.619774356091902, 7.068055107804771, 43.17598631455148, 47.15732919918742
29754, 15.831811758222054, 6.985917805355844, 44.29452428839725, 45.51726893722445
29755, 15.86531973032386, 7.011463861445802, 44.50015253405489, 45.44851644051835
29758, 15.35294408445161, 6.942893658006574, 41.30208465581596, 48.32668918061092
2976, 12.493409465411014, 6.583146531524562, 25.38675312644743, 63.786475220009265
29762, 15.389684699784812, 6.9194796619281504, 41.43978259765328, 48.156143648092645
29763, 15.722439002114122, 6.704387425270162, 43.59286139504249, 45.24071892692936
29764, 15.868609787420045, 7.006780868826302, 44.5436718253127, 45.46321814712741
29765, 15.877313843747922, 6.976528196487239, 44.46606568444462, 45.53168394159618
29767, 15.11396009378372, 7.064267188933386, 39.78862004785961, 50.586280244615786
29769, 16.995318223748637, 6.477307634384705, 51.42329817187352, 37.90701747295531
2977, 15.67743676324978, 6.1505487570830395, 42.55235268198789, 44.66733146262842
29770, 16.94926814848018, 6.465481567317483, 51.1397756802973, 38.198979385746405
29771, 16.95733491026099, 6.468563269416864, 51.23281015938137, 38.07338830483542
29772, 16.085007048170148, 6.615514364093364, 43.36841251495427, 44.654987124115415
29773, 16.08794629652447, 6.631080286926325, 43.38253207731037, 44.5082832548319
29774, 15.654371877491014, 6.639520141451237, 40.71392471818761, 47.46753389439451
29775, 15.971810796614031, 6.620877024930485, 42.356949472211234, 45.52368204909805
29776, 15.400703679665948, 6.931737368330609, 41.538637635447934, 48.10500076308694
29777, 15.36981311879003, 6.92363583932514, 41.19654636680845, 48.38779512518147
29778, 15.363470353809857, 6.920001832427397, 41.18141846683235, 48.41011916140955
29779, 15.373492167866287, 6.947384424621762, 41.41555890082413, 48.110632000612355
29786, 16.59824204145914, 6.887727534451916, 48.57652018950754, 41.309166775329246
29787, 16.369944940198376, 6.8718887104600395, 46.81446596765594, 42.85883537705112
29788, 16.549291627800216, 6.858703388813586, 48.3470715835141, 41.46782357194505
29793, 19.06086468003405, 5.241923745363438, 65.61550864299373, 22.389290937043008
29794, 13.484643662089471, 5.750981158928542, 25.856121161127472, 64.00925536390409
2980, 10.72011186730608, 6.070211965631341, 16.965627347858753, 75.57287753568745
29804, 15.77479637404282, 7.16395902765376, 45.20980939430807, 45.36009923900857
29805, 17.544396419271745, 6.761522849424892, 55.23138468232195, 35.64859017899228
29807, 16.693031861232818, 6.736263102858088, 49.59669185215438, 40.31805186849091
29808, 17.60492226947776, 6.800235855905541, 55.789993139390724, 35.311676275531696
2981, 10.015778085391783, 5.6984597903705145, 13.22566173171826, 79.8474652310453
29810, 16.633792885019407, 7.408443767423834, 51.45277926126932, 40.92175343889378
29812, 17.016111084894145, 6.68283597352624, 51.202474802913876, 38.31525225597673
29814, 17.89281229673905, 7.04176693633399, 57.79082952926468, 34.42997121507283
29816, 17.24775907887991, 6.621417701302434, 53.17675011092504, 36.22454091344984
29817, 17.138031037742866, 6.583216901805703, 51.957077013085225, 37.0524693560125
2982, 9.591208813582385, 5.62295619231898, 12.334900884278738, 81.8914114708728
29820, 17.46671113105667, 6.6411154328821205, 54.62762111352133, 35.50976138828633
29821, 16.075782368330856, 7.103991718809072, 46.69374179009147, 43.75685414381952
29822, 17.535409707455578, 6.620178950398766, 55.064197441728936, 35.03483628749864
2985, 10.86455262627104, 6.2109144604021065, 18.417566241413148, 72.74043179587831
29851, 13.258801846145523, 5.677679747360135, 24.446320389313737, 65.46330320786574
29852, 17.408748185153378, 6.539549848943891, 54.39116610810346, 36.02732663057489
29854, 13.194755627754114, 5.678779152955498, 24.28798253448447, 65.73384935992856
29855, 17.71469612338373, 6.42085919710579, 56.543305728088335, 33.639579020013805
29857, 13.258686253519771, 5.692421018639488, 24.66912130560255, 65.33983480943377
29859, 17.57205118203015, 6.439980955541458, 55.4632394305249, 34.78298498420529
2986, 15.971964078573423, 7.00159145401543, 46.05482938727894, 44.503804650422886
2987, 10.381859557625962, 6.183099143961827, 16.69363767992505, 75.19376543735628
2988, 10.17772280192847, 5.903538055144194, 14.225533986748237, 77.61171913037957
2989, 14.420131144184221, 7.341815267155011, 37.84525647623949, 54.14571703815142
2991, 14.456017657476126, 7.515811208749442, 38.69140907953483, 53.822650107337125
2992, 11.477101495059133, 6.261369392000977, 21.393986631710714, 70.68187722903232
2994, 11.349321542979453, 6.228968795878952, 20.473666403518664, 71.52588248562084
2995, 9.101278179519644, 5.8359755027656375, 12.616157574140768, 82.4085189631408
3002, 17.093972839846735, 6.884920202502632, 53.529277143884656, 37.68485522171729
3005, 14.637321590827085, 7.223784206403956, 39.36253359171744, 52.761747732893646
3024, 13.735794563028788, 7.091578312400495, 34.0178851206402, 57.20225612842577
3025, 15.372441144528132, 6.927669326697386, 42.7268078693113, 47.694916166536586
3026, 15.30038680571936, 7.009759713904024, 42.055013793181736, 48.74044978260129
3032, 15.395581211794472, 7.1141136331456245, 43.07805047694754, 47.79163354531001
3033, 15.323166298279245, 7.038350634898479, 42.4575974913394, 48.10738084391851
30373, 18.78424986231605, 6.496110353565365, 64.63800711395778, 28.13435846035374
3039, 9.250302153794863, 6.28547611662092, 14.8205677557579, 80.5757900374933
30405, 16.727140103306414, 6.841077120411695, 49.32175435053351, 41.1979534821098
3043, 11.01305890447475, 6.2404614808326215, 18.471583136425817, 74.86009202835469
30453, 15.683001344234007, 6.840933377341712, 44.502734266382426, 45.60570951895449
3047, 10.985680625439828, 6.4635593285392465, 19.50510985200403, 73.6315934101883
30475, 18.13027651591311, 6.089259188635272, 58.481028754907726, 30.26815660218404
3050, 11.086809296900025, 6.229863587530767, 18.62942700835013, 74.67294282602435
30507, 11.149751071905902, 6.316131335076139, 18.437554835194266, 75.64994135520277
30510, 13.148154710418948, 7.161923763907508, 32.052259873015245, 60.03942272452628
3053, 11.441893797420558, 7.335663422590975, 25.193976625294273, 68.85926421218326
3057, 10.221278711723842, 7.4633645046475845, 22.219081793157688, 73.92597325992922
30602, 16.30632395445447, 7.201816016819805, 48.04036689117334, 42.39077454803261
30665, 14.700765640084079, 7.429576579959526, 38.973773980190636, 52.0944619333326
3083, 10.01201889297048, 5.922896041598045, 15.026919625689015, 79.26654702388582
3084, 10.891727650551385, 6.268448790813872, 18.98415586384656, 74.39011447198848
3086, 10.139666248253729, 6.782691936858186, 18.454034391534393, 75.45469576719577
3089, 8.609347084586672, 5.317821705678285, 9.91356793465356, 85.51075651802252
3090, 9.626841787248507, 5.7944635996797915, 13.302704613017898, 81.07186661954556
3091, 14.9173981736843, 6.482008493376778, 36.90698700044102, 51.18760106684588
3092, 14.380602454250146, 6.835962832756059, 36.32762074337859, 53.66347651902961
3093, 9.590859532290354, 5.581392269116204, 12.409245177643168, 81.23254714954676
3094, 12.616094225747187, 5.869534561188831, 20.85795731071404, 62.67468539247722
3096, 10.884142981977478, 6.913893167118709, 21.65872923684516, 72.18492275525612
3098, 15.879512197811984, 7.294704890706078, 45.869153684503026, 45.958596015908576
3099, 17.381006935880244, 6.343656260681999, 53.66247035848794, 34.40507741665505
3100, 16.071890513282977, 7.108380353802596, 46.82151908656233, 44.17909927799406
3103, 18.47413875610495, 5.833072055712384, 61.04494313795227, 25.8373164236331
3104, 15.489171793813034, 7.289547543304133, 43.559079905218944, 48.042360629934734
3105, 18.868671817541028, 5.695317443912012, 64.4515988688275, 23.718077006743528
3107, 12.049540421062513, 7.313025414788998, 27.847982922230706, 65.54996338252022
3108, 12.140011560245432, 7.098474886106305, 26.6293994566066, 66.37362980544019
3110, 10.923369459531965, 5.409843052959763, 14.152251893184536, 78.36747708250299
3114, 16.00547137358137, 6.851808771866838, 45.738985016655654, 44.46857004140312
3115, 14.350415151435074, 5.930334297540175, 31.46551724137931, 55.3838900862069
3116, 16.15115412936921, 6.941993661170118, 46.80404838578735, 43.85976781316808
3117, 15.852567201907704, 6.626014480298748, 42.56980346643391, 46.18682678381308
3127, 15.158744554986166, 7.601743238964795, 42.92423989772664, 48.641913549367274
3128, 17.132861921695696, 6.591625672932449, 52.646320716588505, 36.60485182295828
3138, 17.12434414800702, 6.316017097258881, 51.37349083563723, 36.96556731547935
3140, 14.093080140536248, 6.624118443555965, 32.46863117870723, 57.2861216730038
3150, 17.278485285089616, 6.5441429099616, 53.64424198655631, 35.74338462677999
3163, 15.304404361398078, 6.7096964139944415, 41.501028455662706, 47.51671886466764
3168, 14.15513982848951, 6.925243778433755, 35.903346728554666, 55.02320799975079
3169, 16.847633606317572, 6.702374213443081, 51.01220618461998, 38.96448379207
3170, 14.748261272886012, 6.682338119154324, 37.916066740069446, 51.93635131701533
3171, 12.999849749797889, 6.548733064955819, 28.479965470110063, 61.49095131902125
3172, 18.8652820548694, 5.553448688767972, 62.61363219262721, 25.23705235339459
3179, 8.580618322457752, 5.7405441979991885, 11.245460371715446, 85.0373851741081
3180, 11.309856167385053, 7.309291157455722, 23.725206882963352, 71.16642585051885
3181, 12.14555610685403, 7.097001490501015, 25.831010361331717, 67.65897017829906
3182, 11.558646261148928, 7.013280655267406, 23.333950256972425, 70.60263948406201
3189, 15.352000804228243, 6.2158393297207155, 38.58333045251841, 46.63232735276155
3195, 15.2586656936014, 6.197687372127151, 37.76628154279473, 47.161004770937524
3203, 13.889373171724387, 6.519328487272035, 31.948839182881738, 56.77517124325635
3205, 16.914759201269252, 6.423466118391158, 50.429064566316605, 37.05756514974718
3209, 15.447172420647945, 6.6687658499414635, 42.520887352348026, 47.06280610774993
3211, 14.746700784677442, 7.646424799819636, 40.673293947877994, 51.504088604940854
3217, 13.356726213244722, 6.490545079077729, 29.30966181560402, 60.223718777365406
3219, 15.631923990219049, 7.241461718396825, 43.812262313329, 47.49961351760813
322, 17.837722918364324, 7.198776505188996, 58.47941445562671, 34.43732845379689
3220, 11.762803259466281, 7.209111879035114, 25.33195378513537, 68.48249698223832
3223, 11.536709947855744, 7.323355364750504, 25.767095075471207, 68.11786890516784
3226, 8.26047883940294, 5.4846641161364005, 10.122715136578353, 86.19754227425207
3229, 12.763363015194015, 6.202054646914118, 26.182559262040115, 63.285175620260894
323, 13.138342824381466, 6.473296496967577, 28.21013133208255, 61.5624765478424
3230, 9.575688963547956, 5.954739928525895, 14.586341887777293, 79.92083514571553
3231, 14.040757810434902, 7.572827904427389, 37.903331213021616, 54.262262227372936
3232, 10.448309519513753, 6.518211750360571, 17.64561317276972, 75.91019204437734
3233, 10.688590838600593, 6.673732898316099, 19.503247913557146, 74.8218377514768
3234, 10.045282084509902, 5.718742885612626, 13.55535352842293, 80.05677724793303
3235, 9.045825517109844, 5.510829385553589, 11.023030491438046, 84.1567144201791
3236, 8.721180704948248, 6.14397628419541, 13.802295511707818, 82.4258741011017
3237, 9.566108924143725, 5.666335227785206, 12.289854082530033, 82.09458594103533
3238, 9.79946511358851, 5.982569062968964, 15.112606250481498, 79.13681381234859
3240, 13.827803282841902, 6.664467136515881, 30.65558546812123, 57.51779901882615
3241, 10.837850091167358, 6.687532002991458, 19.50432698167635, 74.37289237394873
3242, 10.278672236109069, 6.198877642567494, 16.30611960715251, 77.68731109163438
3243, 10.10793485110266, 6.4874797137472076, 17.540874153204793, 77.16095622720167
3244, 8.003172600437216, 5.266194561475978, 9.036559563056636, 87.09180075120143
3245, 10.157879987996788, 6.43866301094305, 17.682517864683817, 75.8654952843859
3247, 10.399951531849005, 6.704539539115482, 18.6714523181823, 76.73453398130208
3248, 11.610470519626327, 6.483341948923632, 22.627215308398167, 68.92439435468769
3250, 11.618840291501082, 6.514358399061341, 22.758314173625415, 68.82451986769118
3251, 9.291076050051652, 6.436103870034407, 15.217817478243823, 80.69006077239756
3254, 12.757612305665702, 6.238717672972781, 25.244713689110448, 64.19669533352041
3255, 7.826094891878587, 5.095718979814519, 8.207693329201895, 88.66982426630074
3256, 9.033610631201261, 5.644482685729846, 11.157313578866447, 83.6466559508002
3258, 10.089889500464382, 6.317832521495973, 17.065682321142727, 77.2285541841974
3268, 13.590037497228668, 6.770054346305201, 33.25145135801256, 57.23222547020724
3269, 12.691073879602493, 7.988718353992323, 33.733899651231056, 60.54939742394419
3270, 9.729208016188133, 6.209244371545192, 15.43362831858407, 79.87912799481978
3271, 8.043626543939933, 4.875791869538013, 7.410922709899187, 89.03539149543819
3272, 12.319705275163443, 6.635270033044023, 24.538392432489566, 66.4535221687893
3273, 12.516122671341982, 7.907048759636763, 32.47098772995397, 61.651292643223464
3274, 11.268704616015457, 6.150727074498827, 20.259532735717357, 72.54098000825307
3275, 9.119969657043999, 5.459418306563212, 10.759682835492889, 84.03628755779813
3276, 10.576776461518905, 6.465593306162866, 18.42040736260503, 76.62814267499265
3277, 13.06336014254466, 6.869294553441317, 30.001860254450456, 62.10095520022
3278, 11.611017898377085, 7.087742129943605, 24.489961996370532, 68.92735366161308
3279, 11.420400283355479, 7.406168164104707, 26.316287634339208, 67.49098668869442
3281, 12.037297793625322, 6.974721853453569, 24.67831881889284, 69.09772669932053
3282, 11.72567502977181, 6.060860502692836, 20.03014382912755, 71.75350960296271
3283, 9.297982205941038, 6.370961238936744, 15.315741040117391, 80.25219489143682
3287, 11.46583085001636, 6.278055587696523, 20.01883722921483, 72.744731080205
329, 10.561183317208217, 6.440576639493933, 18.325896019266185, 75.03541578127214
3291, 12.554516996195144, 6.063253837376634, 24.569489557059647, 65.95928069825256
3292, 13.307652075654827, 6.546278947388057, 30.243656104027266, 59.25766948617599
3299, 11.53928709170093, 6.519329044929804, 22.871094633087672, 69.39910476104355
3300, 12.71383620156547, 7.47041422493767, 30.351868608403187, 63.102453348812595
3301, 11.338985831788081, 6.092775382892738, 19.822566064708727, 71.33622048899447
3302, 12.564197941044618, 6.43409179974299, 26.679024668472834, 63.960208352555334
3304, 12.472148200006725, 7.019036123371357, 28.077201653103828, 64.10293553747178
3315, 13.158449211511467, 6.769096946520228, 30.037542415710057, 60.52992563713811
3316, 13.026484191614356, 6.344679155121722, 28.10135551188076, 61.63319359273911
3322, 17.190328871603565, 6.790703888820678, 53.93862865841002, 36.154258631426
3323, 12.999981880890966, 6.659100176054305, 27.10851509217368, 62.223985414275106
3324, 12.416462477583423, 7.187561923017373, 28.31289997421412, 64.46939684474555
3339, 11.410112066539488, 6.165731646304762, 20.085885507354746, 71.76246888786814
3340, 15.979116876531892, 7.291997278716641, 45.757009345794394, 45.91361454912857
3341, 12.650103543769074, 6.62726697274924, 27.685145084452145, 62.94066695539195
3342, 13.277385894540448, 7.113979637685265, 30.484286048506586, 61.94923184902129
3348, 12.453573547957372, 6.68933768380122, 24.89406779661017, 66.83531495067038
335, 14.832799936080168, 6.62293521772941, 38.17958800822541, 51.03358707024063
3350, 10.26422693651633, 6.070753226777462, 15.958489415454308, 77.36627755030926
3352, 16.021746256247134, 7.255874682942007, 45.84401429061623, 45.78447005631472
3353, 13.31200801885119, 7.276568543385139, 31.78095166341983, 60.59024227486519
3354, 13.600614382100344, 7.068443693632931, 31.906504383218536, 60.06085629304947
3358, 12.45566338645308, 6.6022876158906545, 24.638966303521663, 67.18393716746897
3360, 12.524141542928078, 6.622200397410012, 27.102854533991348, 63.52479509533231
3361, 15.957326984278414, 7.29543925598526, 45.63109765421905, 46.02359033958263
3363, 13.287117516591513, 7.1318629852491275, 30.60066058820039, 61.85103142738474
3367, 12.473385532095746, 6.605971200021846, 24.755989352262645, 66.78286221320826
3369, 10.238990074786622, 6.07457978694323, 15.914144937647162, 77.44723990581669
3371, 13.729733882448944, 6.344271087010094, 29.43849330629665, 60.159459832471626
3372, 13.579170478036382, 6.868959761919727, 31.675932984994144, 59.270347161531454
338, 15.246776145221116, 7.746294683166876, 44.44225012472975, 48.30159654082821
341, 16.301876074279434, 6.554662899028744, 46.383153800119686, 42.0170057849591
343, 14.632908718205853, 7.641216538664441, 39.544469816734, 54.13548802623105
3448, 16.295302564440345, 6.940297182167622, 46.71977809314927, 44.05345546811164
3450, 17.86835533564143, 5.746353992776544, 55.39218365673682, 29.55015031429352
3451, 15.975875964350509, 6.07039515325745, 41.88805926954911, 44.04815650865312
3456, 9.794642069147251, 5.940334398799352, 13.804736409257984, 81.30108591665129
3457, 17.81210529829089, 6.971558310232927, 57.246358497401026, 35.11849099839092
3460, 17.45571214720432, 7.175297530505706, 54.4914072510741, 37.6526343559207
3464, 8.700298470875373, 6.193254609248197, 14.32558969099746, 81.58558879921523
3488, 15.532459118975723, 6.981114710541032, 42.80669400247199, 47.711443762139254
3490, 14.832461961293374, 6.871490310940702, 38.24274188799246, 52.21129497673871
3492, 13.265728698743592, 6.943796650881067, 30.63728795274954, 60.77564119852208
3493, 15.694011319991251, 6.636987205105597, 43.53872036170549, 43.551863729562065
3494, 16.44244303986446, 6.5650106361219684, 48.593239109798546, 41.29311254087122
3495, 15.482815942621878, 7.0442285772330635, 42.65452162853142, 48.291943420224314
3496, 17.635225234249905, 6.295825817550421, 57.506803400931716, 32.184314509309516
3502, 18.25739009223207, 6.623037889919369, 59.353066410274025, 31.687384108234323
3503, 18.503814319424983, 6.546534180650336, 60.660881258015124, 30.297446368763776
3506, 17.839252673177988, 6.763943987430122, 57.777447630366964, 33.240892058304034
3508, 14.21200058303763, 6.883052414644051, 35.53582320649369, 55.37465396706236
3509, 14.101807056160654, 6.722392775990492, 34.18389541406232, 55.12397829521258
3510, 14.269703630699537, 6.691617235557562, 33.773456324384846, 56.56533696789738
3511, 12.637076065097665, 7.504900780152438, 30.423618586293504, 61.97636347326875
3512, 16.62934542470595, 6.899354590691786, 49.679942299456805, 39.91254761421777
3513, 13.76156792800475, 7.356015452503998, 34.326177549766726, 58.086367485182045
3514, 15.5878067405848, 7.297968187780387, 43.945257353551796, 47.74535368466508
3515, 13.849826963338186, 7.256117140312596, 35.309050219616886, 56.69121699483942
3516, 13.959556506069173, 7.122888223524886, 35.71112013886324, 55.67271115707057
3517, 14.790615155038678, 6.967985676504234, 39.684417212746325, 50.26613990679189
3545, 15.077560188565755, 7.041271388122375, 40.986527714031155, 50.16334134290883
3546, 14.848969809220211, 7.053046880596653, 39.91635310359763, 51.247935897782945
3547, 15.511827088868579, 6.950035381777837, 43.2706244052412, 47.45919039601786
3548, 10.630367940681314, 6.629670166865774, 20.554048265029273, 73.38569184635156
3549, 11.782398003275704, 6.18270510520448, 21.794372294372295, 68.85714285714286
3562, 12.329066068514487, 6.777518898838998, 24.81530363021284, 65.48643031599387
3564, 11.509321864391687, 5.665084816008701, 16.34077141323518, 75.2818035426731
3566, 13.303288668460997, 6.671305692671663, 29.535541589442733, 61.22685023898775

------------------------------------------------------------
Sender: LSF System <lsfadmin@hpc.dtu.dk>
Subject: Job 28342287: <cupy_pt2> in cluster <dcc> Exited

Job <cupy_pt2> was submitted from host <n-62-9-42> by user <s214642> in cluster <dcc> at Sun May  3 20:56:47 2026
Job was executed on host(s) <4*n-62-18-13>, in queue <c02613>, as user <s214642> in cluster <dcc> at Sun May  3 20:56:49 2026
</zhome/86/f/168312> was used as the home directory.
</zhome/86/f/168312/Documents/02613_PyHPC/miniproject> was used as the working directory.
Started at Sun May  3 20:56:49 2026
Terminated at Sun May  3 21:27:36 2026
Results reported at Sun May  3 21:27:36 2026

Your job looked like:

------------------------------------------------------------
# LSBATCH: User input
#!/bin/bash
#BSUB -J cupy_pt2
#BSUB -q c02613
#BSUB -n 4
#BSUB -R "span[hosts=1]"
#BSUB -R "rusage[mem=12GB]"
#BSUB -gpu "num=1:mode=exclusive_process"
#BSUB -W 30
#BSUB -o cupy_pt2_%J.out
#BSUB -e cupy_pt2_%J.err

source /dtu/projects/02613_2025/conda/conda_init.sh
conda activate 02613_2026
time python simulate_cupy_batch.py 1143 2286
------------------------------------------------------------

TERM_RUNLIMIT: job killed after reaching LSF run time limit.
Exited with exit code 140.

Resource usage summary:

    CPU time :                                   1845.00 sec.
    Max Memory :                                 2720 MB
    Average Memory :                             2693.35 MB
    Total Requested Memory :                     49152.00 MB
    Delta Memory :                               46432.00 MB
    Max Swap :                                   -
    Max Processes :                              4
    Max Threads :                                10
    Run time :                                   1846 sec.
    Turnaround time :                            1849 sec.

The output (if any) is above this job summary.



PS:

Read file <cupy_pt2_28342287.err> for stderr output of this job.

