building_id, mean_temp, std_temp, pct_above_18, pct_below_15
3568, 14.092971701856786, 7.0340088318361165, 35.278412937674844, 56.068367333903915
3569, 14.343227451190534, 7.089787111666611, 36.75390938124261, 54.70716221546448
3570, 13.587056233227345, 6.605204802294546, 29.67774100181418, 58.495478402969155
3571, 13.79983569128009, 6.921443332640319, 33.262319260781325, 57.62476836386098
3572, 12.32350461371539, 6.761873382046266, 26.326129666011788, 65.52311556539256
3573, 15.460840698567553, 7.100053223869179, 42.72681258718813, 48.389565818549926
3574, 14.44624839223158, 6.630796492365366, 34.70912973282642, 55.61559293786782
3575, 14.7551748653172, 7.005954157022092, 38.92545574875158, 51.537211960772524
3576, 14.80535846388122, 6.909963432555749, 38.178061788305385, 52.55849709316293
3577, 14.992232908918528, 6.8510953767042935, 39.045106259939274, 50.80237097007373
3585, 17.3878008372343, 5.824948438955194, 52.85438257509222, 32.26886820071433
3588, 16.049838902007114, 7.135785669020047, 46.78265475547769, 44.4744374611647
3590, 14.702626437200717, 7.295924415078715, 40.339059335383695, 51.45150401320231
3592, 15.951255717880644, 7.216859229350856, 46.48711719811014, 44.884179115897396
3594, 16.34182585127774, 7.06772382342802, 48.092932812088556, 42.84368733415706
3596, 14.277635043253861, 7.394145659572735, 37.906013118102194, 53.52990848749067
3599, 14.401101465185603, 6.987806864747496, 36.7973667878358, 53.90216331235038
3602, 16.071060398135867, 6.877967694568424, 45.693344746415576, 44.612668521292534
3603, 16.044218457005215, 7.250067090481708, 46.88331247066187, 44.5382178062901
3606, 15.660465656315088, 6.869122674543166, 42.944666330606076, 45.899414479041454
3607, 16.668429783978127, 6.685652491200331, 49.044312685286314, 40.49968793883601
3608, 15.139661879264322, 6.887636451491619, 42.28073436628651, 47.632117043727376
3609, 16.137143311411013, 6.691627791464183, 46.65811431405101, 42.40960738233328
3612, 17.000380931148182, 7.40253881735996, 52.89587695114114, 38.80931158143488
3613, 14.491012106540897, 7.392539176580875, 39.325644771881834, 52.69358699368958
3616, 16.38203597203823, 6.349527370520752, 47.81017412086036, 40.67190167292591
3617, 14.280791019582034, 6.80321346919808, 36.94687827189067, 53.076266049484765
3626, 11.412153200377796, 6.562058491492103, 22.25905517921882, 69.94689402086543
3630, 10.98850626707817, 6.688957889303177, 20.946678766683636, 72.66539764049669
3631, 12.219984801153291, 7.013241006315934, 27.402248462136747, 64.08470621508874
3632, 14.265479343870792, 7.105070431993677, 36.84151321191941, 55.409068922460825
3642, 14.54576163837329, 6.20612009003054, 33.58249318506339, 55.149063216650084
3643, 14.321744414518486, 6.242553221117636, 32.83491658191418, 55.95503429770844
3644, 13.1693983211567, 6.77899347644782, 29.401801438009667, 61.398077419210104
3646, 14.505174846145781, 6.18880490889279, 33.31604706187405, 55.519182359359974
3647, 10.40925622659231, 6.411639312006459, 18.149243618643073, 75.01791600974632
3649, 15.574180999398319, 7.221908306949146, 44.42523266878641, 46.28658296005756
3650, 15.406425667362843, 7.0647990346345, 42.51256281407036, 48.230737018425465
3651, 13.304305681525573, 6.659447311124965, 29.551050118820783, 61.2965381404012
3652, 15.80301893871141, 6.949858967901186, 44.435123042505595, 46.130184133539835
3656, 13.589621990085554, 7.112877613410463, 32.60055031906797, 58.958784614483925
3659, 13.640606478403225, 7.065980060863547, 33.35295664917269, 57.8140461189674
3660, 14.121996833964472, 7.017100173197179, 35.35525132407315, 55.37248925751974
3661, 15.03987702803565, 6.376812378118907, 38.423182450293794, 48.427066237362034
3662, 14.59508706433821, 6.658094850920565, 36.14069175104934, 53.62253857938198
3663, 17.30277758440662, 6.573163187989628, 53.82610346791873, 36.22930727934957
3669, 15.617405689306942, 6.910803423002141, 43.99593865479746, 46.03369499769778
367, 17.07610563486277, 6.007412839129142, 48.57005700570057, 37.44134413441344
3670, 14.656515096288304, 6.846830862907977, 37.59370031044143, 53.051412129931094
3672, 13.345315162972879, 6.974473239498232, 31.392016002146626, 60.44957250362854
3673, 13.479329950779137, 7.19004292006477, 33.38381910986023, 59.14826122215332
3675, 13.56607420279172, 7.016618990857162, 32.24035593606627, 57.86339268904149
3677, 13.329298462823884, 7.74941481382686, 34.66961269036036, 58.49475363381455
3678, 13.141799553286907, 7.609498603275765, 33.352504193625684, 59.560987299305054
3679, 16.237604213715883, 7.528022578821517, 50.023391412498995, 42.78916920549071
3681, 13.426492032551911, 7.2063785785852055, 33.13246314291432, 58.98801449823219
3699, 10.852838551855028, 5.5729656075551715, 14.269090266321, 76.96058213528164
3702, 10.694629118961226, 6.335513251633683, 18.162146139024753, 75.4868830591374
3703, 13.958342407889196, 6.977021499085209, 33.62490306058037, 57.944523599112664
3704, 14.05634999116386, 7.386900436619938, 36.56273326804681, 55.61795059682378
3708, 17.22665080527421, 6.345720989013539, 52.2248046348693, 36.12907572082997
3709, 14.284885983154165, 7.0417338749002525, 35.51592582734451, 55.77778622761321
371, 17.65167696148858, 6.495048800040644, 56.419160896837624, 33.87884444251514
3711, 14.488042918059817, 7.116974993465266, 37.424808382652564, 53.025856214223346
3712, 14.28081275749214, 7.167594325181757, 36.37072279117275, 55.23120895268303
3713, 13.461391265533463, 7.280694551675876, 33.280869350997726, 58.94944296937016
3716, 12.630754781222691, 7.585916637130725, 31.04540514750709, 63.12190208603917
3717, 13.053490539561182, 7.182549732053876, 31.231794706838933, 61.16799799853464
3718, 14.178110474022454, 7.382202758772593, 37.289098488011554, 54.805303253273465
3720, 14.804025728270865, 7.340721968565063, 40.39656277384674, 51.05614920805158
3721, 12.850671844210687, 6.712245773202113, 28.074707733134968, 63.18794543681708
3727, 12.849362890475321, 6.111642991268088, 25.026456103219502, 62.987911595913545
374, 13.814737466085385, 6.548289803019585, 32.55116080037267, 57.131095149880295
3747, 10.976903657420284, 5.75352402396273, 16.818123776283304, 75.34264067421469
3748, 12.871688132388876, 6.677004542500026, 28.22447382153418, 63.1001043659767
3766, 13.051793765468739, 7.0265075395260554, 29.83984572671198, 62.49572602814667
3767, 14.428006115567227, 6.680851201742607, 36.17636947054778, 53.546871418748566
377, 14.964816185420796, 6.809417497540035, 40.756914119359536, 49.37732492317645
3780, 11.2013063620407, 6.271620161526129, 20.856528747984953, 71.62923159591618
3781, 12.827175879828543, 6.676354745502363, 27.960798848820478, 63.46095146731784
3801, 13.137020616033439, 6.8832955670413325, 29.514617129649444, 61.73222616958438
3803, 14.079037471401522, 6.618336210530534, 33.822905170218185, 56.03828847949741
3806, 13.481058662545797, 6.821614283730061, 31.170083427661087, 60.09027515756229
3807, 14.883757141504555, 7.056885260702858, 38.945478893906795, 51.9425013890274
3820, 10.32814369496288, 5.938159669824898, 16.748553335516977, 77.16453761327656
3821, 11.068347008841211, 6.211749235146862, 19.051573702247545, 73.97346677038875
3830, 12.360721874712603, 6.087057785272338, 22.235442428363008, 69.03638861740251
3832, 14.842982964975208, 6.940755908045656, 38.37891175641387, 52.179306456160134
3833, 16.37544076524876, 7.511120629928423, 48.60797938428972, 44.33942294418112
3851, 15.525562339617055, 7.0081844675678395, 44.060642604875525, 46.76297946174766
3852, 17.93448175915579, 6.245627820944382, 56.948170765932126, 32.752214276894065
3853, 16.857452848521277, 6.297372814525448, 48.61123991468052, 40.415468793471206
3856, 16.53142027947813, 6.103923632971364, 46.92950523883385, 40.59384001772657
3857, 14.187748381058137, 6.770256532242881, 34.43591339835374, 55.52327592169883
3858, 16.63094608099165, 6.584702503921776, 48.844706383583045, 40.17751899453241
3861, 16.989530009003097, 7.391997862709588, 55.7102035433244, 36.509429814920644
3862, 18.57087046309729, 6.444683459124957, 64.123934722708, 25.912150345921876
3863, 15.955863341728055, 6.8080238793432, 46.21968739722708, 43.733231786474654
3869, 11.419523671380382, 6.404224718384598, 20.09087154068567, 72.59603469640645
387, 15.721375204882548, 6.141725865784261, 41.23087251429497, 44.05977266939834
3871, 16.206172282094773, 6.827071510738907, 46.67964914577469, 43.34784316292466
3872, 14.429633311453806, 6.73451976969666, 35.36816298926367, 55.2058500295883
3874, 13.085471945475918, 6.309170316907587, 27.694031999341917, 61.38999712088184
3877, 16.17531426946048, 6.2980247948787955, 42.796789184621886, 45.984468988271274
3878, 17.07877301627662, 6.28294341076514, 50.39348656301327, 37.994377323888315
388, 12.681498413763022, 6.5110799028921145, 25.507119506490312, 65.43927560218305
3881, 17.45919144792532, 6.464187211196021, 55.838824821526636, 33.89758374519495
3882, 17.419473816453422, 6.568153652284845, 54.68541101162744, 36.21790976245459
3883, 18.153874370835304, 6.26960384059213, 58.68359732177093, 32.00159277940005
3884, 17.763895358622847, 6.386039999479269, 55.531808791052214, 34.31644938377146
389, 14.637716312455966, 6.760545393334424, 35.64944673896239, 54.297987940897144
3890, 15.806570859949353, 6.386390844475485, 42.329389354921425, 44.24154730942526
3891, 14.070920637798524, 6.600046579275902, 33.69380035228552, 55.39401114608299
3892, 17.7991058727903, 6.6137825593764985, 56.9787733150246, 32.80838768737842
3893, 17.917725846016367, 6.6058526003183, 57.995882937221985, 32.03679444916291
3894, 17.883823819072923, 6.615007296289413, 57.6599482908852, 32.29534189438199
3895, 16.030377363182495, 6.652033439716898, 43.3818002747324, 44.2241401653578
3896, 13.993836594684113, 6.114822907716164, 30.23506773799308, 58.17146423277947
3897, 12.74011725737073, 6.124325853288, 24.685357286360514, 63.89807001853508
3898, 10.40652445639407, 6.672279008430324, 19.96344830267916, 73.76443597620252
3899, 14.884190147115413, 6.1070702830843455, 34.83138789205716, 51.06686185855498
390, 14.633293816144878, 6.701013042488932, 36.72047015975499, 53.77203873851503
3900, 14.447843842642932, 6.1624372009287995, 33.358351881567366, 54.89543972255293
3901, 17.003828079464558, 6.38976103676604, 48.88491724298702, 39.258424638019015
3903, 11.496153882702975, 5.907492991334373, 18.697789629330064, 73.49956399206339
3904, 12.755130094537863, 6.772112416250243, 27.25219826661789, 63.61916055861834
3905, 14.991856473468342, 7.011263060149354, 40.582597730138716, 50.72005044136192
3906, 12.986194708702842, 7.364671688063242, 30.665019974543483, 62.772995929477894
39092, 13.05034265650158, 7.40213866184208, 31.601362862010223, 60.8603066439523
3911, 13.930007615373109, 6.446278978443039, 31.57058321920463, 57.35677924494173
39119, 11.451531129146119, 7.653445722804269, 25.776805920851427, 69.27182090647747
3912, 13.795421335770945, 6.183946774347454, 29.32302592391164, 59.82052676559708
39120, 13.71228004444808, 7.1248356496702625, 32.978229587336955, 57.9074409320893
3913, 12.99549035051893, 6.525722360590426, 26.91372082190363, 62.96387350551213
39146, 15.871534233785074, 6.8431726435600275, 44.6804367299778, 45.517805444844015
39147, 13.082060233104897, 6.286244066271042, 27.510276515220106, 62.89227314705828
3915, 14.298110086509597, 7.24301723564373, 36.53005422273029, 55.14034572783588
39157, 17.21553125895411, 6.681221133877279, 53.22496477587016, 37.03491102645724
3916, 14.632551697374968, 8.335482379283869, 42.79386973180077, 51.724137931034484
39162, 12.931196987831242, 6.298187057162816, 27.237213888836216, 63.303813551286666
3917, 14.320923131691258, 7.043302483910162, 36.65744629011222, 54.68304358419446
3918, 14.20894855373134, 7.399265134953471, 37.214798264082845, 55.142582964522546
39186, 13.484091415645574, 7.200594061256204, 33.67173367173367, 58.127008127008125
3919, 15.988045758536183, 6.605024876542934, 44.03209370122415, 44.69125291848871
3920, 15.032269783690616, 7.150556564714052, 41.00162971777427, 49.77365030912901
39204, 13.59964108882416, 6.913951285255074, 32.305907805393005, 59.30482607619023
3921, 14.14254530243988, 6.881053986370004, 35.234608468414855, 54.815715597873194
3922, 15.211874639375157, 7.274005121921663, 41.68626326355033, 50.32788452346813
3923, 14.719420333868669, 7.5103853434853995, 38.60736467347522, 53.41077414828097
3924, 12.92255685445605, 6.350854329056296, 26.82184004872928, 62.932051165744355
3925, 14.681587303426868, 7.2472634815892345, 38.53704015435016, 51.6904709492794
3927, 10.098848671837244, 6.6494025704538435, 17.541602454438774, 78.27623746977902
3928, 12.288924816996754, 7.0828321962210214, 25.94570864125265, 67.17348357357137
393, 9.37341913657663, 6.208232063210199, 14.632549511702766, 80.47265717351374
39307, 14.672725383139543, 7.385633953138651, 39.96940559440559, 52.607548701298704
39310, 15.46377745255525, 7.1135746145770025, 43.33574506904904, 47.7232690553336
39330, 14.235885131664284, 7.895404020907341, 38.9663416601895, 55.19042887080746
39334, 16.596163397248233, 6.841653715895582, 49.97185080928923, 40.023457658925636
39337, 11.142313702479582, 7.274157053562805, 24.038757130332804, 69.75941887076023
39340, 13.445704095490532, 6.988215107905045, 33.07712602233753, 57.0662210887345
39527, 15.445706177462657, 6.782479026588969, 42.44172628663743, 46.13047157473652
39549, 12.84268796444253, 6.198239710194286, 24.644719557342462, 65.00537398988894
39621, 15.890745711229133, 6.804785190750419, 45.95107574417919, 43.81727085175361
39659, 13.979608812573826, 7.980784604185198, 38.47858490192716, 55.42599358932081
3974, 16.659866106759758, 7.142508724260517, 51.27526979784162, 40.303997568019454
3978, 16.787386946823396, 6.772207320729412, 49.69531278765787, 40.55929894326006
3982, 17.111996483025607, 6.928512734154309, 52.56125829461683, 38.83721161594556
3986, 17.424762982081706, 6.4554364826418125, 53.382020112461795, 36.386756573881804
3990, 18.175968482483487, 6.343762227065998, 58.08590190718572, 32.00532043024267
39929, 17.938415997858794, 6.3764681833927535, 58.4776415607695, 31.532281297013544
39940, 17.829079321123576, 6.4815066772784276, 58.008416488666434, 32.19625721299455
3995, 15.235746130113387, 6.916351751365386, 39.57089823846266, 49.524130149949045
400, 11.34810419602641, 6.464595787357704, 20.765350026152834, 71.93885298732853
4000, 16.96136148685408, 6.786331679467518, 52.75227051002243, 37.92028322286703
4005, 16.269830335894554, 7.0213019320625625, 47.15040708470218, 43.87230395657763
40078, 12.716096170363016, 6.512743998935533, 27.374979266876764, 62.48134018908609
4010, 17.096821767331647, 7.143911057172286, 52.97659227000544, 38.68154599891127
40141, 12.92722579594374, 6.469398315637594, 28.41090838707048, 61.362224055907014
4015, 17.066295914617605, 6.712432972728935, 52.14003501792147, 37.86152337125414
4026, 17.12082104931021, 6.847897490276235, 52.693823915900126, 38.18311818814254
40326, 12.738203630657031, 6.836417125819982, 27.54415335321574, 64.76601217335389
40334, 13.038115017191686, 6.980860522318893, 29.041371384792185, 63.04587243823022
40346, 12.707281992185193, 6.971189222329902, 28.10470554336503, 64.52113394064321
404, 16.340797804886876, 6.968665692078413, 48.06308375440208, 41.66666666666667
4041, 14.207035794515697, 6.673395546862356, 34.452807117407716, 54.717180022347314
40496, 16.03989414119327, 6.60416273607335, 44.94781984113571, 44.258069967889135
405, 17.23111675033644, 6.967310443742054, 53.52161785216178, 37.86610878661088
4054, 19.347115125683736, 6.2678682951284985, 66.26026214380533, 24.526040391282493
4067, 14.679643426914518, 7.280725123124381, 39.43807944524007, 52.202834099645735
40684, 12.744118769898934, 6.347033017311045, 25.123183305039127, 63.848287855575336
4069, 16.553071800475976, 6.655046651221855, 49.54661325564457, 39.56300072833212
4077, 14.541739778865969, 6.928464368813356, 37.02920742298199, 54.15028796050827
40789, 14.890542032701719, 7.648175506470879, 40.816366831888466, 52.40229862359052
40795, 14.863747081159634, 7.576953994966236, 40.210344330788075, 52.91950521744499
4080, 14.795822907800915, 6.886746253094096, 39.00922153120309, 50.72427036827637
4081, 12.907460291874422, 6.74247958737904, 26.70732685980258, 63.72147767701897
4082, 13.798261319575774, 7.285396701475952, 34.56888521851023, 58.01012128254127
4085, 14.148584601805524, 6.854947598583033, 36.57230298393267, 54.59414342352369
4087, 12.492560404073915, 6.520621528678316, 25.14212037742484, 66.34433179003302
40896, 14.982047744765463, 6.74621740547618, 39.59988231832892, 50.01161332280392
4090, 13.63098439477824, 7.064651495902524, 32.323473599002085, 59.82987645474209
4091, 13.446307634781054, 7.0870622653373125, 31.5263675073698, 61.035047494267936
40911, 14.917548893152262, 6.757800734738095, 38.85604033111346, 50.79977593825854
40925, 14.147057315264558, 6.885186278186785, 35.0350261587768, 55.20198629356101
4097, 13.332612501932852, 7.043901631676799, 31.04672280006604, 60.589872402651004
4100, 12.320112786991126, 6.55317585465243, 24.250074653201946, 68.54928468659229
41006, 8.882427158103697, 5.994994624370886, 12.884604985670252, 83.92905423673822
4101, 14.546285015539521, 7.2477893330895675, 38.70207094525323, 53.91292461212493
4102, 12.789768565611308, 6.999071752188479, 28.4484993001918, 63.58509149344253
4105, 14.989050482489061, 7.048014870233807, 39.19632670882688, 51.804954999366196
4106, 12.509934456832603, 7.035799387420622, 27.35418186431539, 65.67921595990993
4108, 14.933341940422013, 7.195029357383629, 40.20287109959127, 51.17012261987838
4111, 12.334111218399213, 7.0719208046957185, 26.847499258882817, 66.26011095582942
41112, 16.968888430296285, 6.58394277915653, 51.627123473655104, 36.92560404287594
41233, 14.655355893721314, 8.078591683097962, 42.85050551981173, 51.76502671528276
41240, 16.016316980909217, 6.550718422383548, 45.69637155297533, 43.08272859216255
41277, 14.851037578366213, 7.044286604806125, 39.37801083902047, 51.49412886391007
41295, 13.48286603023868, 7.475257687052551, 34.0288498877639, 59.248349608357564
41333, 14.884244223514932, 7.153536465852641, 40.0778368963218, 51.34513587437234
41344, 13.064792439003462, 7.655001699893075, 33.16774200062601, 60.13186724421693
41380, 17.86502608617956, 6.981484215106139, 57.389444214427954, 35.07521539401826
41396, 14.153099706527088, 7.2669386081174405, 37.36517113003183, 53.92142527753096
41652, 16.559193584807357, 6.9797068236751185, 50.41505330716597, 40.79987269930515
41656, 15.028230208606223, 6.869653388245857, 39.55828541557763, 49.97778358599059
41660, 14.931502406127073, 6.953772585260811, 39.50733557955058, 50.39529886185764
41738, 18.774461634082165, 6.225422832921594, 62.65202664302439, 27.585305417263406
41739, 17.87689229543191, 6.25166039272712, 57.86069651741293, 31.676843057440074
41740, 17.880165617455763, 6.247842523461678, 57.82021731972341, 31.614683274102166
41815, 17.87480523975821, 6.251542673148353, 57.80884437631818, 31.664111931955695
41828, 18.219397299815466, 6.393720493852205, 59.56454475133094, 30.972152705100786
41834, 17.893060059283528, 6.253627920834119, 57.9410148378824, 31.57400622824693
41997, 10.35445032708423, 6.766609790033611, 17.25901054655391, 77.49279016955292
4218, 16.94698371115792, 6.962124043009727, 53.16534628162535, 38.522872476360845
42189, 20.01412104721408, 5.763850012569501, 72.4269122947537, 19.784741690028035
4219, 16.643472113134933, 6.887725324841852, 51.1046755559194, 40.10806275007419
42193, 20.01438091059341, 5.7464886146730905, 72.49216849985488, 19.604271545382666
42211, 15.65121946518394, 7.194603127003595, 44.02689047559397, 47.061463944214786
42216, 15.642390905270705, 7.194185206775319, 43.98779799837028, 47.08844361797706
42243, 16.76477476523153, 7.182244288956434, 49.94933033880201, 41.634028101120215
42245, 16.596626105143933, 7.280685272242985, 49.281017217386555, 42.59870664956752
42268, 21.254683164336853, 5.172903158469751, 80.88181755566707, 13.595261288386418
42272, 18.517055769716382, 6.764508225858174, 62.96805687387405, 29.52172481258354
42302, 19.356991260755937, 6.145923037041802, 68.20145587974197, 23.928310745497228
42309, 18.9286068985437, 6.287790676903532, 64.60356658304946, 26.63321978311583
42312, 18.326579394527528, 6.6578460330598634, 59.231166661170285, 31.361232947487604
42316, 14.708255256147112, 6.370011015930186, 36.66114563301059, 51.74023721917762
42317, 12.341810132828547, 6.959051640078618, 26.923467703015064, 63.97419289288526
42318, 11.181859410012946, 6.639281775050888, 21.221133465759657, 69.53047839934304
42323, 13.390527742941808, 6.470644732615911, 29.642670133434446, 57.83995088745644
42324, 13.358751711572914, 6.564650811877897, 29.53159594933033, 59.411636601212294
42325, 12.757336873558193, 5.993609964990423, 24.045946542964437, 64.62734702893749
4234, 16.73103186365846, 6.835899408389276, 50.83709556057185, 40.222911963882616
4239, 14.653274923810876, 6.8425470459049835, 38.50547252625146, 52.404022445691425
42392, 13.650630224076934, 6.474565210019035, 31.72280171573406, 57.43322285045818
42393, 14.433133032636121, 6.706884842816216, 36.97299828697484, 52.13142230383397
42395, 14.325006324635858, 6.860142883701202, 37.09869486519958, 54.190482995141465
4243, 17.01466150507098, 6.922587563238826, 53.18821188031978, 38.2765328266076
42444, 15.608263993659964, 6.492621341773228, 42.94388124053431, 45.67409368135242
4245, 15.667325836256264, 6.968770467514976, 44.25652922247998, 46.24282400230915
42460, 14.164052997158766, 6.87306164277057, 35.75680880330124, 54.50729023383769
42469, 14.579979432849003, 6.139978964219797, 34.53420170418695, 49.91577826914742
42473, 15.192082410298983, 6.962528550576772, 42.07848457965871, 48.287063612169284
4249, 14.853871474161393, 7.1501218903123265, 39.673481771927364, 51.70961116556971
4252, 16.55300397786182, 6.960104082173001, 49.7176356084698, 41.11429250461177
42521, 15.683205740068642, 7.271141503548485, 44.64978303444568, 46.88952037172152
42559, 15.902473133055011, 7.2020780717789865, 45.37855357775501, 46.14552313835135
4258, 16.442421936627724, 6.473925112543937, 48.54137887001846, 40.11469301045935
426, 12.385332000841894, 6.866605232695176, 26.085531108844528, 66.3685705959493
4261, 17.62906016171166, 6.7880134300358534, 56.60088426288399, 34.67968498134758
42633, 15.70173132582415, 7.127452264272829, 46.05873553859845, 44.88004847291386
42639, 16.168944555670542, 7.182863019047523, 48.73481781376518, 43.375046006624956
42717, 12.539847258748635, 6.6176513784353865, 25.955705413622677, 62.42020778397384
42719, 10.879350328434075, 5.898469552110214, 17.047609016220772, 75.85448704444913
42722, 13.766223692439294, 6.8765523129397135, 33.02145995473197, 57.79784311114877
4275, 7.940718893681793, 5.754884897919623, 10.48186966520921, 86.59746020780118
4277, 7.833946684248342, 5.7714488578860665, 10.293403371170555, 87.30774074007448
42835, 17.613640184052926, 7.102111579582456, 57.519297980940884, 34.59430238113198
42842, 12.004479423840493, 6.621579259392132, 23.73897503891163, 66.86746987951807
42855, 17.643625462112475, 7.1044552496216005, 57.73904056063929, 34.42738662431621
4288, 7.920982203875396, 5.651762797266243, 10.053064424953044, 86.76307007786428
42909, 16.849279482436472, 7.047593422193066, 50.197729694287354, 40.369641832636674
42944, 15.442653436722159, 7.884213575042732, 45.95788287134293, 46.99697699441512
4298, 10.854614623751575, 6.563094847110565, 18.207361618432145, 74.66660903019431
4299, 8.270524346415385, 5.998810304750157, 11.308582011750131, 85.74897891599514
430, 12.353735368749255, 7.482554655243571, 29.823243165879493, 61.163589523400596
4300, 7.704113791091859, 5.343980213609645, 9.276377259903661, 87.21300470803813
43004, 16.867986958842987, 7.05321852970268, 50.86490813834477, 39.9702070307354
4302, 10.390195103724851, 6.6655742455731115, 18.43815502585871, 75.9308608685577
4303, 8.257585527734918, 5.7271393444377185, 10.840992730371095, 85.57767263102555
43040, 15.026428833184546, 7.7045766515169065, 43.29445158082294, 49.351510379977626
43063, 15.92611228325506, 8.030328857800061, 50.19922760988169, 43.380534951674534
43081, 13.690506346375901, 7.67463874062704, 34.57979830318553, 58.84958113227683
431, 12.725283088316369, 6.157094971705662, 24.979352804264586, 64.63698475861551
43131, 15.98793154917669, 7.032756754206753, 45.31173394345481, 44.75098055237784
43206, 15.065502291103977, 7.186345641278761, 41.439075630252105, 49.909485070623994
4321, 15.904961960360529, 6.848163455735946, 44.58879992562723, 45.46384205082914
43245, 15.27903369313168, 7.302494253654118, 43.157164792708905, 48.54821932735648
4325, 16.43258258686112, 6.891732209688522, 47.78411533055307, 42.462507115226
4329, 14.484334857387687, 6.87337971886428, 36.56399304255928, 54.085294700455755
43328, 15.235230304655342, 7.310402593940842, 42.929147322271824, 48.69717364721788
4337, 14.532653978570456, 7.028494987787828, 37.65179063360882, 53.07878787878788
4345, 17.141201412297953, 6.862387102689854, 52.36204568275989, 38.44946387968744
4349, 16.726778112802478, 6.917533178116565, 49.9536752804599, 40.830496176815316
4353, 12.326334080625404, 6.617762076278288, 25.655413485419924, 65.72877380185815
43552, 15.189351970622894, 6.488070310022538, 38.53390507557106, 49.964945461660115
4361, 11.528597416205624, 6.6231816666941015, 22.483616598675056, 70.44208423030722
4362, 11.057881505025598, 6.227204253830798, 19.022433622036065, 73.830990581665
43631, 12.343048138952355, 6.314921852143832, 23.4339217315526, 67.16251545305312
43635, 9.621722988590356, 5.03840892094043, 9.645403006398858, 84.55002811849285
43687, 15.901764510876452, 7.051209923672884, 45.63493275505736, 45.07091007197907
43726, 15.881405415334122, 7.074289888486734, 45.63326656922716, 45.082913802125624
43740, 15.902913459492364, 7.065050660012809, 45.66154325475127, 45.06352338422128
43818, 15.894334065129438, 7.057144380384699, 45.65587734241908, 45.04897785349233
43849, 15.898560472700725, 7.062099767349951, 45.64598540145985, 45.049270072992705
4387, 8.711380699126401, 6.157376865479746, 14.544581783271331, 81.73326933077323
4392, 11.267481312355816, 6.408274515249828, 20.827429866817795, 72.66168232447632
4393, 11.54958572356717, 7.39997466990606, 26.426360017691287, 68.18181818181817
4397, 14.163532343648548, 7.164672565465579, 35.4865332742864, 55.340392125286854
4401, 13.396413345431494, 7.146213110882198, 32.82003477762042, 59.08789416130362
4404, 14.257464939357446, 7.181995009524005, 36.66865604834197, 54.74094520496848
4408, 15.810243709660373, 6.483586537585446, 43.60698700752847, 43.736788102802464
441, 12.97969252270006, 6.945913772462015, 29.614009351792426, 62.46218025121482
442, 13.480299487895694, 6.896068682956163, 31.491821033761582, 58.96418434418883
44248, 15.447477797593063, 7.136632144696031, 43.703004130950404, 47.44465031108292
44250, 14.538644138896041, 6.648903984146518, 37.238333285994266, 52.375237878830916
44282, 14.369647100101659, 7.190357550089173, 37.338237586993806, 53.962381823078346
44284, 10.556387824350372, 6.59631578810836, 18.868253979340256, 76.16726150149815
443, 13.613180230434748, 6.564782255567973, 30.954039994272897, 59.545649787619915
44309, 12.03856615973431, 6.664149537831811, 24.049858841994762, 68.73834299866486
44333, 15.329801826036924, 6.936284240471395, 42.16566036371525, 48.384974149463105
44342, 12.171291627378144, 7.033635497266329, 26.05638304673017, 67.27751852088616
44374, 9.993085219681447, 6.1398131038696855, 15.452518332911888, 79.33840601365486
44375, 13.315660495720206, 6.3972636023377, 28.350959511721257, 61.77532579409447
444, 12.754897309669522, 6.639537630117985, 27.53972581771566, 63.64358216380144
44429, 13.236367775118747, 6.35825135899962, 27.494568881564163, 62.87549629185707
44434, 11.649334411317342, 6.498483202729082, 22.51583373250306, 69.46351588695514
445, 13.236506584625308, 6.730041474971077, 29.657069254384687, 61.283980747068
44564, 14.913789532034315, 7.068304258761622, 39.87020490703865, 50.91310538371061
44568, 13.563927659088582, 7.262664387254013, 35.33348513498797, 54.92777871278797
44570, 17.500207895137894, 6.804904605010174, 54.95679809315721, 36.20717052338862
446, 13.103577424568943, 6.685955269526045, 29.185842752883634, 61.889815331882694
44643, 12.108018980557013, 7.135512089851475, 26.982696836285452, 67.80997235589228
44646, 14.093142486748773, 6.731055714776916, 36.12755163667109, 52.73885734992149
4465, 14.803312891197038, 7.166548037143911, 38.88365668361901, 52.80184592201921
44659, 16.314658526494185, 6.860041463880769, 47.58515747594668, 42.66591640381049
44660, 13.89937305512778, 7.561109967174103, 35.45180832154388, 57.78648383937316
4468, 19.09352927178826, 6.155316613314757, 67.09368144516968, 24.578176204533758
44689, 15.285418247348002, 7.264124456793685, 42.94646228196028, 48.34629615646001
4469, 12.103872026373164, 7.06975940391525, 25.9933979144814, 67.22403899549577
44698, 14.426687599529767, 7.519296556774386, 38.654355893267365, 54.16769747305178
447, 11.96997057481184, 6.520434938031529, 23.105073812182113, 68.35008063515693
44730, 15.29337699192267, 7.223874148625082, 42.7616191904048, 48.53073463268366
44732, 14.453061730373742, 7.523142060266361, 38.80115816399034, 54.084659656103454
4474, 14.90083957355977, 6.80670784916405, 39.08437822197094, 51.10752652409618
4475, 16.04387274163499, 6.9354503934704645, 45.86577137667056, 44.568249643181524
4479, 13.33758017595666, 6.768435474142827, 30.076191760501654, 60.218461330995886
44799, 15.209738275264046, 7.299635758709654, 42.605180551478064, 48.81100246155236
4480, 13.571145864037751, 6.908442641391686, 32.37365793612802, 59.46385830540929
44807, 13.541957928494304, 7.331713136814348, 33.74390868896745, 58.94130625504895
4483, 15.530717965133189, 7.114686089975709, 44.658265324010046, 46.30217564909137
4484, 12.369694216002783, 6.6998956695487255, 25.105735298079257, 66.77487136661189
44843, 15.244592196548, 7.28351275753548, 42.776314799488375, 48.54563238281544
44848, 14.435075644810327, 7.517491088308819, 38.693525230861944, 54.11120367252167
4485, 14.35686355604941, 7.2445522184679, 36.895098870626875, 55.03237356809218
44871, 15.313826217136253, 6.886320831104399, 44.107659564292035, 46.170217853982834
44874, 15.358490209362264, 6.39503987231802, 39.475265931423934, 46.228037069652366
4489, 15.978844776059729, 6.625404043182778, 46.61247812894509, 42.38444331244048
44894, 15.32332848903373, 6.897781048958399, 44.10035280282242, 46.19697563641115
44897, 14.11955809841815, 7.06923654130069, 35.77369655018421, 54.0652562241822
44906, 15.318747654049764, 6.858857741001174, 44.21925763724428, 45.90915041235764
44907, 14.06394934954818, 7.188474971468955, 35.70290887752536, 54.32838740324699
44928, 14.512734449530274, 6.816850092871788, 36.766528781737904, 52.226354127494815
44932, 14.36697041138264, 7.032965079670822, 39.59685031843328, 51.49896643605645
44946, 15.306880763118635, 6.872247818380544, 44.05799171546922, 46.16721420749417
44947, 15.32813228397657, 6.401191029392303, 39.37262781870953, 46.4166108506363
44959, 15.329593862704455, 6.867294502342932, 44.29582070031508, 45.87361036799239
44962, 16.030518655955216, 6.672296593126405, 45.071912896982866, 43.06002255544881
45000, 14.556456491539292, 6.857074155910714, 36.81825154443654, 52.27098411635917
45001, 14.417041630458636, 7.079291972644165, 39.938875159676705, 51.34247818249108
45022, 14.60937597971693, 6.841098617743747, 37.09927502828646, 51.93814692201316
45024, 14.355056176238039, 7.045826943073655, 39.38064700693732, 51.758171025341504
45034, 14.301531921391872, 7.333323875553123, 38.72170997485331, 53.50796311818944
45036, 14.572365087614351, 6.735692028339433, 38.08735029494131, 51.61651671334088
45065, 12.802977678024384, 6.399174597146584, 26.858423249283558, 63.61721770238301
45071, 12.389875956249826, 6.566135858463092, 24.95287887627339, 66.91536148633487
45073, 15.451366146297666, 7.385144614749667, 43.63347610568362, 49.000433129602
45087, 16.499356056612918, 7.6159090272536005, 51.90926943818124, 41.275547843434715
45089, 12.933431294124148, 6.387007585476329, 28.601568783096415, 61.607637111851524
45094, 12.257067600641824, 6.229237145411454, 22.631487717908083, 68.92581220285261
45199, 12.920871525992874, 6.490496573312362, 29.061171493790706, 61.32437017025821
45200, 12.339313189237954, 6.227913113635619, 22.835008531679307, 68.45271456862085
45202, 15.189967600440141, 7.3719853322742885, 43.74895711663608, 47.75154346737861
45274, 16.88057063836383, 6.954999201176013, 51.34819767258507, 39.206534422403735
45291, 17.46237918346752, 6.988527389288102, 54.6626320539364, 36.70435844348888
45294, 17.44212772713987, 6.9999494457416285, 54.61548985970931, 36.723954660744916
45317, 15.998850085399779, 7.144564397192479, 46.14455734209438, 44.6508996758121
45323, 16.962041208382203, 6.952854465658807, 51.85894736842105, 39.01157894736842
45339, 15.989788403277405, 7.13030809789524, 46.5394480571313, 43.95853510573761
45364, 16.177775973719136, 7.076731678637361, 46.928702628999, 43.249456282890655
45383, 17.977979984298827, 7.008677443045798, 58.74636201728857, 33.41840059076495
45397, 16.425790953831925, 7.014978921276339, 47.95652971584593, 42.663040545644876
45563, 15.008281771985056, 7.044072241274418, 39.65274906986358, 48.85214275871572
45566, 13.52834982121521, 6.746897284719188, 32.06174908196371, 57.415594138828475
45570, 14.985390395809008, 7.030641999263589, 39.53105774680989, 49.04953479048291
45574, 13.039610512258301, 6.738054942824981, 29.404670794777243, 60.738885410144015
45576, 16.446704597110692, 6.7893542665919595, 48.37792315578773, 41.62354147341698
45577, 16.491631969344862, 6.7482751941727495, 48.4965154247283, 41.43111262732102
45583, 18.09514114806468, 6.476968245592478, 59.12127662192256, 31.49845589773245
45585, 18.087493520766564, 6.474828556096444, 59.03159340659341, 31.524725274725274
45588, 16.75047313616411, 6.699817821011899, 50.12856825865062, 39.56639212666258
45589, 16.480517574439297, 6.767185132097347, 48.558283425217155, 41.4204312590066
45597, 14.165572302216738, 6.593622433745243, 36.056682446625075, 52.257265573564915
45605, 14.589906110812917, 6.7690558345261, 37.76606527468072, 51.662274478005266
4561, 12.413980581140006, 6.442940880179505, 23.974228552051542, 67.51764116972663
45613, 15.00901615734371, 7.098020261929527, 40.062862331494024, 48.547880142487955
45619, 12.9129761367949, 6.88943846997547, 29.880628438635863, 61.622340953780764
45624, 15.872693848049249, 6.660186510643668, 43.23299958940021, 44.992261773159406
45631, 13.16981740417166, 7.451356302518382, 32.16826311206377, 60.542568155938106
45633, 13.71402019661918, 6.686637939396533, 31.685446379323928, 57.50374280986526
45644, 16.725098858088973, 6.724149783908169, 50.14703749126347, 39.726497079031006
45646, 16.5004691699491, 6.776640565860613, 48.70328344111975, 41.32570738938227
4565, 12.657859797961345, 6.475658028154844, 25.218428603668958, 66.3523229196892
45650, 14.800744228231048, 7.037600509986326, 38.42354641824606, 50.58892815076561
45658, 14.831558437132005, 7.103304819750982, 39.25717852684144, 50.553995006242204
45661, 13.183355910436008, 7.420794199994949, 32.13511705685619, 60.58729096989966
45663, 16.4871730602308, 6.7592571753107835, 48.474061971173484, 41.52768862694754
45664, 16.563934051131774, 6.710542624836683, 48.74307182115443, 41.14816446742886
45668, 16.08629061246146, 6.786862199658185, 46.184999763850186, 43.73140320219147
45670, 16.170769212321847, 6.918118629914452, 46.935073501696195, 42.90190350546551
45677, 15.126653205844002, 7.171059053195704, 41.43677529263065, 47.910369841182614
45683, 14.694038249050893, 7.1583549100066595, 38.672736878088195, 50.99443736598403
4569, 12.309483371320036, 6.790435670015077, 26.5121040712284, 65.22858649679948
45692, 15.86764114808771, 6.667435217436464, 43.22234122983871, 44.94865171370967
45702, 13.66849201053197, 7.06798977331334, 33.762835507275106, 56.69164387001282
45704, 14.486075789763273, 7.9310559119008275, 40.10629760698828, 53.12775446305237
45713, 12.853749616551019, 6.944106165715999, 29.908074648928306, 60.99177753141167
45715, 14.888259431050889, 7.089447979528243, 39.27757273122015, 49.78017802865827
45724, 18.140111184828992, 6.442509391087524, 59.30986162200035, 31.165077696869602
45726, 18.00281828709805, 6.545956982275971, 58.75380426077207, 31.94346899296443
45727, 15.140205381639435, 6.963998015483478, 39.97506639926283, 48.43893977993387
45731, 12.980618144010469, 6.84650507945192, 29.471847047857043, 61.50810178298725
45741, 15.349662923948353, 7.479796918221404, 43.87861442503616, 46.93191893111011
45745, 16.16533866098437, 6.916402730827077, 46.9295219319862, 43.171513060620995
45746, 16.014679211628273, 6.9751036933507296, 46.254564231180616, 44.03299770097985
45747, 16.077046258564895, 7.058532830882887, 45.28019734975004, 45.28892963957474
45749, 15.598211006602657, 7.457746799338767, 44.29791999597337, 47.34431427816436
45750, 16.05862678787402, 7.062311567349782, 45.17445530331062, 45.36382038613064
45751, 17.03431766513079, 6.687010771721787, 52.090312839145, 37.6504034350965
45752, 14.438682624972717, 7.16875004989682, 37.77877640110419, 53.820376195673106
45753, 16.317500710616578, 7.48210151918893, 49.965589060943586, 42.8280358598207
45754, 17.227541271295394, 7.064336190156607, 54.68493298261049, 36.857319843072474
45755, 15.643044641431908, 7.615903510518083, 46.05670653566852, 46.990246333475724
45757, 17.05665922318748, 6.871767313382209, 51.99508832011536, 38.281813266041816
45758, 15.865728720399181, 7.426767347388444, 45.71050428723332, 45.72520983688152
45759, 16.339025036984655, 7.154793638005107, 47.717311114004254, 42.79607689970924
45760, 14.764550265918817, 7.464262268251286, 39.454456323824644, 52.01923525841543
45761, 14.974674906041066, 7.29327202308539, 39.95923877081072, 51.32738678171568
45763, 16.330465715394144, 7.141486641359865, 47.60155222452906, 43.15249410306858
45769, 16.69463187123222, 6.75152938717625, 49.89926522872719, 39.73571936477838
45772, 15.383836561886849, 7.120271865642039, 42.175176421751765, 49.349847979984965
45773, 15.667211171722565, 7.191208398771951, 44.11470809663952, 46.92902607624392
45774, 16.46871581141466, 7.485203326490232, 50.404087235570586, 42.260524904319055
45775, 16.98365945349669, 7.030809880181418, 52.11276551342425, 38.03068659208246
45777, 15.850134411931103, 7.616058825439029, 47.67379053311968, 45.446607011036896
45778, 17.07529560541968, 6.872427932171916, 52.11496013333934, 38.18640479300869
45779, 16.033936271427674, 7.190974551029539, 46.27986493539694, 44.948392113420184
4578, 12.620197050600279, 6.507131402870694, 25.174339768838383, 66.40085232775877
45780, 15.625098570692133, 7.152437686754187, 42.76436255436026, 48.80216678110933
45781, 15.782308567848041, 7.120941175633707, 43.54325429426707, 47.90031823375544
45783, 15.266561526461338, 7.768021231603727, 44.94974384834906, 48.4522022165427
45784, 16.51747567676879, 7.199540568723409, 48.621200366739544, 43.55334347576395
45785, 15.306780166491, 7.3520686649418785, 42.140141927526756, 50.09526263955747
45786, 14.041463079037523, 7.017235288658899, 33.81510813280536, 57.148949131891555
45788, 15.421739595680146, 7.142619970994593, 42.31004601977871, 48.68549887398414
45789, 17.324888749435907, 7.170277239232253, 54.06093493026584, 38.57075160514016
45790, 15.220154818418838, 7.793004234580141, 43.809826097125004, 49.78533602846595
45793, 15.265679245364216, 7.817926755981373, 44.31020035980974, 49.22369815412672
45794, 15.85134195039696, 7.676019081107564, 47.50412790463533, 45.83383673633764
45795, 17.238030187204288, 7.2057994441637465, 53.46628593323784, 38.499083137948965
45796, 16.805977157079756, 6.786232703681963, 51.78203784750046, 38.483634346298466
45797, 16.033968296388288, 7.110172004477659, 46.26595093468946, 44.627301407920136
45802, 15.016003446225222, 7.012140714608699, 38.995660260384376, 51.205207687538746
45804, 14.019224116078291, 6.7595554993266935, 32.75039015881759, 57.194222589430524
4581, 13.063194665235965, 7.162085781063503, 30.863317366603543, 61.252088671048234
45812, 16.03841539607259, 7.425315523307833, 47.07424857280419, 45.47252218171814
45813, 16.569489511906916, 7.108044667585566, 49.00159709932231, 42.70988906634437
45814, 17.217902968033112, 6.91553715486545, 53.68848477783607, 37.44827184239669
45815, 16.692406401597893, 7.335335986748584, 50.581106585874636, 42.482864805801135
45816, 17.439304169105345, 7.021732489018948, 54.89600641723486, 36.46078038159629
45817, 17.568275311082484, 6.965109977707446, 55.522263521201545, 35.72688310703178
45819, 14.11721341289847, 7.950746883267164, 38.42782023183526, 55.197959982999855
45820, 15.330541125482442, 7.237211234128328, 41.5435243090579, 50.540901755093806
45821, 15.304131707784505, 7.2901875880515385, 41.615563958386396, 50.57894633725828
45822, 14.102318796992103, 7.9113515531000544, 38.30351561840082, 55.312283547041034
45823, 15.184777375617902, 7.534701632777624, 42.42684504082128, 49.74941395198448
45824, 15.814102730092392, 7.064189392084173, 44.724313738731134, 45.59768601366333
45825, 15.589547313977937, 7.2840366138111055, 43.08101714961561, 49.0690753705576
45826, 14.133918795191109, 7.95556346870823, 38.49488953434216, 55.1117358647145
45827, 15.799779767230444, 7.055083954740724, 44.742613566070204, 45.5962570152846
45828, 15.345699527966858, 7.268140709309643, 41.73964842017212, 50.47084320857784
45829, 15.38918982054834, 7.265357102264695, 41.941442057737035, 50.23552176377461
45830, 14.045756135857111, 7.922614022733443, 38.03842094152417, 55.405530926746884
45831, 15.166975064457194, 7.5367410196001705, 42.342980264422344, 49.83460958758611
45832, 15.57238549368775, 7.273729476692294, 42.94742211558444, 49.173452230262036
45834, 13.230306298318222, 6.895619015919089, 30.06672382301413, 61.480970663883404
45837, 14.052224155052496, 7.014561470936859, 33.82126630514436, 57.11380624358786
45839, 15.442869261314055, 7.096606499867871, 42.110294221010165, 48.92671886641269
45842, 15.98745965990029, 7.272537859977886, 46.45256514657981, 45.072271986970684
45844, 15.666189343438255, 7.155213333262514, 44.37138321298715, 46.621600860347215
459, 14.161493419850244, 7.062475661770901, 36.635080446155364, 53.39880893626822
46073, 10.807750860839532, 6.104912549528723, 16.887849894852895, 72.14520508789481
46076, 10.790492588389172, 6.088595833558591, 16.72816349957977, 72.32745013631798
461, 15.637162740052386, 6.9214898562469225, 43.602592508231005, 44.89677593025904
4611, 17.07988740405686, 6.618562463752729, 52.040946488934246, 37.036800816378594
4612, 16.889167001940997, 6.568430567382047, 50.64053044933694, 38.0359212050985
4613, 17.257772383130483, 6.529497542830579, 52.98512396694215, 35.656198347107434
4614, 17.403270242366737, 6.5562099583115225, 54.242310705405494, 34.99097380700977
462, 9.001550562201162, 5.906603049426589, 13.15899958015954, 82.98746476338991
4620, 13.114257331071673, 6.8709539752974935, 28.48175684231472, 63.242343662379476
4621, 13.991591342523689, 7.041423976388756, 32.72986827590682, 57.230225163844004
4624, 12.816348297838541, 6.408802280707895, 25.74152312858845, 63.051673708157296
4625, 12.78007423153637, 6.416348902527154, 25.600392627331225, 63.45839240920493
4629, 14.181294489620143, 6.787321094342043, 36.185666338447206, 52.330887568952555
463, 10.641662426445043, 6.929707171846975, 21.214322781525688, 73.1949489707663
4630, 13.000669836110681, 6.890558626212867, 30.54322135305927, 60.1865129204205
4631, 11.485163010000674, 6.432976712013033, 21.073303557436137, 70.64723397586586
4634, 19.95759851417939, 5.7501072414113805, 72.38465699786187, 19.440222571421213
4635, 8.925274968262178, 5.912332446992654, 12.345943341942219, 83.64490358495364
4636, 12.829857343100063, 7.222473360653737, 30.814020239793994, 61.70840919155637
4637, 11.950973071954312, 7.042743423668327, 25.873858286056535, 67.02048014374365
4638, 11.648976702775037, 6.859048219982788, 23.93005062126093, 69.23687258993606
4639, 13.705981439366152, 7.150877477041437, 33.54618015963512, 57.68529076396808
4640, 14.79823507092136, 7.03128186348365, 39.343125091714356, 51.3093475273809
46400, 14.4330246652218, 5.919502587380647, 31.193573068094878, 57.12012241775057
4641, 16.237368553846647, 6.958509097629887, 47.63618430698282, 42.93121143055167
46422, 9.756851229434032, 5.042562119401111, 10.231958762886597, 83.50515463917526
4643, 18.105256956811893, 6.738780239470121, 59.878015683697804, 31.904469425359594
4645, 13.071303515903086, 7.142017447794383, 31.439746184563205, 60.65860729719381
4646, 12.28929561184431, 7.007762821829036, 27.675460428073666, 64.1170289253913
46465, 14.793001742515944, 6.546741961566706, 37.60031391610339, 51.20123541176172
4647, 13.924852063041799, 6.820109279908552, 34.374090440028574, 55.40973196094515
4648, 14.713052902892418, 6.9780108538109324, 39.71688478255706, 50.33133030900411
46484, 16.736471256697456, 6.704819752606007, 50.416106092638856, 39.40995579473381
46485, 17.198583320901697, 6.678232504761298, 53.57745037617592, 36.60476528250985
46487, 12.190194206493848, 6.5831489660862506, 24.94981934965877, 65.72012185042624
46489, 17.442083214529497, 6.8270493044843095, 54.611461527462225, 36.36739168427575
4649, 13.388920913254612, 6.784097326634895, 31.321635771897554, 58.3038535918117
46492, 17.367774512428294, 6.868085614014142, 54.26057572762919, 36.84369919347127
46497, 17.36957072865815, 6.863189300066735, 54.291499912304474, 36.80660745890269
4650, 13.333520469125075, 6.828693241305236, 32.0869327093032, 58.52025193557221
4651, 13.228553429290214, 7.028494530356592, 31.910569105691057, 59.284262485481996
4652, 13.188397074999392, 6.927785418104722, 31.225402723117163, 59.38302085115744
4653, 15.477408782335509, 7.019446585397979, 42.67203061670358, 48.362940529464055
4654, 14.395133021295416, 7.213999500640335, 37.931278480654385, 54.578132518185164
4657, 18.130397481929766, 6.675361366524504, 59.40400513325573, 31.566538335273226
4658, 15.326896619246822, 7.032220325073453, 42.09153790372064, 48.73375355608858
4661, 14.533592526805162, 6.716143871054093, 36.035739478015515, 54.316168978760096
46642, 16.586467484065647, 6.863280955338773, 49.272919362305764, 41.23526548830142
46644, 16.44458425266471, 7.071599563592475, 49.09259045197087, 41.991842396419905
4665, 13.47353248878903, 5.815323168698825, 25.617056170561707, 64.17384173841738
46664, 19.303853792838773, 6.579689904640263, 65.20760926140466, 26.94303127990732
46665, 19.69178989205984, 6.429972661547772, 67.80383433238805, 24.80599093209258
46667, 19.360484905945125, 6.761708939711777, 67.3611439041206, 26.05800742328797
46686, 9.535852861241008, 5.665627724605176, 11.661367544630155, 83.21683512513764
46687, 14.091722096143528, 6.907905935497099, 33.50547090704571, 57.7078433377646
46688, 12.559155066050009, 6.788636212480583, 25.8330279634567, 66.51461352809613
4669, 14.541358665530604, 6.152494703694964, 35.467461398145055, 50.255632916270585
467, 16.53847803155173, 7.088192686237079, 49.48882571121948, 42.00666503492554
4670, 14.12568171732696, 6.133786580358735, 32.771221975568274, 55.80999857200348
46707, 16.597155750956166, 6.956986409415395, 51.517740885416664, 39.51958550347222
4671, 18.543131309321907, 6.154989766902877, 61.28872993509387, 26.99926544079573
4672, 11.852160270070495, 5.826400886487877, 18.816217318791022, 72.16922836950914
4673, 18.475584465177413, 6.111026344098815, 63.10159551813387, 27.053369590145138
4675, 17.78755414330147, 6.241216115763819, 57.237963789883906, 31.712267597629296
4678, 12.764424922822608, 7.1134040717524485, 29.45798539426247, 62.91868240224324
4679, 14.862018309093289, 7.24683492549956, 39.15991780490753, 52.38486643297474
468, 18.688859332994923, 6.309657990508399, 62.790087354253366, 28.200802309451507
4681, 16.920765805553263, 6.185963025603304, 48.118153101686936, 36.10961758182674
4684, 15.372970113387476, 7.0915850445171404, 41.80859646989909, 49.359519888592935
4685, 14.53888515722383, 7.186021051525073, 38.37223803099527, 53.29735735259107
4687, 14.546847164641214, 7.012457165652857, 36.95969768393167, 54.254241580146875
4690, 13.951116315530223, 6.597535867241833, 33.05977234778623, 57.21098754788226
4691, 14.057929298290315, 7.397310501972387, 34.710581969139184, 58.25076368763218
46977, 18.38093691672856, 6.487519034865589, 61.354458818519554, 29.864466013714924
4698, 12.958681676381726, 7.0454183140945155, 29.235871922439088, 62.571756601607355
46980, 17.156654341495436, 6.858758741177179, 53.27007637121037, 37.304636272467796
4699, 11.747724319202156, 6.578800809054399, 22.951194132128627, 69.03378086850587
470, 17.851831503291187, 6.70039668834597, 57.360532759400485, 33.94001777944135
4703, 14.404748524329264, 7.168478233713387, 36.76422822909524, 55.43325273376881
4704, 14.364181417971082, 6.734526479272817, 34.963773881127416, 55.261008390881415
4705, 13.030761355990721, 6.925201277492214, 29.45001271940982, 62.575426100228945
47077, 12.559410598554829, 6.445123725603849, 24.48138512191191, 67.03198029148344
4708, 14.482181050251734, 6.843238988532754, 35.67258764399213, 54.733139782932184
47083, 13.629094198274016, 6.746797556379149, 31.57341398430186, 59.667314754806654
4709, 14.161670913869594, 6.6932091994763505, 33.91818718659607, 56.302108876900434
47093, 15.316403810227852, 6.877058612676644, 41.66779075727736, 48.843085943471735
47097, 15.472063273994038, 6.85901593220354, 42.496209748436236, 47.96415829179944
471, 17.427349771241865, 6.837321377688009, 54.894167376423454, 36.21179142613798
47102, 14.81395525884443, 6.533029448731421, 37.295148655245356, 52.00260350077872
47105, 16.830121630458464, 6.687336970276876, 49.813355454168395, 39.99109021921133
47106, 14.557156942517208, 6.584009770014068, 36.16472203157172, 51.9423472889499
4711, 14.797301049792335, 6.543912064508233, 37.34359961501444, 51.82538531517397
47111, 16.549412890983675, 6.807595461732573, 48.79854411816672, 41.39192197604156
4712, 13.8932390400795, 6.7386574324058675, 32.73890539157734, 57.812174016710216
47122, 11.902190590871063, 6.359743384228311, 22.632871817775793, 68.88221202647286
47128, 11.21351609566633, 6.390754676184779, 21.395278253517464, 69.91349968565048
4713, 12.503275088932055, 6.956743397627247, 27.499566465635176, 65.11975182566138
47133, 13.944439204541233, 6.492092087961318, 33.22779165180164, 54.552042454513014
47137, 13.325904643433507, 7.312108568686445, 32.11444105556292, 60.840737302745
47151, 13.456951553663114, 5.670853081733123, 25.582856245449225, 59.649072712476624
4716, 20.178041371220573, 5.961718971006047, 72.01839236335512, 20.863042580016316
4717, 15.79069492711652, 7.397597329273234, 44.888917704011064, 45.83549446749654
4718, 9.193243231808703, 5.967591666539159, 12.203295168947221, 82.6057277607124
4720, 17.412613070610004, 6.525166896658261, 54.683400037106736, 35.77486813856715
4721, 17.395275956939017, 6.544358255104529, 54.73352313546018, 35.77282281882766
47229, 18.39575198867817, 6.581893176039082, 63.16011276775075, 28.861859505333214
4723, 18.04060343975848, 6.735805277297749, 59.39102333931777, 32.2786355475763
47232, 15.86199370157497, 7.240637299801873, 45.590345176808164, 46.01513489183335
47236, 14.926806729677688, 7.843429710070828, 43.84247448979592, 50.54953231292517
47241, 14.920849635335284, 6.585238155502725, 38.55735285318228, 50.00797813989668
47247, 14.78684841284827, 6.619449648478772, 37.78021271034802, 50.933874826594824
47254, 16.498261853406014, 6.996857264362082, 49.27240839929848, 41.45613120348865
47259, 13.344313341903081, 7.575149601619059, 34.527444565612505, 58.020719738276995
4728, 18.069145075508406, 6.762653259708073, 59.17174762851387, 32.593758755486775
47280, 15.125882803013472, 6.592060291179475, 40.1271785209609, 48.94724446537918
47283, 15.54819290651441, 6.836287494939012, 42.982832915356155, 48.63730203815832
4729, 18.291836686933564, 6.623114031451105, 59.75843196462753, 30.852497910544336
47320, 16.355872927644747, 7.074744821975292, 49.35795454545455, 41.50994318181818
47332, 14.864975659958635, 6.7989190002461495, 39.54228499910602, 50.97443232612194
47348, 14.310405154562893, 7.51104533685296, 37.616035577047626, 55.26423729545357
4735, 11.10194555373691, 5.755904364928415, 16.398379772841352, 75.25651651160891
47353, 14.622252502323152, 6.631569319000775, 35.53759291604045, 54.99411024005849
47357, 14.346684570732698, 6.219062863705293, 30.414940445365097, 56.30825996892802
4736, 12.463792210101165, 6.271022264797389, 23.745873820261288, 67.12771398019434
4737, 14.075626359257006, 5.696428596006819, 27.963453299544305, 59.129288498471546
474, 15.907686076396043, 6.520226841904992, 43.76747245518829, 44.53351970618867
4740, 11.244458064963617, 6.477999505101575, 20.186329965150694, 71.90340262332977
47409, 14.086684689634785, 7.031280336264338, 35.7105020501854, 55.23140609366111
4741, 12.477665484792139, 6.455682340494865, 25.009605644626077, 66.29291976667015
47416, 14.304231562398432, 6.948942674797343, 36.918763427156534, 53.73047372828898
47420, 12.766731591870903, 6.690001209833272, 27.89209691426951, 63.38774569752397
4743, 13.364829620209914, 6.829259919259656, 30.458941445401795, 60.53455248813082
47432, 15.255835652408798, 6.613218957093956, 42.099507927829414, 46.41880809185347
47441, 17.225200287936573, 6.608437730473113, 53.74194796936772, 36.05789168118106
4749, 15.318801561311167, 6.815728152957659, 39.73390635253548, 49.995496480821444
47492, 17.54247682627493, 6.7411335793276494, 56.39475525678822, 34.81353171280098
475, 16.93675182991009, 7.020407991116149, 53.4596441054973, 38.24277089291389
4750, 15.846044987831007, 6.465860443123342, 43.39035097203901, 43.94070453906537
4752, 13.92817991442456, 7.027278174634552, 33.502898679420014, 57.34818404394322
47530, 13.271291159279759, 5.883507925583577, 24.858035866251992, 60.0682356217797
4754, 15.077667654258638, 6.987430829600309, 39.41653076544744, 50.64197147368693
4755, 15.850779882116994, 6.677610177980491, 43.68378246489183, 44.62939868784905
47555, 13.977176111439537, 7.078758490617122, 35.659651174120626, 55.507648835623115
47556, 13.592466388672097, 7.0229588874860935, 33.020926009433154, 57.54469780989873
47557, 13.233890891565775, 7.019580370113723, 31.195522081313392, 59.98766879843321
4757, 13.770656649512848, 6.758478868093298, 31.25824956848411, 59.731952482485525
4758, 17.719712034152312, 6.795678658474916, 56.16595434170749, 34.900448243510894
47586, 13.06702430265657, 6.442212837930865, 27.62908205171779, 61.80219219984706
4759, 13.386902846018721, 7.452852051246355, 32.4321091039598, 58.80554558626099
47591, 14.069953178379427, 7.33452524258278, 36.94906307732911, 55.09489191199405
47597, 14.048348514219057, 6.879119556510288, 34.196320723455656, 56.61510833662922
47599, 13.910112301168754, 6.89189917073326, 33.6039018413581, 57.115087826773326
476, 14.85297853024944, 6.951895198699635, 39.29744622231641, 49.50593408922327
4760, 16.423333834771757, 6.800876655037218, 48.547835096863324, 41.66640501533277
47605, 14.587329155116063, 6.76772820964849, 35.33335637507344, 55.1319715664927
4762, 13.54336264843979, 7.173953092778434, 32.029476301003264, 60.02181550676661
47628, 14.754145303352114, 7.006357087918291, 39.77401564211457, 49.75883472011376
47633, 14.039428946489954, 6.879645045989693, 35.63040167348661, 54.21766335761602
47636, 15.157455433871078, 6.885354473769865, 40.415215905762906, 47.95320685952296
47638, 16.467089193099657, 6.658856384384732, 47.112825733626245, 41.14915429816571
47666, 16.00583423832736, 7.049931137403258, 45.78522449700311, 43.96256584820334
47670, 13.494498504082602, 6.600354108179972, 30.84911849690811, 59.47877552729658
47673, 13.421220143700664, 7.7668971110191, 34.98363949197888, 57.84558465195381
47696, 9.303345157349497, 5.634800412716709, 11.60531894391983, 83.33012141067643
477, 14.653854999325185, 6.710943454633025, 36.6466008930806, 53.37803127099332
47701, 16.62752824788192, 7.13951084595518, 49.24125704396277, 41.945083472277915
47707, 17.593134285939144, 6.996574026155447, 56.97391005835908, 34.8249227600412
47709, 14.272985161013027, 6.904391171721874, 32.842770162471915, 57.73939374206362
47715, 18.028749293387065, 5.981379276059543, 56.46046702171241, 32.83736173699304
4774, 13.309052700419103, 6.61338492971248, 30.263540636453545, 60.56780499156438
47740, 13.845491364208803, 7.2379744488762885, 35.19359097238548, 57.1875508617104
47744, 17.506172641602678, 6.909078677315486, 55.64883532956132, 35.39018296715409
47748, 13.731364907249922, 6.52152432966854, 29.673892069209494, 59.86749855277546
47750, 15.213066788530524, 6.993917163517732, 39.75369596319466, 51.05899514685668
47822, 18.50342826530883, 6.495649067058891, 61.66895010095183, 29.218344389962503
47827, 14.3216382334598, 6.789975263471325, 35.914408302468004, 53.83035681543144
47831, 15.431142723928058, 7.300741997101245, 44.59173871277618, 47.19088788253053
47835, 14.309106853074981, 7.3592824218768245, 38.76512274382365, 52.92275165420305
47837, 16.545853379703967, 7.060769864152339, 48.71766477675408, 42.32813607370659
47840, 15.154393627245739, 7.207173816668936, 41.63512003793633, 48.92018100129402
47841, 16.84526936510761, 6.645515637449457, 51.461038961038966, 38.03280053280053
47849, 15.589573691510797, 7.110945277725317, 44.22912070152756, 47.00389269101589
47850, 14.92037733223142, 6.8101439459600615, 37.45617556536866, 52.54248628395557
47852, 15.669465726184102, 7.000963937833002, 44.09757645831917, 46.534720805277836
47855, 15.053634026933688, 7.066560383915633, 40.35952948532572, 51.05787643127907
47857, 15.320318115333526, 6.900060651120769, 41.460885956644674, 48.92554194156456
47873, 11.93726609002356, 6.6220528952459885, 22.77441601481263, 70.56526814345709
47930, 16.934746558210417, 6.611845562407122, 52.293703894321496, 37.939040430033735
47934, 13.994168714951252, 7.120483672350818, 35.579378523931126, 56.404389269550705
47935, 14.736312651929563, 7.221564736483738, 40.44524790776466, 51.218679679401276
47936, 14.714722296340335, 7.246339414413993, 40.45467756814477, 51.22388889590942
47941, 16.263904885827248, 6.977200250669678, 48.19509365723839, 42.57395339315568
47945, 16.344657901461122, 6.975367656989949, 48.811440315122454, 42.190443569104296
47960, 14.897052235365507, 6.690483350607123, 38.10454941901359, 52.11715386996033
47961, 13.49213160955321, 6.954666439983046, 31.902200791295748, 59.24208704253214
4799, 12.901870542419537, 6.386269659169941, 26.600763277854337, 61.30340294710061
47991, 14.25923504453885, 6.953356905132798, 35.10702784618299, 55.199848456146995
4800, 18.508200816113714, 6.061858636390292, 63.029979855433105, 27.16672591539282
4801, 16.543473049296953, 6.1102233726434045, 47.59682295915919, 37.107069155828576
4802, 18.348308750508, 6.349783570277023, 60.76678466430672, 27.503449931001377
4803, 19.1581104303836, 5.805718154311737, 68.74794772443686, 22.642345833059697
48059, 16.458459580896186, 7.0425766565252905, 48.33716084035043, 42.014331887386234
48075, 11.69206087771147, 7.029863198074729, 25.38157260009648, 68.35311143270623
48079, 16.804503217010495, 7.092150669277481, 51.1133827233352, 39.37886627815072
48091, 14.888864068238243, 6.483333002679698, 37.805803701757455, 50.90208442809598
48093, 14.010073985944707, 7.244032663783526, 36.49714472945141, 54.25365100168508
48192, 17.968450391102845, 6.006960471279359, 57.47338598901099, 31.067565247252748
48196, 18.776035678682813, 5.775841468756779, 64.83442595394185, 24.501116634248252
48197, 17.818631013958566, 5.96814929014209, 57.524647040637554, 31.307753083027034
4828, 11.745797932817988, 6.789011547285104, 23.62641257957945, 70.13625987210573
48285, 13.091851211543732, 7.2396441081077665, 30.724398973741724, 62.189984479427316
48289, 14.712931249331751, 6.534265516729439, 36.90019768765351, 51.97537890133589
4829, 10.89009580684934, 6.472707908765591, 19.230934356082834, 75.05473904145856
48302, 16.965098228203694, 6.886273468235376, 51.661466112598156, 39.39308794605226
48304, 14.6431121125021, 6.356831899843299, 35.648175650789504, 51.67583494718833
48305, 13.630171756819578, 7.067804799488411, 33.22347243708622, 57.92872173804422
48312, 12.68795975297642, 7.097248337541621, 28.581484841848386, 62.27669492851109
48314, 11.942318238886681, 5.968818189429174, 19.995396553991846, 70.7571572624841
48318, 12.582065633757253, 6.986870067588213, 27.841808625166237, 64.84389842315242
4832, 14.720456746676296, 6.75647240578669, 37.55118831690944, 52.183099908375254
48361, 16.33009750497055, 6.944050507495735, 48.34272291123365, 41.833057949953215
48370, 17.472072080209333, 6.5309674083655755, 54.651553182305065, 35.25076340149323
48371, 18.194270357024337, 6.501055297519277, 59.561042195507454, 31.195220077589923
4840, 15.64638569731065, 7.51744005039754, 44.734478203434605, 46.46587406428886
48408, 17.347698945359426, 6.752960522717047, 54.31483182434501, 36.14683112452434
4844, 15.949575934921997, 7.322220445288138, 46.00533451263837, 44.29165687751351
4847, 17.417400437903037, 7.002268284547022, 55.94488988125445, 36.10829189079468
4848, 17.730174426462348, 6.990216232839034, 56.974911160392224, 34.72626713335293
4849, 18.622048759981897, 6.090152852395587, 63.363028953229396, 27.662000212111572
4852, 16.477760182027705, 6.963305957697838, 48.52393640486316, 41.97914277143512
4853, 14.79373910893469, 7.362185338996764, 39.9713950535941, 51.842447812043005
4856, 16.356100187648277, 6.9786470800321, 47.85789612443976, 42.98708146585816
4857, 15.533261308773696, 7.202201677525012, 43.752650776147256, 47.636214550286994
4858, 14.871208424647545, 7.559867714848392, 42.31254475398097, 50.15344222047943
4859, 14.608796176910838, 7.533018397940777, 39.58975940777298, 52.67967304133251
48593, 15.671931614868772, 7.176169644352326, 44.90180431795008, 45.89706077935895
48596, 13.986109680900418, 7.2597240754199825, 34.945621064682314, 56.86767377616286
4860, 14.310565091058683, 6.791595395748878, 35.04466265441875, 55.38549255622426
4861, 15.16563307958091, 6.778953428743491, 39.980797897875135, 48.67732888653074
4862, 12.708782694252962, 6.509905658231672, 26.22502330482714, 64.19162647428362
4863, 17.24082286074586, 6.729697998922933, 53.11274484172218, 37.325747989500435
4864, 12.748075395784694, 6.990138751649598, 29.058591178406846, 62.02764976958526
4870, 15.899390367812595, 7.170825187423486, 46.351754487168925, 44.85191106422956
4872, 19.87204944998638, 5.596783232241658, 71.11364241713278, 20.077412627438978
48728, 15.298251531574032, 7.490361370905897, 43.22325609681931, 49.24283889801131
4873, 19.723343406559277, 5.819259331150269, 69.44293929489083, 21.44284607272494
48771, 12.684663997822895, 6.75462247277861, 28.208406332370533, 63.775904793471916
48781, 13.218509124310744, 6.698836735543768, 30.17586276372219, 59.204731888437955
48784, 12.525956179974441, 6.538612247409052, 26.17833477384039, 63.92106021319505
48788, 14.562276283997845, 6.709512764478654, 35.57831849845201, 53.80345394736842
48789, 15.591905139943432, 7.296591748361412, 44.19189455771252, 47.37098819627354
48792, 14.849910419834984, 7.008041466572833, 38.54216142617396, 52.342653283092154
48793, 16.001191501695963, 7.1499738733895, 46.17577571271067, 45.289021893211526
48797, 13.5449147376097, 6.372212461031141, 31.686124279033933, 57.219291393350524
4880, 15.099421546563534, 7.124654159649207, 42.09962844007809, 48.7782605957554
4881, 13.293782572350619, 6.670104893829357, 29.981585704281972, 59.85942889747646
48813, 17.718464853846235, 7.208820968285847, 59.21461790362971, 33.05126723355073
48817, 15.247137989219395, 6.376586420512256, 38.380852212967966, 50.38090906506723
4882, 9.446642709891556, 5.774135056235934, 12.78162221474966, 82.82038121869635
48836, 12.706942332753991, 6.919026122193353, 27.8625681988375, 64.03915415611739
48837, 11.22493589794571, 6.691412584438331, 21.408489769159974, 70.07526569926499
48838, 10.76371191062461, 6.6980106024418165, 20.193011227450487, 72.55834489718683
4884, 13.04911841527281, 7.172283780521518, 30.69319740212694, 62.5456050922452
48841, 17.588097136310445, 6.907392054614558, 55.527350437441704, 35.35308216347686
48847, 17.97823364767757, 6.684691435037061, 58.21994340075813, 33.302701517319164
4885, 17.69376627152892, 6.176162137259379, 54.93674325915637, 33.94879072435762
48854, 13.41254694314399, 6.9400555780374065, 31.336713494980607, 60.635160460825475
48855, 15.949730082874453, 6.721053739397288, 43.766645025373315, 44.94984961509414
48857, 16.514518283641888, 6.624212976853535, 47.5229477247575, 41.34236052340343
48863, 17.006508467781593, 7.147351329317498, 52.455552040493515, 39.074976273331224
48864, 17.060954883154512, 7.1338616009686895, 52.74765598309524, 38.77718869810581
48865, 17.23250840826207, 6.6979038944428835, 53.65195722649635, 36.203851550781444
48867, 10.215559681515339, 6.737494629945497, 18.244882228922492, 76.43444945705153
48868, 16.571728317058525, 6.9740609257996145, 50.51077089825227, 39.89838775233709
48879, 13.990948563946947, 6.233438959004083, 30.22936658226771, 57.938466775888855
4888, 13.266588049105195, 6.700451262075255, 30.595466569842834, 59.401421235541264
48880, 13.905523593692982, 6.3240105282345285, 30.07977927022287, 58.81742738589212
48894, 12.87273316718567, 6.449196122720309, 26.750089461442116, 64.2791644301306
489, 13.306001913010757, 6.0732604205969665, 26.540106626664773, 60.58766293000345
48946, 15.631683161175882, 6.760554879483243, 43.010701938620194, 46.76994961711366
48947, 15.631683161175882, 6.760554879483243, 43.010701938620194, 46.76994961711366
48959, 15.38134379199054, 7.225383844459108, 42.17661478821048, 49.81015905592612
48960, 15.366138709397847, 7.23670698556653, 42.1479310855957, 49.84664150599181
48963, 16.521423957885847, 7.123957941035018, 48.48274370039739, 42.8896758252394
48966, 13.196677044752516, 7.000150477489494, 31.396059113300495, 60.20591133004927
48969, 13.434524534544815, 7.213857873280574, 33.19130004943154, 58.75135936727632
48977, 13.46225779491216, 7.22732789896557, 33.361674361585386, 58.48698454754867
48999, 16.87656712586814, 6.886636001705688, 50.80175216046936, 39.7803853167367
49003, 14.047286416308165, 6.7364294956666235, 33.70606481243467, 55.74434904803523
49004, 16.77279718439702, 6.880989171637128, 50.358013917791055, 40.02931238951915
49006, 16.77279718439702, 6.880989171637128, 50.358013917791055, 40.02931238951915
4901, 15.118069033229041, 7.194007417172274, 41.41023735196472, 50.502948317724595
49018, 12.97183961910449, 7.2242341893109545, 31.24531992603573, 61.476687500955116
49035, 16.35526804096926, 6.862899858252286, 47.97559184134697, 42.393355556811116
49036, 16.71276737448007, 6.458214492152786, 49.1406863135386, 39.57165117892606
4905, 14.23636210584878, 6.579237989457704, 35.290063559090264, 53.66093796151448
49051, 13.997544419183232, 6.196486570096736, 29.89876651887795, 57.95750984959904
49052, 13.843494132549624, 6.270044326285784, 29.587692438547247, 59.0743812196989
49055, 15.841478070112387, 7.00601786949864, 45.90351244934362, 45.06588411300995
49064, 17.135166979535718, 6.511712728740517, 52.57920039446111, 36.65036775280437
49116, 15.626685161605852, 6.951326718599317, 44.147497805092186, 46.27802165642376
49120, 15.935034905703152, 7.039484774529144, 45.891184172243236, 44.783241198719814
4914, 10.697140474091887, 6.523535742737498, 18.606199292698147, 75.26731849386312
49147, 14.378854379328299, 7.0646834343583755, 37.52112137217186, 53.03456997417614
4916, 14.048193132703943, 6.719648810332789, 33.37837124610756, 56.821660421174855
49163, 12.07774390788833, 6.401868732231288, 22.47657330792723, 68.30544752159953
49164, 12.606840469605029, 6.444708368194205, 24.736360068036113, 65.72026691089886
4917, 14.224788277265032, 6.687241656188324, 34.15846787756475, 55.90943491422805
4918, 12.870266581191112, 6.564992623746086, 27.346202220156396, 63.503034942855585
49180, 16.715591953993627, 6.987428152046086, 50.10948396977483, 40.34072930246687
49183, 14.033739479754422, 7.1464409218811324, 35.42321965011486, 56.30676798020852
49186, 16.665732318639726, 6.77939112098512, 49.118048040028675, 40.09754177852113
4919, 14.51149326987206, 6.726565898714248, 35.8324296438235, 54.11187500658027
4920, 10.480199836518329, 5.762880286333575, 14.42574860814147, 78.21986716659953
4921, 14.496780918065905, 6.750859859572518, 35.87624964521114, 54.19702082479212
4922, 15.645388945361582, 6.748887820934098, 41.989088186000075, 47.69996077452483
49221, 16.002580806204346, 7.378234622515044, 49.27314381992459, 42.166904671399365
49225, 14.910628464686036, 7.163365579504102, 40.213837826250064, 51.22327027171875
49297, 11.856209897620738, 6.794374141664753, 24.465161134774572, 67.45640118942377
49301, 14.614711050204757, 7.090103061323013, 37.887100313681955, 53.36982198871778
49302, 14.62330927251294, 7.083004712780168, 37.89613641937857, 53.356913266294036
49303, 14.759726964513039, 6.982673290158881, 38.00908470912203, 53.11852585796456
49304, 14.759726964513039, 6.982673290158881, 38.00908470912203, 53.11852585796456
49305, 14.759726964513039, 6.982673290158881, 38.00908470912203, 53.11852585796456
49307, 16.794482640604013, 6.508028152072776, 49.78094532889054, 38.92231272368259
49310, 14.503076640143238, 6.7605531218882176, 35.36963639496812, 55.159892666354835
49311, 14.27612638612779, 6.908173164465665, 35.15974991384827, 55.59124698468961
49312, 16.909408883412617, 6.384805138710234, 52.24940489288071, 37.11268028245084
49314, 16.48385321892266, 6.557632294142019, 49.01268864028831, 40.29957203994294
49318, 17.165962126058815, 6.324660253325968, 51.71784042917476, 36.48556100901724
49320, 16.65564015806284, 6.76409973263806, 50.041718998392724, 40.215357861176734
49322, 18.057206262460674, 6.049884327456909, 58.88119953863898, 30.342926266632908
49324, 16.90628638962498, 6.906150814556593, 51.92114444431899, 39.1511511059424
49326, 18.125043741649396, 6.057024155783834, 59.33796067329502, 30.07827822023637
49328, 16.901302283093035, 6.848921960867695, 51.32825644204374, 39.32413884707341
49330, 18.31436337291142, 5.996317698535649, 60.61715744738036, 28.872352219851845
49333, 19.716559099228302, 5.8523781436357725, 70.0901876653267, 21.77834246318552
49338, 19.698537238300982, 5.818458462710232, 69.90930904062792, 21.719061368904793
49343, 19.97019997969055, 5.695465309901346, 71.66133985084916, 20.156253263980282
49359, 17.09839410719667, 6.96611174533627, 52.70634418976014, 38.18157623340763
49366, 13.99369624095619, 6.814359351812739, 33.11692906421369, 57.7710949938086
49368, 14.470507930435183, 7.192876166106375, 37.61205154861615, 53.288480021968965
49369, 14.557951859431405, 7.195070245306162, 38.363166346794095, 52.65951196584544
4937, 15.661103057091895, 6.801116961322771, 42.92280691979831, 47.01692806269791
49371, 14.960254566726878, 7.370121013384555, 42.14754883996279, 50.06906661404449
49375, 14.84908188498708, 6.937948533047793, 37.964737447297814, 51.55040245304714
49376, 13.973630040188265, 7.260010144698006, 35.527488574083556, 57.14096072519011
49377, 16.266676315623336, 6.721928905082612, 46.64474756001836, 42.76003021282268
49378, 12.728978511598607, 6.496557557003065, 25.28730721579015, 64.65159994873329
4938, 14.59666792433301, 6.781389734349502, 35.6799867535048, 54.24623762740553
4939, 15.38130976301966, 6.777947785653067, 40.59927560092196, 48.942670032561374
4940, 15.18306649126055, 7.018480268130096, 39.74471830985916, 50.846354166666664
4941, 14.62553218332681, 6.8005890018115505, 35.975626747415454, 53.85708579867916
4942, 13.460254009998012, 7.101502191309924, 32.16135729714993, 59.54637921271731
4943, 14.520283797963621, 6.914512139228394, 36.297522054871045, 54.68237823708591
49430, 12.447920777813462, 6.285346078177136, 23.509364956222985, 66.79180981935055
49431, 16.204983037032562, 6.811312367109893, 46.92505803411598, 42.740827144952476
49433, 16.135561573144297, 6.7449231075001705, 46.72706865229516, 42.73151201675518
49436, 15.776345900065627, 7.067047942021724, 45.10243721962725, 46.06321971974287
4944, 14.138955127165646, 6.694986065609934, 33.216862139639034, 56.932744657222564
49440, 14.349341062773954, 6.732406167100587, 35.46664959672257, 53.493790807835104
49445, 13.618920029781519, 6.534167541474977, 29.438054218393717, 60.49049911325057
49447, 14.440541968766249, 7.196023901479347, 36.8032075641064, 55.17189790850065
4945, 13.813301716498229, 6.728528008303744, 31.86580286904211, 58.71911152244331
49452, 14.40925451650219, 7.068129515753266, 36.78190540379812, 53.9804939935773
4946, 14.668629361017045, 6.998729086516618, 37.50617261781844, 53.73723951552806
4947, 13.893374650396039, 6.758914861579337, 32.73649198286303, 57.95115602234314
49475, 10.760468358080601, 6.397814710146432, 18.998829039812644, 75.04391100702577
49476, 12.31723631070191, 6.214729345507571, 23.811046511627907, 67.14244186046511
49477, 12.351696240671325, 6.20148783150357, 23.953340647918232, 67.0468325922504
49479, 16.0938506478064, 7.118054602046021, 46.29258832989105, 44.27767354596623
4948, 13.729445246008034, 6.63675040098623, 31.35519351563132, 58.88770072697537
49480, 14.391415040263386, 7.484104421944408, 37.738657692058766, 55.09513947317326
4949, 12.054918980745239, 6.4526784494307305, 23.26690580576591, 68.72724857180815
495, 13.056226840067936, 6.981747383921749, 30.191149198191535, 60.72774875456055
4950, 11.238374049181427, 6.1951896839360305, 19.42503863987635, 73.15610510046368
49501, 9.354139528952118, 6.445084126687805, 15.206004747671814, 80.14243015444349
49502, 15.523118806857859, 6.376211312399238, 42.017814319972594, 47.11052586502227
49503, 15.529215733415379, 6.380780565207661, 42.08779798542052, 47.01399072993716
49515, 18.82240438546386, 6.291597098180456, 65.56169429097606, 25.738489871086557
49516, 16.092888004985433, 6.614503478740075, 45.54716230990955, 43.54437928635325
49517, 16.17029192861741, 6.586189637771895, 45.910209882496254, 43.17945334111616
49518, 16.114845401376197, 6.620818176577219, 45.71456971745235, 43.41591908749783
49519, 16.163525896201055, 6.595548051235797, 45.90746427755641, 43.18164513591026
49520, 16.102875115543892, 6.634760795606757, 45.712084689744295, 43.430829253746175
4953, 18.587525459652845, 6.146813124698966, 59.85305382631868, 29.465836632969022
49532, 12.399926095413784, 6.870606832859889, 27.432971977403923, 64.82527596138394
49541, 14.535173643032735, 6.858978377427557, 36.663316240481095, 54.54437043220498
49551, 20.075544157026332, 5.305319733913142, 75.6394982129091, 16.626953535636694
49552, 19.699509000552343, 5.4008822071429945, 72.63655824873972, 18.123748359919894
49553, 19.627763545156157, 5.498751239731848, 72.2084106586365, 18.77516719773101
49581, 13.913246650228043, 7.058445305795797, 34.393251135626215, 55.9145267451562
496, 11.989555047380758, 7.322304981327108, 28.26397910843405, 65.27302074721467
49602, 15.305855463920164, 6.817217994589369, 41.529691670390456, 48.44265165879639
49608, 15.65543665996018, 6.490538668911072, 41.422305847434046, 48.011766420649536
49612, 13.460665707803496, 6.734664234034342, 32.03209152026149, 58.8901682576236
49615, 15.283121248137281, 6.817760630478711, 41.259224490860255, 48.46280215911758
49616, 15.80405601430675, 6.658614549254778, 44.967155895679326, 44.587768552041105
49622, 15.33032455217798, 6.848801239991071, 40.41452138278869, 49.218503730167065
49632, 14.268136400803852, 6.421744768869032, 34.653280507789006, 53.32199381858159
49633, 14.126233562797026, 6.408318216392073, 33.94187083791465, 54.19994606144846
49634, 14.285305854049886, 6.42699109088296, 34.89182517787135, 53.185089920969105
49641, 12.131789725396123, 6.655810079476153, 25.284218981811623, 65.37241498020508
49647, 16.065973230571412, 7.161605154392944, 46.589304248694084, 44.498136836194725
49648, 15.461770334471442, 7.022140957781288, 42.60500990167807, 48.12910398499114
4966, 15.360614848835557, 7.427388260465336, 43.30922443529543, 47.85134082563703
4967, 16.203016132231873, 6.967601250131034, 46.595199746521274, 44.15810735880443
49671, 12.623339648514895, 6.294086726451796, 24.898105432883952, 64.37497200698705
49672, 12.805151822771592, 6.011654055782223, 24.423649376147953, 65.21945658369751
4968, 15.630566414156213, 7.044661626130984, 43.6179005785807, 47.221894228624656
4969, 18.08932707152381, 5.986793647061559, 56.990333285240226, 29.089116529601306
4977, 15.464495619210895, 7.1768423570411235, 43.48386413388885, 47.92387543252595
4979, 14.916273347698638, 6.936671160092222, 39.593186999865885, 51.110018328937365
49796, 15.150803651609456, 7.231546734103247, 42.16155174704397, 49.121828085558654
49800, 17.240183365398657, 6.489387408558398, 51.03441489754249, 37.01507957983814
49801, 17.522866422183018, 6.599306803505298, 54.1024059222702, 34.81431215299198
49803, 17.822778215787544, 6.272411912925187, 57.35352286773795, 31.768850432632878
49818, 13.834370094856979, 7.6397403853601995, 37.25720896941887, 55.27252404623937
49819, 18.422195122602638, 6.5355089185089055, 61.43339697459245, 29.75198266999559
49843, 14.837927026292624, 6.432813230548034, 36.807022175290385, 51.196761703625484
49866, 18.960532184831028, 6.183154809463231, 67.287109375, 25.181640625
49877, 14.397438791167124, 6.632315715457339, 35.09248375285423, 54.114817667166584
49886, 16.176001059355404, 6.33992028669436, 46.42393187066974, 41.28295804464973
49895, 9.141764747427109, 5.780054364503698, 12.448360772502493, 82.63904434359674
49898, 14.89600140228182, 6.689150979566933, 38.24716641200484, 50.80845629318799
49900, 14.621341119175819, 5.990512082627038, 34.025223331581714, 51.27138436386991
49905, 15.162087028596742, 6.828670530830929, 40.51126409554124, 48.988328768475334
49907, 14.955723712295905, 6.873460333312803, 39.659430812575245, 50.39902694517878
49913, 16.379068141588366, 6.914207386885115, 47.92303851195306, 42.668996941514266
49923, 15.998692106923103, 7.117064140449534, 46.11917811777541, 44.23851209185131
49934, 17.70661048775415, 6.265285361326245, 56.260706699253106, 33.10796921038806
49935, 14.830904956513725, 6.664964864425205, 36.62673504130678, 52.54890492652511
49936, 13.08127045314064, 6.464928401542655, 26.51575257856203, 63.43413242811662
49937, 13.385473705353029, 6.574766523512624, 28.47792843307167, 61.50576001631155
49939, 14.363764551229771, 6.608978842322045, 33.811464276011954, 54.992665036674815
49946, 13.294660500755464, 6.765149009399153, 30.360418689975184, 60.96228552929751
49951, 15.318787984127471, 6.8980642027115975, 42.48336375281994, 47.85570960537802
49970, 12.748482146627678, 7.584616167593512, 31.449220918301553, 61.65034118115401
49980, 12.995746991766014, 7.463433034169708, 33.10495321794757, 59.56536035632081
49986, 15.612813316033337, 6.959681239514077, 43.82728842832469, 47.21473805411629
49987, 15.703111870475853, 6.961556214501654, 44.25470132743363, 46.619192477876105
49988, 15.286153966547412, 7.071733968352711, 42.3691726552423, 48.79767827529022
49989, 15.324679966229493, 7.091899784579428, 42.603058894092136, 48.61934531361739
500, 12.927496372639823, 6.886727735756351, 28.416041364524876, 63.47710027954684
50023, 16.505287386571496, 6.8979280027166405, 48.67120221738035, 42.04129426238013
5032, 14.303786951859838, 7.25030397106067, 37.764262959745146, 54.13328184831225
5033, 14.37266907008379, 6.660595818888428, 35.40652707036408, 54.05961139407659
50405, 16.158866950542997, 6.492877627992867, 45.991927269983776, 42.72888452978234
50409, 16.18928367881626, 6.324082226608097, 46.9299742483944, 41.93788588625857
50415, 14.971027093344578, 6.528867442709356, 38.22730886345568, 50.365248173759134
50416, 13.413321053402948, 6.56718464586625, 28.927655723694134, 59.75692524257201
50417, 13.373802130278527, 6.567883183953904, 28.723653880660876, 59.98426479316484
50427, 18.811343727295363, 6.326136752815336, 63.88805251114055, 27.59093098879923
5045, 13.142790687917808, 6.979573430527675, 30.25763194734386, 61.04329886779478
5046, 14.666525052939239, 6.800900448935162, 37.88498468123782, 51.75689344298342
5047, 15.113691433148613, 6.486262336207332, 39.0200080241422, 49.2019467266733
50473, 14.778524229250324, 6.279552808572913, 37.833489179239635, 49.81003647636618
50486, 12.997677028980863, 7.129957427550384, 31.332139212296674, 60.19411409409952
50487, 12.765042259648313, 7.056039939475851, 30.029200850201626, 61.870046284340795
50489, 14.60699550886603, 6.496434767984322, 36.023355438064954, 52.35209727419565
50490, 13.10923434558356, 6.559326467319044, 28.856812706868524, 60.434986975851466
50492, 15.652915834588837, 6.874222747411944, 43.84452823934033, 45.70194339700824
50493, 15.644430681588627, 6.865629954132353, 43.820773038273465, 45.68415181906004
50496, 18.19566839731152, 6.218595817500235, 58.33076543818563, 31.31239985208924
50498, 18.102489632987616, 6.252643986789746, 57.68444163734247, 32.043068964480135
50499, 19.451869866396308, 6.058835134360757, 67.45652723544119, 24.186026912380257
50502, 16.76477701056597, 6.751940245117318, 49.698839627070896, 40.08987859682071
50514, 15.915959195334842, 6.809501698819341, 44.574844508911895, 45.12648073668711
50515, 12.743463166153427, 6.522678508927859, 26.587457707136675, 64.78283106459989
50516, 14.263749382052433, 6.9400871295039686, 35.35582870116652, 54.79918578250999
50520, 13.371404772128306, 7.199131595376024, 32.42274758004468, 59.42851824274014
50522, 15.755385545827956, 6.9448757901219915, 44.08104523520614, 46.7646809831532
50525, 12.727123922664429, 6.812519762893569, 27.814948498987587, 64.30363588344045
50526, 12.715084625991441, 6.811915585797309, 27.79721818742022, 64.45266076851975
50527, 13.96070700597351, 7.384657510967711, 36.215664140192445, 56.16298446487126
50528, 14.327843274174901, 7.285382452261519, 38.97222158609476, 52.89348936267662
50530, 17.56917837170483, 6.499322645097912, 56.67563710889989, 33.88145608473716
50531, 17.05676507809451, 6.600845693230874, 53.92989477514051, 36.68508181496127
50532, 17.53196574551576, 6.897056208764381, 56.229109693102394, 35.566697052567605
50536, 14.083406453140142, 6.950322540975809, 35.50146838577967, 54.15038613107539
50537, 11.88874459883097, 6.22896996081832, 21.593272447780087, 68.26114476896646
50538, 14.589454115727882, 7.153887857556562, 37.873271374277415, 53.755868544600936
50539, 16.160417520140513, 7.327689194697746, 48.04516768940674, 43.86301459448265
50542, 13.577119886911587, 7.0359766561246975, 34.15110588334139, 56.73297065680859
50543, 13.419629581577, 7.5291770380838825, 34.96344465953728, 58.17843516830492
50544, 13.99767059486183, 7.042103832170516, 34.905921964745495, 56.02693602693603
50546, 17.411188236400776, 6.603645581965961, 55.96271424275835, 34.85616918913501
50547, 16.48110914934002, 6.682345598065792, 48.74985641536164, 41.42895432094038
50548, 16.346784271298482, 6.922520450300588, 48.76746858434963, 42.017273974126105
50549, 15.372935201864092, 6.852974884576313, 42.41451709658068, 48.12837432513497
5059, 15.11543038491179, 6.888244419814622, 40.38939081735087, 49.55090611296032
5060, 14.057870778036515, 7.3051988508912, 36.20809301161508, 55.55100508515067
5061, 16.383047398522997, 6.779825349828076, 46.93143590651558, 43.0738757082153
50611, 15.389876213862484, 6.862479755895483, 42.040717263434416, 48.31677231454514
50614, 17.20627338446005, 6.427665227767119, 54.58256466616949, 35.026363648257906
50615, 15.715424517621463, 6.704479269811895, 43.74430512955429, 45.540996650453664
50624, 16.01801493890856, 6.852857464702706, 46.289366354118485, 44.42248665012825
50627, 17.52013890609742, 6.963175058207311, 55.58540407432281, 36.16297291246922
50644, 15.398657649439686, 7.201430031831363, 42.561523844834774, 48.725494739769196
50645, 14.810629768183382, 7.136983390246084, 39.29613816725764, 51.40507031381914
50648, 14.652018457832519, 7.118386462809866, 37.077291245263666, 53.57682117318595
50650, 14.619147095049197, 7.116190642111931, 36.86714721217129, 53.816348044103826
50660, 15.949548795863018, 6.405005941186165, 41.60250623904848, 43.974482481358706
50664, 17.18194656252953, 5.855637135449052, 49.78404603073646, 35.29146390166699
50665, 18.364044453441974, 5.5822648452852555, 59.06611349775084, 29.04780740890651
5069, 16.490947762779637, 5.9745858905661455, 47.71118104041695, 39.06357557281935
5070, 14.092238360143913, 6.360329940581499, 32.85631866753624, 55.65268649977424
50708, 18.205234606864835, 6.357128116143213, 60.11451377295492, 30.724384390651082
50709, 17.164455058361785, 6.685880078159477, 54.44095733823229, 35.85553174117167
5073, 14.854672232273725, 6.720510520205115, 39.401226117493, 50.776739479792866
50737, 13.964254250066473, 6.949245451813718, 33.47886719588071, 56.937352499463636
50739, 16.51993767165789, 6.8635387435233195, 47.25787382704741, 42.661923375973245
5074, 14.934042579088931, 7.112466596526253, 41.83083102228172, 49.578033852921486
50740, 16.467246715500988, 7.18698400879401, 48.32349242214312, 42.27932556007929
50741, 16.527707511422605, 6.860321974045351, 47.321219351127965, 42.58568902711799
50747, 12.301516218409764, 6.792234896775263, 25.423688639218756, 66.66666666666666
50749, 15.181463946625545, 7.1594543245947975, 41.42108277168406, 49.26875468041055
50758, 13.970005993427373, 6.93287352981976, 33.46256698849785, 56.942639588457034
50765, 14.310146783421908, 7.083298439605479, 35.76419073376477, 54.93845047597583
50766, 14.240263357988056, 6.8498878403432775, 34.29618799853798, 55.31917180881942
50772, 14.259361264186461, 6.855105373996904, 34.40663166858904, 55.19958605969796
50773, 13.960374843275208, 6.9886564884570594, 33.62668101129639, 56.81871974179666
50774, 16.37554180473284, 7.141485153316235, 47.83104536152797, 42.605303547066846
5078, 14.063977963697047, 7.193120840141368, 35.68617249881246, 56.04401818634215
50787, 13.622508723241175, 7.148193796800606, 34.21724295424626, 57.56024824695736
5079, 16.817524242228394, 6.8481327572850175, 50.52418817467016, 40.15814490693439
50811, 14.293974117182948, 6.989185787857454, 36.130969271467414, 55.157578697813214
50814, 15.59111761451361, 6.662179965960658, 41.37780770906786, 48.886159859499
50822, 16.198682104679904, 6.395004813421133, 44.7614189295244, 42.32328781457647
50824, 16.252261909632562, 6.312478548235632, 44.91124574829932, 42.34428146258503
50825, 16.389285536548044, 6.487624989348596, 46.649181927692474, 41.1048931855263
50826, 16.334379090402784, 6.526681971831981, 46.48684090146686, 41.232350340032326
50829, 16.82297311805217, 6.678782601865603, 49.64162743306865, 39.621249385145106
50831, 16.017965851271253, 6.576646699052238, 44.33053144090763, 43.542326948693216
50834, 15.109692220245222, 7.413942724018216, 40.87988762492516, 52.19799198636761
50837, 14.091888971016862, 6.84757573639134, 34.23836775317243, 56.526499129136596
5086, 17.72530890389766, 6.661197494770677, 57.066802593945575, 34.08942882224677
50864, 16.949216529594896, 6.8281606709366836, 51.602320855876805, 39.04081083066076
50868, 17.11041003385015, 6.8786844223110295, 53.65313857304894, 36.93529200210253
50869, 17.561768137856973, 6.75695198431795, 56.79434413170472, 33.749336165693045
5087, 18.5916663677531, 6.517228655357956, 62.361749676170405, 29.274194696311902
50876, 17.11135156335875, 6.933691231495241, 52.47209325298825, 38.3409068457967
50877, 16.803858280109168, 7.392488665503444, 52.932300281477616, 39.31981080061519
50878, 16.915246538216014, 7.031354136746282, 50.75282481973644, 38.50319087217173
50879, 16.123676114127814, 6.936846544412225, 45.162695133662375, 45.003014940706166
50886, 17.055528803661826, 7.132662413190637, 52.40560146041506, 39.24625288239815
50887, 17.10113811551126, 7.115990842958946, 52.6746632487727, 38.85879422504897
50895, 15.983635967932354, 6.969588818398085, 45.28973127248609, 45.16109581331779
50899, 15.59894510541917, 7.35377324747426, 44.822075735524926, 47.096424392888736
50901, 17.03725822360914, 6.727111394269591, 51.36734459381822, 38.517369489448086
50908, 17.16303262056834, 7.044595128945599, 52.66423649598336, 38.32889579595708
50910, 15.539993818524358, 6.983525639878582, 42.32838196967557, 47.443221938349744
50911, 14.823047168656949, 7.16854222072911, 39.587842575374204, 51.73764594701704
50912, 14.822435241943593, 7.173622305018872, 39.6061335853428, 51.71935493704844
50913, 14.822435241943593, 7.173622305018872, 39.6061335853428, 51.71935493704844
50914, 14.822435241943593, 7.173622305018872, 39.6061335853428, 51.71935493704844
50915, 14.710229189432408, 7.8789118342816735, 41.967840339175844, 51.31585750478259
50916, 16.474425280700753, 6.977734810921131, 48.15598961890452, 42.52834312252425
50917, 16.293178457714717, 6.978457363802683, 46.86616452918957, 43.70179367125828
50920, 15.93101925382694, 7.266070900704531, 46.095635007677124, 45.07567449001974
50921, 16.631143385985474, 7.319574432851986, 51.028022385814296, 40.687621607526125
50924, 16.325118481056148, 7.0931346749005355, 48.66457978655244, 42.11287458582752
50934, 16.49773502971509, 7.017031310496279, 48.73661876747999, 42.01707011283634
5094, 16.840957528857363, 6.251946460409083, 49.892755829239604, 38.614820452501206
50941, 16.528052866013578, 6.767703217356576, 46.774951243469474, 44.53001551667687
50943, 14.232229763656898, 6.396968571882059, 34.162400346399735, 54.0192557499809
50944, 17.33927259004838, 6.9466322971451175, 54.222666182346536, 36.5941699963676
50948, 17.44811592210513, 6.467442961400104, 53.949520006229356, 35.35045663370301
5095, 17.56961487497065, 6.824057717441933, 56.90370780298838, 34.83259546209187
50953, 12.795263258245331, 6.90819989028664, 27.817976759215846, 64.88791453879588
5098, 15.173148136420876, 6.649073127223356, 40.98663787285734, 47.55702523957349
50982, 17.13288062091833, 6.778836350493481, 52.87251825566732, 37.86034781078624
50983, 18.5109072717947, 6.7400675965631605, 60.81107855303085, 30.55048645943043
50985, 18.511427818798502, 6.741260950775158, 60.807395028201384, 30.54313766450804
5099, 17.818560718238896, 6.737830070376889, 57.32956113717913, 33.956665746618825
51001, 14.111554478541501, 6.97674954304777, 34.89783811376461, 56.23525516327966
51010, 10.302806184221097, 6.3825746301703, 17.19115643882505, 77.55346768654023
51012, 12.120365012332323, 6.748428262407261, 24.503332969074417, 67.54015954540488
51017, 16.928817581574027, 6.8160527298080105, 51.216924018774236, 39.2925651316237
5102, 18.126972542113105, 6.6425814435558905, 58.8895540257408, 32.27576573880076
51020, 18.407810103029455, 6.796459358780764, 61.058392446093855, 30.903838023206653
51023, 20.95830379643508, 5.89275405609328, 77.17977444170587, 17.792217491971023
51027, 15.554271799259368, 7.181843559630052, 44.397129250076276, 47.03572518273836
51028, 14.580065352951642, 7.099737508410778, 38.45332038363482, 52.522763141920606
5103, 16.29581931637994, 6.925376239025701, 47.29862972139354, 43.11574050664914
51030, 17.25590048984304, 6.576222730575284, 54.04486193214025, 34.84978540772532
51047, 14.342912910731245, 6.930393336774332, 36.76163759095292, 53.45138949767686
5105, 15.937857257903266, 6.880668468903668, 46.49012669786554, 44.52053925858286
5106, 15.854655033652827, 6.92017433010164, 46.247933884297524, 44.731087094723456
51076, 15.357387333647523, 7.178073100085938, 42.92359310660363, 48.606451120939454
5109, 15.316615887448792, 6.840205237551142, 41.36054736793359, 48.943584519027056
5110, 16.018220963366044, 7.01045048579549, 45.76975373923553, 44.97766170979647
51105, 12.19046945172616, 6.294512535254925, 22.76584377989539, 68.60564797674216
51132, 13.90158501367147, 6.62841132104593, 33.34644390102092, 56.42731330266601
51156, 14.506020901080353, 5.799408258129194, 30.42981893927255, 52.47155904502484
51191, 14.481583000637354, 7.366171226917331, 38.30579313017244, 53.120761714965816
51192, 17.938320948846446, 6.5606210207764795, 57.66596016253498, 32.466011686593205
51211, 17.851091245754123, 6.684857585733282, 58.34673171813495, 32.46798248045684
51283, 16.769760350476496, 6.578540908460061, 49.723939120025406, 40.22793345222681
51288, 15.838037049140604, 6.275552447363378, 44.44284090704093, 44.56009957967276
51292, 18.00478934369239, 6.861301264873478, 59.4688050958312, 32.68384234772223
51309, 16.18172696498833, 7.465167006540927, 48.70375117491241, 43.07955225155943
51310, 15.90521464922763, 7.021376775976192, 43.57865803902481, 44.70387814410262
51311, 15.956473059744107, 7.354790982203079, 46.67054276822053, 43.66428400424091
51312, 16.12646114608758, 7.179552903477862, 47.79554818036164, 41.57845044632639
51314, 15.742499702314806, 7.093160990565723, 44.59083423249475, 43.82276108807996
51316, 15.769907707353855, 7.077164277690541, 44.29677898768185, 43.8137700420132
51317, 17.15316777298702, 7.203465619903428, 54.38779345931722, 36.20100468167994
51320, 13.186735750384136, 7.039566681077807, 30.65979381443299, 61.31408934707904
51392, 15.946171993954453, 7.048601132197302, 45.89887929261773, 45.048067036808554
51395, 14.349462896519844, 7.278765206022856, 37.924530825719984, 53.62163752859187
5145, 16.00818000627724, 6.921462361458129, 46.14392975976865, 44.21894326080518
5147, 17.23265451211402, 6.437789382872761, 53.01013277428371, 36.24912648497554
51487, 17.083443864053535, 6.094431529461695, 51.7836814282977, 37.32487235265608
51488, 15.342740925289919, 6.889942404744369, 43.3571336123215, 46.35661590232538
51489, 14.807244407705763, 7.001680407263142, 41.087506954458235, 48.83221872764638
5149, 16.60272768062468, 6.7657074377600255, 48.93997258127693, 41.39492753623188
51494, 15.344228872768289, 6.662415161036503, 42.218345126167165, 47.20902932592377
51496, 15.292569922291728, 6.695465227034141, 42.10310921564193, 47.48473393428323
51497, 17.439782526505144, 6.100083094212487, 55.48966776771924, 33.72377484414281
5150, 17.201084973314334, 6.79479231601821, 53.66266999957633, 37.65623014023641
51501, 15.645856993931513, 6.641237598896722, 44.119417222152826, 45.05172550845437
51502, 15.645856993931513, 6.641237598896722, 44.119417222152826, 45.05172550845437
51504, 16.8680827726884, 6.1299928707041484, 49.91673230561494, 37.22628558568696
5151, 17.36331335125927, 6.802843778425565, 55.111063476327004, 35.90069933817422
51511, 15.36292785327904, 6.863102498945966, 43.282552953091, 46.291667564481024
51512, 17.50102061676855, 6.065848837451549, 55.753885631323655, 33.588061179701306
51513, 15.34059531114805, 6.885302745300975, 43.24376737270788, 46.32398888146695
5153, 13.72197766999327, 6.89970599061816, 30.78597733422857, 61.435634499175976
5154, 17.365575821083468, 6.609587960998222, 54.3636029255733, 35.72792734166113
5156, 16.786329600065272, 6.546999459959459, 50.12326528351016, 38.62773884379934
5158, 13.454736901241253, 6.597112565751018, 28.970977344137587, 62.034893335538285
51580, 16.664881917066815, 7.058089400978634, 50.42449054573607, 40.489968376438476

------------------------------------------------------------
Sender: LSF System <lsfadmin@hpc.dtu.dk>
Subject: Job 28342359: <cupy_pt3> in cluster <dcc> Done

Job <cupy_pt3> was submitted from host <n-62-9-42> by user <s214642> in cluster <dcc> at Sun May  3 21:29:38 2026
Job was executed on host(s) <4*n-62-18-13>, in queue <c02613>, as user <s214642> in cluster <dcc> at Sun May  3 21:29:40 2026
</zhome/86/f/168312> was used as the home directory.
</zhome/86/f/168312/Documents/02613_PyHPC/miniproject> was used as the working directory.
Started at Sun May  3 21:29:40 2026
Terminated at Sun May  3 21:55:26 2026
Results reported at Sun May  3 21:55:26 2026

Your job looked like:

------------------------------------------------------------
# LSBATCH: User input
#!/bin/bash
#BSUB -J cupy_pt3
#BSUB -q c02613
#BSUB -n 4
#BSUB -R "span[hosts=1]"
#BSUB -R "rusage[mem=12GB]"
#BSUB -gpu "num=1:mode=exclusive_process"
#BSUB -W 30
#BSUB -o cupy_pt3_%J.out
#BSUB -e cupy_pt3_%J.err

source /dtu/projects/02613_2025/conda/conda_init.sh
conda activate 02613_2026
time python simulate_cupy_batch.py 2286 3429
------------------------------------------------------------

Successfully completed.

Resource usage summary:

    CPU time :                                   1546.85 sec.
    Max Memory :                                 2723 MB
    Average Memory :                             2721.23 MB
    Total Requested Memory :                     49152.00 MB
    Delta Memory :                               46429.00 MB
    Max Swap :                                   -
    Max Processes :                              4
    Max Threads :                                10
    Run time :                                   1546 sec.
    Turnaround time :                            1548 sec.

The output (if any) is above this job summary.



PS:

Read file <cupy_pt3_28342359.err> for stderr output of this job.

