building_id, mean_temp, std_temp, pct_above_18, pct_below_15
10000, 14.012729205315788, 6.367448101471167, 30.942823044374524, 55.53144551734115
10009, 11.000222287743142, 5.811129631204464, 16.6712734948236, 74.9723590310584
10014, 14.744533231124421, 7.0375255771882985, 38.26367541377415, 52.80837116508215
10019, 14.735854091157831, 7.030137358275137, 38.150171412294895, 52.92723370057273
10029, 10.616114323778131, 6.317274294547088, 18.25563221896085, 74.51301795448481
10031, 12.507301094564147, 6.278388550941571, 24.046195091771498, 66.39365995934361
10051, 13.289155505923736, 5.999078478268969, 25.97693550756574, 62.859923608050536
10053, 11.36670662107952, 6.261159275392185, 19.9510754583921, 72.41052538787024
10056, 14.220175763226898, 6.179458577529562, 31.763454814173965, 57.06174975667784
10064, 12.717328180664486, 6.964229155915364, 28.79526157616783, 62.7559108725041
10075, 15.157180678313232, 6.440551324646443, 39.12640226128434, 47.45605511880576
10079, 15.094504876588825, 7.313867651994356, 41.90195034602913, 49.44974108309539
10080, 15.778030067992544, 7.280491249774024, 46.36674471691274, 44.71005476580028
10082, 16.465768388665467, 6.713324728021573, 48.64349722630506, 40.56042861884216
10083, 15.639272723013942, 7.12080676170318, 44.855518923515284, 45.886354482120744
10084, 15.100733878493893, 7.150506903819684, 40.90648998644782, 50.266526125583496
10085, 15.869005800655252, 7.192736728860783, 46.18303917834116, 44.72425614762771
10086, 14.391582585793028, 7.215599485136405, 37.25761237312712, 53.01788303528274
10087, 15.07331877916127, 7.275468626032554, 41.532405798190645, 49.89713190601896
10089, 13.990209322767988, 7.276078136974222, 35.45955760665008, 56.36117757203787
10090, 14.290042052724447, 6.618876682256048, 36.62647808949687, 51.19638302805471
10093, 14.095616651931484, 6.567269967333956, 33.37738587863163, 56.455142231947484
10094, 14.194339970167494, 6.761396577476436, 35.37678542111312, 54.92584687790729
10097, 14.353387189437997, 6.862503175639661, 37.79783275670736, 51.308832169201644
10117, 15.46525207157727, 6.682154878413948, 44.11653993826696, 44.475394614670385
10119, 14.087852277760511, 6.751748081199085, 35.080178957422206, 54.69763233298145
10120, 15.281957676269709, 8.03150308122156, 46.168775716171105, 47.71627461636002
10124, 13.865684454692103, 7.032469677713955, 34.5643361911253, 56.06951967571834
10126, 13.395584563495936, 6.6367560349207695, 29.66113660430639, 61.092481468408046
10128, 17.42654588873034, 6.706358895047232, 56.03287758684896, 34.88322604670958
10136, 15.423377195427992, 7.273074129467227, 44.30877831275273, 46.891158413002856
10144, 12.107646888141861, 6.127303775130511, 21.81051363157102, 68.90219410553799
10145, 10.649423781638076, 5.892548915753832, 16.562272626617318, 75.2949922495334
10150, 14.960258818851372, 7.495415113873167, 41.1976336628155, 50.739016746100916
10161, 13.448830739585825, 7.030510749572534, 31.811469984215616, 59.47317503691508
10165, 13.053377566151166, 6.732508663082307, 29.06502057613169, 62.05925925925926
10167, 13.231595163552166, 6.814803113671339, 30.187672922430746, 60.85369512317077
10168, 13.192446156773885, 6.901053249357885, 30.322269682716442, 60.489969584656045
10174, 16.57610647468968, 6.973576420489244, 49.408828074198894, 41.378538815978075
10176, 16.65045722844662, 6.857741795221835, 49.76075889503992, 40.73775280273736
10177, 16.618350994123713, 6.787462005451351, 49.090385799576985, 40.96945195577093
10180, 16.484323308551616, 6.869729712471953, 48.18600984728574, 42.14938595229009
10182, 16.734533888383577, 6.319555900285232, 50.862617549317676, 37.53329090951944
10198, 14.428427592005205, 7.342075703988614, 38.62776233955273, 53.21754664549424
10199, 17.241423942558892, 6.97705427360483, 53.889583871117196, 37.6733318771801
10200, 12.82270779799624, 7.258911951793765, 30.670315186629825, 61.66377862672028
10201, 15.94968863230365, 7.272117334066344, 47.055564608114715, 44.64852533811308
10202, 13.54605712767997, 7.495534561026285, 34.0404662968633, 58.643656679324806
10203, 16.804125513305642, 6.612318772307279, 51.21873506452127, 38.88734002442781
10204, 14.76463061917301, 7.063934515885611, 39.035507361930584, 51.7308510072822
10205, 11.445203984820123, 6.666970987151355, 23.171405828505726, 69.39260602308407
10206, 10.122491484537639, 6.363138874169674, 17.546260751521626, 76.32272924525154
10207, 11.382837307376985, 6.614849942766833, 22.644717520673932, 69.82544466894107
10208, 9.476343672090206, 5.542402757526991, 11.935778252454446, 82.34503645316245
1021, 16.748596703489003, 6.379981343088931, 48.789713284761454, 39.59345915823717
10215, 15.46655991772114, 7.149681866312594, 44.25353739532197, 46.60080029701745
10219, 14.15664091120201, 7.303112620489155, 37.30760536752769, 54.16640979799848
1022, 17.77257516776943, 6.2215351442277935, 57.556159706048824, 31.853061527469773
1023, 18.974803852653622, 5.845224745214581, 65.20798246191771, 25.13007724659635
1024, 18.29141007926336, 5.931211941686282, 60.49427466726151, 28.96033162316901
10243, 16.610010239381293, 6.202264773475993, 48.99322970740053, 38.13005395762353
10244, 15.569057460903823, 6.620880580946448, 44.0976569486675, 43.51338460621236
10245, 16.654521791699157, 6.210931339020504, 49.19584690553746, 37.89407864122848
10247, 15.606348836253577, 6.6190348517294355, 44.63278535653586, 43.11970761201438
10249, 16.12175461881276, 6.232215559669067, 45.98336084071541, 40.45269291656843
1025, 17.52398952267118, 6.333014760822555, 56.016945207392574, 33.87365578883665
10251, 12.175690824515632, 7.589454834191234, 29.171162984419073, 65.16726302038963
10252, 11.992428105411406, 7.614788012463081, 27.49379605955783, 67.02981651376146
10255, 11.925044463424877, 7.226607015910056, 25.799709616860717, 67.9699999075213
10257, 15.235712843456492, 7.29361680990181, 40.737185369227944, 51.25146463006621
10259, 12.643663947033083, 7.628700984461747, 30.44686113087373, 63.863197479418645
1026, 18.546928368417436, 5.71416064596731, 61.95563012677107, 26.826994780014914
10260, 13.663068698134124, 7.209788770941157, 33.64884534520476, 58.16685251232114
10262, 14.71543429399519, 7.445354075813231, 39.05535889381928, 53.17511758155923
10263, 16.73821374762409, 7.07431446493268, 49.393999092069315, 41.796503610309294
10265, 15.084597286708552, 7.166006986297337, 40.79271686411704, 50.56584771143092
10267, 16.265450284303306, 7.476150288789191, 48.96825299052641, 43.157207445825584
10268, 16.935718942629144, 6.978293014619875, 51.358855384769306, 39.75386770389085
10269, 18.600939443297346, 6.789364943509508, 61.86787026461725, 30.435799700017892
1027, 14.656813311439873, 6.669241441234062, 35.63147498353906, 52.636667472349785
10276, 13.207896221197903, 6.971666513126315, 30.487818089243735, 61.73179213294478
10277, 13.538438726680507, 7.044490081544119, 32.54513728143585, 59.473190650855265
10279, 13.924773478129746, 7.00838933791606, 36.13420860685631, 55.00260498072315
10281, 13.017837136413304, 6.874172133270347, 31.270833333333332, 60.02395833333334
10282, 14.265378395624976, 6.788413772056328, 37.69666238321815, 51.45347827596986
10285, 13.978145634646161, 7.04100656306835, 35.409403063919704, 56.59799260433175
10288, 14.539242925906416, 6.821284949751905, 36.32130690412617, 53.66646059952386
10291, 12.224029375407785, 6.737575464517901, 25.169879029924175, 66.23256352375991
10292, 11.180274444219842, 6.4452186948933115, 20.076853630871085, 72.58501354198013
10303, 17.625111008387147, 6.581119725902458, 55.60227756143853, 34.54955986779672
10306, 14.259233288869764, 7.368696704323705, 37.096631336541584, 55.584423252930236
1031, 12.153769457693349, 6.847761521967325, 25.77233840304182, 66.4448669201521
10311, 16.35222727467347, 6.581720580245538, 48.19244327726122, 40.99770506541746
10312, 16.433199924642196, 6.453731703768209, 47.64519886836412, 41.26191664883627
10315, 16.71821664440587, 6.396576571614726, 49.80104768156911, 39.021449337495476
10316, 15.964193804993494, 6.603215022123505, 44.953800801262275, 43.61425130026557
10318, 17.495102825776588, 6.315951161695453, 56.69512066603436, 32.08346506481189
10323, 14.295108644687424, 7.36631762225537, 38.07323256634896, 53.329482365777736
10324, 16.409524892211184, 7.020651499351822, 49.33066869686588, 41.42399441695216
10330, 14.981666409469083, 7.182080830020375, 40.825848417149196, 49.59497864709191
10334, 15.035450406658162, 7.1939646723129504, 41.30135577668444, 48.993055006248916
10337, 13.953411633986848, 6.840480461732631, 33.93233838692507, 57.003726120300456
10340, 13.433887960678275, 7.499982827046325, 32.83324760435122, 60.38273227791431
10349, 13.646656276069336, 7.363283538884112, 34.23619285559853, 58.298700362745336
10350, 16.618558435187868, 7.269796965997626, 50.72363178324465, 40.645484691910234
10354, 12.319343011124248, 6.7284955376431785, 25.99813862540306, 65.03906066389027
10356, 12.460515834317757, 6.905690240365876, 26.986642314854603, 64.91638017476006
10357, 11.870927868691279, 6.856919349070454, 23.799657771817046, 69.1485917772742
10363, 15.90522623085208, 6.929059447844902, 45.715664145286624, 44.587073763288934
10366, 15.787235052353145, 6.835440076270577, 43.862216737930574, 45.45967610793851
10370, 15.606124969943888, 7.676764480000379, 46.57764975833618, 46.1431430942733
10371, 12.755896847301296, 6.91718029760723, 27.564200162403573, 63.782734470158346
10372, 15.671294847735338, 7.173648743897069, 44.87444568381533, 46.94479963000245
10376, 14.448528615354439, 6.5581454669586865, 35.31761390905854, 52.730256537288476
10382, 16.920761859205687, 6.335573970184872, 51.10757294312395, 36.85001958628707
10386, 15.16613508179977, 6.704990940697804, 39.427018043015906, 49.43307463695649
10388, 16.380443208797008, 6.662789678460613, 48.46855463282635, 40.79733134272651
10394, 14.594207336302642, 7.005144895472514, 37.90435362235496, 52.38201042987283
10396, 15.39648022586447, 6.995834408306621, 42.48930074629505, 47.599004939930914
10401, 17.07632230198135, 6.7582374390307995, 50.73586149809897, 39.63129761353592
10405, 17.723173764446333, 7.103723225079146, 57.46960217211663, 34.896509660410025
10417, 16.04235985760082, 6.709097823882889, 45.70313898135223, 43.34979777372132
10422, 15.154913063628578, 7.147905548838424, 42.464888748619224, 48.33122928830677
10430, 14.108670660568377, 6.915123847972074, 35.353614322430595, 55.51896334372465
10437, 13.819808071184944, 7.791301188970101, 37.7450226766085, 55.79022215389345
10447, 17.151032169079162, 6.41045562183216, 52.65042291426374, 35.81194732795079
10455, 15.189689095390378, 7.0515683098323105, 41.825540929036165, 48.78007262823423
10456, 14.454292015111943, 6.628345433584284, 36.50077888005247, 52.24918695854171
10464, 15.15858729834822, 6.472364690898149, 39.01451633708066, 48.813788039649545
10477, 11.99799198605653, 7.1451064085753755, 26.37196486655857, 66.94949816474521
10478, 12.376657818542611, 7.21523538204009, 28.429673325832905, 65.0327890453168
10483, 11.750948780685498, 6.8654917403667115, 23.71674990649271, 69.94565576114937
10490, 14.56069821842102, 7.092096165305674, 38.34056761268781, 52.98497495826378
10491, 17.109947472844713, 6.933598105250522, 52.198381990854735, 39.04326415758002
10493, 16.343484001275556, 7.001795529000697, 47.97093274048512, 43.01688953777748
10495, 15.858830401670991, 6.944993970065016, 44.2064659122392, 46.399420326918566
10498, 15.246793015951354, 6.90339003656208, 40.62013379342992, 49.741507106997375
10504, 16.53439141449721, 7.045098453560709, 49.48831474527826, 41.675727175923335
10507, 15.394335879652639, 6.956202836308463, 41.34631525935874, 49.158253195520274
10515, 11.172734535802341, 6.4122485938268765, 20.76053442959918, 71.11290559389222
10522, 13.639555538257015, 6.789035353345172, 33.11639656611933, 56.140951810066156
10524, 14.489606945012637, 6.388134531494699, 35.66032098343862, 52.33267884582551
10532, 13.534901187388384, 6.609532553692735, 30.083358336485905, 60.319344613016426
10535, 14.959199044209049, 6.7557252443099705, 39.829524624220944, 50.054992056702915
10538, 16.134885302840733, 6.573653045997064, 46.50091736248923, 42.86703860411128
10541, 13.525401074400893, 6.619026207616985, 30.040469636008567, 60.23387684995647
10580, 15.127244137971594, 7.21221890840808, 42.11598454160265, 49.36909251757694
10584, 13.23873500204746, 6.559766332358933, 28.496735392976262, 61.20590848797826
10587, 14.95621651351969, 6.713520098644611, 40.2808850252486, 48.070970039539404
10588, 9.075848737238049, 5.95188811398857, 13.72955945708065, 81.29337101033029
10589, 13.407595522071404, 6.449821776273535, 28.63962740151368, 61.46516592276344
10593, 13.41192905328983, 6.58748233562839, 29.58602846054334, 60.03104786545925
10594, 11.579911684812235, 6.462541226788542, 21.65096130613372, 70.36519277898589
10604, 14.229215762470679, 7.058419495080631, 36.271695657997974, 53.264634403046486
10605, 14.455864598278048, 6.625332765650508, 36.37430731853793, 52.64788578603991
10608, 15.183556647015424, 6.703758069047319, 40.46682440376827, 48.47948208038786
10609, 14.40910509653805, 6.656961339954408, 36.34028407373829, 52.79128547487568
10611, 12.36341546225434, 6.776025119713416, 26.12592231658082, 66.43289711819574
10612, 15.470105332585566, 6.442557015382896, 40.851647454527644, 46.913539931859496
10614, 15.504828327968404, 6.958100862825365, 44.02291534054742, 46.23988360461944
10618, 15.148918161829824, 6.853463738554269, 39.463476481590746, 49.65039354263692
10628, 12.162004962170892, 6.666493318069322, 24.75141184215085, 65.73640993659703
10633, 17.07701811431038, 7.045089503347797, 53.481959176527226, 37.56547367192402
10634, 18.36473157113543, 6.233625926478425, 61.22995008319467, 28.69484193011647
10637, 16.50481105599089, 7.140561225448242, 50.60551034005252, 40.67827609181287
10649, 13.885814948256549, 7.152421068065232, 34.729311575996405, 56.82870064267013
10650, 14.889911604334836, 7.1502046888825825, 40.04269797851758, 50.710521048769095
10651, 14.97544425275023, 6.35397614182398, 38.17329866772426, 50.053614183522086
10653, 13.929304734645825, 7.150307985103745, 35.39890679430174, 55.994222436206066
10655, 14.713503762051324, 7.23560808842792, 41.10040070613949, 51.01437498248662
10678, 13.676021688539963, 6.89705383334658, 34.081812211110694, 56.6204443783536
10682, 10.159525050916901, 6.0417415820186235, 15.951904862134286, 77.50868238265627
10691, 14.798773267245389, 6.693087613127759, 37.96168550094259, 50.22169329443608
10692, 13.645313366091466, 6.926799506714289, 32.27807691489135, 59.56328346138293
10696, 11.38186210490119, 6.939886596724138, 22.12242790607622, 71.94978971485119
10700, 13.044729775809682, 6.940680021073433, 29.590051440005865, 62.05592398193838
10701, 17.361508548154227, 6.333868253120453, 53.384649793118875, 34.776531106720846
10702, 16.868541751853584, 6.71184762549753, 50.719043293975176, 38.93997880714502
10705, 15.926643261115041, 7.04198004597096, 47.39586396157993, 43.71851416250123
10706, 16.279963319960864, 6.383467856101473, 47.03412176019063, 40.27031777964413
10707, 16.013553507457317, 6.656621628626278, 46.3541504438561, 41.99242070290193
10708, 14.388378673296412, 6.918510444117922, 37.03792651161073, 52.71655797971587
10709, 16.09736094652167, 7.066577544022742, 47.55025467200783, 43.19998549910275
10712, 14.697475640945926, 6.568535547241214, 37.53835915258624, 51.4132805856472
10714, 14.427166037165696, 6.825873858227941, 37.05998779156878, 52.3704703945543
10715, 12.63398543968952, 6.989387667579268, 29.373738089334417, 62.53409372675428
10721, 13.745846967301372, 7.085517802820826, 34.22825565844919, 56.718225631450125
10722, 14.6712415704814, 7.012070057646863, 38.20371897041312, 51.990473573326
10724, 14.312414382131635, 6.859524193562534, 36.72264295906047, 53.28064976402152
10726, 13.658601384353936, 7.069371696206812, 32.27258904660539, 58.74182124954631
10733, 14.447818498459998, 7.245138824785191, 37.93290501940974, 53.69971690596871
10737, 14.076208849178657, 6.933524917192164, 34.34533227848101, 56.942246835443036
10739, 13.26582005378793, 6.742233657816507, 30.012648059206594, 60.771360691883025
10742, 16.43703076122311, 6.64712780367067, 47.09053232897426, 42.47990815154994
10765, 15.060794642870711, 6.941667303472527, 40.534590412696836, 50.33582924948382
10769, 16.28377849462904, 7.232790629153516, 47.98956196819852, 43.66407408159535
10772, 13.974075028513658, 7.210727701918146, 35.23887579824472, 55.933476761260806
10773, 16.234467449722555, 7.254308556701375, 48.02831958367791, 43.79450148254231
10776, 13.400078883532133, 6.906902233640606, 31.26334196302857, 58.92492165145116
10782, 16.916688354199795, 7.200538867787274, 52.33809668592278, 39.9523664741056
10786, 17.223712186483894, 6.879183032859849, 53.380038132399235, 37.60209284795814
10790, 15.477743166643238, 7.249561267354329, 42.77070955299095, 48.73083024854574
10791, 15.179692566892928, 7.096334195106347, 39.98082615715823, 51.232844456404735
10793, 14.16354790656139, 6.642151250484901, 34.49402003618871, 55.64896950439119
10794, 15.239267046218673, 7.067537431074069, 40.16905917070975, 50.91281948682038
10797, 14.568895983263731, 6.892254822583699, 37.29608100506282, 53.855709731858234
10798, 16.26744420118623, 6.977437144087043, 46.503677034928344, 44.08674174237033
10799, 14.313859257670842, 7.179047269640349, 35.643988724221494, 56.17612634147145
108, 16.913060916676827, 6.7377447962643675, 50.95536935105003, 39.13099370098985
10801, 14.176318889978905, 6.5373996994213925, 33.86742067232171, 55.58772047933217
10803, 17.71250603182879, 6.744006961546202, 56.242926798311956, 34.30991993400107
10806, 15.88310352529221, 6.458365974396208, 44.08440638135501, 43.77914794132254
10821, 18.947313559806567, 6.229165600375573, 64.82527999103282, 26.181380012516698
10822, 18.259754198626453, 6.7489495462995865, 61.43760285614079, 30.992185181521414
10823, 18.574433894112516, 6.6917652102602085, 61.866399887671996, 30.380335579893288
10830, 15.891642184875636, 7.448945123410272, 46.77088758589406, 45.41926378925085
10834, 12.845732109466653, 6.727892554023103, 27.370596610480867, 64.288798052634
10836, 17.502558913347038, 7.38719296442445, 55.1640127879604, 37.70392376566371
10841, 15.928434961201345, 7.42384290416701, 46.818089401376746, 45.365825321676496
10845, 15.938108813247457, 7.437256724495754, 46.95704977445349, 45.19605197208621
10849, 12.91311805379739, 6.914504317804632, 28.95705064316918, 63.172160694492305
10851, 17.56597493220758, 7.424717862735629, 55.70750335431933, 37.37021364433894
10853, 12.519900036410753, 7.140722568466881, 28.361003106420625, 64.68452344216091
10855, 17.579539120760984, 7.391519337332944, 55.737497991875706, 37.18013448695293
10865, 12.999787314048808, 7.024717172450472, 30.361671572471817, 61.76527504761516
10867, 16.965422816651635, 7.534439156523534, 51.18908338208163, 41.397426090086846
10869, 12.806218810010485, 7.114683215774083, 29.61864277195021, 62.957073101114204
10871, 17.016897327995313, 7.512524664273223, 51.52279896759392, 40.96931459707485
10874, 17.573001743943898, 7.118037322633264, 55.62846375526491, 36.46789329786448
10882, 15.991637995729377, 7.231023229453635, 46.282089744139206, 45.79636851955028
10884, 17.830731620618927, 6.93246315494838, 57.61165754029014, 34.24597098590818
10889, 17.177225440558317, 7.098771524911362, 54.52293668879421, 36.81979809989321
10890, 16.731270480403822, 7.160476387372192, 51.185420549326324, 40.359292413919526
10893, 16.391247121999758, 7.086352008763518, 48.937291897891235, 42.71550129485757
10895, 16.022758958371984, 5.945441806765994, 41.78218727139722, 43.81492318946598
10896, 13.12487966675171, 7.078946615901896, 30.391860201225505, 61.51940388834254
10905, 17.505916326908345, 7.074178546242161, 55.77025507486536, 36.22931092304354
10927, 12.101862623348255, 7.498198118028415, 28.350101773771446, 65.04565280604827
10929, 11.825222801892798, 7.199366818062952, 25.22422967985581, 68.13685520556176
10930, 18.13701164088662, 7.192518950196094, 59.6940864150054, 33.34904665616355
10931, 13.914925742823888, 7.155164334564047, 34.581714214900906, 57.31369442256115
10933, 17.231727002964092, 7.023897373415484, 53.44315394050905, 38.20434682612696
10941, 13.79390372987762, 6.701668537121095, 32.98919840818647, 56.61398521887436
10945, 11.964800550885009, 6.24212028540935, 21.752633632461958, 67.74014826375343
10946, 13.117268795278756, 7.144090415880369, 30.7042410870142, 61.07053582650226
10947, 9.563498301439523, 5.5990351535365255, 12.413415967918336, 81.68874306315065
10949, 15.718765599292999, 6.996380985227217, 44.72669214071722, 46.2605170155894
10956, 15.032600896734118, 7.041749843565151, 39.57693589991051, 51.468704486830795
10957, 14.762085840489888, 6.762040301254592, 37.451871521217384, 51.88581933309503
10959, 13.956939915103057, 6.927478519974642, 35.37810682178741, 54.59563769285721
10961, 18.214156399991264, 6.732890419791336, 59.72403898898687, 30.870500865015398
10967, 15.060242127234293, 6.724637411719802, 39.351486518339364, 49.258534285743565
10970, 17.11876350015524, 7.011178996195994, 53.41407236793224, 37.71878615477694
10972, 14.506748737655803, 6.5351905552858005, 34.935746321884935, 53.0960238881031
10973, 14.93996082970539, 6.7451630680845875, 38.57154035760397, 50.76750524929249
10975, 16.621711016221195, 6.577014267838057, 47.82253051074829, 40.73552988908157
10977, 15.518119678632326, 6.8212736624750185, 42.02784815803045, 47.01674925446759
10978, 15.765309261914574, 7.005827691957957, 44.51667228022904, 45.79431907488492
10980, 16.365352355537073, 7.11850508481335, 47.79288279784743, 43.87388602179536
10982, 14.858670703004798, 7.193332258783221, 39.337692686126594, 52.15849458838964
10985, 18.17102474553046, 6.65096845993314, 59.39301385184548, 30.78056439817603
10987, 9.393391358574211, 5.404475096304822, 11.489445455887418, 82.07941740884712
10989, 17.50300028688698, 6.948745736521289, 55.57012316249504, 36.23096278638591
1099, 15.847318794521362, 6.552611138192942, 44.19405946685945, 44.97085108673917
10993, 15.793408246421386, 7.2150974350301915, 44.9184702369886, 46.380647207427906
10995, 14.427383785146175, 7.0694172785171965, 37.89582130444135, 53.161475845984896
10997, 17.66893736373646, 6.560868408321953, 55.75868175535591, 35.559562888735314
11000, 18.808614146720736, 5.460752469367608, 63.03600620362996, 23.570650123653436
11009, 13.739826850792742, 7.289784882596986, 35.549506718724984, 55.769728171841706
1101, 16.176545667253425, 6.995495650912558, 46.65917572936314, 44.223283438340225
11012, 13.73834882309704, 7.316977640717178, 35.62272979129471, 55.8369759280921
11015, 14.0237633347394, 7.512236501921888, 37.297248857424506, 54.59718612778923
1102, 14.409494971865533, 7.576721424713912, 39.934530304533276, 52.79436563832953
11024, 14.21780302438845, 6.62834441762207, 35.67380810151924, 53.30890069261693
11032, 15.538308112070444, 7.132045782153464, 43.43709637283597, 47.25503904444787
11037, 14.22064037224709, 7.621393192442842, 38.161210363376426, 54.84073354109456
11038, 15.63068683228672, 6.998942142598612, 43.24579983137634, 47.42437640091304
11039, 16.043039390414382, 6.965290543069248, 45.53740673522888, 44.704577535793504
1104, 16.259213951610647, 7.06760666792997, 46.984994700730745, 43.42771079536852
11040, 15.61355896560718, 6.995721660142008, 42.98422068798205, 47.551224640391396
11041, 16.0508135296822, 6.979546437747903, 45.568041226572326, 44.997494913139946
11042, 15.650746889737375, 7.067734423596998, 44.45161063358233, 46.93528149442405
11043, 17.374809279424316, 7.325934063208247, 54.97761936339523, 37.11041114058355
11051, 16.819122025176352, 7.17763684589975, 52.09246860365452, 39.35008633218638
11057, 14.727821878027841, 7.702073107810298, 40.52232676224612, 50.61977299880526
11060, 14.466856017497772, 7.1539054464450205, 39.346520312965936, 52.142055862431306
1107, 17.841582959727578, 6.189137139699488, 57.16979745781392, 31.70997526389263
11071, 12.193745191137646, 6.894574622294642, 26.268266961281572, 66.20398734495053
11075, 12.509682060305972, 7.359199545604886, 29.831924171392306, 63.5965361229963
11078, 15.763252066180263, 6.747942885234395, 44.4769973869665, 45.51825164304379
11079, 11.689725583051434, 6.7575648944224405, 23.700677162204634, 68.58338809680276
1109, 13.055057354519105, 8.813416666507766, 38.56500566674554, 53.51275951826435
11090, 11.395272929313204, 6.699737907443355, 23.24213263561723, 69.61082530076969
11093, 13.156908501907562, 7.084441198242646, 31.21485004564563, 61.55848839699303
11096, 13.707288855109999, 6.822065210855481, 32.68470481033495, 58.43535515351038
1110, 17.927989080046355, 6.195408847020215, 58.881116621702404, 29.981745044506553
11100, 11.616018894391866, 6.9149972257845835, 24.547510052238223, 68.9277241287132
11103, 12.085284046073829, 5.695194325573385, 18.55100225764521, 70.87500855168639
11104, 11.205899859046832, 6.720380396491532, 22.24594856641581, 69.86356710836142
11108, 15.49062794909615, 8.398690921791363, 49.19558452234161, 45.30415125359638
11117, 16.033129767157515, 6.7436597715099325, 44.31189991271457, 46.14073735400474
11132, 12.279540537686458, 7.341721300574074, 29.16954196497887, 64.01923574570861
11133, 13.761120649873948, 6.8853305598246735, 33.38135270572013, 57.19518845888685
11136, 13.323172827344466, 6.692619374372406, 29.869579595717415, 59.70608904137903
11137, 13.40788717033739, 6.892261526486156, 30.522758606391694, 60.286724232655054
11156, 16.29075500758806, 7.463612413103858, 48.408289961957664, 43.53163582047752
11160, 14.959599477820566, 6.974226766939519, 39.60192840132432, 51.03293384189433
11163, 14.991847788804577, 7.047362902503155, 39.279806014458266, 51.35291318240534
11164, 15.143993917429519, 7.266145441172515, 42.272262026612076, 49.07947732922145
11165, 15.35725759349926, 7.18457473435998, 43.49214484240405, 47.7518676943092
11168, 16.019321064826563, 6.980320130650619, 46.80603948896632, 43.5922817020378
11175, 15.119209750569611, 7.280906646416505, 42.21788850858341, 49.02226113720183
11176, 15.965608246374664, 7.00241489973014, 46.635162682339235, 43.82363063563922
11190, 15.304987732030138, 7.1434328631747155, 42.22518243947643, 48.80458704969304
11192, 13.731631214490548, 6.915097146332235, 33.88742241563815, 57.18056645501891
11195, 15.71173404247275, 7.250789920719592, 44.86031857641237, 46.504583930551426
11198, 13.725589245263713, 6.277068125764703, 29.558541266794624, 57.095535880131266
11199, 16.760265889308926, 6.252886178398548, 49.43296285397379, 38.20313737917921
11200, 13.447578724951269, 7.611313441474862, 34.33239994929766, 58.95875825353476
11209, 14.998090837092802, 6.802705101520165, 40.926621419067985, 48.522155043198545
1121, 11.517411061303541, 6.645556583597134, 21.870098225843297, 70.6875809030686
11210, 16.451890658434188, 6.823532004206889, 48.8768448634969, 41.566818212358065
11215, 14.467023444724267, 7.165117487544159, 37.27367913318667, 53.788778955541694
11216, 12.069965856411265, 6.2588976138544234, 22.1305729158898, 67.56857539191266
11218, 15.42751907389027, 6.554907724653683, 41.44911950530986, 47.76717300712461
11224, 14.856814422326009, 6.448154791326118, 37.928192688653574, 50.89487023992785
11225, 14.685343817494312, 7.245778996014263, 39.770286785557495, 51.41257015389361
11226, 19.350276350158865, 6.317926978707394, 67.14093046426011, 25.13152618981082
11227, 17.204688497543852, 7.017172197235347, 53.311690806408244, 37.59076414768143
11229, 15.68417490171002, 6.552685023791237, 42.97948706299266, 44.72638059108153
11240, 18.269599785962487, 6.675704694903791, 59.99391883241583, 31.590065292536167
11243, 15.171386413431925, 6.477680065105054, 39.58904597414622, 51.0220433745237
11244, 18.772833804199816, 6.596694608836651, 62.857536321696614, 28.85629690835227
11249, 17.22227103640469, 6.608514275797248, 53.838830785733435, 36.35693215339233
11253, 14.568419101879087, 7.0987878359207945, 37.89511764971888, 53.38629203659878
11255, 17.625475649415378, 6.418402346815062, 56.06915689698179, 33.841045148416065
11258, 13.41619578219404, 7.3059961594393945, 32.49180959722489, 60.524886560731616
11269, 12.685186641928944, 7.191971954528734, 29.45502828772659, 63.24558365084864
11271, 16.8149642416655, 6.733108233917096, 51.29092223484457, 39.341113291335326
11272, 16.713951206764154, 7.58580611243799, 50.54248709468022, 42.22126054836017
11283, 14.05254611838431, 6.606362442965747, 34.233720841881315, 54.62350885191095
11286, 13.761594048099264, 6.664954613595837, 31.367658889782785, 59.32868508089747
11395, 17.50155699424429, 6.737841375318207, 55.15175432302504, 35.731326684365364
11396, 14.98521000895151, 6.932435254133697, 39.9996303347319, 50.152486923091146
11399, 14.486421935451807, 7.316368207918869, 40.63681849146133, 49.780366916445466
114, 15.048601742542518, 7.110211944714007, 40.490756189224264, 50.6109173028633
11400, 14.774811004328482, 6.997838352828959, 38.339932371896765, 52.60830611832028
11404, 16.43909759123577, 6.733540412561866, 47.81912712167114, 42.084165685483335
11407, 15.801447396124809, 6.951846778254982, 43.77450912943572, 46.75206736656714
11414, 15.988830133742857, 6.894075476186181, 45.65669553378966, 44.71630803363209
11417, 15.253148467594114, 7.367660480733826, 43.39116481973625, 48.65742365742366
11418, 16.87047910182942, 6.785617180868791, 50.82123542918805, 39.66899632357554
11421, 14.200537352239744, 6.94774270348351, 35.21998061031347, 55.583768062416326
11424, 12.92360849799299, 6.7530490471270825, 27.86685962373372, 63.156295224312586
11427, 11.745068404716804, 7.04392083131838, 25.31221250541944, 67.12595302801189
11430, 11.338534233309248, 6.8781263272107305, 23.196787679495017, 69.53748533469934
11434, 13.509300630178467, 7.48020943348201, 34.10285388253108, 58.594015734208185
11437, 13.559249898939218, 7.315294512954269, 33.72006326253954, 58.88499774062359
11438, 16.434871801370562, 6.554183318250647, 46.02121610467427, 42.011861453333744
11439, 17.475002388084903, 6.840366135073798, 54.87141148325358, 36.578947368421055
11443, 15.31832553534044, 7.720253807634434, 44.59145811952317, 48.92713349648694
11449, 18.20047185892871, 6.722419192250597, 59.7530470803792, 32.169202581056325
11454, 17.40591161730929, 7.4296465130966185, 56.56059657312006, 36.893038082768825
11456, 16.875552614041123, 7.54026003384459, 54.30544330540077, 39.29558892339104
11460, 18.184928231721152, 6.708703190330771, 59.39599968376946, 32.473713337022694
11463, 18.33827122403303, 6.701799733458716, 60.729407656379585, 31.380680082063815
11466, 16.30731941701849, 6.816429384029637, 49.44953401800565, 40.85592839982047
11470, 16.62898380620741, 7.034233211867375, 50.25956047759128, 40.9910884236027
11471, 16.918084265079777, 7.096025091053096, 52.627145028661424, 38.794571726828195
11474, 15.489829677075717, 7.501734186296924, 44.45770734719078, 48.37826713315497
11479, 12.787229449208635, 6.645528582525752, 27.011151783434066, 63.89716523367668
11480, 14.02878124281707, 7.020935078390809, 35.542328042328045, 55.1058201058201
11485, 17.014365375972343, 7.036186450195608, 52.59223394984023, 38.72954391401181
11489, 15.26858973564414, 7.1480994654120495, 41.55223880597015, 49.264925373134325
11497, 13.227639834204664, 7.086185585807912, 30.78646540304512, 61.183704842428895
11498, 12.27272694388079, 6.962860777112583, 27.03398986121499, 65.1840771212499
11501, 13.891836005621265, 6.583281526419417, 31.98120708348392, 57.67256956993133
11509, 14.416397922831356, 6.670098469414972, 35.25329910553127, 55.09472811626757
11510, 13.785274045568604, 6.755787058642894, 32.318863188348246, 58.27861529079744
11511, 15.188032911274364, 6.834308046334717, 39.46879003705796, 51.009106062902084
11512, 13.577985354171329, 6.673632832042918, 31.265220278946202, 59.68978304184193
11513, 13.945349359957412, 6.505429896681242, 30.783102655425814, 59.52091129044378
11514, 13.999227597801294, 6.863136284249513, 33.68455355203128, 57.04199124794389
11515, 13.626780025043171, 6.386139371922074, 28.799664172654765, 61.28602118675457
11516, 12.95686399007788, 6.931875273968115, 28.527283495995675, 63.36363402260964
11523, 15.394542580320168, 6.629445620540409, 41.279665446941976, 48.39728175640355
11526, 14.813278446021645, 7.172240931825178, 39.558758346559145, 52.16545847095326
11574, 14.036899989191072, 6.886479561478485, 34.36876262414992, 56.32432561641707
11575, 13.910567244571727, 6.789563895321136, 33.2736256206196, 57.39634300277701
11580, 21.06673600944806, 5.5929937699423515, 77.94323405956426, 16.23276034379372
11581, 21.43661328931768, 5.473080405451522, 80.00131716513135, 14.453417631901738
11604, 17.67047205921369, 6.89000100542585, 56.612972567529255, 34.631321862737025
11605, 18.657321529490225, 6.485438217895394, 62.84717886512424, 28.046344030396547
11613, 19.696979333097683, 6.614790996598083, 69.74254599281032, 24.179706773807006
11614, 19.557113520814664, 6.5827002210135985, 68.50673620165145, 24.72142546718818
11621, 18.35889920179281, 6.099523644641549, 62.030235350314356, 28.062587949754064
11622, 16.697690963792112, 6.586720192461949, 48.26240398588333, 39.58618780707218
11639, 13.68158376993131, 6.460637990749617, 31.047468040828463, 58.40650084233475
11645, 15.65801920806726, 6.971441455285639, 43.82073749543629, 45.57092004381161
11647, 13.783567458547676, 6.5530488286174675, 31.793013188362025, 57.46300211416491
11650, 13.509823234077608, 6.658538350315705, 30.796036984750785, 59.25699823215944
11669, 15.93000191632692, 6.332091457891473, 44.69081243094829, 43.21843858363324
11670, 16.222950112230503, 6.0629398968138615, 47.057408156792405, 39.312939529491544
11672, 16.026801923127653, 6.2861501244475395, 47.073537828842774, 40.61115468594323
11675, 17.033336443223735, 6.148540132024327, 52.67701912438755, 35.0324008218745
11676, 15.44598664924062, 6.865432849994087, 43.2469525959368, 47.13860045146727
11679, 16.87785079433207, 6.766670946164855, 50.76180277668188, 39.52920400533544
11681, 12.688294302057159, 6.433003783199382, 25.285032646911098, 65.86765444500251
11688, 14.25111341852944, 6.862541406537324, 36.493239643844646, 54.534385226148494
11691, 15.052484259632282, 7.348660065562901, 41.98412487722, 50.16591892537631
11693, 19.043246423457507, 6.614991792794858, 65.12683823529412, 27.702205882352942
11695, 17.623607405784, 7.0326763366398755, 56.80018363365087, 35.098894372393744
11697, 16.585752418057233, 6.301984891660301, 49.8041759173797, 37.50343003966373
11701, 18.107372085052173, 6.368450134075785, 60.0193218648716, 30.762278733482923
11702, 15.967519488529245, 7.275000628527452, 47.74096572628231, 44.4502416179083
11705, 15.886102867156985, 7.2787997090421435, 47.43513419655703, 44.63709877461924
11713, 15.920128382433841, 7.320077098296973, 47.712483234811984, 44.47369728279767
11717, 16.805589865601412, 6.329806585734164, 50.98289315726291, 36.30952380952381
11728, 14.544358288498213, 6.984405089938384, 37.35641277174773, 53.53469826904211
11729, 14.748536266859972, 7.06653212690237, 38.55819630932721, 52.350749543253315
11731, 12.677945167341027, 7.241490557127091, 28.724643884806543, 64.8656789771151
11732, 12.454654140850328, 6.532992441117878, 25.09039583861964, 66.41001649327582
11736, 9.589534122350097, 6.547134858235342, 15.916419450535276, 78.27077690356421
11737, 10.490341843883469, 6.6693120113168165, 18.30869077245889, 75.44039428097399
11738, 10.660547279973963, 6.792817061791446, 19.406087602078692, 74.64488987874289
11739, 9.65681174071362, 6.689261712234329, 16.204160411752092, 78.40446064765173
11740, 9.192626058124524, 6.257231408225621, 13.732881015202917, 81.09058927000879
11780, 13.389905751888273, 6.995970003867251, 31.193749699196253, 60.759950587971055
11781, 13.40537263292106, 6.6725462322830476, 30.65113069660948, 60.37857165260484
11783, 12.603503662106913, 7.049415602085902, 28.060134490614825, 65.13255918454225
11784, 12.843838130092202, 6.835104311511819, 28.07835238273687, 64.20039347948286
11786, 14.253569427587838, 6.940499753694608, 35.315604216278786, 55.878027722697134
11787, 11.89516606424707, 6.914194173623211, 25.22006217927108, 67.69487208300559
11808, 16.546767123168806, 6.918586381608174, 49.99586701714362, 40.620608705715085
11811, 16.79978563933722, 6.5531694018474305, 50.84209011083921, 38.93335252627033
11812, 16.79454043447336, 6.5762654613188705, 51.19249070739503, 38.65868298115445
11814, 16.566175996714453, 6.502726708116347, 48.324263287486474, 40.394899863557235
11816, 17.79197100432797, 6.499268872713791, 57.581136175385375, 33.20317122234055
11817, 14.793047479193302, 6.482193176833589, 36.8623646491832, 51.79476747824998
11818, 17.34997748897366, 6.435742694740012, 54.545310845201776, 34.8655612285222
11819, 16.843239525772468, 6.415230031321196, 50.38492082786341, 38.36404596359865
11824, 15.654102263811215, 6.665408788936222, 43.36901933660121, 44.94632063272487
11825, 16.595906605213848, 6.308801136403336, 47.866212546889955, 39.96829532434511
11826, 16.605052148773296, 6.318140993662073, 47.69506508498261, 39.909169615869494
11828, 17.710065985548823, 6.499278443118116, 57.0572834851817, 33.642266205885434
11829, 17.675711421703635, 6.4883185541200765, 56.85031274098192, 33.741753063147975
1183, 15.729604444748194, 7.128803072661601, 44.03664568345324, 45.467063848920866
1184, 12.39612582743802, 6.924345141969335, 27.864537380154108, 64.27268984177401
11859, 13.941837770191224, 6.444007879355358, 33.38796340476734, 55.61064664025061
11868, 12.276681016145085, 7.394467858063594, 28.84925341361798, 64.24596295958398
11888, 13.343804677319254, 6.961135925710312, 31.663694267515925, 59.882802547770694
11904, 15.450061972709632, 6.515558521030342, 40.64356710533622, 47.80942861902382
11906, 14.389248516509776, 6.426205315008975, 33.87172227009725, 53.62427674504493
11908, 15.446130720204188, 6.670647086044624, 41.1800346220427, 45.31015579919215
11909, 15.204697586840721, 6.756110237390664, 41.311535395512344, 48.39063786411573
11912, 17.89798787400594, 6.943723911901437, 57.27156821079473, 34.055815271284885
11913, 14.921359783026762, 6.640114711558742, 35.61146760228925, 52.97562667591617
11914, 18.780408034656087, 6.357434578625039, 61.22277105925548, 28.553719790306403
11916, 12.35848447864646, 7.275759271162762, 27.787844274176848, 66.63517291364673
11931, 16.526895687506066, 7.012020774683282, 49.62350492856104, 41.58788055092473
11943, 14.863143305482946, 7.543442077431367, 41.94727486668503, 50.757329194101594
11960, 15.966310461042527, 6.753073607367676, 45.492784511816126, 44.1445163228708
11962, 16.44920312088868, 7.246334968592949, 49.567763112499875, 41.86241362655127
11964, 15.740158115873083, 7.646397382457688, 47.24557450917283, 45.189571934341814
11966, 16.085335817057263, 7.438076238437743, 48.17532844088064, 43.55615989121958
11967, 18.70053309733801, 7.032837480748904, 62.52312979117103, 30.76923076923077
11972, 13.959408890166037, 6.966688594825211, 33.456342457401405, 58.128228989506795
11973, 16.12204473388459, 6.65828335414206, 46.176900996228966, 43.25153374233129
11974, 15.490255177196929, 7.163172205524717, 43.04719316457718, 48.25521041284037
11975, 18.605431696601034, 6.840740137631066, 62.81466463929718, 29.866838685895956
11977, 13.786055599032528, 7.103634266840766, 33.33227182981975, 58.66505318132603
11988, 16.82708979755797, 6.820566367418485, 50.86248032895071, 39.52078785725164
11993, 15.388665390485917, 6.56778120507463, 40.64889814018734, 48.721661613647676
11994, 12.738041795479239, 6.330222165308141, 26.569944961979036, 62.54302884147883
11995, 16.77796986211309, 6.948966609725814, 50.80928151592244, 40.257917361172034
11997, 15.19038207465854, 7.086534039103566, 42.092462008371356, 49.06670688940005
11998, 16.414654954856925, 7.000871144920545, 48.00254945255059, 43.217773326352685
11999, 15.743564916178205, 7.176469307076422, 44.35093673324314, 47.24483478181109
1200, 15.005551285362657, 7.3427074942084785, 40.55558170180723, 51.07421875
12000, 16.230345812175052, 6.128646782027252, 40.74051078273107, 42.46864522538185
12001, 15.115727145835146, 6.614146380910449, 38.98730830248546, 49.91627005111934
12002, 15.565632838209265, 6.619368377592479, 41.894008615063306, 46.95862158987077
12005, 18.376065162586105, 6.338612312447401, 61.593239650588686, 29.32396505886821
1201, 14.310536047353143, 7.138607886048017, 37.34091395675239, 54.53529033946285
12347, 15.784694574453752, 6.684943456377633, 43.67204166746747, 45.664123311103
12354, 16.59722871227971, 6.742718143813021, 49.53432676955828, 39.960085151676424
12355, 16.07668919227827, 7.023533939813696, 47.04210252745111, 42.751445650055224
124, 15.58452064274927, 6.831665396456042, 41.88631532144892, 47.39964708007392
1243, 11.875325422696525, 6.661265246382694, 23.685821651748014, 67.77676912683668
1246, 13.83237538390772, 6.5442839295132975, 32.63549735071184, 56.305927976690406
125, 15.616419456665133, 6.492060520947356, 41.0248244696177, 47.5167948076369
1259, 15.380785068958266, 6.421576053679235, 40.61648896864774, 46.17016784545551
1260, 16.270614653444326, 6.983091181817254, 49.87611250966322, 40.69951832543757
1261, 16.4928504585565, 7.161348269812968, 49.5569824173801, 41.5331860443708
12815, 14.38543004761863, 7.164522450518578, 37.58791965774781, 53.53672685084475
12871, 16.374121591668143, 6.9104613986472305, 49.267406500533156, 41.74532338111975
12880, 17.679441356622696, 6.452531623163589, 56.76013606693022, 32.99531120713432
12881, 16.91957083220061, 6.525589673409312, 49.544584001425264, 36.94771067165509
12882, 17.958608542114728, 6.54660184459919, 59.351206480973886, 31.74354556608453
12888, 12.085910096122095, 6.5212003891344335, 23.662441230732608, 66.59525084806285
12890, 11.394858625733495, 6.787697066065245, 22.80372997813769, 70.21259983045553
12894, 11.634032172961215, 6.7551700557307175, 23.929135635296774, 68.37809373354396
1290, 11.313396937424724, 7.067904636101885, 24.110232640379902, 70.05607618277804
1291, 10.291559195717442, 6.932150283066772, 20.485006210445377, 74.22960903767671
12915, 16.017236223838026, 6.9435537516687695, 45.80463682229519, 45.21101946023865
12945, 16.26896619126348, 7.15284140721378, 48.32926776461079, 42.362263824136484
12948, 11.260925945758407, 5.595432177778155, 15.045125927325994, 75.00984422498385
12949, 6.817461167480019, 4.001386142228641, 4.519335424803125, 93.35184710928996
12952, 16.971790232057806, 7.092386768035745, 53.19411824772797, 38.254875931788014
12955, 13.563140006900975, 6.512285221529908, 31.017269633177865, 58.0923568217152
12959, 10.800816190626799, 6.120341479502289, 17.101098731441216, 75.07140467797133
12962, 11.05267490613065, 6.803578305791992, 20.66147137953428, 72.35736153632062
12963, 10.611035839086416, 6.23371759264558, 16.57339325254828, 76.23816953649809
12964, 13.986279996967735, 7.010674953382209, 34.45889499685434, 56.5424560896874
12969, 15.247467760489542, 6.782228276684602, 39.68787409530713, 49.93245692069454
12974, 12.307518075815668, 6.876375915565299, 25.68892713482359, 66.07096399767856
12975, 11.585603999794278, 6.726216095769063, 21.95357924498173, 69.51935450540574
12976, 15.76355510710632, 6.807005134074048, 43.34459005896872, 46.08028420650411
12982, 14.791821789454014, 7.1222697134868325, 39.96692326912323, 50.67640724832534
12983, 14.757926000330322, 7.086006724942607, 38.7599107439586, 50.88899966766367
12985, 13.616266568833296, 6.847438462571698, 30.99098487292236, 60.107638240437346
12986, 11.30652276806458, 6.843979432426656, 22.083762949869886, 71.03255265871262
12998, 12.17550644363044, 6.995112887248801, 25.76805182179809, 65.9269693572867
12999, 11.415417038668322, 6.640218550867104, 21.02543906532767, 70.99496469661594
13000, 15.858334859345593, 6.750277433660316, 43.67490728018431, 45.51277415622385
13006, 14.88449490531383, 7.097470347314593, 40.15032254246316, 49.93785879150145
13008, 14.762692133096524, 7.081721210800429, 38.76182450476541, 50.88127425729647
13010, 13.634492626415485, 6.854170709472621, 31.075744478907136, 60.03118591210318
13024, 11.178013117949114, 6.4940139153756276, 20.739790981227017, 72.58563963615251
13031, 13.531921732486001, 6.749500161855959, 30.14495936745003, 61.35148986016545
13039, 10.564538325625579, 6.198578760237562, 16.321279619532405, 76.54123744856349
13040, 13.513254935978706, 7.150692203063841, 32.460533758420326, 58.482028076309966
13045, 15.34313817576678, 6.758777619522791, 39.99121603074389, 48.52374416689542
13052, 14.049343422424123, 6.819747749876368, 32.70790291071102, 57.47635310817838
13058, 13.52968343702081, 6.929049805304159, 30.663390663390665, 61.220077220077215
13067, 15.296320845137343, 6.918257440667305, 41.7667251743581, 48.86531322325603
13068, 15.593082458460264, 7.207109356507071, 45.59239690510854, 46.25325110823941
13076, 17.325542179861927, 6.639855089146779, 55.18470025113225, 35.562042542231
13082, 12.800557686723932, 6.508998616162265, 25.727921068153787, 64.9337766100059
13089, 16.88399747919564, 6.828191998342483, 52.39263045091089, 38.52114417607781
13092, 14.236293203340322, 7.6268721535070485, 37.76667268749875, 56.095089007967566
13097, 12.043013642635847, 6.400068466686305, 21.944070482779775, 70.0942383394966
13117, 13.71730092118342, 7.194698548716643, 34.62552599736324, 56.45373932202777
13132, 14.238240830420544, 6.5636471232172156, 35.221160979228486, 54.81964020771514
13143, 16.142605978888408, 6.353821123514958, 44.70657623120024, 41.82337862668148
13144, 14.785464691232491, 6.467250152878002, 37.81332338470865, 51.73129386527386
13162, 17.004136598166976, 6.785852562914207, 52.84150747203819, 37.4361777291936
132, 11.494680413025206, 6.378518446160751, 21.020953887689913, 71.9250578231
13203, 14.771102964712833, 6.888346569291502, 37.04822356254008, 53.43159577335205
13204, 15.12196253861528, 7.372736736809754, 41.378192852723686, 50.61524712999243
1321, 13.791993217422167, 7.217931780175733, 34.29084179238405, 57.027648477370875
13214, 14.314115183570872, 6.44126459996128, 32.784601094024154, 56.08731551243679
1322, 13.437848584195402, 6.983704051316845, 31.45753710229811, 59.25944309326451
1323, 15.207293476918236, 7.460118757406016, 43.56242674848888, 48.60344759471668
13240, 17.65825817503987, 6.364437563039241, 55.9092840450393, 32.98066709156575
13244, 17.14167262030681, 6.234385384196794, 51.190532769355066, 36.87800009505251
13255, 15.009854477481504, 6.997829388032087, 40.904089817454775, 49.543932707892154
13257, 12.243818758731038, 6.457863239213028, 23.68263398317566, 69.25937944634433
1326, 13.506297523624488, 6.989568460733621, 32.58250034232507, 59.31808845679858
1327, 12.053712906927064, 7.7005624728171815, 29.765222626028404, 64.8748076965954
13273, 15.681577791210076, 6.582948407064059, 43.71416248033694, 44.53620540924545
13275, 11.665443696832897, 6.457550101915538, 21.686213764107105, 71.54918549032291
1328, 14.041650610402675, 7.518379263601699, 38.401151702329244, 54.20014519324236
13280, 10.739790127029677, 5.820834091109914, 15.837278964151125, 74.83452507488646
13281, 11.524141694575134, 6.204683634689079, 20.310891989565132, 72.05322738912955
13288, 15.37204165360373, 6.758598366942795, 42.343929147073, 47.6180189760888
13294, 14.606996716671281, 7.006545302477397, 36.52103502065992, 54.073042070041325
13297, 20.467063122472226, 6.073920178183012, 76.86308717841891, 18.383501718570983
13298, 16.475566581838464, 6.757199592322508, 48.06892453951278, 40.98797303665458
13299, 16.589998881465906, 6.781177931777634, 49.45340756695249, 40.01300442963384
133, 11.776688677100665, 6.84862606400854, 23.84859432873884, 69.87825611755419
1330, 13.065737559119214, 7.474488806397093, 32.426932623716986, 60.704622196381855
13300, 14.290332848694959, 6.732351184286369, 34.52640768223483, 55.80259711916193
13302, 17.48994229104991, 6.984742683068731, 55.26604434967363, 36.57045553910702
1331, 14.219627876326035, 6.61195625491694, 35.58595755127547, 54.19242529069118
13312, 16.978435600300212, 6.956065381893573, 51.723741998449924, 39.256394063782764
1332, 14.950542398391136, 6.419352047998222, 36.705607766701014, 48.28737786937144
13320, 17.861046037915944, 6.66593613503806, 58.35432916434078, 32.5151245417377
13332, 15.814654494652318, 6.657897883909155, 42.866702980312816, 47.02046533343709
13333, 15.53352279041319, 6.924604401073518, 41.34673245877964, 48.83138765194367
13335, 15.089365053012314, 6.867241356672329, 40.69829391284955, 49.732997980448765
13343, 12.962430028517693, 7.429634970589443, 31.01391650099404, 62.33319040008316
13344, 14.899096486281923, 6.483041978097492, 37.17273318382675, 50.94812829257288
13345, 13.912284107150803, 6.700263120699108, 32.942080440888134, 56.07148534788829
13346, 12.150521382654006, 5.926631957465786, 19.16891344105281, 65.19919304662606
13366, 15.897788260918563, 6.85129350029675, 46.00997506234414, 43.8824812967581
13369, 15.244003753146487, 6.389024415446056, 40.24469545531177, 47.82880951807519
13370, 15.195526279005403, 6.327689060748099, 39.84639544584581, 47.83334151248957
13372, 14.73940345787968, 6.336119456111129, 36.717621733562225, 50.816098531295125
13374, 14.786659671988524, 7.526287641037871, 40.181268882175225, 52.40457521718175
13388, 18.46098175380581, 6.345574755469631, 63.040529317313556, 28.55185205691822
13389, 15.544569978860578, 7.279427039171949, 45.53347405312836, 46.580907244414355
1339, 14.2004001584202, 6.022459364772975, 28.549442093112738, 57.81861802050562
13390, 15.2080018095127, 6.999900985036867, 42.977391021470396, 46.36467143786597
13408, 13.966858491665157, 7.16946184307723, 35.38149898717083, 56.13324330407382
13413, 13.989745598155094, 7.144824923870231, 35.38980805998526, 56.1197568973436
13419, 13.600232123463371, 6.999701100999164, 32.364598532198, 59.72908817700734
13425, 12.754842333679026, 6.9691823532080965, 28.678594524682044, 64.1064884673421
13431, 13.182247824416992, 6.895738015886756, 29.4984243697479, 60.95850840336134
13432, 13.504104724684089, 6.99802204770572, 31.882515276956436, 59.88172678888232
13433, 12.58048330052187, 6.700602865773489, 26.39992607651081, 64.57524795170332
13439, 11.502064159573568, 6.306937904658611, 20.255214850110555, 71.44130401247793
13444, 10.944331257289344, 5.7421700184434705, 16.113565595980564, 76.44919216320231
13485, 11.393496325224406, 7.270113263508833, 27.02570777741621, 66.30328669053043
13488, 17.075530343664045, 6.784685902041499, 52.29204949160847, 38.19306627465392
13491, 10.541741510070713, 7.233314304661146, 21.607550531766805, 72.08085082688346
13528, 12.75323979411973, 6.893701036255632, 28.623036892482112, 62.897267911904095
13533, 11.090550729174065, 7.542366562215077, 25.64677594617714, 69.30270732665942
13539, 15.177076861594962, 6.1538107956415224, 36.78235316962032, 48.9973980245699
13540, 15.985624547925473, 6.4582315564559245, 44.28412035023355, 43.72813404186917
13541, 13.598084259627036, 6.880249674508209, 32.36019928295386, 59.44382362527355
13544, 12.327252145104058, 6.143503079309242, 23.366075768040314, 67.03629805847594
13548, 16.141745664404002, 6.802224051639877, 45.95440494590417, 43.991499227202475
1355, 12.926999790116295, 6.232749218631306, 25.472370526768785, 62.90025417232614
13551, 16.123572385548098, 6.810441098123938, 45.88390433758386, 44.06206790597634
13554, 14.17564984467222, 6.854666219083983, 33.991173699608275, 56.214608023007884
13557, 13.891012460069579, 7.261249602639054, 34.27742396603407, 57.203358189052814
13558, 14.920358760222006, 7.006081462143896, 40.13233797081778, 50.402952154733626
1356, 15.532221106951782, 6.334886130916335, 40.29974797576277, 45.889860046115075
13566, 13.903809414493779, 6.710656815867689, 31.197481724290434, 60.95111735476989
13568, 14.977952297424174, 7.380440594354419, 42.260904406281654, 49.26265178243497
13569, 14.64718297359701, 6.638340754204644, 36.75696509195023, 52.88514480784055
1357, 12.775296757434011, 6.696036447416081, 27.496801044345926, 65.03896909614963
13577, 15.343991564128215, 6.510489111560736, 40.0658333512618, 49.166326025687916
13579, 15.264002731357762, 6.450911152777586, 38.20777032874468, 49.407474931631725
13594, 14.805372749230402, 7.230275961777803, 37.941812442996074, 53.405888441397394
13595, 16.827356966233157, 6.814215698797419, 47.93970074868951, 42.229680431927626
13597, 13.374747301339587, 6.90543178352789, 30.987504118824933, 60.78245000380199
13599, 14.041416103341072, 6.774794549147951, 33.43953473670902, 57.50173841582906
136, 13.093652994436752, 7.046734697036915, 29.817757079321343, 62.36616301531919
1360, 13.884270685883484, 6.237054192523208, 28.931051788055882, 59.50041281507503
13600, 14.132539653966354, 6.659342535973566, 32.74654390975093, 58.15182643536081
1361, 11.702978447782739, 6.491639189790976, 24.959460502947156, 66.45774883529381
13617, 16.724839663100923, 6.750575300406388, 49.940819217261385, 40.36129382773541
13618, 16.55645504972908, 6.525209376120034, 48.821846908199404, 40.486243530373194
13620, 14.455644102308417, 7.035309001824037, 37.01517789516137, 53.62921867776237
13625, 15.741096459226679, 6.950480766516357, 44.55226450835199, 45.668159118305496
13628, 18.986696097879765, 6.885682986354279, 65.92961086057, 27.367148635454924
13629, 11.116521219248172, 7.438887542045421, 25.22032056506384, 69.89296386851399
1363, 11.775457298209576, 6.539754013826228, 25.608178382080617, 65.73653636386697
13638, 15.612857758110954, 6.987180086832175, 43.68035998530672, 47.02767233990449
13644, 11.6532064137361, 7.3288357130717445, 25.738823709838204, 68.84748102139406
13647, 12.482266498194223, 7.375892662182646, 28.905941346299958, 64.40358608114268
13650, 12.274503967063334, 7.394031276445007, 28.202868603379116, 65.4886349823751
13653, 11.937805773786682, 7.4331987381229245, 26.8938934077941, 67.46236493869127
1366, 14.406265128505506, 6.393728586339705, 35.53273370027297, 52.87063140466282
13661, 12.071339600725052, 6.822514949947815, 25.28115917610884, 67.3160355503138
13662, 13.03064498374334, 6.7651905509007575, 29.205673472681788, 62.22258090549593
13664, 12.722309670855086, 6.186808578878127, 24.484551250613045, 66.03040706228543
13666, 14.703982701973564, 6.773942531326594, 37.80199491139982, 52.68389885844235
1367, 11.705277642122084, 7.137701195836802, 25.089553329921777, 69.00845578380486
1368, 14.6579335365173, 6.6691875794704325, 36.3602599814299, 52.33673785205819
13680, 12.3140325495319, 6.611908646593729, 25.103769194974408, 67.54118194509074
13688, 14.46934585282827, 7.184921125422294, 37.28899184307154, 53.971265925725135
1369, 8.704536593228369, 5.348431709036992, 9.663478750063929, 86.37293509947322
13694, 15.707380725887718, 6.7487073199249386, 42.260903506407814, 45.10097302119829
13697, 17.06482790867556, 6.671969870933621, 52.6657394529439, 37.53725412278959
13698, 16.109801078797545, 7.030434028368059, 47.69328563162656, 42.57132844906973
13699, 16.580331373411337, 6.172342128537059, 46.62572603058898, 39.97120841446569
1371, 11.121521097178872, 6.468158355633722, 20.525579225625876, 72.2127196392474
13716, 13.206701833605129, 6.690127694331857, 28.61858503657994, 62.3152477061748
13717, 14.38312984704769, 6.575457777745983, 34.00269560126884, 54.583202864416705
13719, 14.290300012142014, 5.852396312667504, 29.391105172742886, 52.773430043901506
1372, 13.546968986206783, 6.837219670103212, 30.875970220180584, 60.015840329478856
13720, 13.643161286321526, 6.947923388673181, 31.839215202369196, 58.2675222112537
13723, 13.51840256466037, 6.106148887499498, 27.031948796229344, 60.75627326531159
1373, 12.922561781717134, 6.253919232161092, 25.731577073691703, 63.74866500533998
1374, 16.079951562313227, 7.160895678219738, 48.140093207174125, 43.81019629995763
13749, 15.797694614912132, 6.910452530222464, 45.1034600695434, 45.31722054380665
13753, 16.35960658371961, 6.758274388757335, 47.71038582200451, 42.4073972150366
13754, 16.0794459512049, 7.036701309646837, 47.143512150389725, 43.666513831575735
13757, 15.76250978565645, 7.1478144530616134, 45.225792643776565, 45.942764545815876
13760, 16.171223058100157, 7.103391910059101, 47.64494071433767, 43.6422492180112
13763, 16.376866765478976, 7.0082968428606085, 48.47083679689665, 42.458090883901356
13767, 13.005784470770397, 7.139980432438484, 29.66034668365666, 63.43124546872597
13779, 14.492691787974795, 7.262757615476265, 38.32307549562366, 52.40311755791297
13783, 14.046487846196243, 6.986166423832534, 34.46580102697755, 55.83220862226773
13784, 13.994279395682273, 7.171003059619164, 34.99280080130212, 55.46200075122073
13787, 15.768430019821809, 6.994934578880429, 44.326221442295946, 46.359829847729266
1379, 14.975031408954198, 6.616198545939894, 38.520607050932895, 50.77803765766343
13791, 15.73668929328613, 7.001876407887366, 44.19751253803824, 46.465492562000996
13795, 15.809673670327975, 6.958886275881642, 44.408457923032465, 46.19360748519645
13799, 15.797456897098824, 6.984016613060239, 44.4175027250684, 46.217160145040374
13803, 15.020766404601842, 6.961257415120228, 39.87006099177937, 51.11376292760541
13807, 15.523877900422116, 7.318557792558673, 42.916737252244616, 48.604523123835335
13810, 14.942324801001238, 6.992360420346778, 39.593357131770915, 51.368040619941915
13817, 14.930330556356578, 7.035482626578074, 39.780559384588024, 51.215038463248696
13832, 15.424971328496978, 7.330825285807537, 42.45887042062415, 49.06504409769335
13835, 15.631807890741426, 7.640646882098691, 44.87205854628344, 47.86278643289287
13841, 15.411623055397211, 7.337034236429969, 42.86311616310223, 48.12692611462995
13856, 14.074758673713774, 6.853834044462612, 34.1456024930748, 56.097068328716524
13858, 13.915739071902443, 6.795410296232055, 33.351076340319125, 56.86963841402275
13859, 15.325027968808532, 7.307035731156115, 43.59365171529491, 47.416170706924085
13875, 14.103390457058472, 6.799639295939001, 34.0465170436352, 56.216342095304626
13877, 14.008799560721942, 6.712994253743173, 33.47487440287361, 56.57980817893424
13879, 12.042956062187082, 6.936237124988472, 25.141515946431035, 68.33724515624282
13881, 13.077726089530698, 6.821569932096492, 28.53306736228326, 63.085008439466016
13891, 15.438833784568079, 7.620096414314468, 44.61832843572747, 47.466343196883756
13892, 16.547084477016398, 7.187892907555946, 49.709098974595214, 41.635529166879934
13893, 15.402719657727202, 7.325813562567008, 43.3124839345386, 48.22894353525833
13894, 16.511921091368215, 7.33069108747399, 49.93987907104576, 41.8682149237323
13895, 15.272873440862965, 7.571841481142531, 43.307267050499846, 48.027842227378194
13896, 15.859104236850875, 7.230632670106795, 45.310386642414066, 46.06874679352642
139, 12.744663771384046, 6.874854774663694, 27.052680902336167, 64.85708548095589
13945, 12.159672298283773, 6.200304172037966, 23.36764232872306, 67.9017905006969
13948, 11.357012171588474, 5.799003490729117, 17.868788544694123, 73.90302686609485
13951, 12.218416526286713, 6.210319652898272, 23.630088972768938, 67.60312752763548
13963, 13.74171737813601, 6.534831062773355, 30.365620657711904, 59.33012968967114
13964, 13.728387093898148, 6.544732722416862, 30.35755645628257, 59.36160972785176
13976, 15.269058700282647, 7.619796077384464, 43.669320228217515, 48.36158001918643
13977, 16.6295517249773, 7.11556854918929, 50.570835933152324, 40.53188080743351
13978, 19.639956202335583, 5.892436562777915, 68.91880521665965, 22.268966484364043
13979, 16.446311909027955, 7.155117722043664, 48.89812749273305, 42.48800108159265
13980, 15.907074610350941, 7.156422853149511, 46.00503355704698, 45.02348993288591
13981, 18.99765897600413, 6.2738537222196555, 65.43667111462106, 25.386018899267448
13987, 12.853439090616193, 6.371762748278263, 25.89570614718867, 64.52726822374076
14006, 18.358942107590316, 6.857014436810977, 60.83692685970811, 31.701887881977107
14007, 18.347369845789387, 6.87065822589861, 60.811148432945615, 31.763040279821226
14008, 16.747708167543667, 7.3882888352530784, 51.62016201620162, 40.81620928050252
14011, 14.956588164953903, 6.977354058071111, 40.305665282633115, 48.80169617729091
14014, 13.922041653011282, 6.791700409099679, 33.65201894390674, 57.25707196518417
14016, 11.528971109438638, 6.207218955933526, 21.09525116662092, 70.6812151157471
14017, 14.338303833768936, 6.7623278164424185, 35.53809042097891, 54.729852410966714
14018, 15.67576686944891, 6.954183646078247, 44.0753511058784, 46.40123983324723
14020, 16.95680060477548, 6.9572940889170445, 51.65291041873731, 39.089350791524424
14021, 14.63787716842471, 7.665010120463239, 38.916997426614905, 53.83608845466045
14022, 13.73771308138722, 6.62681168471388, 31.51166897601, 58.478006900861246
14025, 15.646241751419357, 6.827094935849437, 43.21989528795812, 46.05340314136125
14032, 15.555127725327521, 6.423594316639557, 40.64843988210184, 48.380933021648545
14046, 17.041349869840847, 6.6249887322585295, 52.28656053313587, 37.71566086634579
14047, 17.46764718070517, 6.828160686979019, 54.91686814208666, 36.48874837269853
14050, 15.779364420078764, 6.760158162818321, 43.5212672337929, 45.16397770607216
14053, 17.379105583263943, 6.795331033306276, 54.42553477232539, 36.75547829201143
14056, 16.999362616238795, 6.61521601843355, 52.095768423706325, 37.876574699518784
14058, 17.005771012856194, 6.612790184582132, 52.12823415384843, 37.8324787842467
14059, 17.30783805128518, 6.554745455155594, 54.018338081444064, 36.02619041919034
14060, 17.26815609969074, 6.561532390645994, 53.97319060706881, 36.17459858238102
14061, 17.148662907848028, 6.532250522229681, 53.171911085450354, 36.6844688221709
14062, 17.28310943880805, 6.634995418467186, 54.49849124924563, 36.018105009052505
14063, 16.08514967170065, 6.784380023278633, 46.904986990822465, 42.31621922346504
14081, 13.502821951693171, 7.146037877961285, 32.26865245650679, 59.42709617155979
14086, 17.316335418179776, 6.7491468533294645, 54.16089385474861, 36.890875232774675
14102, 15.295839497233484, 7.115811348875743, 43.12218301247336, 47.42671465008211
14103, 15.194071071377452, 7.152908659375709, 42.64313171350905, 47.969631288394986
14107, 12.48380226379814, 6.402129673982842, 24.79889166964605, 66.35383148611608
14108, 15.763409938950383, 6.957393259102014, 45.37777711817871, 44.885056618334545
14112, 12.099285560622947, 6.983230082883204, 26.610559279737732, 65.0937025982287
14113, 14.97748469358084, 6.210298847301744, 36.52677591343892, 49.713815273639646
14114, 14.460633063851185, 6.359452774700907, 34.19226567190622, 54.35289717418479
14115, 15.988271991768116, 6.1044506507811, 43.64510727775398, 43.73077372376465
14116, 13.796421210272033, 7.4864117218635275, 37.00944563139548, 55.7114209678024
14119, 14.823318134616962, 6.457228891359505, 35.91133705428561, 51.22826975719009
14123, 12.378578657892083, 6.389075934751584, 23.858263937219515, 67.38822625932947
14128, 16.332519486647122, 7.1232310595963195, 49.18721213763208, 41.86128420482254
14131, 15.38751244653901, 7.254432483976741, 44.42648160561492, 47.09067728664748
14134, 12.5101331478656, 7.021561071246001, 28.172962365968186, 64.43105099633237
14136, 12.535357067993244, 7.060173758566635, 28.424388212980524, 64.08382291714854
14139, 17.150235940015463, 6.662186997172038, 53.42971785236609, 36.654990128017324
14140, 14.777531514133372, 6.914189825553479, 38.94766799477685, 50.59095322596846
14144, 17.212431631559806, 6.91010074486584, 53.58288078613913, 37.553659167313164
14147, 13.08951489571531, 7.320811560824917, 31.255607081032586, 61.586282710605126
14151, 16.962287290100626, 6.67434946404719, 51.6231633980195, 38.83873958561366
14153, 16.796740465710734, 7.11813124818003, 51.10943572812, 40.317947251433104
14161, 14.968413858530106, 6.794485811503109, 39.06845535501101, 51.0412889875399
14166, 14.954762445126299, 6.772593461044178, 39.38776895404874, 49.1634426118238
14170, 14.659930347989183, 6.770062648305128, 36.108977584730425, 53.906118953659806
14175, 14.181126702769344, 6.780908991284886, 34.21615547879646, 55.629447750634654
14176, 16.207511424052495, 7.347750958316392, 47.87513255567338, 44.41675503711559
14177, 14.472871034838061, 6.709264711660385, 34.99774454353031, 55.394010895589716
14183, 16.02947934055788, 7.336851535484262, 46.745202533716665, 45.18149732370334
14187, 14.098200047295183, 6.820157538769663, 34.269479340643386, 56.38751724638733
14193, 14.937518010201767, 7.12668533165483, 40.38344285617506, 50.52164487500846
14197, 11.618863769997311, 7.2388078591211835, 25.91940566519374, 67.86613383095963
14201, 12.204860807580298, 7.226895130047172, 27.738047126214617, 65.38103354360317
14205, 10.950902457049912, 6.797197547413199, 21.077251908396946, 72.77923664122137
14255, 15.823417038228008, 7.48743313686266, 47.32980523454657, 45.06894193037405
14270, 12.529354399093062, 6.884024610822202, 26.775261770947505, 63.89659756069121
14271, 11.585878660737238, 6.602459114147402, 21.305473540767657, 70.49829661594367
14272, 15.257364862692347, 6.789635570704709, 40.21169709527347, 49.58559756049885
14274, 15.783397046537214, 6.795604036602774, 43.817867719644624, 45.8220220467259
14278, 14.78897335597389, 7.054849722930615, 39.00409425234604, 50.813415620961614
14279, 14.838001436560395, 7.101376960803539, 40.34699798773925, 50.320557817399035
14281, 13.66824739603601, 6.890223751021983, 31.542781631978855, 59.66468450611166
14282, 10.348073210628524, 5.984399281638551, 15.860944286767129, 78.17101281106424
14289, 16.589036752008695, 6.8992454665434435, 50.55405044010093, 39.759078171691684
14290, 15.696706225195157, 6.953917876597, 45.08313704558904, 45.30707912233271
14294, 13.160461631053103, 6.715069129826022, 29.79169540626293, 60.78355635260036
14307, 11.506010579755753, 6.939293661017431, 22.62874690495622, 70.43697176766769
14308, 12.09610563188614, 7.0371564706339305, 25.593882199804753, 67.60928517192754
14314, 15.608034937034354, 6.714800921083326, 42.79178567274513, 46.53708466340127
14315, 15.608463680458684, 6.675674068501592, 42.53595614317962, 46.75524024508223
14316, 15.356171710028162, 6.721005948598018, 41.54969822839859, 47.685488479712305
14317, 14.734079215578435, 6.782482632293504, 38.046210273500776, 52.34681908733779
14319, 17.13617446958311, 7.079097088853241, 54.335462566086825, 37.11202655147684
14332, 15.85406392126374, 6.793224661065543, 45.14929228226056, 43.88710954988463
14333, 14.993741962200833, 7.091339406637914, 40.778822637869865, 49.97933243773897
14336, 15.72109717750459, 7.052496339691415, 45.116822188465555, 45.828812350807574
14342, 14.193784999778632, 6.822773962933029, 35.259893975260894, 54.59940652818991
14349, 14.405766209055107, 7.239515771670958, 37.96023645581951, 53.62211348993734
14351, 12.584754718679703, 6.9549557736006875, 26.43491758273581, 65.59557043403723
14370, 16.368462566896746, 6.9570075141679775, 48.38641568270777, 42.34461028731059
14373, 19.66765525814455, 5.405035272374931, 70.52885253989639, 19.53927019488036
14377, 16.45499487779115, 6.952227701485865, 48.89350599149594, 41.82450715114032
14379, 19.707935717953408, 5.381129391041155, 70.74529352895637, 19.25829415207991
14387, 14.499196570025344, 6.663934054261348, 36.79099068963595, 53.79717901544294
14389, 14.061757132486239, 6.587970603763165, 34.07490907544079, 55.59903864559628
14392, 11.905829801986894, 6.350260143570519, 22.720232449241777, 68.87389388500006
14395, 11.256429237509622, 6.407977759195162, 20.80643549515339, 71.24013190766463
14397, 14.809351268823262, 7.176240523687914, 38.64047857008357, 51.57374817132345
14402, 14.658801228301602, 6.683887605974503, 34.02083452360547, 54.402102496714846
14404, 14.148759978474128, 7.084604176470658, 35.22582880905625, 55.937391706133766
14409, 14.282314903984174, 7.083372732447185, 35.942190449664224, 55.01810416860087
14414, 14.310996714756971, 7.13200521801553, 36.26813979448722, 55.02475885164725
1442, 14.714530733526685, 7.1278636620321825, 39.70095142294313, 50.84873632591474
14425, 13.944774137219262, 7.188327997317686, 35.34934369297781, 57.09380579590716
14429, 15.920249482442198, 6.878714795916068, 46.34944203419716, 43.88557640999466
14433, 12.797904309597792, 7.137032487270324, 30.8353146298938, 61.347281661119034
14435, 13.855308208120825, 7.10531677126543, 34.89769333699611, 56.67408083511303
14437, 17.309393805504588, 6.672175748248322, 54.01455227664537, 36.61900415779333
14439, 11.717515038464592, 6.89740586224554, 23.462700396691343, 68.2791703263293
14440, 11.217817548427279, 6.544251803954694, 19.963268545692824, 71.85890691621906
14441, 15.565444470729695, 6.905607177263892, 42.5684438408202, 47.72636760035537
14443, 15.89640631672216, 6.772277877550752, 43.77550800060463, 45.57213500615431
1445, 14.404848147108611, 5.885888282010677, 30.353519827851215, 56.87365508761144
14451, 17.520939821640837, 6.241042160879726, 56.50452637968804, 33.28142732719259
14477, 14.07414386181512, 7.050236943116, 35.23217583899818, 56.40888085037897
14478, 14.420768733729462, 6.908678604225806, 35.94382848296245, 54.71796956854895
1448, 12.55661530647772, 7.4766442935091995, 29.323831620815376, 64.02055021544581
14489, 15.307554524284878, 6.594382064962416, 40.03053485786355, 48.10401765711346
1449, 13.494722829147067, 5.932643912504903, 25.583512914681155, 61.8478161896379
14496, 13.676063073017279, 6.6153892249462976, 32.01337076565112, 58.25677550440776
14504, 16.040525241846733, 7.049376017817014, 46.80698779775968, 43.987825555215835
1451, 14.286776610356041, 7.028578021922327, 36.431599229287094, 55.17790622992935
14513, 11.971031900071234, 6.951094443203964, 23.96263492153903, 68.47036710050408
14521, 11.362460759135208, 6.86138735975249, 22.33704292527822, 71.50442297501121
14522, 12.459645129768118, 7.088762353931228, 27.117994477146983, 65.86739256478542
14525, 12.983201314593018, 6.770395057476322, 27.881088796812115, 63.83398425883706
14529, 15.068877416335596, 7.0440047189813315, 41.37289819852616, 49.30292505829455
1453, 10.653665319204219, 5.177182091779653, 12.385105669238511, 80.37906742703791
14531, 16.86844541967376, 6.504813293527483, 50.43019575665221, 37.557144531707884
14533, 14.591154147732125, 7.344510965481877, 39.59511888505972, 52.67355918243493
14547, 17.52640705582945, 6.666823682819127, 56.12480691998765, 34.52085264133457
14549, 15.252704254149384, 6.516759063574354, 40.507598069716956, 47.81391297133612
14550, 14.551299390571808, 6.745853994101211, 36.93848313176783, 52.92603285650912
14552, 14.753558673048392, 6.9047115607540075, 38.56214424036148, 51.61228801126695
1457, 10.4542763239823, 5.243418752781328, 12.532084188911705, 80.64681724845995
14571, 10.209300108552828, 6.503917405470971, 16.12465129936867, 77.29897714481476
14572, 14.713161672601139, 6.9230810725857195, 38.45874062286883, 51.825414867015226
1461, 14.092676505874849, 6.1509682587596775, 31.447637570839344, 57.382381543207806
1464, 11.839238268194002, 6.969843467516009, 24.402838497117152, 68.96977760881961
1465, 15.523678941884352, 5.884345239600178, 37.647784144483936, 50.03989265249873
1470, 12.995524198940611, 6.6683652090613545, 28.592347533693086, 60.75512288599037
14711, 16.603318795215518, 7.241390809260905, 50.44528996111553, 41.2739892126939
14717, 17.662497164163845, 6.859533059223643, 56.2619084979041, 34.73806908609984
14718, 17.811361957711668, 6.875874268961185, 57.727590686519434, 33.8443089837114
14727, 16.417780521023666, 7.31363254320063, 49.76212930944148, 41.89877397044954
1473, 10.189161190108264, 6.732377558271609, 19.84296724470135, 74.5655105973025
14733, 17.772399427965976, 6.883476618560995, 56.98441919985632, 34.41919985631539
14734, 17.790392095422977, 6.871350118425817, 57.57085505422733, 34.0024367347754
14744, 17.61512260133786, 6.897210424562395, 55.963833537397576, 35.83278392960456
14747, 15.891215729800468, 7.123363899452894, 45.982164973990585, 45.20683675997027
14758, 13.799479231101229, 6.535882667460551, 31.357937974316297, 58.049443417978594
14759, 14.418619134197762, 6.9563285942119615, 36.53972914669224, 54.23358101629914
14761, 14.512014326297429, 6.958471593369707, 36.82265654320275, 53.90455844568262
14762, 9.567954148148104, 5.826755818277622, 13.483266542466929, 80.58999343260376
14764, 13.5894271695686, 7.008067048590472, 32.7005280362082, 59.05624004693655
14765, 13.669974691639936, 7.043555647231194, 33.14844384682186, 58.71361739081715
14766, 13.73532580409972, 7.086575665095542, 33.34453122812911, 58.60838162425463
14767, 13.714067633125275, 7.082091118171052, 33.43682259981819, 58.53716523320047
14774, 13.960093643612433, 7.389689952966472, 35.55069353866004, 56.53216644927841
14776, 14.960177683326785, 7.030483695280397, 41.103342976534876, 49.142558662809385
14777, 15.745366930034718, 6.612365085941981, 43.64150282655461, 45.394133440058695
14785, 15.697726424892416, 6.990131914336543, 45.054795568743145, 44.93576718047254
14790, 16.048440580631173, 6.715587679711108, 46.21316722628425, 43.08767690714532
14799, 15.193321685836178, 7.135024719252726, 43.3059959289509, 46.935310860917085
14803, 14.656841170948246, 6.9902341280980025, 38.92317639452184, 51.37583864439799
14804, 13.707090066846305, 7.603099499870991, 37.02393075356415, 55.24439918533604
14806, 15.124001411548107, 7.014310547828332, 41.51348070210936, 48.428347412615715
14808, 15.068670702623733, 6.932266625643785, 40.576055083515975, 49.086778555058494
14814, 14.916125355043267, 6.918808722966774, 39.99837915594546, 49.46917357213769
14816, 14.529939557969303, 7.155318252957293, 38.906877203876604, 51.70433124126765
14818, 14.350380654991126, 7.069358342342743, 37.31440645518102, 53.92883985421955
14819, 15.89137830124172, 6.865147789014702, 45.313355831581184, 44.92817640510981
14838, 15.40185715319648, 6.580316165008846, 39.39974555097411, 48.86800839988351
14842, 13.147478983016983, 7.489422280238532, 32.20078420534434, 61.416751593456894
14877, 13.899770631334453, 7.094659521446837, 35.36411387069581, 55.614097659036375
14878, 14.744587988648354, 6.953864359128026, 38.58106938916768, 51.30472400069216
14879, 16.825501575964427, 7.004041665677439, 50.12386227628246, 39.98663957469313
14880, 13.335259982391962, 6.961071282428925, 30.871758613441365, 60.03516080334792
14881, 14.778069222851444, 7.032558600965586, 39.05169794119882, 51.11296816835068
14888, 16.29278710404663, 6.999446242086894, 47.015238361526634, 43.26017055780792
14889, 20.81772096424903, 5.839477389699961, 75.1147516788429, 18.656925688141097
14890, 14.35125406427086, 7.286208894575531, 37.607103372028746, 54.842684724525526
14891, 14.4262738339181, 7.261698291007173, 37.846209912536445, 54.54400510204081
14892, 13.07950666600707, 7.35531660159492, 31.783876500857634, 60.46419382504288
14895, 13.036772969745636, 7.522828565506038, 31.989578754382393, 61.088655637872435
14897, 12.307463645860253, 6.536501690647375, 24.065267534242672, 66.40231227041035
14923, 13.689752598310948, 6.632638405073513, 32.211848778238824, 58.52005532503458
14933, 14.309411792801436, 7.169590442723053, 37.166321352430714, 54.154280395159596
1494, 11.830755922105125, 7.546054093263387, 28.314062392734908, 65.77814390930399
14946, 15.15990306255508, 6.930049301585158, 39.818504012551216, 51.35162590155423
14949, 14.696605960092173, 7.229697599681709, 39.06244661344145, 53.04146783139528
1495, 16.488538994519523, 7.641756383748609, 50.84480600750939, 42.65879224030037
14952, 15.740557620196283, 7.0186445205249175, 43.81187282494847, 47.08360081539796
14954, 13.393972480344058, 7.1071067855604735, 31.739097875739496, 60.72988692244328
14955, 16.280806572007343, 7.003627646157477, 47.54799480767917, 43.50071736011478
14956, 13.923546252991986, 7.488598372771162, 36.078925377602054, 56.05098719084026
14957, 14.165014722052158, 7.0679832952883, 34.845452523904825, 56.238550568103605
14958, 11.740154408579246, 7.26342356199895, 25.89869708544817, 67.52524723980954
14959, 16.748640220132405, 7.208930888941269, 50.30552792383117, 40.77874094074179
1496, 14.804038749143364, 8.114954623678823, 42.511662875428925, 52.45691483209315
14960, 16.883861621347776, 7.196446048576902, 51.398247738442905, 39.334710449462214
14966, 13.034340772184493, 7.106440429477498, 30.73818608746698, 62.283533900792484
14971, 10.41178907093838, 6.735335148020941, 18.98017493733457, 74.65512103630213
14972, 10.26369303296031, 6.771538015312082, 18.66617561304975, 74.98695638830065
14987, 9.880730951762592, 6.402920380833722, 16.410175306268933, 77.82454774388982
14989, 10.352561024153898, 6.500264517605678, 18.367346938775512, 75.60329819131444
14991, 13.536377941236044, 7.665918981519043, 34.867992177314214, 58.79889178617992
14992, 12.825080122492915, 6.6225156972997805, 26.066014487342244, 64.33923281806189
15009, 16.21845837020906, 6.622466180972927, 45.9536942952533, 42.577539071950454
15013, 17.11875348433331, 6.772290572993203, 51.67404050764686, 37.91276924725586
15015, 16.17211728023529, 6.637601419413538, 45.7060175334071, 42.86322240190655
15018, 14.453405864654428, 6.910974255750936, 35.89779005524862, 54.74171270718232
15019, 18.159519995767855, 6.910213425262554, 58.601903595396664, 33.135573757942275
15022, 18.237177293270648, 6.703142453156765, 60.69166021303337, 31.45098835806873
15024, 16.95960476529077, 7.120656172861191, 51.42139451969695, 40.15557686334355
15025, 18.41858273767979, 6.688461790122727, 60.626704709712286, 30.724368079035685
15028, 17.342540597455283, 6.750200731905325, 54.92991328573042, 36.386110657949224
15029, 10.289059017644874, 6.3274720155984765, 17.253161230032415, 75.94252839996496
15030, 11.084082871537047, 6.916864501388544, 21.983864118895966, 72.35498938428874
15040, 12.170283144147016, 6.422519628737129, 24.0287844140408, 67.87333824270377
15044, 12.484623756919955, 6.5297131993492235, 25.78781038374718, 65.81489841986456
15051, 12.056800663443385, 6.904530076743735, 24.589576875300754, 67.8734095054779
15052, 12.99449340257477, 6.507309294492961, 27.10083533639544, 62.28729860301292
15055, 13.474581443905384, 6.946310658543604, 30.59287959646173, 59.435631259595
15061, 13.50143023582353, 6.784620536505806, 32.53282268536128, 57.93581050063612
15063, 13.553804902591104, 6.828379308379327, 30.8840002489265, 59.96483913124649
15068, 15.33714563448265, 6.686250230028037, 39.66069601308252, 49.107270936337464
15069, 15.959614400172411, 6.610161029668684, 43.99732544779915, 45.27621343679958
15080, 15.395934125006672, 6.583402906509128, 39.97161147734634, 48.7396639103761
15081, 15.884833151476064, 6.627164551940549, 43.79778260501594, 45.609877657723736
15084, 13.313384467470653, 6.875957355285455, 30.599385858800698, 61.11768381033406
15096, 14.161311129704348, 6.800593054452536, 35.18803409205754, 55.68032519960023
15109, 13.655397132519285, 6.876675081747951, 32.55834809317759, 58.9455866197341
15116, 11.855385383418238, 6.324800713605343, 22.43245817327534, 67.9608876472269
15118, 16.284915688838733, 6.656909271448792, 46.80080821687152, 42.198812931469945
15119, 11.640995321718151, 6.680256635853691, 23.27461625590751, 68.95871577549507
15120, 12.988897210118928, 7.508544861569876, 31.913394401383638, 61.52072256742041
15121, 13.034907838704285, 7.505193588620157, 32.13218269837929, 61.328141443906546
15124, 14.32613976370012, 7.046537612384075, 36.77926466194847, 53.69162777760608
15125, 15.450741572252257, 6.779853008903033, 43.42869986834923, 46.5925997281358
15126, 14.948719881803079, 7.331072591735299, 41.053922935370544, 51.095745274075725
15130, 12.586857993349469, 6.973076342149781, 28.152861238757314, 63.599230195200505
15131, 12.616271554084562, 6.971468710407424, 28.25641025641026, 63.45167652859961
15133, 14.718002608520967, 6.5411990486108005, 36.26296407146668, 52.156883157442714
15136, 12.186793507456875, 6.96540466639545, 26.34189264858811, 66.6080046929579
15141, 10.237430483548177, 6.27860950759369, 16.96341264667536, 76.44638200782269
15147, 12.153391559396416, 7.026689542294447, 26.523471964464996, 65.97249688156013
15150, 13.857014874092448, 6.5031664884977625, 32.43928506458068, 57.17323085319265
15166, 12.845224666217367, 7.018326858249739, 29.74892924180987, 60.80143528264905
15173, 15.88729739950315, 6.871919477109801, 45.03391855040454, 45.10491086520475
15177, 15.275571162467118, 6.784774387171067, 40.32890458050729, 50.288952894174486
15179, 15.118788472982606, 7.126692234520237, 40.41614881930802, 51.04638575953173
15184, 12.437744227318664, 7.15041762919342, 28.57450551028467, 64.58161323904226
15185, 12.62440834036655, 6.793602787135386, 26.949785252679327, 64.13920443142135
15186, 11.87842190733515, 7.372200508525923, 26.941694605907912, 67.12361378379987
15187, 12.625388484360398, 7.247021028701003, 29.60733761175205, 63.32956189486961
15188, 11.86899940209646, 7.397218476558468, 26.954909948754548, 67.02151912535808
15191, 14.792570413868292, 7.2037463402983475, 40.23841458064354, 50.78280707472078
15192, 13.722510911697185, 7.083377666970544, 34.34583829147617, 56.808417360806665
15193, 11.929571446096546, 6.787014240716283, 24.724022231898164, 67.88284711728095
15195, 12.719210314782853, 6.624535897330267, 27.54188661923342, 63.90865274271288
15199, 12.222648590545033, 6.5360564612255825, 24.433883142298015, 67.09300158419532
15200, 14.74842868908416, 7.3052246728817725, 39.38166335770109, 52.30269575496058
15202, 14.9519992028897, 6.434321934963669, 34.31281681599213, 52.761662833407705
15203, 12.924039226378149, 7.260048287921886, 30.016685205784206, 62.76001112347053
15204, 13.853030785187716, 7.464780486369103, 35.064831438260526, 57.850920938892216
15206, 12.86877342625923, 6.589356673750082, 27.119397487839265, 65.39873248917282
15216, 16.29911217042949, 6.982362421562269, 47.25626123287351, 43.4983544569708
15218, 15.768069674031427, 6.91932440849533, 43.055673659786926, 47.00615896694566
15220, 16.784193683568134, 6.917653746842495, 50.6954869581535, 39.56065866016138
15222, 15.568462974296732, 7.00809204718944, 42.402050086229934, 48.11994461852365
15230, 16.455413130513776, 6.721969172619361, 48.43586302437335, 40.69959738516819
15237, 14.764551663982195, 7.348083640701095, 39.164541061563504, 52.823102657113196
15238, 16.4877629901686, 6.69325137592697, 48.555573116976625, 40.687178406476654
15240, 16.71908697225058, 6.7121250831294645, 49.36462507155123, 40.10655629430672
15247, 12.263154012557903, 6.768008501420893, 24.87951969415502, 66.957434779097
1527, 17.696751626167615, 6.753630878321684, 56.785448075212194, 34.55240568419534
15287, 12.660419080094973, 6.690528814377086, 27.432020509921877, 63.98853382320285
15288, 11.331012125890261, 6.378727135777134, 20.212457749879285, 72.74424593594077
15290, 15.011807159044345, 6.56871909633085, 38.226191528870814, 50.90856839685206
15292, 14.976201062844787, 6.683535519626323, 39.46397486287347, 50.36621815434808
15293, 16.645380039264154, 6.2053823231636445, 49.24110611382861, 38.97223772474093
153, 12.374949619793847, 6.660429123736439, 25.712475359053787, 65.77161362996338
15302, 15.124465397887594, 7.2239335266076905, 41.41849908245066, 49.88087955957632
15304, 14.69382806852313, 7.406377329527212, 39.2566481779068, 52.613481243412295
15306, 15.021256823614163, 6.9848427153821095, 39.60691081402354, 51.11787790460992
15308, 14.011033845550855, 7.350407828280276, 35.9587605290239, 56.91961733429889
15320, 17.548021048202184, 6.543510464017707, 56.879456563014216, 33.94582507067213
15328, 16.611487841235018, 6.748159352453727, 50.17916647646871, 40.37179896836627
15333, 17.538990841977213, 6.52360534525899, 56.782227839274825, 33.912228710886424
15338, 16.034195240724987, 7.181103346245425, 47.6129979719807, 44.14904776335113
15343, 12.1768351632778, 5.917664724630562, 20.21698047175754, 68.84300412962834
15348, 13.354622131490556, 6.988233438675699, 31.69219283055259, 58.87574271285917
15352, 12.202598805441479, 6.971452999868967, 25.726262746929336, 67.36351690359574
15353, 15.772819364542013, 6.8805528969060035, 45.464378883963604, 44.531167150947
15355, 15.581641793971118, 6.780019809107019, 44.05238792007484, 46.132073208760104
15360, 16.030037405786164, 6.855929244407882, 46.52278177458034, 43.7076425815869
15361, 16.555371138280393, 6.72540822546308, 49.050614221592255, 40.38064020789038
15362, 18.110860171207946, 6.444740679486442, 59.77410689107558, 30.6899980705582
15363, 18.45601364792141, 6.33966615609243, 62.463451919794586, 28.542380931178297
15364, 10.620626380867, 5.862969960186523, 15.874378671486669, 77.02967314354572
15365, 10.665220197567665, 5.836357443414318, 15.929696677610771, 76.94057049911142
15366, 10.57395432678075, 5.873727205890689, 15.760290708602218, 77.12705970803835
15367, 10.49350329023012, 4.456234957941339, 7.68962486572453, 83.54236129518281
15369, 17.133061265867713, 6.979761409108516, 52.969677443338824, 38.54818523153942
15370, 16.35526096274469, 6.809794736678677, 47.578998938515554, 42.413107972020356
15372, 16.686570705218955, 6.821900024600574, 50.024989067283066, 40.329230961454364
15375, 16.477387061060234, 6.738442481160143, 47.487017340230736, 42.047808206842035
15376, 12.864068140893496, 7.803239573706326, 33.429300073718395, 60.95116654380267
15377, 14.751085866836748, 7.0175184245219695, 37.19101782855419, 53.479795143458254
15378, 15.322858282583036, 6.911274596377203, 40.63435929541955, 49.323169596778285
15379, 14.746773966925153, 6.98850091973468, 37.128389415223786, 53.43460742676685
15380, 15.055714378020419, 7.00621585355793, 39.128680919725696, 51.579211321042706
15382, 12.494834671846581, 7.456715923629818, 30.1301609971436, 63.32446117891457
15384, 14.393811997134529, 6.793270386909537, 35.25063339854398, 55.129726435970625
15386, 16.510419733944165, 6.897652780325734, 48.14011091383354, 41.917099581333154
15387, 15.409632672080786, 6.652768226792933, 43.09296264118158, 46.667494104505394
15393, 16.9682072587346, 6.848712593280704, 50.91722939533246, 39.30009018322592
15394, 14.060188770120163, 6.623516962096754, 32.4880771182141, 55.19228817858954
154, 11.973751355306316, 6.839211642445643, 24.827720207253886, 67.90284974093265
15401, 14.34538251788796, 7.124601726441078, 36.64721440866535, 55.41794365842395
15402, 13.983721514171815, 6.693912008137595, 33.033891384238466, 56.95342889686445
15403, 12.286671665329253, 6.907664900147911, 26.806184012066364, 65.8848667672197
15404, 14.549752372975743, 6.797195940251511, 36.44784331541354, 53.867898336740616
15405, 12.948415262989181, 7.21792291896814, 31.00974999176521, 60.933331137389246
15406, 14.739347476091702, 7.01568450976736, 37.85686126351063, 52.82532277670094
15409, 17.012790564982257, 6.762267173952606, 50.467105522488076, 39.27628207655012
15410, 14.088127115863493, 6.410865602754347, 31.46591796511844, 56.18980327990778
15411, 16.858922144898866, 6.864646821987114, 51.13066666666667, 39.41155555555555
15413, 16.58023181162953, 6.914427737099337, 49.07127742308875, 41.4913819608978
15415, 16.50488458836098, 6.898960147753923, 48.852423620857174, 41.686278743387675
15417, 16.269491083222057, 6.809719348648738, 47.377518500513155, 42.626802787230595
15419, 16.059358946261998, 6.72479603657373, 45.885460105643595, 43.55852098971365
15420, 16.55506756818862, 6.81571018240966, 49.27307056879868, 41.05027141845646
15431, 16.534476303620085, 6.84318298549179, 48.992491995141876, 41.37131500496854
15432, 16.905136990897855, 6.755664510310427, 51.30738286796025, 38.928655939422626
15435, 16.6055351499044, 6.745872019658999, 49.501760248224834, 40.676651351512625
15436, 16.345887190985348, 6.762793652159172, 47.97805420233647, 42.07775623137682
1544, 13.929858558623597, 6.674167667980343, 33.7071472348638, 56.10859728506787
15457, 14.24920424067904, 6.701865348482078, 34.56869009584664, 55.236356523440044
15459, 16.80522154386493, 6.838016173977442, 50.86266878943334, 40.262987204434225
15460, 13.19042457424724, 7.047727897553411, 30.10684350005396, 61.96803088988284
15462, 14.594750276365978, 6.980756311989077, 36.61542757771544, 54.70100658788286
15482, 9.620702226104195, 5.831245643312759, 13.03075180764875, 80.72654412405261
15484, 10.126624731161451, 6.086365789912607, 15.27171064127206, 77.87524025860563
156, 14.185047219357545, 6.950241955023908, 34.75495076889036, 55.07430762990006
15605, 17.625567725127805, 6.951308556742404, 57.20341841898122, 34.94096480377825
1573, 9.673866823384445, 6.163760483759023, 15.148821584031582, 80.06562005725415
1575, 14.098615782255761, 7.120714603951853, 35.866411862221405, 54.876588690366546
1576, 13.413212702977777, 7.9493105831661355, 35.98131303633466, 58.01668761691724
1578, 15.276817314668493, 7.321377036520615, 40.5498714782521, 51.738823648001606
1588, 12.794248218663137, 6.3828289041104584, 28.073147931759756, 60.24918205188128
1594, 17.87863359323291, 6.5774485911835185, 57.019618252455295, 32.887719890929276
1595, 14.152629873645534, 7.015710104704071, 35.442632769178346, 54.98497537200153
1599, 16.37791736864282, 6.742800644700552, 47.30863596351582, 42.400689228925145
1601, 12.712765054637996, 6.653644591241307, 26.603097549699488, 65.15487748497458
1602, 14.455937349277777, 6.820466869140269, 34.22176820208024, 54.56793276374443
1624, 13.304203458769988, 6.9117790132772985, 31.451941424926567, 60.103771359962266
1627, 14.711030549757321, 7.130512402697048, 38.52558505994336, 52.980132450331126
1632, 11.071709333374056, 6.825095783942751, 22.491189257325136, 71.31299359452576
1636, 12.533539747369344, 6.717015323547163, 25.11929049554031, 67.23431519668178
1637, 13.944558053746368, 6.58063215173748, 31.970088778350604, 57.50498245845206
1638, 12.022417972418474, 6.15837140322454, 21.780296602979604, 68.91098516985103
1639, 18.82023832432797, 5.930198439637116, 63.77807078705205, 24.847953498967946
1640, 16.129756852948944, 7.120752744871388, 46.932378279506835, 44.0860665465868
16468, 15.929794877200626, 6.760311045848075, 43.400002340632206, 46.089388743899725
16469, 16.13440203653101, 6.75794844016518, 44.26815487858312, 45.50653783179208
16495, 17.872519191600194, 6.747412155332572, 58.990968367885635, 32.277027123432305
16497, 14.388669693691659, 6.9840629026734735, 37.82049157691246, 52.97431648715825
1654, 14.175937297534801, 7.651398391965383, 38.349269125759804, 55.66441580620878
1655, 13.949050568107337, 7.112998242383023, 35.59675701523681, 56.030604038515875
1656, 16.36174595685228, 7.084323491440549, 48.897717099373324, 42.23086392121755
1662, 11.906117011450348, 6.618333237469057, 23.571142620402007, 67.94555492454218
1663, 13.949863263980621, 6.599026451703193, 33.67961750014577, 55.68307710248585
1664, 14.86584003644258, 6.994507203451049, 40.43680397880852, 50.03882483610022
1665, 17.10386630108548, 6.454872412072669, 53.53031954807379, 35.31593776103977
1675, 15.498589578127161, 6.650651737909239, 41.39153827341649, 47.48002771663813
1686, 13.906292792289904, 6.698742006779609, 32.738641276268204, 57.708326743217455
1689, 14.545651892432014, 6.77158762497399, 37.18126652551387, 51.917212873945154
1705, 14.962577455929583, 6.586670331976754, 40.54280981233122, 46.908117185195266
1706, 13.708169267417649, 7.287637737096065, 35.13822982152884, 56.225571691237185
1712, 15.478068941730394, 6.6722843045661975, 42.129493484763984, 47.002991431323835
1715, 12.433414921549739, 6.902440867872572, 27.31700069336679, 65.47198467989567
1718, 10.937651155924359, 6.357935274428186, 19.085387279755032, 74.50094540100062
1719, 10.422974391300123, 6.063456560501951, 15.687865291322417, 77.6909449144825
1723, 15.065091905621738, 7.355890482132476, 41.4411648611903, 49.89912723126179
1724, 11.778886343235467, 6.302027371289294, 21.60342368045649, 69.60912981455064
1725, 15.474608777225992, 7.408558066420487, 44.10539137124175, 47.86631621685151
1728, 16.17247414242873, 7.113731624330425, 47.249198196783816, 44.10478390562271
1733, 15.048748794982764, 7.055908134163448, 40.536646101761306, 49.85940319805263
1736, 16.772015901743856, 6.728684590047184, 49.16952099003426, 39.81307767775693
1748, 17.360668125375064, 7.087032073517519, 55.23658817661122, 36.8891793804503
1752, 17.418931354084883, 6.887249568426109, 54.52893674293405, 36.662180349932704
1755, 12.700605397092048, 6.690984011010812, 27.455270150575732, 64.01151461470327
1759, 12.78253968332013, 7.182361371871563, 32.146135487424274, 59.764658571341144
176, 10.212330552734189, 6.671752961200294, 18.431921357135543, 76.9618049629655
1764, 15.165172355431807, 7.013737808803299, 40.91048186380513, 49.413480762169
1765, 15.574444259954124, 6.798633869058476, 42.86561642320723, 46.23048386934623
1768, 10.434855087657168, 5.877798722726216, 15.132651843602085, 78.06968696551449
1769, 14.819729702060437, 7.541527515425976, 41.78930249728123, 50.657993195582115
1776, 11.173205303980327, 7.024056081581859, 22.837746720608067, 71.46775775407626
178, 12.456640118405193, 7.565720607680033, 30.62511562200434, 63.3154504633289
1787, 16.520480357718956, 7.17129403949854, 49.96681155386163, 41.53052266449693
1788, 16.617348469226265, 7.148662299932222, 50.41502839667977, 41.09436435124508
179, 12.55574888263945, 7.275395426905931, 28.100442760020478, 65.47010696291773
1802, 14.801624199199694, 6.859561037400071, 37.82718727404194, 52.18275488069414
1805, 11.41865115770432, 6.94173577247698, 22.919845941428676, 69.95585349901897
1809, 13.589168669477061, 6.139185729799855, 27.636787558129107, 59.635660205741814
1810, 14.145376514368463, 6.0662889942438705, 32.695962304428186, 53.50662536120584
1817, 13.109101856286319, 7.0560466719996136, 31.10107480768715, 60.5470529898952
18191, 13.951622900024898, 7.344106692724428, 35.51753172550671, 57.054790401154754
1827, 17.49611336821534, 6.518187160850449, 55.38273116962645, 33.99387630128597
1833, 13.386551424537593, 6.667681140176548, 28.436064729364297, 64.33446366484955
18392, 18.019058222524148, 7.156214374673568, 57.89074519491213, 34.72231250948016
18394, 17.092235961361656, 6.923534342420394, 51.83398590446359, 38.878621769772906
184, 15.235603189881013, 6.711719684143794, 40.27921250839944, 47.515269434053096
1840, 13.064783959620264, 7.235774049123044, 30.554897548264837, 62.34158474475897
1841, 11.409168006971488, 6.007103060640599, 18.78465237230754, 71.97389725724939
1842, 15.435498256285356, 7.010798265802411, 42.92724947140359, 48.09835808817771
1845, 12.49898212873313, 5.976314498983397, 21.23574586921108, 66.59151733767746
1848, 14.473626870730952, 6.934778013599603, 35.88456868138677, 55.14955517557555
1849, 13.35162938586264, 7.100557679942173, 31.18247559508304, 60.927324824172956
1850, 14.033337405966684, 6.828173933087623, 33.62095761479068, 57.3897474791431
1851, 13.564243190244193, 7.22323420256968, 32.75536624070826, 59.239956568946795
1853, 12.84128095382613, 7.014639119133382, 30.17794470783819, 61.7585124068715
1854, 9.34776430260664, 6.104087905385785, 15.308177626789615, 78.51007037126911
1856, 14.007630741729379, 6.59617524212977, 31.777140869104226, 56.947366677159096
1859, 14.186523311184764, 7.062486372291011, 36.91463825486398, 54.22386928324771
1860, 13.51457815324121, 7.118200212793927, 32.55819725021095, 59.39759434820734
1865, 14.10022522647581, 6.772507896939335, 33.38976171383881, 56.273944937780286
1866, 12.150680349420282, 6.688281495854561, 25.119929206837128, 67.18946485957804
1867, 14.272773575467017, 6.685876008303215, 34.86832152125592, 55.02216946548894

------------------------------------------------------------
Sender: LSF System <lsfadmin@hpc.dtu.dk>
Subject: Job 28342235: <cupy_pt1> in cluster <dcc> Done

Job <cupy_pt1> was submitted from host <n-62-9-42> by user <s214642> in cluster <dcc> at Sun May  3 20:31:31 2026
Job was executed on host(s) <4*n-62-18-13>, in queue <c02613>, as user <s214642> in cluster <dcc> at Sun May  3 20:31:32 2026
</zhome/86/f/168312> was used as the home directory.
</zhome/86/f/168312/Documents/02613_PyHPC/miniproject> was used as the working directory.
Started at Sun May  3 20:31:32 2026
Terminated at Sun May  3 20:55:40 2026
Results reported at Sun May  3 20:55:40 2026

Your job looked like:

------------------------------------------------------------
# LSBATCH: User input
#!/bin/bash
#BSUB -J cupy_pt1
#BSUB -q c02613
#BSUB -n 4
#BSUB -R "span[hosts=1]"
#BSUB -R "rusage[mem=12GB]"
#BSUB -gpu "num=1:mode=exclusive_process"
#BSUB -W 30
#BSUB -o cupy_pt1_%J.out
#BSUB -e cupy_pt1_%J.err

source /dtu/projects/02613_2025/conda/conda_init.sh
conda activate 02613_2026
time python simulate_cupy_batch.py 0 1143
------------------------------------------------------------

Successfully completed.

Resource usage summary:

    CPU time :                                   1447.93 sec.
    Max Memory :                                 4989 MB
    Average Memory :                             4052.85 MB
    Total Requested Memory :                     49152.00 MB
    Delta Memory :                               44163.00 MB
    Max Swap :                                   -
    Max Processes :                              4
    Max Threads :                                10
    Run time :                                   1448 sec.
    Turnaround time :                            1449 sec.

The output (if any) is above this job summary.



PS:

Read file <cupy_pt1_28342235.err> for stderr output of this job.

