building_id, mean_temp, std_temp, pct_above_18, pct_below_15
51586, 17.390274567601665, 6.429412487734048, 54.782341145639926, 34.72992902082692
5160, 15.624138480608055, 6.696940117121119, 43.60225140712946, 46.171913001181295
5161, 16.833767366045453, 6.950327931892865, 51.0768232655882, 39.719052790431995
51616, 14.26086980275088, 6.440621758232197, 33.73179549852327, 55.18128118953051
5162, 16.777043884411167, 6.687730333553876, 51.11322045254679, 38.98714387414676
51620, 11.546941324927731, 7.025672423278842, 24.70295612339847, 69.42595376136282
51624, 14.515499427641567, 7.031782340894587, 38.63036428086583, 52.45116524624783
51629, 17.60726467300222, 6.829323308164507, 53.87942371197288, 36.17873111429323
5163, 13.464147604049145, 6.684148581677579, 30.39908733473221, 60.944853016073495
51647, 16.877859823302796, 6.589492549034076, 51.61877359302569, 38.15215119210102
51652, 13.858303883422625, 6.675982565094116, 33.12736768546103, 56.62093738889502
51657, 11.840936834204111, 6.138179815814863, 20.727804808412937, 70.30370802155578
51662, 17.77279021318542, 6.000207838706239, 56.9662517498392, 31.717490825167417
51667, 20.145494198265954, 6.14804075453115, 71.44335154826959, 21.6247723132969
51673, 11.769084221159103, 6.375384166028663, 21.77772176511892, 70.45352249608412
5168, 12.914714039025585, 5.947545873553373, 23.58660151403904, 66.17844393245058
51680, 10.277137981335311, 6.06233398216221, 15.665147119767925, 78.48429701436062
51693, 19.703352822834137, 6.362292696906082, 71.07935194321546, 22.223636884489288
51695, 19.896809842772647, 6.196194656437531, 73.30782487706927, 20.698214935095734
517, 14.669930160985693, 7.341685117881889, 39.28629119104027, 52.672033168210206
51706, 16.593693450233644, 7.002977658054303, 49.503374506558, 41.48732968292372
51708, 13.952111030972356, 6.894355732712189, 33.91755250194451, 57.54731656728027
51712, 13.344155573756561, 7.485281660030222, 32.5974255873353, 61.144829679083536
51716, 14.840855216433743, 6.771257560388607, 37.07798217477845, 51.4383153517502
51722, 10.57155173330856, 6.331150990146403, 18.247716817058688, 74.98668996491611
51723, 10.57155173330856, 6.331150990146403, 18.247716817058688, 74.98668996491611
518, 14.755804872909309, 6.884189635274483, 37.80003293672032, 52.225287167030345
5184, 16.77281791064225, 6.52409023425537, 49.232980972515854, 39.010570824524315
519, 15.210413072970633, 7.398016642263601, 42.66404213215508, 49.55658629029725
5196, 11.36646842844842, 6.861006657352433, 22.418631927281865, 71.21853139530013
5197, 12.774447721427752, 6.47350374051422, 26.464620299615767, 63.402840737382895
5199, 11.88071950578457, 6.462845829093639, 23.01096369608805, 67.23262659442857
5204, 10.464109243329718, 6.367053395546129, 17.720247969964202, 75.2510259320702
5207, 14.719783634720962, 6.995284635895344, 38.45749465543627, 50.28212287239635
5212, 15.634707732912005, 6.848923551614229, 42.42788172843658, 46.17611029712007
5219, 16.01505276519518, 6.945877395727401, 45.320334861299415, 44.789850861901996
5220, 16.313455376346884, 6.996784134182968, 48.415736360472884, 42.658026653625136
5224, 15.75865726318982, 6.868969346007202, 43.86580783682233, 46.558239398819104
5229, 15.593032892485526, 7.2342454998542784, 44.87613702341785, 46.75020966389265
5230, 16.048385837116346, 6.997799963089352, 46.44231982834785, 44.1546762589928
5233, 16.43690280097686, 6.843064926750397, 48.50500653025686, 41.7797126686983
5234, 17.058403020938904, 6.598632002179394, 52.48141765453374, 37.37531986004491
5237, 12.097651887558369, 6.638779150574628, 24.866507294622313, 66.92061931678545
524, 19.045974192195043, 5.972984260741617, 65.78764457295374, 24.275745106761565
5241, 11.716966153034091, 6.858579327684507, 23.513166039712395, 69.73636176055108
5249, 13.21311453742303, 6.576774351544307, 27.891764968971877, 60.27422150164924
525, 18.05709833957628, 6.366389235951053, 58.72517411268824, 30.597775265530576
5252, 16.42167174364775, 7.061741882881007, 48.88933298488878, 42.764907534088636
5254, 15.769227099461384, 7.14241665978146, 44.22910383133753, 47.1152984740347
5257, 16.810443201213175, 6.433557561934719, 50.65614617940199, 38.154761904761905
5258, 16.828583683547777, 6.410658141621177, 50.66596661876866, 38.117608046866366
5259, 15.630437081032346, 7.1923195190902165, 44.375792141951834, 46.429600184353035
526, 16.053739630345177, 7.0515712683034675, 46.991884007740516, 43.55775062819513
5260, 13.02446289710761, 6.926468610679444, 29.332209939133342, 62.77255625444879
5261, 15.255098183837227, 6.603662202142746, 40.00028365977846, 47.31728764519835
5263, 13.994770327202392, 6.211284762757649, 30.481020210306507, 56.15780445969125
5264, 14.846451389419022, 6.474968678286328, 36.69906086543034, 51.04612458392772
5265, 15.910417930072725, 6.579230707061981, 44.748279302589076, 44.251094989261496
5266, 15.449387407318287, 6.570975580105658, 41.037412978513835, 48.104308920015356
5271, 14.761896424196456, 7.140087436668862, 39.25540725855725, 52.061750689060574
5272, 14.028681316961872, 6.971613406437978, 34.489773733169756, 57.07918562576677
5275, 16.079906246175153, 7.439339519592035, 50.80984502246333, 41.1292515245284
5276, 16.327420303494524, 6.767920529099347, 48.87354750512645, 41.62679425837321
5277, 16.5024601771497, 7.149335196805557, 49.19948458952295, 42.70501636576371
5278, 13.789715959438135, 7.239009048324565, 33.65188921334395, 58.89596790844468
5280, 15.484045941547057, 7.020869259956756, 44.86031930884125, 45.893536636559375
5282, 16.63086269258274, 6.8482634613832385, 51.712668178177225, 38.1783129912975
5283, 16.41766017510039, 7.070525763425462, 48.9338806130763, 42.79543113652785
5284, 14.980452633263429, 7.401179010034009, 40.507286123011696, 51.797441332997316
5285, 12.871479325607705, 6.907449363883134, 28.93367405001086, 62.48564541325692
5286, 12.545307298349009, 6.649820546178034, 26.075239200996634, 65.02453452206413
5289, 15.638963379668859, 7.204818208992602, 45.032382203867094, 45.90998685939553
5293, 16.553693765378654, 6.258007412439305, 47.121781539995865, 39.830456939224774
5294, 16.021041227117763, 6.8412250183295775, 46.89416516834561, 42.656584813181944
5295, 19.95830883219799, 5.296908543118614, 72.1380677036675, 18.12308277004099
5296, 12.386196079831898, 6.2026373860734365, 23.47927160015498, 67.11653536527616
5297, 13.836715226284957, 7.001735547891133, 34.35933768925975, 56.48534466923824
5302, 13.636374400622278, 7.588058126505078, 37.155535095459136, 55.18343755194947
5307, 11.024112494532469, 6.488078947196805, 19.852916409363946, 73.77757817324427
5312, 10.820501083345345, 6.185428429122605, 18.3587578316535, 74.48242985562517
5316, 10.94425956914328, 6.306731780162035, 18.941262570135255, 74.2945816279511
5319, 13.96984306321221, 6.590237105193553, 32.58465417867435, 57.181195965417864
5320, 13.218406360194379, 6.675544945233607, 28.750936021770496, 62.61757346629408
5321, 13.936493591981382, 6.359671067728625, 31.88662072552334, 57.21492653751138
5322, 13.53513559988291, 6.618698575158633, 30.18269040018756, 60.57818896643763
5323, 13.578389494051319, 6.559161693044649, 29.582108809404346, 60.15339402193391
5324, 13.803201463317764, 7.25684325380654, 34.902945639093815, 56.76502903782765
5325, 14.287238767533035, 6.99876964777011, 36.85225505443235, 54.668740279937786
5326, 15.001758674700698, 6.931640632880631, 40.59369346587041, 50.49506876495419
5329, 18.105018971284267, 6.687543057318168, 59.27527094779189, 31.697138911405325
5330, 16.913947735095537, 7.092076086538565, 51.153670896563156, 40.55177365681225
5333, 17.27599743996556, 6.581509500196616, 54.637840733246044, 35.54189977383645
5335, 15.117485595280446, 6.966852132676694, 40.19213275629186, 51.284560465308594
5337, 18.034425823119975, 6.614980391736591, 58.611507794835184, 31.689575151731525
5339, 15.483968646201905, 7.191464377892318, 43.88968599966889, 47.374593013630594
539, 17.088845626288432, 7.132673531378262, 53.79348528190459, 37.67832425948141
5403, 15.72820375956828, 6.993774155496984, 43.891116269255114, 46.711683196173595
5405, 15.744025062378713, 7.420066455457512, 45.13959775554772, 47.05740427980179
5406, 15.070463054045188, 6.994291837998564, 39.93890020366599, 50.89477257298031
5414, 10.679653803454151, 6.526683266191203, 18.91039567185726, 75.29678893296145
5418, 14.809855716823021, 7.325008307865702, 39.96562392574768, 51.7703678239945
5422, 12.632320989721322, 6.679571144771039, 27.63095351269132, 62.429888772697026
5443, 13.10767596957831, 7.3998944183893345, 32.013879964014905, 60.7017092918648
5446, 13.466097707250517, 6.835470334142302, 31.241444570000642, 59.74055802074434
5452, 12.176215618789936, 6.512192335439717, 24.611101498969752, 67.0148009500291
5453, 12.403076983935987, 6.607925030469332, 25.465565430392868, 66.05376377853845
546, 15.882376404077908, 6.811410824035654, 44.90066704461841, 45.21066788897868
5496, 15.175028842392862, 6.705147652246741, 40.46617581255339, 49.19659927592239
5497, 10.016538211596817, 5.815710068875364, 14.254576415495956, 79.95061728395062
5503, 15.253066989277484, 6.678213155622506, 41.40498701807672, 48.064958604810656
5507, 14.239692656126168, 6.674681750189741, 34.32632945138207, 55.550196436088115
5508, 14.13444846748413, 6.558240702420708, 32.92323822696143, 56.62993285296808
5521, 13.150395318974779, 6.608955960252735, 28.530453855238736, 61.59825495914579
5522, 14.657906154299074, 7.129183215741266, 38.23773120923768, 53.2315834491607
553, 18.22598328444466, 7.162352731281435, 60.98895107945046, 32.0073417169441
558, 14.612119237886867, 7.2752965289319045, 38.39123781455452, 53.325493085468146
559, 15.290497966050792, 7.068398218160003, 41.33213965980305, 49.80960907191883
5605, 17.70624438541982, 7.239435647951063, 56.31501939675423, 35.59337959917849
5641, 17.477173795720756, 6.528592491717992, 55.506344980720336, 34.62103214869817
5643, 13.259727393013623, 6.457509927535777, 27.576210362310512, 61.734544014916416
5645, 13.362637551320558, 6.543817026904043, 28.95610333470564, 61.67275627830383
5659, 14.009039527494808, 6.945859423392329, 34.85581355763912, 55.47029035872849
5660, 15.410433089810747, 7.3060213544081645, 44.43465394270894, 46.798783022161636
5715, 14.995524521008786, 7.236751223210603, 42.455621301775146, 48.76125546694109
5724, 15.14157178343875, 6.515401728038364, 39.5638789122627, 48.71472550025654
5725, 16.6420738824011, 7.008189563410408, 51.45139689164356, 39.43688292272713
5733, 14.225798903247254, 6.670589585388266, 33.71871426756448, 54.84459638950809
5750, 17.382248679002135, 6.594200817355852, 53.598505153849686, 36.5915669847299
5774, 16.702274882272338, 6.709899744559901, 48.17821429366829, 40.88550366361551
5793, 15.109206128474602, 6.894072097219199, 39.1391718049568, 50.99015852841661
5794, 14.957026716992154, 6.839439600464244, 41.027657402914656, 47.84412803051851
5853, 14.91717789389786, 7.087756581936249, 41.831048555881125, 48.93784010046044
5857, 16.34515470807654, 6.744388654722375, 47.949981649452106, 41.89167933728307
5863, 17.888994329562454, 6.39350365985197, 58.14627848154851, 31.837952820903574
5864, 17.835154208957963, 6.399152765866662, 57.52644340211971, 32.15030652111766
5865, 18.321001726243466, 6.449887457553736, 60.98693882769054, 30.087571644684974
5866, 17.884837808693668, 6.380349869265364, 57.84090788903108, 31.809960972617375
5877, 16.789680800846405, 6.604605983907805, 50.38310359193581, 38.530439980437265
5878, 18.045357493739743, 6.520303689610281, 58.50963798777621, 31.489819536363967
5879, 16.77441595374076, 6.580161646175896, 50.20498695537556, 38.72662648740535
5880, 18.048675953982652, 6.493015071873768, 58.68634499701935, 31.467565077587295
5890, 15.123768511446647, 6.696415912868331, 39.69549251615951, 49.423411428694145
5899, 14.680338190736935, 6.268742315925632, 34.70554884512042, 52.52545172184288
5907, 15.22678910350896, 6.705637358651023, 40.429851326874214, 48.743633070349254
5918, 16.29376874719813, 7.2081089614537195, 48.58150677179613, 42.89244350548911
5919, 18.334773720060404, 6.514009181929063, 60.85394169461541, 31.00652342166366
592, 11.483000750670186, 6.956960195475439, 23.38315864697475, 70.6010798793076
5920, 18.164659074305508, 6.710228134651082, 60.56768961386047, 31.438577089669156
5921, 17.72990203178707, 6.793641966457092, 57.85473128793609, 33.852369795029794
5922, 18.21203485811747, 6.685900871171414, 60.72877480268496, 31.264291509921073
5926, 18.589783930897198, 6.306716821944232, 62.99720531373224, 28.371808123731864
5927, 18.31141045245878, 6.603325096360859, 61.45071770334928, 30.26411483253589
5928, 18.957160531249773, 6.271331296583621, 65.17836681689711, 26.644259414865175
5929, 18.595087635370795, 6.469156130526353, 63.42526792916683, 28.508047478200744
593, 13.587851285231073, 7.262945338264925, 33.782323427248166, 58.77942879197221
5930, 18.994682267881643, 6.265629093684502, 65.41068351522114, 26.48286425426
5931, 18.30692433633011, 6.59123167825089, 61.41768467812967, 30.300999502163673
5934, 16.56561532280811, 6.828382117478337, 49.17427350345996, 41.45860897210139
5935, 17.70486754475265, 6.6227295746907116, 56.92746619014743, 33.93168988344231
594, 13.95072957739557, 7.2349814270657795, 35.412443146605604, 56.953183264881666
5942, 14.83912691970997, 7.116000734863255, 39.71661318193039, 51.664280424586515
5946, 14.751467899952535, 7.19175212635037, 39.77216296208013, 51.84732733448543
5950, 15.96482149001088, 6.644615781575538, 45.24537615166026, 44.30044935644684
5951, 15.928252936560648, 6.6872381935772935, 45.24650485532413, 44.37087395834358
5954, 16.64954563226319, 6.785666819685878, 49.42901234567901, 41.105324074074076
5958, 16.610884573282323, 6.846892569134474, 49.450496388148494, 41.15579248271333
596, 13.616903576166234, 7.4283779170204545, 33.9571844196448, 59.08115853923314
5964, 17.51660948394354, 6.850610212711509, 56.56375328446964, 34.75833218088785
5965, 17.56715490041434, 6.766494509007896, 57.45204814262426, 34.27213762963477
597, 15.535084504753206, 6.917668974073146, 42.41661537896255, 48.658405518863155
5970, 16.998444462525214, 6.858596206575267, 53.23642722478756, 38.05021995136479
5971, 17.780504890179316, 6.699239012322295, 57.93828742259236, 33.45878710228486
5972, 18.04023821829066, 6.523416883230753, 59.25213675213675, 31.95779914529914
5975, 17.615024185260225, 6.816994351120122, 57.27246044240467, 34.402433492542094
5984, 14.37453051569002, 7.444587682601726, 37.27615334632878, 54.795321637426895
5985, 14.636546000741392, 8.150737048767231, 41.24661246612466, 52.82746160794941
5986, 14.791166688768058, 7.9166274401184955, 41.44088191910566, 52.000362290712424
5987, 20.24354236825039, 6.037543848449368, 73.10761589403974, 19.99503311258278
5988, 16.038385305177627, 7.188507733451581, 45.7261126344653, 45.314807002742036
5989, 14.436423553164946, 7.712240294115039, 39.39251788436731, 53.37685521806549
5990, 14.83744904050069, 7.870582126062132, 42.11557552641204, 51.264433878468054
5991, 19.58535421699406, 6.532836855426737, 67.99980992808946, 25.121170842968922
5992, 15.01284843599543, 6.732307381049936, 38.42698936183864, 51.169684448265684
5993, 14.162822316132639, 7.037813053272238, 35.85757904564839, 55.350879406495245
5994, 13.92416320781355, 7.146661866275022, 34.95166460536611, 56.57260405361064
5995, 17.107299541220648, 6.875713798099865, 52.93314710177132, 37.25160307282077
5996, 14.011141931778374, 6.919247652804234, 35.93251253989968, 55.27865342294653
5997, 13.932928190392067, 7.13311100275219, 34.44914583992407, 56.09577665295793
5998, 15.673377717469814, 6.3733364851228025, 41.98365507317205, 46.745947707094565
5999, 16.765740839692754, 6.099207149495426, 50.53864712485002, 37.024087525319636
6000, 16.815228978708845, 6.063284318948202, 50.64437563489052, 36.539097017391406
6001, 13.398621057648398, 6.896997326061628, 31.57168483510418, 58.71197934120522
6002, 16.782007628961956, 6.139859717667379, 50.83403473869462, 36.81612977274467
6003, 16.72623208816897, 6.14459843487473, 50.52782068138012, 37.13764184781915
6004, 16.413574994099196, 6.299449606333186, 48.879440271532026, 39.20304860864344
6005, 17.030242407459923, 6.243140682686143, 52.5753309239263, 35.86616704729385
6006, 18.377208588818277, 5.9093396502169515, 61.558249210741714, 27.918306894804534
6007, 16.848787134376625, 6.141673066694796, 51.273692659134404, 36.4771253935914
6008, 16.61900498119134, 6.23975346698933, 50.01899207234142, 37.80647690931592
6009, 16.946006649224426, 6.082342131562034, 51.82493891284046, 35.73758747297453
6010, 16.742570451853755, 6.15309245006818, 50.648720437247796, 37.0613474996169
6011, 16.435987512455707, 6.298955642412863, 48.99039477117686, 39.049666364302844
6021, 13.847425386284616, 6.896209021265163, 33.6351566071001, 56.802995015562765
6022, 16.165574416270463, 6.70041863900686, 46.05040367107556, 43.93021030158769
6023, 14.479398376220104, 6.506464252363078, 35.6148414601652, 51.93511857180923
6024, 16.419318324437366, 6.196499608828093, 47.245905738217274, 39.96999624953119
603, 11.765496329070709, 6.432419475199012, 23.206814293029588, 68.2828131439919
6030, 17.87437323572418, 6.558196879083392, 58.51784842480112, 32.67855604376669
6032, 17.87860210050462, 6.647869106454046, 57.53319859783738, 33.340184290754635
6033, 16.673221811750743, 6.7647840122919485, 48.75531218675702, 40.92682643957154
6034, 16.95080790345686, 6.747792946730492, 51.15302198192061, 38.91041196588474
6035, 15.61862654725089, 6.911421003367601, 43.731298155620195, 46.29403730464066
6036, 14.891806472423776, 7.161697873152718, 40.26519278292987, 51.10009831796562
6037, 17.837991074373477, 6.653852766305457, 57.392311360385115, 33.455573468970684
6038, 18.3213569552312, 6.289721521494961, 61.47716229348883, 29.464005382372726
6054, 14.468130397395894, 6.9278787485539945, 36.93013330377186, 54.09749743646592
6055, 15.582506943360126, 6.912913256577557, 42.78375297042623, 47.78643150506174
6058, 16.12901508822625, 6.597923870532686, 46.30947920569501, 42.72303401190625
6059, 15.799657222033073, 6.735089049061762, 44.00969818577042, 45.54176072234763
6061, 14.7902291872844, 7.0469228021129435, 37.72681539048676, 53.71404780904139
6064, 13.397591095359157, 7.161918985345126, 32.166707890180554, 60.592381894632695
6069, 13.766848006914367, 7.703842528693927, 37.167709942281114, 57.07666043411105
607, 11.681991291228725, 6.65037727281028, 23.53257606084868, 68.53232586068854
6070, 17.196404806841336, 6.8440347292772845, 52.93007588977721, 37.9956170609959
6078, 14.872808417881297, 6.450189346478387, 36.13315831247329, 51.73850662433605
6079, 14.59254998968855, 6.6824465865158045, 35.72354084457271, 52.91978326167619
6084, 14.088474808006945, 7.0597012611070165, 34.587534812253914, 56.214347450302505
6085, 14.13356951151573, 7.04135523975353, 34.74126578356186, 55.98226043845379
6086, 14.14807452710133, 7.038148746472735, 34.78077733103581, 55.96400536090369
6087, 15.000591744800833, 7.221001439568487, 39.99191476598464, 51.026955126951215
6089, 12.628839638016345, 6.483743874794365, 26.483457767123486, 64.58619145955782
6093, 12.463118008272927, 7.033161911414705, 27.337345944396674, 64.61450272284323
6094, 12.310308213465715, 6.9316582635962245, 26.61989210284665, 65.62356519742883
613, 17.089410942337217, 6.902424451605972, 53.282407000907305, 37.85085023560746
6134, 11.900890868738557, 6.747853014618988, 24.242033452407053, 67.91199721444876
6138, 12.527351694455007, 6.60615585757694, 26.090970877521446, 65.03379028224823
614, 14.347616264878276, 6.817993366720379, 36.19653789619397, 53.88237980391877
6151, 14.930198964352615, 6.665153141801769, 39.488608585117824, 50.110817769955354
6156, 15.575281008575157, 6.713925866063789, 43.287016231957004, 46.204454350991355
6159, 16.342227897884005, 6.992216538385348, 48.10817839032636, 42.37420361461449
616, 15.286583773231145, 6.596502193641223, 40.83483904273756, 48.39411482724289
6160, 15.712330597459532, 7.2137589054276905, 45.042837617095046, 46.6029936326966
617, 11.999888729069802, 6.836524965772145, 24.346542233239767, 68.28588093762531
618, 12.209427945250859, 6.564101430127545, 23.829331576129483, 67.6770588800571
619, 14.657307061159454, 7.111699723324416, 38.85650551697582, 52.32961108971891
621, 16.873483180867623, 6.496637743204128, 49.17455042478493, 39.16731434084635
6212, 16.59683783265004, 6.48686417312934, 48.47795338540065, 40.49689440993789
6217, 16.11903370431701, 6.623230488368713, 44.99918086500656, 44.378686107470514
6218, 15.748901086537936, 6.747938521046237, 42.89262391606894, 46.770153088534414
6219, 15.816581580360346, 6.786513785708138, 43.16006795845072, 46.91068625131724
622, 15.360790443352869, 7.195471099999588, 41.979307483302776, 49.715578279549746
6220, 16.95115946881942, 7.27303289283491, 51.41668540589161, 40.68360692601754
6222, 16.627955264536777, 6.6272657403911, 49.06635721067623, 40.76801350353413
6223, 16.416982606130347, 6.685638188756396, 47.38059859902356, 42.54510719592443
6224, 16.606502976098795, 6.634733159273529, 48.947535099757204, 41.01974031457827
6225, 15.697439592299322, 7.421803668125518, 43.64209678862152, 48.6850344395742
6227, 16.088048286642515, 6.741379183274105, 44.58617372757308, 45.83664422232445
6228, 16.065443750961755, 6.711583889556434, 44.40954381877561, 45.878143656522376
6229, 14.389902509972666, 6.983013028751595, 34.96348046999047, 56.41040445740351
6231, 16.16005725769605, 6.751352617738212, 46.30670621668153, 43.78642991972453
6232, 15.958191112615264, 6.716976509331953, 44.72387104893345, 44.950395368836126
6233, 16.63145441262614, 6.69205963045032, 49.22396978877039, 40.712536830310825
6234, 15.763602150448978, 7.383640813824394, 44.29426150755524, 47.65918420822779
6235, 13.499630432324238, 6.640000857942687, 31.104733931755856, 59.875470171284704
6238, 12.161515126204554, 6.640750344221065, 24.833919356377866, 67.26541338481528
6239, 14.931803225657934, 6.236177743840855, 36.673185571490656, 50.86339272779951
624, 16.312491156390507, 6.594943514023526, 47.300662179171454, 41.76106824276255
6241, 10.524782373136338, 6.346908319322988, 18.523974859156496, 75.57429356154547
6244, 12.726577442691106, 6.405213730111569, 25.79250720461095, 64.98632221068185
6245, 10.025535986091706, 6.1138311168917445, 16.372873011018193, 79.28101991033265
6246, 13.222409872329399, 6.330508025063947, 27.886937266414837, 61.77169022975261
6248, 11.631680677573893, 7.16088160592922, 24.882258554143718, 68.93273775966
6250, 16.006543377063306, 6.462068199917403, 44.466330173581184, 42.99431948083924
6255, 10.714655765639954, 7.467344182255749, 23.80280365039044, 70.73572302192116
6256, 11.523472371463427, 7.0928197149834675, 23.51950578934969, 69.78980341514917
6257, 10.157663032346731, 6.926507535334377, 19.18001595777328, 76.49121884069407
626, 17.277962959519698, 6.691528433858139, 51.67618951307074, 37.66327889299018
6262, 14.693945190137136, 7.106467976835035, 37.87454456468541, 53.35934526075371
6265, 17.75899597734661, 6.874466147192282, 58.28631485783826, 33.38864918685695
6268, 12.831996290565796, 6.688314887489454, 27.128580775102307, 64.51745327192724
6269, 14.682126145748928, 6.634690634741806, 37.35527951727521, 51.0830510214557
627, 15.23411877929592, 6.872062143363036, 40.94722633919119, 48.63434257886936
6273, 16.654385718140237, 6.742299279077301, 49.40845070422535, 40.61837692823608
6274, 12.480145132676546, 6.6805051177979715, 26.89722895633228, 65.51999263509988
6275, 15.945363593598362, 7.023779493445592, 46.1308904157124, 44.60823096675689
6280, 18.8479119389033, 6.439634346358008, 63.695835329489704, 27.859184246609285
6281, 16.145709640252754, 7.2870081462444976, 47.804554093102446, 44.03255547784066
6282, 15.27222536163373, 7.269288342395104, 42.592042124931, 48.42810027318924
629, 13.2532252860243, 6.6865169416102646, 29.11908958540884, 61.88213656218867
6290, 15.20563879211972, 6.0381888499908225, 38.86391251518834, 46.64641555285541
6296, 14.619554868178943, 7.349767638760863, 38.77139822566538, 53.17380982131701
6297, 11.197811489594786, 6.800590557720604, 22.30319571066334, 71.19118130964132
6298, 16.48865020012764, 6.826820842793896, 49.02666467361934, 41.36186457243385
6299, 10.857649095430004, 6.787173341941698, 20.956977598947653, 72.5664487174527
630, 13.795175509991395, 6.605890159674684, 31.926972070575204, 57.801250098900226
6300, 15.80394197162085, 6.749273498246208, 44.68581645922348, 44.79495634404607
6305, 11.932513029416787, 6.706968144466073, 24.314465167936884, 68.2566734326529
6307, 11.16830947185135, 6.841502715189184, 22.459649920436465, 71.1695839963628
6308, 11.856990725283087, 6.108444225507602, 20.152017150652892, 70.27127358446789
632, 12.814732043414804, 6.999015219549073, 28.403658614315763, 63.20511186181401
6320, 14.83669793715379, 6.86811237269871, 38.66406264671086, 51.40748530544027
6323, 15.094290280481008, 7.411244021844213, 42.220602872174034, 49.99822266458126
6326, 14.7201201559918, 6.547465968277929, 36.03650641159517, 52.85911198362642
633, 16.704276395857825, 6.616394426014953, 48.44783099500081, 40.48271784120841
6331, 13.51069377917834, 6.018335747526339, 25.28787997800644, 63.13565313015474
6332, 16.185559043845977, 6.486470518477953, 43.95709214867633, 44.51220465669028
6333, 13.749411289679829, 6.019794266488346, 27.173332874188606, 58.80610892060814
6334, 17.10178777042619, 6.2020938113503306, 52.49575551782682, 34.72162051402143
6335, 14.388122698736419, 6.6181800298914935, 34.78072435927471, 54.16295740992363
6336, 16.641011524486856, 6.030016906203135, 45.24771874825058, 39.68762245983318
6337, 17.206203706498698, 6.739499515229772, 53.74973183364492, 37.41916699868215
6339, 16.41506880561411, 6.984982740828837, 48.60581330021586, 42.78807770779739
6341, 13.58066781847241, 6.971929162255124, 33.60242593123796, 57.071876408638275
6342, 13.849127630646073, 7.324170466203164, 35.950252623396814, 55.863521999713626
6344, 13.394807154751463, 6.975239593444165, 31.01920997064428, 60.70762733686975
6345, 13.580789860709128, 6.795813583866346, 32.324411971932946, 58.6976034900443
6346, 14.90881659825883, 7.122112011744761, 39.5544170021333, 51.564271241509196
6347, 16.254177281990202, 6.847916729168984, 46.22553417434132, 44.11355438782796
6348, 16.400180078107216, 6.36970634011408, 49.927704463994786, 39.67395731508635
635, 15.682265085075723, 7.424938896057925, 45.44981799271971, 46.8765417283358
6353, 17.022535542386613, 6.7863441629241255, 53.30716759862394, 37.31336225750393
6354, 17.651581888619837, 6.776865411510675, 56.89734992494494, 34.68105105147234
6356, 20.64510535792257, 5.41538047349093, 75.44812260215099, 16.5747709595589
6362, 12.015374210809275, 7.447589925532938, 27.5160736998098, 67.31117049207108
6366, 16.89392375384973, 7.34652777979046, 53.371638055624096, 38.91924283548944
6367, 18.0818214126467, 6.599395021380654, 58.9653010537484, 32.07663186322973
6368, 13.845886534314923, 7.182848299664109, 34.49792501684815, 56.828527175776486
6369, 15.842960401996494, 7.22376764060496, 45.68377832572774, 44.39287268345476
637, 14.614094772274036, 6.714769263064585, 36.513349301073085, 53.53929011218014
6370, 15.016404458263432, 7.224529821997155, 41.29709439733074, 49.55975717132397
6386, 15.526922695915738, 6.745067802437478, 43.2925248451678, 44.918623073599306
6387, 15.43328806041587, 6.686561831870344, 41.39086235776584, 45.00231040258765
6388, 16.453843458545336, 6.415998662598095, 46.74958089151897, 40.392027625338514
639, 16.299322846397885, 6.79760613032831, 47.48509586981041, 41.20387775927816
6395, 15.428314414180578, 6.69017162369814, 41.38154670971089, 45.14311244343239
6396, 15.456773649445855, 6.727291312780561, 41.75800466039527, 45.082132274675644
6398, 11.861232153549036, 5.5888629337681, 16.372417183591434, 73.01869604823668
6399, 11.97154394319174, 5.796777802168067, 18.814162095229868, 71.94505636905532
6400, 11.674478956576055, 5.69031454974536, 17.24515209536012, 73.76301052358811
6408, 15.43562830001517, 7.021767663142685, 45.87209557051685, 44.94180187811254
6409, 15.291983826149172, 7.052469583582012, 45.11406788996145, 45.863408412325704
6422, 14.516928186298873, 6.927859132590826, 35.80771484895306, 54.95364697106931
6423, 13.290337568239005, 6.838802184643275, 30.032905316806453, 60.4356861871892
6424, 13.53244544998331, 7.1389600397470945, 33.16521408825206, 58.48650473758625
6445, 17.98007803651557, 6.493607487932228, 59.13752346520198, 31.812730306611975
6452, 16.93366749818576, 7.075231291383648, 53.62337953499413, 37.77546256610442
649, 12.121849146230273, 6.97328138017477, 25.473702281066927, 67.65841934722431
650, 8.87924705311574, 5.7444176859628495, 11.837538055808722, 83.74120110919351
652, 9.106145409517007, 5.684464381067909, 12.004303181905644, 83.35665681249672
6562, 9.147580587652033, 6.8185769973458195, 17.77825357741855, 78.52121471648289
6576, 12.873667294899299, 6.2905573073266075, 26.21347098493048, 63.65415036216802
6577, 12.158334336208885, 6.341746281516123, 23.541971948921915, 67.72032656478962
6598, 11.724074460860177, 6.915997000357205, 23.868375741343026, 69.30552898412091
6599, 12.429788328069266, 6.741306636892099, 26.075875323807136, 64.85752486003176
6613, 15.627808399848412, 7.325247924253072, 45.718653347079524, 45.18184080486331
6614, 15.591076450802406, 7.161616818229981, 44.67940935656004, 46.00638075609137
6624, 15.4068123905632, 7.210599430738643, 43.708637517149214, 47.791749895149884
6625, 16.372297044598813, 7.571690063607155, 50.03313826411902, 42.58760487908059
6638, 13.210463130626712, 6.563419602839472, 29.35669262143122, 61.47571375602522
6644, 14.504929215816947, 6.71879629548171, 36.63278833406982, 51.590808661069374
6647, 13.591057717208688, 7.274272513791997, 34.71913288191415, 56.421663205240066
6648, 13.639877801139491, 6.7469134155984385, 32.88420131879962, 57.61169425380164
6649, 12.693555418701582, 6.90818018280229, 28.78915743991358, 63.232514177693766
6650, 14.059370905530816, 6.985404214979047, 35.75823380383641, 54.59731485790118
6653, 15.012010819999587, 6.971803667819057, 40.39095375303165, 51.10383283928609
6668, 10.140400993941329, 6.465340512377675, 17.14228346259067, 77.69746254047135
6669, 9.72853532981749, 6.262942225381753, 15.439400197764511, 79.6127320290889
6673, 13.424606931081131, 6.412754790988837, 29.56053288042036, 60.37099941616687
6676, 17.39408416490318, 6.806969807507905, 54.15057589029374, 36.757900899582296
6677, 17.115356913813066, 7.035344985500333, 52.74970424201454, 38.73246577657597
6680, 12.364091757819507, 6.601366450292511, 25.097743379200786, 66.12747622605379
6681, 15.660698672531051, 6.824828821171379, 43.517117647846405, 45.24227128492817
6682, 13.246888599524018, 6.8053363409494665, 29.694282750464158, 60.61288809308287
6683, 13.859592072996454, 6.664255231634558, 32.279286589343386, 58.55726854724516
6690, 12.103535500578953, 7.145378006246982, 26.446766179971952, 67.00622954740652
6691, 16.13578211939728, 7.1218378634885005, 46.853670539401335, 44.061450242848274
6692, 17.28231738229163, 7.031747003461563, 54.52625614875479, 36.71611424450797
6706, 8.672124205878347, 5.3445955579296855, 10.01582673885881, 86.14244064972928
6708, 12.931367169884355, 7.414433687657428, 31.452408039438755, 62.28289723170269
6709, 12.414129373235722, 7.00461522169838, 26.753189292825013, 66.1062360199592
6710, 13.855892024994132, 7.324128387341613, 35.436760804344054, 57.1297513079269
6711, 12.151292489563245, 7.035682320398636, 25.893585969772676, 67.78143320058376
6718, 16.167842350139146, 7.212056259333519, 45.93151850276478, 45.02552105487027
6721, 16.159439849853904, 7.172402690010032, 45.74098307025435, 45.090782694037784
6724, 15.439746177567502, 7.410753073572973, 42.734915186788044, 49.29529589281865
674, 12.758337092644023, 7.088652589571114, 28.566857099831527, 62.763884836563165
6740, 16.93180094030319, 6.697180024271561, 51.656223154277626, 38.44054777906918
6741, 16.341415637759024, 6.640706894130225, 47.4815268528534, 41.75908670324372
6742, 16.251623642909806, 6.633192685273205, 46.78549109467764, 42.36147276325383
6744, 17.22748432942705, 6.623170022180409, 53.916168974047096, 36.3545666999221
6745, 16.58165960663777, 6.549145633078883, 48.691430415837324, 40.34778632524612
6746, 16.549739873029683, 6.531946521154526, 48.666684678356255, 40.39121389781968
6749, 12.774805977745043, 6.66573175953882, 27.87774710803009, 63.31781116331992
675, 11.807991747737729, 6.448970009252238, 22.346803049888532, 68.15695310890051
6755, 13.354957003000957, 7.5911358445776465, 34.55036546503501, 57.71148993638421
6759, 12.01606896720884, 6.047979937692954, 20.71334072777325, 71.07615827665005
676, 11.788464431253079, 6.047481701089836, 19.35535105339375, 70.01728406595973
677, 11.003621875981237, 6.251791206578708, 18.7393270656233, 73.82480436863142
6775, 12.091992777875946, 6.739127462456667, 25.061715517541117, 67.46462223149405
6784, 17.19004649572108, 6.646045333035392, 52.60785817141361, 37.45254614478335
6787, 17.844563722204924, 6.551794195323423, 57.341810963900144, 33.41133183791373
6789, 16.426149519644493, 6.98130977976138, 48.759492737594925, 42.09061417090614
679, 15.330566632217977, 7.248332180177767, 43.73310580694195, 47.85797764409806
6793, 16.354346926378135, 6.5909998702235715, 49.17831081657266, 40.919999512712124
6796, 16.50272329834122, 6.647478375585722, 48.37523277467412, 41.10335195530726
68, 12.678359807468272, 6.753598900531433, 26.983781247905636, 64.74096910394745
680, 13.800830014125864, 7.388648120085317, 35.68543512579466, 56.91621748467567
6801, 16.45430272562554, 6.374019623755845, 47.411782993937514, 40.734160911372165
681, 15.789128327728568, 6.772511309551581, 43.77018318731446, 45.84027224675983
6810, 16.472820173373456, 7.079057679447818, 48.10765930948592, 43.3577803916142
6814, 14.649934282632772, 7.270354820391031, 39.626374074602815, 51.98131870373014
6815, 15.5718066230082, 7.356435708913126, 44.740693485439806, 46.88344341038727
682, 12.047036157984913, 6.715032067695305, 24.28512892557146, 68.66567155442385
6825, 14.439808888352186, 7.206640164034038, 37.16889051877345, 54.69829896470987
6826, 14.660992281254824, 7.292023604979991, 38.59322559720225, 53.42527568604225
6828, 14.864497788808164, 7.395618464634471, 40.24729520865533, 51.97695658282985
6830, 17.442812131445258, 6.451501382829325, 55.008403361344534, 35.07760751359367
6836, 16.701796827359413, 6.763016104643515, 48.97323600973236, 40.82446993395899
6837, 15.609953852193755, 7.054882375144744, 43.390089917734834, 46.71895925004783
684, 15.800041421507364, 7.008547609845442, 43.964087877303385, 46.23827109319064
6846, 14.424316168954382, 6.971761761585102, 37.070541815032236, 53.796554710807435
6847, 16.813719912532694, 6.816867568369134, 51.03434233745079, 39.43260485950862
6848, 16.308464312669678, 6.697523857186797, 47.093455869874546, 42.764643682362305
686, 12.111176277485274, 6.649621116184602, 24.502758764528547, 67.1555336455509
688, 16.223344304948974, 6.580704213824161, 47.55921562967907, 42.02641026103585
69, 14.447057433747272, 6.702955789923216, 35.33575408711367, 53.54495406703368
6902, 16.65538463349341, 7.374434054732621, 52.08007936172907, 40.885009920216135
6903, 9.475821335055395, 6.1034218886527585, 13.720761589962393, 81.4965343946574
6904, 14.752267094959183, 6.907175335295294, 37.9029945170814, 52.02193167439899
6906, 14.697256727754363, 6.512346204376192, 35.4999040081913, 53.41197551142302
6907, 15.219451309462617, 6.562009654481948, 39.000106598443665, 49.52776889457414
693, 17.752581305592123, 6.0730234435294745, 58.057568043861366, 30.68631290385745
694, 16.14335541956345, 7.254327139519667, 49.03356859331115, 43.06397620454145
695, 18.694055177723172, 6.770266339659118, 63.84697665638961, 28.766123450575726
696, 17.762494221221324, 6.687395348878052, 56.76830475126029, 33.80950717753484
6965, 15.073841645985011, 6.452063507391263, 39.29639522407141, 47.033308220898114
6969, 15.333961212738366, 7.285822029046427, 42.60316293599477, 48.18711166748975
697, 17.054023332234802, 6.731271044604632, 51.142690933266856, 38.440122995096814
7016, 12.031484442448397, 6.758604771771641, 24.68172268907563, 66.77731092436974
7018, 13.41868161965182, 6.485328013481502, 29.419180458483353, 60.58616481599145
7019, 13.716926727983138, 7.039055945015789, 33.23810540930208, 58.53179900678165
7020, 13.460838832706457, 7.088019710571563, 32.260515603799185, 60.180461329715065
7021, 14.959528902116427, 7.398624016744247, 41.169219098193544, 51.35365795837087
7023, 12.81887028584554, 6.8301932996820875, 28.18770301089636, 62.682853786081225
7024, 13.951438930218345, 6.6026054710094515, 33.595263060507, 56.2869302411645
7025, 14.224127364914468, 6.829691054453336, 36.42745899644717, 54.563926607290604
7026, 12.6012212007477, 6.7533202814337905, 27.311904423268384, 64.35784383444745
705, 17.33836509767151, 6.91953311228452, 54.614259365261084, 36.481587483304715
706, 17.55976924403447, 6.7923681917997065, 55.5180627233029, 35.317469584102
707, 16.808634005866146, 6.829742849835296, 49.60823263256635, 39.989240192021185
7075, 12.443286023471961, 7.380381364614535, 29.654456193353475, 63.80287009063444
7077, 12.435465209501352, 7.083418275571712, 27.338817480719797, 65.37275064267352
7078, 9.321299804285937, 5.788120011569219, 12.813303583042334, 82.52003642075984
7092, 11.877340430182523, 7.089793319334561, 24.655833205580254, 67.11482446726966
7093, 12.357609902414847, 5.8223630710773095, 19.50496293504209, 70.86317376554844
7102, 13.638189120916977, 6.843725318017936, 32.68920880555075, 58.22823582681884
711, 17.52275264335656, 6.824992017062784, 55.941023417172595, 35.35158487293197
712, 17.60093014419053, 6.629304724565135, 55.71951794045683, 34.51163356179997
714, 16.25968319159217, 6.700548066663557, 46.00785905518611, 44.18775369202868
7173, 13.9265667651805, 6.757939857711189, 34.3696634366736, 55.296310391600066
7174, 14.944001485276962, 6.981962996603675, 40.11931074440462, 50.333683826527334
718, 17.093658582902645, 6.905592477441913, 53.519881730754584, 37.619069391736396
7185, 14.242750305069183, 6.80514405074133, 35.37961612622224, 54.14753986042733
7186, 14.073716588484825, 6.7426863651055795, 33.81407654323346, 56.3491532870419
7188, 13.422218771406007, 7.29171386346158, 31.907618269108994, 60.76769863108328
7189, 13.911436690435517, 7.789098456081183, 37.40461025772485, 55.179145386784455
7190, 12.948623748358953, 7.589251039332742, 31.73719598571457, 61.23780451307835
7191, 12.949935614635425, 7.594592558057521, 31.786716179943085, 61.25249752769986
7192, 13.060037264855914, 7.686592995855853, 32.94754681106105, 60.1206960691109
721, 14.059504509647331, 6.90932036728583, 34.93349560984091, 56.3470399026341
7222, 11.024814733565233, 6.55917778213067, 20.229354463506834, 73.0572113986624
7239, 10.908786168145214, 6.453016205362306, 19.965762788430673, 73.62783675507318
724, 15.152863305715464, 6.9566102927515585, 41.00775376493601, 48.93120595790813
7243, 11.772841593930162, 6.498343213881161, 21.957763010422457, 70.29202298059359
7260, 11.706880316350892, 6.557345368120917, 22.33610520208857, 70.06645452787397
7284, 15.828427683090675, 7.092508135822887, 45.73635613848042, 44.780833215988416
7291, 13.787124538244152, 7.83647399033022, 37.98050139275766, 55.05571030640668
7293, 15.017386545161548, 7.5363600151295165, 42.01682413393005, 50.81012763136085
7294, 13.523667911981434, 7.084667750165366, 33.36161024138197, 57.88209631041434
7299, 13.655883520975985, 6.796641432765947, 33.7881756637843, 56.55805986084875
73, 14.716179620874277, 6.7866657153348084, 38.09410268637736, 52.282625973613094
730, 13.462030371173713, 6.683323738926167, 30.448414339652853, 59.81615145491175
7304, 13.684456698936602, 6.798032137639839, 33.78774037898484, 56.25043918206731
7310, 14.363879457357058, 7.404984624466546, 38.37327443401436, 53.56156819436775
732, 16.60181846461861, 6.158704691420463, 46.954696584133586, 39.5490090458235
7329, 19.288669205161302, 6.119961831185813, 65.69784497348527, 25.066004738801762
7332, 12.878593057592834, 7.196804727912373, 31.038057311766153, 61.78976106412678
7334, 16.83287941837119, 6.898427029723521, 51.42970509932419, 39.78599221789883
7336, 15.025713873275262, 6.832930784356734, 39.889198942725514, 49.34247673914289
7338, 16.039555542364585, 6.903500762003831, 46.36867738198342, 44.11576141361198
7343, 15.514067626359852, 6.996890591197263, 43.73890147572102, 46.65564468393444
7344, 13.48284217434005, 6.496559690190003, 29.997620952916492, 59.04578584250708
7348, 15.015743598391758, 6.691442744661736, 39.748378218989586, 48.51582465107136
7350, 14.38236662461324, 6.249142520905972, 34.12476922416384, 52.685586707311835
7358, 13.436119982944987, 7.373346001312981, 33.23546907681384, 58.121773837622094
736, 12.528588927010624, 6.34559982217604, 24.6794951581987, 66.20447586567424
7360, 13.966187225043702, 7.0268660483814545, 34.23234537310588, 56.83550938721053
7362, 13.66803060532188, 6.675064429110159, 30.322254585112184, 59.148279668568534
7365, 14.6355536519866, 7.3971314158186265, 39.16562828072723, 53.06953424711296
739, 11.863542888065075, 6.284401638332512, 21.485957885367625, 69.74913920314806
7399, 17.184070644191547, 6.694127959975702, 53.23516062332947, 37.1249180493217
740, 16.75874909683301, 7.953282656549543, 54.514240545414125, 38.737247733616584
7410, 17.915071777801867, 6.70894644922392, 57.46056175452097, 33.4718481467231
7411, 17.64347491641439, 6.769558881800211, 56.38141409739623, 34.29839851835712
7412, 16.352871768524842, 6.629149623771849, 47.690822292549484, 41.130719304832915
7413, 17.50918993529583, 6.665285491034525, 55.05562995776244, 35.29926856907387
7421, 13.60035127658808, 7.406239151840525, 33.84963917985007, 59.182140993496326
7427, 14.351817963878483, 7.0291156829039325, 36.83658507871614, 53.76456863983219
7430, 13.529187303072888, 7.464689157180922, 33.90558384039075, 58.81245084647543
7444, 12.10616200467968, 7.248930732217348, 25.18586862065636, 68.18401261653668
7457, 16.399964418426915, 6.950611254688669, 48.10719602977668, 41.6575682382134
7458, 16.87421657786971, 6.660686573125775, 50.26343123881512, 38.92149623937828
7459, 10.390362852083776, 6.232296591486499, 17.573806106218722, 75.15226752531326
7464, 12.029296407330753, 6.91943738653183, 25.838747078418024, 67.49360472606143
7470, 14.837494868701766, 6.730695852266543, 38.18456883509834, 51.7061691040511
7473, 15.669216030491881, 7.189887275761931, 44.66684045290204, 46.687672133377156
7474, 14.368421174589322, 7.403263572185087, 38.68723389072572, 53.014914012511596
7481, 11.342946956253527, 6.398726383894958, 20.653048591767252, 72.15000515836171
7484, 13.03926104876826, 6.959837761825544, 30.597861620706894, 61.25629783469867
7485, 16.408017534704296, 7.4955283092369065, 49.62346182213423, 42.75746283141182
7498, 16.11494244073025, 7.060522244629375, 47.80128064798599, 43.26428415061296
7499, 16.462431578238732, 6.913323098989379, 48.98235535494461, 41.738476268636305
75, 14.25436714158513, 6.788339057602103, 34.94817453749807, 56.237990378276784
7501, 16.375070509372115, 6.979608849686364, 48.63926398575456, 41.7866152248108
7512, 14.987767340203074, 7.0009101551532975, 40.512148561488324, 49.8503315297812
7515, 14.838466453325086, 7.186926424182363, 40.814536622664, 50.70164391571278
7517, 15.233138347541317, 6.968894894929017, 41.631825379646614, 48.63577848916027
7520, 15.129326515509971, 7.055332226973632, 41.545489495465745, 49.32608154865555
7523, 17.661935377454622, 6.364341941154038, 55.79927319057754, 33.78071204158161
7525, 14.220841069685076, 6.476394830866264, 33.76033727906599, 53.73155505107832
7528, 16.558976773323234, 6.793225464175663, 49.00818199960088, 41.189383356615444
7549, 13.971347007102302, 7.058037863197018, 34.90192797293905, 56.609253791998846
7550, 14.101865537045313, 6.956157245296311, 34.568169057220146, 55.81772242356185
7552, 15.419287680191442, 6.636337426656521, 40.67465927727196, 49.155969009783405
7553, 14.871131411288154, 7.6309632200890265, 41.83498965546108, 50.91306999605353
7554, 14.506121357197014, 7.201972393890874, 37.69529255590728, 53.2102011640968
7555, 15.544789572682621, 6.639541483084396, 41.334391048390465, 48.556079773982994
7561, 13.322209370263792, 7.030193532454395, 30.9008988085561, 60.29217084330074
7562, 15.746240269161767, 7.1166459651331575, 45.58150531097489, 45.8415657665873
7564, 16.677033101965375, 6.690412915473575, 49.44089856183445, 40.6002633026147
7587, 13.031497288270284, 6.782600791747469, 28.506596306068598, 62.796833773087066
7589, 16.13212519390499, 7.708535534490284, 50.01297690111601, 42.091077881371156
7592, 11.992777531904338, 6.616460714386067, 24.16819956756059, 67.40245909574983
7599, 15.440468079556394, 7.4083887734092935, 45.45256356897953, 44.05731613056662
76, 14.011122424118964, 6.749861160232168, 34.449147822212325, 56.61551743344102
7602, 15.60732920000611, 6.586592182425321, 41.295079339637766, 47.254367687129346
7603, 15.352628389749272, 7.1734264064816875, 42.963880532452464, 44.52899191883443
7604, 14.424677061586001, 7.088434499970691, 37.35012110414957, 52.4991492683708
7607, 15.129235364626053, 6.606465629760943, 38.840561101659546, 50.662857509710136
7608, 15.391782349882691, 7.38209385950095, 44.46635639346849, 44.78386053482685
7609, 15.08570203040458, 7.27682377140298, 42.366239341485986, 47.567003406786
7612, 15.19690565479479, 6.876540360479823, 40.364850976361765, 49.08466084275437
7618, 16.160406630360512, 7.0936581756009875, 48.078507160055764, 42.62767710049423
7619, 17.65978827840192, 6.528929815498148, 56.18394526238622, 34.510354939214366
7624, 14.187653796825508, 6.3884035569495925, 33.43215000370562, 53.71377751426666
7625, 17.44064644223916, 6.859640495687945, 56.00336595951991, 35.25399707692989
7628, 15.829826015543876, 6.817910606200358, 45.13579551739048, 44.351489678334055
7633, 16.69065043595487, 6.671413839417281, 49.93424918161216, 40.435354354942504
7636, 13.955285118976812, 6.373386501279832, 31.37446095531079, 55.314911967478785
7637, 17.56988249077903, 6.644466942940318, 55.8620309962287, 35.03730007983043
7644, 16.23789046308892, 6.7915211816035495, 45.03847108463639, 44.52965996525192
7660, 15.54481010832951, 6.514449804621611, 41.26309303758472, 46.826863832409124
7661, 18.184171807722073, 6.179080165846523, 59.12437039907012, 30.65723199902119
7672, 15.94924931985316, 6.935167121446506, 45.9739324223938, 44.4634536163699
7681, 16.365928320075238, 7.127501535637198, 49.05078125, 42.353515625
7684, 15.982944035852581, 6.798467348817922, 46.012412723041116, 43.18269976726145
7693, 15.256816569335745, 6.73507633384004, 42.368690693633894, 47.50523455250145
7696, 12.48655341621097, 6.487677443018087, 26.364641842510462, 64.44232395740713
770, 15.608374149332567, 7.050237829953643, 43.82988756794322, 47.155692338239305
7707, 16.8185150747878, 6.942751304648332, 51.484266959668105, 39.666963456911745
7713, 12.615328400301122, 7.201630688141534, 28.922931494661924, 62.255338078291814
7714, 13.592555632069692, 7.211433513378688, 32.99930830214781, 57.942997002642635
7718, 16.127939873672563, 7.658928594316642, 49.54894370817478, 43.60976249835979
7719, 15.7131165042259, 7.559875506148224, 46.60393808293991, 46.00845519896038
7721, 16.416204926514904, 7.02540419544875, 49.003990474351546, 40.84121773830211
7723, 19.63373546220152, 6.3948428225774885, 69.34029741508367, 24.067666921720615
7724, 16.43433689212762, 6.683563573893909, 49.360749710163596, 40.292090686590235
7726, 19.26314435469728, 6.295384069738362, 66.29035951454088, 25.857568124570644
773, 15.186768222117294, 7.203227436739091, 41.56998301557305, 49.36966246441643
7731, 15.306756493836893, 6.8867433490482775, 42.779876817970084, 47.73950623673723
7732, 15.90073321072433, 6.793066859544845, 45.614437061525535, 43.99965085703686
7737, 17.757452110945657, 6.850375160922168, 57.63969526183126, 34.0069104194398
7740, 15.914646192701195, 7.094907442402948, 46.14034663051898, 44.81385553834237
7743, 15.9661530720595, 7.081695482194534, 46.45069368140161, 44.296598606599936
7747, 12.57439808361363, 6.5543456119971975, 25.6489280245023, 65.80972434915773
7748, 12.312528542872453, 6.927850233821855, 27.10688082490581, 64.98966034956517
7752, 13.909474839587247, 6.796080684142369, 32.782990725172205, 57.04181808320226
7753, 14.580945875105586, 6.76969148670019, 36.30881591649994, 53.540497810361956
7754, 13.68086144091096, 7.075985475159663, 32.836101451415836, 59.114649767048434
7756, 14.795466883830057, 6.883595551415712, 39.40397350993378, 51.232523914643124
7757, 16.93236275082334, 6.860863918877754, 51.63176358031253, 39.46794939938344
7760, 16.39076613170117, 6.695030991490099, 47.465922846165995, 42.10173148781643
7763, 16.464082592801148, 7.09470788484602, 48.51464821696196, 42.08051900059537
7764, 14.777003926906502, 7.092184986422618, 38.51427146952511, 51.45103660309942
7766, 15.121537900971436, 6.911869667891009, 40.13047419493855, 48.27693816593108
7767, 16.880845016394623, 6.600326760252846, 50.25295577085672, 38.97597959721125
7776, 14.66052276713219, 7.110307954717814, 38.464219583923324, 52.35377409868206
7787, 12.674858283874137, 6.6208274285024284, 27.05164841487505, 63.53733146660018
7792, 14.611692190138328, 6.486773297322469, 34.9963768115942, 51.54347826086957
78, 15.694635261608628, 6.865271510835392, 43.25062497667997, 46.74527069885452
7801, 15.436080277035257, 6.867242733009891, 41.258178951517536, 47.87544343713047
7812, 16.377596538413005, 6.996396159471039, 48.7907400825233, 42.13787881129364
7820, 10.926771935954648, 6.552845791393478, 20.81750666137536, 72.42133907817903
7824, 14.33829078238471, 7.14134358393599, 36.314652556976775, 55.164923181476176
7827, 13.91356665628874, 7.102050640177886, 33.76644440439719, 57.93025770409083
7828, 16.448099081089495, 6.585883999318795, 47.82470769509653, 41.60518444666002
7829, 15.135433933715651, 6.430011137961049, 37.544930557032565, 49.270476636110345
7832, 12.62849067197534, 6.8953625403058, 27.614784499296587, 64.83437779767233
7836, 11.423719087661663, 6.8054893057751755, 23.828842167604382, 70.07403020432336
7837, 11.43915617731861, 7.1158225007133185, 24.98918472489873, 69.67298540921068
7838, 14.982451856861937, 6.732946376038488, 37.94680157556949, 50.18592821793541
7840, 11.656233906898377, 6.30831997595339, 22.11627667250799, 69.7428100195856
7841, 13.830361627172717, 7.049470192441213, 34.91573787283857, 55.79103968002342
7848, 12.209447902010169, 6.670210975332055, 25.2359377163999, 65.49670577528045
7851, 13.489345005625516, 6.626529310256978, 30.90612688493411, 58.46449434277176
7859, 16.707198584841947, 6.848978068778327, 49.617078010666006, 40.078134689321594
7869, 13.95941278186112, 6.344525059335825, 31.64968481148158, 55.489037782975856
7872, 13.970800183276484, 6.3993459254502625, 31.931092196844446, 55.25483232298492
7875, 14.542506917625298, 7.134162889513421, 38.04290144930955, 52.75180131841177
7876, 14.95231506710313, 7.106250377399212, 40.94483195941662, 50.134432466708944
7878, 15.50753787416939, 6.660731381132217, 41.18210862619808, 48.71232115571607
7879, 14.622695758041216, 7.19951659835335, 38.73637294464856, 53.210865506233816
7880, 14.568786234970673, 7.250531521905828, 38.72667424457706, 52.86066117268163
7882, 15.492208819369528, 6.689440184199798, 41.09402374927, 48.811146027420115
7883, 13.638077626324668, 7.224369979846243, 34.52727667898283, 57.55813953488372
7884, 14.774811257449086, 6.762861455382239, 38.58366074478989, 51.50004270584216
7885, 15.470056188705545, 6.594365550816363, 40.74634458111051, 49.039352002817374
7886, 15.768618921444364, 7.1018385118237415, 45.701621369415605, 45.6666277849061
7887, 15.673595818218544, 7.052018428713288, 44.76580796252927, 46.39176982268317
7889, 11.662877610508916, 6.992936468234258, 23.027762984231366, 70.62310417486744
7899, 13.87237960941529, 7.131227566997053, 35.41226369718258, 56.68644055444621
79, 14.532010069946049, 7.082976165411457, 37.840620859360214, 53.15540412644331
7914, 16.389202977808925, 7.124290147371622, 49.4888051176605, 42.00222755311857
7916, 16.061856966999162, 6.290164846692176, 46.576121288692356, 41.817751105495894
7917, 14.11258314637584, 5.855262344304445, 30.610487868510305, 56.33185494390817
7918, 13.733145454098665, 6.358679971477043, 29.852941176470587, 58.08648459383754
7922, 13.024478556960757, 6.790623839004598, 28.7999359111301, 62.95040233568325
7931, 15.256705009418987, 7.260697644363972, 42.32953815312653, 49.34333958724203
7932, 15.645166370645285, 7.092363015905539, 43.858676737861074, 47.304107964578954
7933, 15.825472463129595, 6.903409462791394, 47.2640494756655, 43.35036300080667
7934, 15.290626408813162, 7.253081093249669, 42.4763619990995, 49.15546407667074
7935, 15.643855751172197, 7.11158809179813, 43.916875764009525, 47.23798494499131
7937, 16.381805730625832, 7.1566838718809045, 50.29811787333425, 40.90122269542519
7938, 16.0776695893222, 7.192118918465788, 47.20050225443753, 43.86022487300953
7939, 16.1027891187478, 7.1858250103735255, 47.292757913914826, 43.78985424732407
7941, 16.433049074648867, 7.0395064469404405, 49.691563210216295, 40.95947805383343
7942, 16.488739718987137, 7.137513745070944, 49.523275378575434, 41.63768928771733
7943, 16.447194763431888, 7.1874899291482635, 49.47830964846672, 41.67165295437547
7944, 16.754268390608722, 6.739445156350974, 51.88549489912033, 38.71819989907086
7945, 16.096454659763086, 7.184618488965372, 47.24079078367231, 43.847247902147636
7946, 16.087878775872788, 7.176790996083238, 47.16724130592092, 43.92230309737653
7948, 13.794576095588136, 6.672086509662622, 30.90552573860133, 57.00799498670871
7949, 16.754741674491996, 6.729492347833318, 52.00484029997908, 38.56255041979145
7950, 16.01011659200395, 6.412284738028065, 44.099894789301736, 45.18744116507005
7951, 12.175844173090148, 6.18498575370787, 22.324618904398346, 68.49952443381918
7952, 18.202222465039206, 6.528098146085892, 58.10992097595741, 32.15670656297818
7953, 19.182797425129113, 6.12264976897394, 67.85185372707365, 24.27629330531752
7954, 19.54972147351526, 5.935001994624628, 68.13225159207886, 23.161476053389165
7956, 19.292323586498, 6.14416287407027, 65.70490167546667, 25.642331517897976
7957, 19.236721615461416, 6.23620757607864, 65.68532723364817, 25.744878039161556
7959, 19.510875188684828, 6.017902703384951, 70.34750307440699, 22.263777780595102
7960, 16.08693969047995, 7.16889369240014, 47.17688136940415, 43.87543645499191
7961, 18.16994841226999, 7.221523387880744, 60.319897101840134, 31.32585108810655
7962, 16.067517476025653, 7.210248870882378, 47.23390948373891, 43.84097111667046
7963, 20.22350423404671, 5.674210550562946, 75.34619158211106, 18.21557644779493
7964, 19.309557920406895, 6.131757504540973, 66.17605998962945, 24.962107614375174
7966, 16.65816113688722, 6.877260054390817, 51.99364409925897, 38.684863155081004
7967, 19.250649713837877, 6.121912104231081, 65.38297281715103, 25.777796758557365
7968, 20.134685249312835, 5.692773141038943, 74.80421553371035, 18.619450664844827
7969, 18.232496463661768, 6.600328178457203, 58.6135108768895, 31.734569701602116
7971, 16.409848401770166, 8.004280004186427, 53.227021301635865, 39.3032835118277
7972, 11.506297740965776, 7.420238466722009, 26.001879317350667, 68.56587769199513
7974, 16.247274584389604, 7.483270058603205, 49.7904099785298, 40.65316137701374
7975, 17.027212282152504, 7.30385254296453, 55.86932447397564, 34.53971395584459
7985, 16.33165827283379, 8.015812023821828, 52.450453218620375, 40.047508183934674
7986, 17.53885038595217, 7.748689886903918, 60.69703445651219, 32.02816241693258
7987, 17.840907442177222, 7.492980426387541, 61.33862720610759, 30.8148165602394
7992, 17.72641454650375, 7.510534084087998, 60.60574521232306, 31.510778055324266
7993, 15.162849702015036, 7.0322746598667525, 41.6925259331501, 46.28956467771966
7994, 17.829552333907746, 7.500692831017045, 61.23192224369108, 30.832015925990987
8003, 12.850563726714789, 6.621995156216367, 27.465718958359542, 63.64112886316937
8009, 12.993581938577476, 7.072414205235912, 29.827562683011305, 62.11101898594683
8016, 11.132817008951214, 5.879431331360302, 17.73914360516693, 74.95943051258195
8020, 11.0225292865337, 5.859516184835304, 17.271830879086348, 75.58430582192895
8023, 11.1684629522157, 5.931521457658442, 17.298106429159493, 74.98839907192576
8025, 10.72138519083361, 5.3945399910415865, 13.81850580207745, 79.09405015428746
8026, 11.266788335094352, 5.897065777493381, 18.13827503055528, 74.33136238011869
803, 16.00089623232126, 6.7182477204180815, 45.404732254047325, 44.47744036785133
8039, 10.127540383629867, 6.1129095714710475, 15.90974724709014, 76.46623055384654
8043, 8.282431997584562, 5.214544851367052, 8.703962176367774, 86.85855118387465
8046, 10.666255279835863, 6.368926195763377, 19.571133519620947, 73.52205078362289
8053, 11.947667814924207, 6.922349695602084, 26.543437069752855, 66.058697637645
8066, 14.042293070352132, 6.856321207388411, 34.238995434572196, 55.5568879714254
8068, 13.918256185342168, 7.592985996002605, 37.14206089319306, 55.45878910332335
807, 11.467821329135065, 6.7902531638597505, 23.074565570504767, 71.24796959759723
8074, 12.729530543624003, 6.761027898207482, 26.557716282343762, 65.87738417307676
8075, 13.962358377785835, 7.34642302331277, 34.654223189501735, 57.85018028901574
8079, 13.683745261915174, 7.515857801444601, 34.50379283285378, 58.162699450693175
8081, 14.873003023741301, 7.3633119517765575, 40.534560672949475, 51.39797739440809
8085, 13.695675406267096, 7.077612016266339, 32.97266902944384, 59.282988004362046
8087, 14.462180850509663, 7.452344446722541, 37.5437152849208, 55.05725845162175
8091, 12.77285791108854, 7.564285342191019, 31.34550991710497, 62.08659306851465
8093, 13.755983501936155, 7.006247674368102, 33.208909085288575, 59.22903335497234
8103, 9.601318214544591, 6.076235752609609, 14.894676821035798, 79.2578222286306
8106, 16.013218359826546, 6.9411333922166865, 46.396424359053945, 43.78918616922217
811, 10.21679544974415, 6.332647448949446, 17.450226616606585, 77.74669797914828
8134, 15.70500951496168, 7.244827777014899, 44.41667531679429, 47.2257044530857
8157, 16.04798551525733, 6.852394778522013, 44.38811564813962, 45.294497188680985
8167, 13.205052126901862, 6.471672798784868, 28.18455099271976, 62.47439501290225
8179, 17.713759726099074, 6.547738936965104, 57.00590401589992, 33.401531536797805
8185, 15.283552504091594, 6.750404971756664, 40.32417537887997, 46.512683361698684
8192, 13.610258849604525, 7.6062989409579975, 35.64921354179023, 57.47431852150602
8196, 14.391354606349799, 7.489040379475332, 39.94237152131889, 52.540394645657805
8199, 15.49006844964187, 6.947247886616177, 42.429447204312446, 48.13444667582708
8202, 14.025989672562007, 7.064921655803649, 35.821995921987856, 54.109691614731524
8224, 12.020977255653818, 6.077523864706708, 20.78063518830804, 67.75224845418775
8228, 14.247704373172468, 7.4339336895188985, 37.56797086421002, 54.49809049293103
8229, 16.917030327227206, 7.047117776261545, 53.15205583171478, 38.46660302202324
8232, 16.088938416808393, 6.824784903545709, 45.35881011833677, 44.16768770259162
8233, 16.428989050122176, 7.25705918596073, 49.74192057316744, 42.21717191171373
8237, 15.81965130079276, 6.978805220908052, 44.895342679561864, 45.567044789431144
8238, 13.829070276466322, 7.056562243625376, 34.28109889870005, 56.79935384581801
8241, 15.977966492667596, 6.812228401953842, 45.45248171750093, 44.3368844351478
8243, 13.899075849598816, 6.78116402213546, 34.11342296614876, 56.14837201493019
8253, 13.555788448298701, 6.642827121168764, 31.656300807762783, 58.56022090892669
8259, 13.451203944268418, 6.570711532071316, 30.96166158249539, 59.5243475313524
8260, 14.67460410309427, 7.0120437289428175, 39.24561245070592, 51.78763157630674
8261, 16.05503699551349, 7.216892839104677, 47.628371889190376, 43.94715003683087
8262, 16.272561086979824, 7.030156067370991, 48.13930487427196, 43.22607071140993
8264, 14.229980857826922, 6.761276093815882, 34.80279223076458, 55.82476939935975
8271, 15.961913752304667, 7.488292957922199, 46.05204887071144, 46.167973532706384
8272, 15.250685878410552, 7.0672086789019675, 40.64699425324466, 49.509911538709886
8278, 12.928948272567458, 6.356130631911603, 26.72491311638759, 63.495516076506185
8280, 16.602723775809967, 7.03607721469611, 49.51822636397017, 40.81084845338634
8298, 14.18686629802527, 7.2682255005783105, 35.87824984147115, 55.69506094553653
8308, 13.129048784747056, 6.888396793556715, 30.938393479466864, 60.93512183325984
8309, 17.814732312972335, 5.444561757155485, 55.96159485891339, 28.45448633761332
831, 15.570731499138885, 6.611670774034308, 41.75692972926459, 46.50905140423151
8313, 12.878994263539562, 7.364327032793659, 29.73834955099182, 64.02806613802937
8314, 16.86922549949174, 6.701535119424866, 51.66483183176436, 38.58545462715406
8315, 17.361714008571404, 6.915811768180754, 54.70407499607527, 36.75682343178811
8319, 10.909039897669418, 6.858511538734868, 21.809511629181664, 71.3152942466154
832, 15.19309986805403, 6.5753870968433095, 39.44930846339297, 48.557712642219684
8323, 14.42240429823125, 7.333412938013046, 38.56139777922926, 53.21481058131939
8326, 12.03792237688644, 6.7141964571067145, 24.35322693705883, 68.42345499894039
8333, 16.848912988999466, 7.089172255827313, 52.25398914295114, 39.33607501233756
8337, 16.885918551886363, 6.736808333366616, 50.51050299850568, 39.38871297948114
8341, 15.82521635828046, 7.27823979892889, 47.12923254176535, 44.421685975804905
8344, 15.310097922209057, 7.457153550824449, 42.37741489564954, 48.763191314804615
8346, 12.887737903774834, 6.928311946413561, 28.84924134500147, 62.68796779956132
8348, 14.474279374489225, 6.071740602005131, 31.660879494768242, 55.12106452890867
8349, 14.012064101545137, 6.895521127708587, 34.41730216793767, 55.76084485502304
8352, 16.147818733211725, 6.8154318887390515, 46.29595212429841, 43.18105787458648
8355, 17.115283452534477, 7.32682236131405, 54.46828214230591, 37.999691310387405
8356, 16.786522517415616, 7.416023935732752, 52.4309869238382, 40.00758038365164
8361, 16.235562173591365, 6.811665500313564, 47.107596760252264, 42.60972564586868
8364, 16.721250820151894, 6.800841196699715, 50.11507269671952, 39.82245926791846
8367, 16.353468249620253, 7.252974582810635, 48.312815733974205, 43.65834518612978
8368, 16.75965466206646, 6.830858677668395, 50.58723040785821, 39.64220466462619
8371, 16.69552843059186, 7.310325331853354, 50.82562434881444, 41.45170965806839
8372, 15.596112834354724, 6.819591481583288, 42.735814962052764, 46.788448270197456
8375, 17.46110314048333, 7.264986791980958, 56.77254396540972, 36.01006111503762
8376, 16.852505395534934, 6.868807174968263, 51.04872464907615, 39.495409661679346
8379, 16.736171134754507, 7.221165607865092, 51.38357281797076, 40.67578590700885
8380, 16.866533164665476, 6.794479867462343, 51.59168869759008, 38.73145578885271
8383, 15.950960178654496, 7.585741888015941, 46.79789383456806, 46.12134941529419
8393, 11.25617733461081, 6.616469171637664, 21.662445730824892, 71.10769416304872
8397, 13.477138512315417, 7.39887529525006, 34.5674102462128, 57.58161900285621
8400, 14.523347975607676, 6.985718855672293, 36.80548963235194, 53.449328035367984
8408, 17.20355545494032, 6.601115145310146, 54.89125361710072, 35.75095678148044
8410, 12.617411090021939, 6.8144893893822385, 26.90213001638474, 65.77665982046015
8412, 17.011286148832284, 6.745962926443976, 52.49808884736261, 37.52144737959738
8413, 10.209184167994396, 6.100632176645507, 16.114034173786205, 78.17774536361742
8414, 10.36555227386444, 6.1103341185477555, 16.518262320013736, 78.07295116147864
8416, 17.813597675995798, 6.354021001474333, 55.48213319236239, 33.31193595891705
8420, 17.06173595800231, 6.854533628554373, 52.3482905480129, 38.270312242641005
8424, 14.565765949628819, 7.634147869808261, 40.826267134204656, 52.532993305706086
8428, 17.042877549621284, 6.718830410820801, 51.78039491710763, 37.33738892170787
8432, 18.29823596171611, 6.307289028588837, 59.47781334337539, 29.70438712106948
8436, 17.639301969495772, 6.516685967565294, 55.19168128288649, 33.99273365071411
8440, 15.563846920765826, 7.296138551000909, 43.8840263967878, 48.02720743771295
8443, 17.410403046697716, 6.88235653378293, 54.89944751381215, 36.29171270718232
8447, 17.221745108425363, 6.814117898157665, 53.460467582976094, 37.521545056790565
8460, 13.512832241169862, 6.583208264541324, 29.84911389490499, 60.37027176767713
8463, 17.415024623267268, 6.860660449005769, 55.307174623165025, 36.15647998740604
8472, 15.03522933674938, 6.994720501899145, 40.336762059951795, 50.727048466125765
8476, 15.332170580950464, 7.27299959970314, 45.38219281755816, 46.0962867117502
8487, 16.512496539930943, 6.890498052454989, 50.37765426820579, 39.97577312241699
8489, 13.487423456437055, 6.2838220124810205, 28.876404494382022, 60.113818765504156
8490, 13.510072304784149, 6.528107312832858, 30.246181978260132, 59.71916517106317
8495, 12.012522925156805, 6.127652880607079, 21.722282338490334, 69.59757845172989
8500, 16.317941165757915, 7.202080900758393, 48.862710231903385, 42.257538712306435
8504, 13.511307725050296, 7.336424685591078, 34.375500785231246, 57.767379250665044
8505, 14.793592503130332, 7.0136982080802825, 39.15480413384315, 51.749819566652846
8514, 14.220445377094764, 7.023437545408115, 37.06452889944576, 54.069675376088675
8515, 15.432697574405738, 7.37535780914633, 44.28537341923169, 47.602004294917684
8517, 16.36882634305471, 6.988505173301126, 47.25461148810093, 42.79206091305872
8518, 16.53276222506323, 7.126392949270644, 49.596918881419995, 41.84229202050889
8520, 15.450908338873157, 7.41945405515187, 43.377854373115035, 48.63133706735602
8521, 14.434668028751448, 7.535485323351962, 38.23474394578184, 54.35342532771199
8523, 14.967172375863246, 8.16519467916874, 44.61555598874934, 49.061516611434456
8529, 15.243269252424179, 7.094471262950233, 42.21776571900436, 48.69883213400967
8530, 18.45167383278668, 6.573361579571302, 61.30399507609668, 30.23864145031334
8534, 16.078667835667893, 7.102550022623312, 47.272192827748384, 44.023123652753284
8535, 15.450579758362688, 7.291922353699648, 44.18368542309344, 47.48525908860166
8537, 15.281244952232727, 7.374952314433955, 42.1138314182301, 49.692582465346376
8547, 15.048911796278624, 7.085244106959477, 40.94419417118691, 50.195366369403324
8549, 15.355806723102626, 6.9156487042883255, 44.58909986197635, 47.04181743574439
8555, 11.746761939092877, 6.4581590216990685, 22.1357651965514, 69.14625416290579
8556, 13.284924857652758, 6.846020754059291, 30.13186401133239, 59.56795267061078
8562, 16.032521302774935, 6.950210009761105, 48.14789525792906, 42.0146119968591
8568, 15.023922628301653, 7.04061961567712, 39.91469603714501, 50.127261789069365
8569, 15.089534872108192, 6.68532130019297, 39.081325931693925, 50.75230463942126
8572, 14.213766242021027, 6.867695576799172, 34.74863912904259, 55.94193617248372
8575, 14.139426172929877, 7.097773157319732, 35.44687230459605, 56.19070111307348
8576, 14.020709934009375, 7.100033714425659, 34.71913808701373, 57.21687638786085
8580, 15.236783867759463, 7.275840053339011, 43.02828756441902, 48.31710163487457
8582, 12.238588513057694, 6.586746091134705, 24.807314805248478, 67.81382374212211
8591, 13.656152815970376, 7.140249733595752, 33.20127477925268, 58.29191275364014
860, 14.100388520131622, 6.989053954738611, 35.924571868385605, 54.26528125200436
8629, 14.608717711103074, 6.789424786249194, 36.07682343243157, 53.546232161783124
8630, 15.652224936396987, 7.470733492470037, 46.0530232045417, 46.25585625310037
8631, 15.788693952289591, 6.896675430508202, 45.60489756486859, 45.438985204397724
8632, 17.241276250409786, 6.745992866434826, 54.32899946014036, 36.92527442864855
8633, 12.893257402124691, 7.076526670153994, 29.70655886247996, 62.29525336307242
8634, 12.65782162036158, 6.997068622979192, 27.982632901925754, 63.541558468537715
8635, 13.483407537139616, 7.134511523323288, 31.708956477902873, 59.36817341623256
8638, 13.382027571440053, 6.994514697561412, 32.02827577396414, 59.569049951028404
8640, 13.472088420770856, 6.95312825076065, 32.148212152786606, 59.262835989055205
8653, 13.172948956147223, 7.1582307850875155, 30.98528138528139, 61.063203463203465
8654, 12.842435044435337, 7.090319004819821, 29.21513129351486, 62.113918558767026
8655, 13.726874150509405, 7.147272735431454, 33.12316715542522, 57.81105990783411
8658, 13.485258305888253, 6.9582062366487145, 32.20815752461322, 59.297769740807716
8659, 13.389655062718049, 7.012208336640053, 32.20048550621162, 59.38967333327734
8672, 12.656655446278485, 6.9203958922736115, 28.002092050209203, 63.953974895397494
8673, 12.715665054994528, 7.097512753743495, 28.300006229365227, 63.24259224651675
8674, 13.672481803285155, 7.116355728977516, 32.74299406188145, 58.222731534534844
8677, 13.344307619845143, 7.012008948828222, 32.0296506073427, 59.54091033165007
8678, 13.428171447327466, 6.98317192434771, 32.11443859497713, 59.24743246742038
8691, 11.21899025044646, 6.061774146471804, 18.425790800371473, 74.6318442848208
8692, 11.205979745574329, 6.023591939372803, 18.226479044880705, 75.07664184930593
8697, 17.512173334375035, 6.7035657432799125, 55.20812770605499, 35.71795175490545
87, 14.835964897248168, 7.066978509741588, 40.26019984686557, 50.822614995592566
8707, 13.738492473961921, 7.112252797985551, 35.32127312019968, 56.07999107151917
8710, 13.14146704678619, 6.939935295212862, 31.870008588436217, 59.908784884352265
8729, 13.145775771842564, 6.89606940485771, 30.019272944773046, 61.324516514919914
8730, 12.731587615339626, 6.83176364560104, 28.170822019254505, 63.66823006665021
8732, 12.130447129975908, 6.643398675482822, 24.386009270965022, 67.06447534766119
8734, 14.393252317423832, 7.0980167216588965, 37.995923778617644, 52.419019728119984
8736, 13.341183422020114, 7.036961778563008, 34.690216292702644, 56.46351324034769
8750, 14.03544848380245, 7.676703897026569, 37.407468088592324, 55.72469056733046
8751, 15.262756782346196, 7.06509236261254, 41.74994748056781, 48.16932264938027
8754, 17.223311310027764, 6.422509968657245, 52.13305864026934, 37.06597658409125
8756, 15.965779864055744, 7.406574215676093, 47.12934209576081, 45.23001372138369
8757, 14.672089477044489, 7.032686533152916, 37.84457548300494, 53.01548492257538
8762, 14.190116755143148, 6.871099754653411, 34.23837178325963, 56.757419148596085
8763, 13.876283598526276, 7.073149359182557, 33.88929252087479, 57.71551315664782
8766, 15.317149116338644, 7.140647075477745, 41.50484680360316, 49.99116873941548
8774, 14.489258340102499, 7.002624129525218, 36.79965943759903, 54.466333987654615
8782, 13.396630469529176, 6.656531870758379, 31.41272176240186, 58.626801127199904
8785, 13.48898049132874, 6.795589992646086, 32.058629246782, 58.124006926963375
8786, 13.983030222975433, 6.008729078400308, 28.53183979463843, 59.65403576325078
8787, 12.970075157865955, 6.55383745414997, 27.876516342239952, 62.105885355794676
8790, 12.237089388334633, 6.707084655053422, 24.745248589980566, 66.44706700159566
8791, 13.377745474440585, 6.457428406752371, 27.97119153051356, 63.602585636483944
8792, 11.286493405427994, 6.941957712134453, 23.762194918922518, 70.04961209336396
8796, 13.120645081365172, 6.313092599347331, 27.57088122605364, 62.70344827586207
88, 16.06931651944285, 6.947093786314902, 46.43948546656244, 43.97342051026935
8800, 12.674425951628807, 6.474798909077931, 25.653546678083107, 64.89042891927326
8821, 13.622482119579969, 6.9129390616748365, 31.84225013763075, 58.95700915870077
8828, 13.899949365885119, 6.8911784878650515, 34.15845942920393, 56.40793429178773
8847, 17.34652936522086, 6.689086503731495, 54.85299794786355, 35.87378344880834
8850, 16.663119410380645, 7.207951505306395, 51.03685848955335, 40.65265972500073
8851, 17.921277458422413, 6.616613600147741, 59.69903238606881, 31.748115136900584
8853, 17.716442292715765, 6.521810631564084, 57.79651645009677, 33.19509722606212
8857, 18.225634469138047, 6.4744543753979285, 61.251782893425144, 30.044629848319865
8859, 18.237190230723023, 6.483112263301927, 61.32704353878277, 29.93890650375068
8860, 17.91310894950294, 6.799843822357535, 57.587374484315404, 33.89118082042501
8861, 17.948892148687552, 6.758670205818566, 57.54041773114652, 33.927491857948006
8863, 15.004049085011324, 7.155554544681829, 40.39829302987198, 50.71498090888673
8864, 14.583789573719397, 7.326113190919632, 38.61432475944438, 53.223632483432546
8866, 15.515447051551508, 6.560257026343764, 40.620161070692134, 47.79286464615026
8867, 14.803929456937798, 6.806216233729333, 37.8293670168365, 51.21509457735498
8877, 14.280986971076457, 6.560971814864971, 33.48478140994276, 53.99395761007169
8881, 14.774767381297101, 6.812361882092001, 37.679461575959614, 51.512745113455885
8911, 14.317400815027337, 6.947297752735613, 36.65080302451338, 53.587846365836434
8927, 14.508451164868953, 7.021053822631554, 38.676096630642085, 51.56051335028607
8953, 13.652728846572943, 6.76391599782268, 31.78535071986039, 59.44059333947356
8970, 7.9870843879445905, 4.837257936810886, 7.424817227611073, 88.85005474876401
8971, 8.007343261641912, 4.833519168966948, 7.394894477723075, 88.84097753970282
8974, 13.365382703168953, 6.968345879789946, 30.09724204307856, 60.7573595300521
8975, 15.496914858175314, 6.8276960242207965, 41.326581938902116, 46.45182924784548
8981, 17.34597789502906, 6.091511466032783, 53.310741000950536, 33.261148076207796
8986, 13.14279162454809, 7.294225470887712, 31.58581378078398, 60.971840314714086
8995, 16.573934324353086, 6.636134664917568, 49.696969696969695, 40.78180753048943
8997, 12.87447141691324, 6.593379859357558, 26.851263469572622, 64.10908156781093
9001, 12.75237761569965, 6.693537506122362, 26.935392014174525, 64.83832183762577
9004, 12.719847641621536, 6.713776944044837, 26.950273866899423, 64.94756682225848
9008, 12.756985407344205, 6.700492328718736, 26.989457736254025, 64.77116343665172
9025, 12.612584726256332, 7.158790536311042, 27.886037216520503, 64.88148397581367
9027, 12.763316701472506, 7.144339926641026, 28.573855672438448, 64.41081111693165
9030, 12.702936700064079, 7.170026762537313, 28.41573855326808, 64.11294858814264
9035, 12.764020744816177, 7.140332348116702, 28.68843215202007, 64.28571428571429
9037, 14.29511007605453, 6.859804077847185, 36.27214103610884, 53.19847366403946
9040, 15.156441341314455, 6.6870176769009255, 39.741905208822146, 49.4165493508525
9044, 15.342500913275765, 6.733611384850121, 41.274474659019134, 47.91314590054796
9045, 15.288052577618808, 7.011714040246354, 41.84216938768406, 48.854735962683186
9046, 16.06229244998039, 6.977221821830053, 46.16924293139119, 44.68067212756295
9050, 14.533985205642404, 6.921552053939108, 37.35921316041431, 52.90277656889199
9051, 16.167861935262785, 6.7261862571248585, 46.55574718474181, 43.12840282709411
9056, 13.43117814653142, 6.266979929237444, 28.890219231245613, 59.245076586433264
9068, 13.585282667814738, 5.791159249304668, 26.182112477184283, 62.47374040017908
9069, 14.90632561973427, 6.971438242800384, 39.70439798125451, 50.55335255948089
9074, 15.382409044038273, 6.573895709554302, 40.11368058585597, 48.96873783888961
9075, 15.42510959183141, 6.595010441596162, 40.40386179580578, 48.8712852612842
9076, 15.517402823052931, 6.689876720165097, 41.37481993661769, 48.164794007490634
9077, 15.434994152969654, 6.612302271900925, 40.41237113402062, 48.75051546391752
9078, 15.403297160564062, 6.841838211506745, 41.09239999073452, 48.65998007921984
9080, 15.91810720758064, 6.9123079947549515, 44.358784969070264, 45.75870187424984
9081, 15.65292099959426, 6.84095583605763, 42.50361209038895, 47.40911980581402
9082, 15.536052794057955, 6.800860955740773, 41.85310159933438, 47.753536100582416
9083, 15.561801625149915, 6.7550934433662535, 40.95740365111562, 48.6966096783541
9084, 15.577533546178197, 6.69899607551267, 41.208029280047285, 48.22114619563982
9102, 13.245008377178841, 7.682916404842848, 33.58568875737371, 59.04540476144726
9104, 12.462475081601154, 7.8010566239299965, 31.250424170630737, 61.92397628346321
9105, 13.408236751370124, 6.916981978965955, 31.6057293629853, 59.13208418953588
9116, 17.33726380934661, 6.571694129665475, 53.09401106308985, 36.3494323551277
9117, 15.695045499330687, 6.979380127683951, 44.63976884464504, 46.20048930695575
9119, 15.784732010708407, 6.860355038796895, 44.510800508259216, 45.24565861922914
9125, 14.262887580698283, 7.112472890997427, 35.883924413617315, 56.09911521776427
9126, 13.972999387367972, 6.850915564656381, 33.7981516316349, 57.00635206237562
9127, 14.95225480081699, 6.751275467579563, 37.995270961145195, 51.47729209270621
9128, 14.753669873649274, 6.876386841975794, 37.503655168679266, 52.19147668814642
9129, 16.325819372137484, 6.827421855437767, 47.67629603770291, 42.780153604468495
9130, 13.837135825349568, 7.678928436288228, 37.56758445019746, 55.62850935944864
9132, 13.261415051913719, 6.883702910575462, 30.393954271722173, 59.963830038469425
9142, 15.556969296541123, 7.248510747495417, 43.069492638094346, 48.66204007627622
9149, 16.46696894030362, 7.111651665118576, 48.83558893691395, 42.32031932733414
9150, 17.120120150072427, 7.099475938139082, 53.03419138659464, 38.88583819887261
9175, 15.745620625880308, 6.766889316629451, 43.5668242372153, 46.26557799742157
9196, 16.633725809616955, 6.948551430607057, 49.966149589379796, 40.830953992876694
9200, 13.577604238212649, 6.661661134055866, 30.56806625018161, 60.437551455276285
9201, 13.626597536125093, 6.66626709663396, 30.807829771118843, 60.10438116878506
9204, 13.947771467774128, 6.705287603807603, 32.926059841296805, 58.14021208959208
9205, 13.697042142177104, 6.6423200629260215, 31.05140820973889, 59.73829834932097
9208, 15.861613045266775, 7.602469318696713, 47.79955261622252, 44.28613110289827
9209, 15.887661196641943, 7.090606716175836, 45.77852591078514, 45.32042803895636
9210, 15.79746302855291, 6.912989973230728, 44.01775880275693, 45.86403842441722
9211, 13.854090996085102, 6.8341189143610075, 33.02103250478011, 58.261950286806886
9212, 15.730454646875998, 7.671204037516755, 47.442710872745, 44.88298391028766
9214, 14.10949919977617, 6.885117435046628, 34.442611097721496, 56.86608947143996
9220, 16.28170938841952, 7.219429428137894, 48.02343834254012, 43.70963296705931
9221, 15.868611759631795, 7.145887842251338, 45.61251778093883, 44.96614509246088
9222, 12.535456849463452, 7.538337411048961, 30.13392407612526, 63.41758131104622
9223, 12.589615800877045, 7.575933021154476, 30.41734679483304, 63.32144368538783
9226, 15.01311274551521, 7.2834929684304175, 41.238557818045955, 50.716887726508496
9227, 14.591174358464102, 7.4559848293269715, 39.870944729972926, 52.218745440101166
9239, 16.827103706986275, 6.748958154914837, 50.508333590067465, 39.54373209279399
9243, 15.572200817976988, 6.798561058853318, 43.71430461531677, 46.57434563055415
9244, 12.721867442552304, 7.5373099666507635, 31.133406733140014, 61.119295361855876
9250, 13.637111604873061, 6.7130069428685575, 30.58894303074054, 60.06737652649943
9256, 15.431551620251922, 7.051579340254664, 41.940238701737314, 49.08984229657403
9259, 14.15005679992999, 6.744321895678782, 33.30931178257065, 56.81654398517527
9260, 15.113932184729011, 7.138894949306305, 41.487396273680915, 49.538124315014876
9261, 15.463031364936192, 6.922052853125922, 42.96846540063671, 47.39534662717582
9263, 15.697222187361081, 6.952897258776912, 44.25076452599389, 46.084097859327215
9264, 14.868327231261764, 6.8894876242394565, 37.666141022752875, 51.443174138319435
9265, 15.248948450824996, 7.250203123085223, 42.169894069226096, 49.19506106200661
9268, 16.190689915216502, 7.061839685700646, 46.99518900343643, 43.09965635738832
9269, 14.664022926609944, 6.998569269189856, 36.72199961839343, 53.15302423201679
9270, 15.61667518899445, 6.563256399842722, 41.41029928105668, 48.67392576492225
9271, 16.52921236139435, 6.755055627440152, 49.33459049078248, 39.995285659565695
9278, 14.565857697390717, 6.35792645760772, 35.367524394449156, 53.45809373805906
9282, 15.54966184475714, 6.774259280106449, 43.25155331011342, 46.06856253428764
9283, 14.036181940174957, 6.75219205514835, 33.1741910973216, 55.38656366744761
9284, 14.857953806063023, 7.023539817602049, 39.37548587717025, 50.941129355226266
9285, 14.351854724152124, 6.3969832391796, 32.827033023295506, 54.29644167591091
9286, 14.589677699223946, 7.286472168994456, 38.641985376063495, 52.671994346136074
9290, 12.405951907685015, 6.900057063225445, 27.37147890044347, 64.90721139731446
9292, 12.162380762984224, 6.774983722403593, 25.96213435795736, 66.28656420426375
9293, 13.406061301993162, 7.127392681263612, 33.45920163534154, 58.11992504684572
9300, 14.841202041948852, 7.439869502239593, 40.445821000274634, 51.60050044246437
9309, 14.017896533415662, 6.827065580730132, 33.81790024252695, 57.10194898167899
9340, 10.816936262565521, 6.146267089541495, 18.152192458624807, 74.43951544105101
9350, 12.411071374165385, 7.4826206895165885, 30.184820144951164, 62.91740155029568
9353, 15.203415142103808, 7.012336410908038, 40.694379991695776, 50.56175658842782
9360, 13.466234576786604, 6.49516064673715, 29.94815213285873, 60.683750901328814
9368, 14.272273614804583, 7.738742512737728, 38.90032885637889, 53.127209023573165
9373, 12.238920521416564, 6.951398631656909, 26.68330336660673, 66.07818215636432
9374, 16.28158278558128, 7.575007384017198, 50.06019783938566, 40.72790576597683
9376, 12.622682078372632, 6.710381041110005, 26.08619430241052, 65.30898466033601
9377, 13.006425113856588, 6.665129103357062, 27.26262019230769, 64.39302884615384
9378, 12.956689519583, 6.79287054796016, 28.264046515966545, 63.33447343055253
9382, 13.8981310902794, 6.489214540730526, 32.11772901428074, 57.49564611633578
9383, 10.76186067135893, 6.219018972071286, 18.08403014349128, 74.30783524310932
9384, 10.531616442773478, 6.339794800201667, 17.709260217278842, 75.59855147439214
9385, 12.317110391514218, 6.599410681766809, 25.25148203994795, 66.20122694317642
9389, 14.87318312873625, 6.907407426370383, 38.38635364928027, 51.80233564589797
9391, 14.330655402423004, 6.660771532798225, 36.087287739906124, 53.78320595679846
9394, 15.38296526287194, 6.645268441564111, 42.052820549892765, 46.83727318730572
9395, 15.211094639830174, 6.6507533132472485, 40.37135990435409, 48.67815881613781
9396, 15.78558365507291, 6.775792963183714, 44.72602856027032, 45.595401830438256
9404, 16.942433793943227, 6.9639262876796435, 52.41913637102454, 38.4542450018963
9408, 12.653334310363896, 6.578899006088239, 26.943236385190712, 64.21221586557353
9417, 15.077334512942546, 7.321618146571007, 41.986158944700755, 49.242965754759894
9420, 12.577976016809886, 6.62500478531142, 26.771458753994892, 64.47588355642326
9421, 15.855943063856643, 7.648292666150514, 48.049894241603575, 42.76592800521873
9422, 15.404633141611868, 7.459905885815595, 44.2119391147851, 46.01165238080713
9424, 13.539859378355379, 7.151193822654147, 32.698223677681845, 59.00565644537065
9425, 12.041398344139237, 6.231016005660032, 22.013792393597857, 69.60655653337452
9442, 13.527866362483822, 6.864246327781929, 31.45988850042521, 59.76566191061136
9464, 14.793329364296632, 7.107486192218615, 40.97259022033807, 49.980416100269565
9465, 14.011096870608732, 6.624715399577095, 34.33228869091161, 56.137338394844036
9467, 16.272152536668965, 6.707997616127203, 48.18711713384073, 41.38481529608316
9468, 12.562459329054938, 6.760165887466481, 26.942163776558896, 64.8724150853405
9472, 16.371732476180956, 6.80900081737688, 48.791847325874095, 40.37414475653977
9475, 15.337864235644691, 7.1646526633296865, 43.07952622673435, 44.61630337414154
9478, 16.483591054229887, 7.08106561669833, 49.619910961197434, 41.23315021267625
9481, 13.032494274146782, 6.70098125293474, 29.239973235722438, 61.86746434709595
9492, 14.288749511811902, 6.594401724171139, 35.31948927418664, 52.347491597398765
9498, 12.83679836385819, 6.705579091164628, 28.001578220556322, 63.218912342999936
9508, 13.158812821138152, 6.620188288776651, 28.39407744874715, 63.17894203998987
9514, 12.902990720030413, 7.038817817387038, 29.40136242715013, 61.99504851532346
9517, 14.77611251326084, 6.457938890678129, 36.16350652548633, 52.91307559714357
9518, 12.754279643797958, 6.377465002710343, 24.407213905355167, 66.44479051542248
9519, 13.67702999589673, 7.2815311657249895, 34.48220782678143, 55.46543615227616
9520, 16.373435279024722, 6.545280225158564, 47.429093907992396, 41.473340743662376
9522, 12.16013029205736, 6.743339593524013, 25.39178412462908, 65.36767433234422
9523, 14.448843252403144, 6.790778546723587, 36.64375609529559, 52.498490688710355
9525, 15.429217409228627, 7.030723980113571, 42.6226395805646, 48.160588845238266
9530, 17.167232662156987, 6.881186176917325, 52.78044823649582, 38.271345310340685
9531, 17.482670958305164, 6.793175852005972, 54.9765031931558, 35.999819255331964
9533, 14.642601567409423, 6.894888872712786, 37.91883326666871, 51.97993907879758
9534, 16.110976303326286, 6.982413861452057, 45.6615588974809, 44.70642187327039
9535, 15.118191590088015, 7.06972746821914, 41.58261760302577, 48.932970871746384
9537, 13.48434994303629, 6.972579604104711, 32.12480310030516, 59.617602667949676
9538, 15.084769082759175, 7.027350052764462, 41.45220648746157, 48.97131533382052
9541, 13.90513697232275, 7.030601527393849, 34.199574586146305, 56.76764740854263
9542, 10.557659853058734, 5.991597036476916, 15.937234832414084, 76.74944314806959
9545, 17.04479952368748, 6.94231286394608, 52.879905259191474, 37.98514291866286
9548, 10.807989273710767, 6.571969247557405, 18.726557851987895, 76.56949222690706
9549, 14.151161147427494, 6.916169152130013, 34.18966007680273, 56.71668325984924
9562, 16.41785089185023, 7.062440304648169, 49.19723219395453, 42.09770563446231
9564, 16.300762805313568, 7.223527137940328, 48.937227509258825, 42.839998124794896
9566, 16.164592935974756, 7.1394883598217636, 47.6875542169849, 43.702057565036014
9573, 14.851772358194097, 7.5027280441621, 41.52701497441675, 50.04694174529409
9585, 14.87497238130909, 7.362347366842165, 40.79129392234621, 51.00723310628319
9586, 15.163262594497633, 7.043432332663614, 41.66911452723653, 48.85929697444434
9597, 15.75851301192704, 7.157244282076186, 45.967022355860315, 44.98918264823439
9600, 14.926895247315686, 7.317644216341031, 40.848696373343465, 51.08246799246678
9601, 14.852737658534902, 7.046537504617401, 39.41921091541076, 51.31773494850977
9612, 14.436885817673637, 7.380019443501, 38.971739538897275, 53.08178901732092
9615, 15.38001909791313, 7.090860143574441, 43.62626276779084, 47.11647587955892
9616, 16.51414590747379, 7.095202556490191, 50.06944444444444, 39.540016501650165
9618, 17.17635418951581, 6.860900832781589, 53.644757367511275, 37.37228944446787
9621, 17.61083961088202, 6.656820568903002, 55.91996026396083, 34.659760164620735
9623, 13.92342743305441, 6.754572413924788, 32.794111699761395, 56.93674930238202
9626, 14.242905931337031, 6.633864587893443, 36.675330301061294, 53.21420836040719
9638, 16.228013107149796, 6.936190368790467, 46.47635289313766, 43.70331227631927
9644, 15.452061085252682, 7.376164101568861, 43.897085282475715, 47.60585342449322
9648, 14.456692203156802, 7.26676037287074, 37.96039969416542, 53.37868122017454
9650, 13.959717796413786, 7.548604488173386, 35.53254401869045, 57.22612282644407
9651, 16.24551786822226, 7.374964048723239, 48.91712388102801, 42.82080899175904
9654, 16.259730328598607, 7.085862089495286, 46.98720788198499, 44.199250996657675
9655, 16.31056199367953, 6.991917607048056, 47.40800275561169, 43.391698719788735
9667, 16.00232316772732, 6.936598925575633, 44.59926730509673, 45.70987852689762
9668, 15.295036720065982, 7.138902015126481, 41.9871459922667, 48.55000522520639
9669, 14.5880457197462, 7.070259844643326, 38.003536746193504, 53.055688766334974
9671, 15.994895527968165, 6.9634621960167085, 44.735411001882454, 45.860698598619535
9672, 15.396588371809539, 7.086340120322106, 42.31842341148102, 48.118269388579584
9673, 14.532027200348045, 7.094134562802825, 37.80378316460791, 53.28318008730379
9678, 14.531928399491767, 7.217588054046426, 38.361216265722305, 53.232384906582
9682, 15.307831800150735, 7.019066505712013, 41.0809645427709, 49.865667186308
9688, 15.160886596040402, 7.419564438833057, 42.58097294550997, 49.607519369998734
9691, 15.585160220597867, 6.8056579137676145, 41.95310046410999, 47.00247757964895
972, 16.474399662620833, 6.2034489320657, 46.70555094502823, 39.394293595782734
9720, 14.896669403988474, 7.367286457909522, 40.940551486906344, 50.37172658677319
9729, 14.528968255300944, 6.403008042076028, 34.90380882543243, 51.74373463313635
973, 16.811667010068977, 6.149302360708623, 49.125573097110134, 36.90226749372446
974, 15.521700930807832, 6.317481940705793, 40.06526057911044, 46.00973761953288
9747, 15.872689677749301, 6.973564535410343, 45.147445659698185, 45.21390004153399
9748, 16.052048966155038, 6.904375178495349, 46.272274091822965, 43.99184775124625
9753, 16.105860943308514, 7.214067566524869, 47.35313507831014, 44.2403292767671
9756, 16.030092859947754, 6.934544800809693, 45.72542262473865, 44.8407737000809
9759, 14.281220009563453, 7.264763071503921, 36.38019333447487, 55.199950187574906
976, 12.976441005270772, 7.102802063855364, 30.45423084472268, 62.04997882253282
9762, 13.383469500122038, 7.055618206149418, 30.643376304848502, 60.944276612927354
9764, 15.984532295016802, 6.810615840708515, 43.539494062984, 46.442953020134226
9765, 14.388171589091682, 7.41238710753035, 37.365638870248056, 55.22786941216638
9767, 12.045246671344948, 6.425364176948366, 21.925433557634445, 70.23360140051426
9768, 14.36767962540838, 7.218295853849189, 36.34298603720236, 54.626467364541796
9769, 13.40515571361654, 7.058766145544263, 30.620942789540738, 61.19941758175089
9770, 15.862183210186187, 6.83257675414427, 43.35974456007568, 46.56851151056449
9771, 11.635627862960325, 6.568846280859338, 22.143344458171224, 70.8037541718142
9772, 11.603722739720046, 6.792703316982212, 23.322738674128203, 69.37600173861074
9774, 13.116241309364073, 6.744934262703558, 28.99347791103833, 62.64897151674066
9775, 11.200317256061656, 6.872763162638663, 22.46333336410039, 71.53247616322537
9777, 12.570845671401226, 6.904200818223218, 27.05760833841964, 65.5793699234706
9778, 12.533486838850461, 6.926839901333288, 26.783515029877297, 65.529352734571
978, 11.312381047128675, 6.851649415504371, 22.621801750361787, 70.40333139723762
9780, 14.407457363477599, 7.453772508224578, 37.788871365076055, 54.61737985688403
9783, 14.142449866728388, 6.953308140075718, 35.22774282820502, 55.758120426242144
9786, 15.816949673423938, 7.095699470407657, 45.4469925942903, 45.32380283909412
9789, 13.18294784584496, 7.345784461962222, 32.94124826460402, 59.154499824553376
9792, 13.13433216812035, 7.793090081915933, 33.7362439112394, 59.66384027903061
9795, 12.311684711110605, 6.396394732546036, 23.865916129409246, 66.45371145867824
9813, 13.773551463221473, 7.158414435260655, 35.152851804202655, 56.42957789622006
982, 15.068348783407993, 6.777178593403207, 40.109195754861666, 49.266916140114105
983, 15.109303767404828, 6.772377993267344, 40.361379680317974, 48.999622038795884
9831, 11.5535958444502, 6.69265577528852, 22.525357222181093, 70.67199723600109
9833, 12.499751271302499, 6.959674954933266, 28.32883520829436, 64.56457258904952
9834, 12.289997219841917, 6.736156264539327, 25.8062178418726, 66.04536560620335
9835, 11.403715415926074, 6.086451499175471, 18.941488834293647, 70.84356994127951
9839, 12.441190972357196, 7.178189394391713, 29.18051302100302, 62.80271931539281
9847, 14.817286734403964, 6.93109010459895, 38.208961710634966, 51.161502020948326
9848, 13.74914594780037, 6.596579738736176, 32.48904301944598, 56.42738606867793
986, 15.087039898931167, 6.775081229912568, 40.250449429901245, 49.123303863865836
9860, 10.520285796777202, 5.642751233111662, 14.714601003981306, 78.04872771334603
9867, 11.129674366809061, 6.5109597248896804, 20.64457993469942, 72.59482042340053
987, 15.077716461632757, 6.775825303683355, 40.16247935106881, 49.1617150324219
9873, 12.9862322673109, 6.197679300914186, 25.6048141377209, 64.07068860450944
9875, 13.024270633706745, 6.22641918303935, 25.973907212095348, 63.39998780710846
9884, 17.760094046073554, 6.583977536412147, 57.322864631168656, 33.61707847046437
9892, 13.372457861448932, 6.007449589874481, 26.50066534205873, 62.221331048688455
9893, 13.513751336925976, 6.022874242924271, 27.277079152320805, 61.43280614217591
990, 11.547654756784945, 6.583272616278998, 22.918417027510287, 69.78177039574312
9901, 14.442646838964915, 6.410328525028527, 34.274001644096394, 52.5223899969714
9910, 17.94780560154642, 6.691518019211015, 57.11524768589157, 33.932345528317455
9917, 13.403564556511354, 6.336416322060604, 28.618868827691436, 60.36409328207506
9924, 13.41957488920705, 6.338442930046078, 28.64287847118543, 60.40459838757838
993, 8.30231542209148, 5.608191904247536, 10.61814376443418, 85.4575635103926
9937, 17.890854322817013, 6.8991491246440795, 58.55087120493858, 33.402861176074
994, 15.26835111538183, 6.6615929807746035, 40.020577925814834, 48.443576373750936
9940, 9.715484896054225, 5.872137704629856, 14.143075745983166, 79.82019892884469
9942, 15.361502514353534, 7.136075776751964, 42.465124049786986, 48.68153593406287
9943, 15.206377075624813, 7.244434792974605, 42.1248938805617, 49.033443280030056
995, 17.684979971641436, 6.475185296479627, 56.202395790056784, 33.66050408530674
996, 13.800229525724061, 6.962562327307008, 33.512188432132206, 58.048479445949184
9979, 14.366849881487298, 7.3774953964278955, 39.17435986761888, 52.47285606456482
9983, 15.620674894726836, 7.41008526203159, 44.95397106752816, 46.079249814168904
9987, 14.51293333808026, 7.175090273008939, 37.84361496736233, 53.43155281787257
9991, 12.601022880657979, 7.08002564914778, 28.77312447708469, 63.07172073998326

------------------------------------------------------------
Sender: LSF System <lsfadmin@hpc.dtu.dk>
Subject: Job 28342462: <cupy_pt4> in cluster <dcc> Done

Job <cupy_pt4> was submitted from host <n-62-9-42> by user <s214642> in cluster <dcc> at Sun May  3 21:56:24 2026
Job was executed on host(s) <4*n-62-18-13>, in queue <c02613>, as user <s214642> in cluster <dcc> at Sun May  3 21:56:26 2026
</zhome/86/f/168312> was used as the home directory.
</zhome/86/f/168312/Documents/02613_PyHPC/miniproject> was used as the working directory.
Started at Sun May  3 21:56:26 2026
Terminated at Sun May  3 22:18:48 2026
Results reported at Sun May  3 22:18:48 2026

Your job looked like:

------------------------------------------------------------
# LSBATCH: User input
#!/bin/bash
#BSUB -J cupy_pt4
#BSUB -q c02613
#BSUB -n 4
#BSUB -R "span[hosts=1]"
#BSUB -R "rusage[mem=12GB]"
#BSUB -gpu "num=1:mode=exclusive_process"
#BSUB -W 30
#BSUB -o cupy_pt4_%J.out
#BSUB -e cupy_pt4_%J.err

source /dtu/projects/02613_2025/conda/conda_init.sh
conda activate 02613_2026
time python simulate_cupy_batch.py 3429 4571
------------------------------------------------------------

Successfully completed.

Resource usage summary:

    CPU time :                                   1340.93 sec.
    Max Memory :                                 2718 MB
    Average Memory :                             2715.55 MB
    Total Requested Memory :                     49152.00 MB
    Delta Memory :                               46434.00 MB
    Max Swap :                                   -
    Max Processes :                              4
    Max Threads :                                10
    Run time :                                   1342 sec.
    Turnaround time :                            1344 sec.

The output (if any) is above this job summary.



PS:

Read file <cupy_pt4_28342462.err> for stderr output of this job.

