Starting CuPy Run (N=20)...
building_id, mean_temp, std_temp, pct_above_18, pct_below_15
10000, 14.012729205315788, 6.367448101471167, 30.942823044374524, 55.53144551734115
10009, 11.000222287743142, 5.811129631204464, 16.6712734948236, 74.9723590310584
10014, 14.744533231124421, 7.0375255771882985, 38.26367541377415, 52.80837116508215
10019, 14.735854091157831, 7.030137358275137, 38.150171412294895, 52.92723370057273
10029, 10.616114323778131, 6.317274294547088, 18.25563221896085, 74.51301795448481
10031, 12.507301094564147, 6.278388550941571, 24.046195091771498, 66.39365995934361
10051, 13.289155505923736, 5.999078478268969, 25.97693550756574, 62.859923608050536
10053, 11.36670662107952, 6.261159275392185, 19.9510754583921, 72.41052538787024
10056, 14.220175763226898, 6.179458577529562, 31.763454814173965, 57.06174975667784
10064, 12.717328180664486, 6.964229155915364, 28.79526157616783, 62.7559108725041
10075, 15.157180678313232, 6.440551324646443, 39.12640226128434, 47.45605511880576
10079, 15.094504876588825, 7.313867651994356, 41.90195034602913, 49.44974108309539
10080, 15.778030067992544, 7.280491249774024, 46.36674471691274, 44.71005476580028
10082, 16.465768388665467, 6.713324728021573, 48.64349722630506, 40.56042861884216
10083, 15.639272723013942, 7.12080676170318, 44.855518923515284, 45.886354482120744
10084, 15.100733878493893, 7.150506903819684, 40.90648998644782, 50.266526125583496
10085, 15.869005800655252, 7.192736728860783, 46.18303917834116, 44.72425614762771
10086, 14.391582585793028, 7.215599485136405, 37.25761237312712, 53.01788303528274
10087, 15.07331877916127, 7.275468626032554, 41.532405798190645, 49.89713190601896
10089, 13.990209322767988, 7.276078136974222, 35.45955760665008, 56.36117757203787

------------------------------------------------------------
Sender: LSF System <lsfadmin@hpc.dtu.dk>
Subject: Job 28342105: <sim_cupy> in cluster <dcc> Done

Job <sim_cupy> was submitted from host <n-62-9-42> by user <s214642> in cluster <dcc> at Sun May  3 19:18:21 2026
Job was executed on host(s) <4*n-62-18-13>, in queue <c02613>, as user <s214642> in cluster <dcc> at Sun May  3 19:18:21 2026
</zhome/86/f/168312> was used as the home directory.
</zhome/86/f/168312/Documents/02613_PyHPC/miniproject> was used as the working directory.
Started at Sun May  3 19:18:21 2026
Terminated at Sun May  3 19:18:43 2026
Results reported at Sun May  3 19:18:43 2026

Your job looked like:

------------------------------------------------------------
# LSBATCH: User input
#!/bin/bash
#BSUB -J sim_cupy
#BSUB -q c02613
#BSUB -n 4
#BSUB -R "span[hosts=1]"
#BSUB -R "rusage[mem=8GB]"
#BSUB -gpu "num=1:mode=exclusive_process"
#BSUB -W 15
#BSUB -o cupy_%J.out
#BSUB -e cupy_%J.err

# Initialize the conda environment
source /dtu/projects/02613_2025/conda/conda_init.sh
conda activate 02613_2026

# Run the optimized simulation on 20 floorplans
echo "Starting CuPy Run (N=20)..."
time python simulate_cupy.py 20 
------------------------------------------------------------

Successfully completed.

Resource usage summary:

    CPU time :                                   19.94 sec.
    Max Memory :                                 175 MB
    Average Memory :                             175.00 MB
    Total Requested Memory :                     32768.00 MB
    Delta Memory :                               32593.00 MB
    Max Swap :                                   -
    Max Processes :                              4
    Max Threads :                                10
    Run time :                                   22 sec.
    Turnaround time :                            22 sec.

The output (if any) is above this job summary.



PS:

Read file <cupy_28342105.err> for stderr output of this job.

