Task 6 comparison: dynamic scheduling, 50 buildings, 8 workers
Start: Sun May  3 17:08:05 CEST 2026
# workers: 8
# parallel_time: 154.75337098701857
building_id, mean_temp, std_temp, pct_above_18, pct_below_15
10051, 13.289039951277402, 5.999085063388632, 25.97693550756574, 62.859923608050536
10029, 10.616037322820358, 6.317331938274926, 18.25563221896085, 74.51301795448481
10056, 14.220114507861702, 6.179461157398302, 31.763454814173965, 57.06174975667784
10000, 14.01233878811275, 6.367431059312565, 30.941014791508444, 55.542295034537624
10009, 11.000135812436373, 5.811144379826625, 16.6712734948236, 74.9723590310584
10053, 11.366493551285709, 6.26121798185875, 19.9510754583921, 72.41052538787024
10031, 12.507072852890545, 6.278432089100354, 24.044722033998173, 66.39513301711693
10019, 14.735524480624482, 7.030325006703675, 38.14915412864569, 52.92926826787113
10014, 14.744169941950119, 7.037733284673848, 38.26367541377415, 52.80837116508215
10080, 15.777740694240359, 7.280585752157965, 46.365765006711015, 44.711034476002
10083, 15.639247995421403, 7.120808056609733, 44.855518923515284, 45.886354482120744
10064, 12.71696893739585, 6.964227784263683, 28.79137124461432, 62.75688345539249
10079, 15.094353507626135, 7.313911268349323, 41.90001451870493, 49.44974108309539
10084, 15.100584697661853, 7.1505418077486445, 40.90648998644782, 50.266526125583496
10075, 15.156939199079357, 6.44052034037085, 39.12088154756647, 47.45605511880576
10085, 15.868862158668058, 7.192791728448739, 46.18303917834116, 44.72566696293788
10090, 14.28977151008143, 6.618760487919524, 36.61720380245769, 51.19638302805471
10082, 16.465720758630678, 6.713345052234242, 48.64349722630506, 40.56137689061685
10086, 14.391525374209257, 7.21561607319371, 37.25664572257129, 53.01884968583857
10120, 15.281836130405736, 8.031455943482149, 46.168775716171105, 47.71627461636002
10117, 15.46497230222894, 6.68210644831902, 44.11653993826696, 44.475394614670385
10119, 14.087564093649066, 6.751740274837882, 35.080178957422206, 54.69763233298145
10097, 14.352951510344381, 6.862346996479439, 37.78967295515373, 51.308832169201644
10124, 13.865677573440333, 7.0324711530466, 34.5643361911253, 56.06951967571834
10128, 17.426229514140754, 6.706338569021849, 56.03287758684896, 34.885886045645584
10087, 15.073205905031166, 7.275519953981684, 41.532405798190645, 49.89713190601896
10089, 13.989763514400206, 7.276278123379982, 35.45861191757374, 56.3640146392669
10126, 13.39554651232936, 6.636761690822022, 29.66113660430639, 61.092481468408046
10150, 14.95997943752894, 7.495508230523557, 41.195779166589396, 50.74272573855312
10144, 12.10717489837954, 6.127343501466291, 21.81051363157102, 68.90344931465582
10093, 14.095290264085055, 6.567366222528458, 33.37738587863163, 56.457308750568714
10094, 14.1940414567099, 6.761508386054981, 35.37678542111312, 54.92584687790729
10161, 13.448710200277965, 7.030556040226304, 31.809772738844856, 59.47317503691508
10136, 15.423199679945066, 7.273070414891295, 44.30778965268372, 46.891158413002856
10168, 13.192332536774527, 6.9011012766967585, 30.320607642062924, 60.489969584656045
10165, 13.0532923906784, 6.732527924564911, 29.06502057613169, 62.05925925925926
10145, 10.64882156557927, 5.892590121948323, 16.560690898737782, 75.29657397741293
10167, 13.231428641403623, 6.8148804237640315, 30.187672922430746, 60.85369512317077
10182, 16.734231009132596, 6.319519036092564, 50.86026067076763, 37.53446934879446
10201, 15.949517547910563, 7.272132486368341, 47.055564608114715, 44.6491771223725
10200, 12.822394904722419, 7.2590034198734195, 30.670315186629825, 61.66377862672028
10198, 14.428363651068167, 7.342060263786546, 38.62776233955273, 53.21754664549424
10199, 17.24128845125754, 6.97704597054647, 53.889583871117196, 37.67465565285307
10202, 13.545864053992815, 7.4955384617727985, 34.03781537666262, 58.643656679324806
10174, 16.575945822969274, 6.973659852751726, 49.40673048013928, 41.37923801399794
10176, 16.650126478576553, 6.857895119600343, 49.7586724900548, 40.73914373939411
10177, 16.617853518799127, 6.787652656868025, 49.088377821209605, 40.97212926026077
10180, 16.483851785051876, 6.869991181548357, 48.18538422557416, 42.15376530427112
10203, 16.803874591739124, 6.612298279926917, 51.215416069247524, 38.888003823482556
10204, 14.764620268834728, 7.063935427097854, 39.035507361930584, 51.7308510072822
End: Sun May  3 17:10:42 CEST 2026

------------------------------------------------------------
Sender: LSF System <lsfadmin@hpc.dtu.dk>
Subject: Job 28341844: <dynamic50x8> in cluster <dcc> Done

Job <dynamic50x8> was submitted from host <hpclogin1> by user <s251210> in cluster <dcc> at Sun May  3 17:08:03 2026
Job was executed on host(s) <8*n-62-29-29>, in queue <hpc>, as user <s251210> in cluster <dcc> at Sun May  3 17:08:05 2026
</zhome/1a/6/220662> was used as the home directory.
</zhome/1a/6/220662/simulate_proj> was used as the working directory.
Started at Sun May  3 17:08:05 2026
Terminated at Sun May  3 17:10:42 2026
Results reported at Sun May  3 17:10:42 2026

Your job looked like:

------------------------------------------------------------
# LSBATCH: User input
#!/bin/bash
#BSUB -J dynamic50x8
#BSUB -q hpc
#BSUB -n 8
#BSUB -W 00:30
#BSUB -R "span[hosts=1]"
#BSUB -R "rusage[mem=8GB]"
#BSUB -o outputs/dynamic50x8_%J.out
#BSUB -e errors/dynamic50x8_%J.err

cd ~/simulate_proj

echo "Task 6 comparison: dynamic scheduling, 50 buildings, 8 workers"
echo "Start: $(date)"
time python parallel_dynamic.py 50 8
echo "End: $(date)"

------------------------------------------------------------

Successfully completed.

Resource usage summary:

    CPU time :                                   1151.26 sec.
    Max Memory :                                 276 MB
    Average Memory :                             269.33 MB
    Total Requested Memory :                     65536.00 MB
    Delta Memory :                               65260.00 MB
    Max Swap :                                   -
    Max Processes :                              12
    Max Threads :                                16
    Run time :                                   157 sec.
    Turnaround time :                            159 sec.

The output (if any) is above this job summary.



PS:

Read file <errors/dynamic50x8_28341844.err> for stderr output of this job.

