Task 5: static scheduling, 10 buildings, 1 worker
Start: Sun May  3 17:08:04 CEST 2026
# workers: 1
# parallel_time: 82.72449824999785
building_id, mean_temp, std_temp, pct_above_18, pct_below_15
10000, 14.01233878811275, 6.367431059312565, 30.941014791508444, 55.542295034537624
10009, 11.000135812436373, 5.811144379826625, 16.6712734948236, 74.9723590310584
10014, 14.744169941950119, 7.037733284673848, 38.26367541377415, 52.80837116508215
10019, 14.735524480624482, 7.030325006703675, 38.14915412864569, 52.92926826787113
10029, 10.616037322820358, 6.317331938274926, 18.25563221896085, 74.51301795448481
10031, 12.507072852890545, 6.278432089100354, 24.044722033998173, 66.39513301711693
10051, 13.289039951277402, 5.999085063388632, 25.97693550756574, 62.859923608050536
10053, 11.366493551285709, 6.26121798185875, 19.9510754583921, 72.41052538787024
10056, 14.220114507861702, 6.179461157398302, 31.763454814173965, 57.06174975667784
10064, 12.71696893739585, 6.964227784263683, 28.79137124461432, 62.75688345539249
End: Sun May  3 17:09:27 CEST 2026

------------------------------------------------------------
Sender: LSF System <lsfadmin@hpc.dtu.dk>
Subject: Job 28341839: <static1> in cluster <dcc> Done

Job <static1> was submitted from host <hpclogin1> by user <s251210> in cluster <dcc> at Sun May  3 17:08:02 2026
Job was executed on host(s) <n-62-28-30>, in queue <hpc>, as user <s251210> in cluster <dcc> at Sun May  3 17:08:03 2026
</zhome/1a/6/220662> was used as the home directory.
</zhome/1a/6/220662/simulate_proj> was used as the working directory.
Started at Sun May  3 17:08:03 2026
Terminated at Sun May  3 17:09:27 2026
Results reported at Sun May  3 17:09:27 2026

Your job looked like:

------------------------------------------------------------
# LSBATCH: User input
#!/bin/bash
#BSUB -J static1
#BSUB -q hpc
#BSUB -n 1
#BSUB -W 00:30
#BSUB -R "span[hosts=1]"
#BSUB -R "rusage[mem=4GB]"
#BSUB -o outputs/static1_%J.out
#BSUB -e errors/static1_%J.err

cd ~/simulate_proj

echo "Task 5: static scheduling, 10 buildings, 1 worker"
echo "Start: $(date)"
time python parallel_static.py 10 1
echo "End: $(date)"

------------------------------------------------------------

Successfully completed.

Resource usage summary:

    CPU time :                                   83.26 sec.
    Max Memory :                                 95 MB
    Average Memory :                             79.67 MB
    Total Requested Memory :                     4096.00 MB
    Delta Memory :                               4001.00 MB
    Max Swap :                                   -
    Max Processes :                              5
    Max Threads :                                9
    Run time :                                   84 sec.
    Turnaround time :                            85 sec.

The output (if any) is above this job summary.



PS:

Read file <errors/static1_28341839.err> for stderr output of this job.

